[2024-06-13T23:20:01.487+0200] {processor.py:161} INFO - Started process (PID=479) to work on /home/hectorv/.local/lib/python3.10/site-packages/airflow/example_dags/subdags/subdag.py
[2024-06-13T23:20:01.487+0200] {processor.py:830} INFO - Processing file /home/hectorv/.local/lib/python3.10/site-packages/airflow/example_dags/subdags/subdag.py for tasks to queue
[2024-06-13T23:20:01.488+0200] {logging_mixin.py:188} INFO - [2024-06-13T23:20:01.487+0200] {dagbag.py:540} INFO - Filling up the DagBag from /home/hectorv/.local/lib/python3.10/site-packages/airflow/example_dags/subdags/subdag.py
[2024-06-13T23:20:01.488+0200] {processor.py:842} WARNING - No viable dags retrieved from /home/hectorv/.local/lib/python3.10/site-packages/airflow/example_dags/subdags/subdag.py
[2024-06-13T23:20:01.492+0200] {processor.py:183} INFO - Processing /home/hectorv/.local/lib/python3.10/site-packages/airflow/example_dags/subdags/subdag.py took 0.007 seconds
[2024-06-13T23:21:02.974+0200] {processor.py:161} INFO - Started process (PID=544) to work on /home/hectorv/.local/lib/python3.10/site-packages/airflow/example_dags/subdags/subdag.py
[2024-06-13T23:21:02.976+0200] {processor.py:830} INFO - Processing file /home/hectorv/.local/lib/python3.10/site-packages/airflow/example_dags/subdags/subdag.py for tasks to queue
[2024-06-13T23:21:02.976+0200] {logging_mixin.py:188} INFO - [2024-06-13T23:21:02.976+0200] {dagbag.py:540} INFO - Filling up the DagBag from /home/hectorv/.local/lib/python3.10/site-packages/airflow/example_dags/subdags/subdag.py
[2024-06-13T23:21:02.977+0200] {processor.py:842} WARNING - No viable dags retrieved from /home/hectorv/.local/lib/python3.10/site-packages/airflow/example_dags/subdags/subdag.py
[2024-06-13T23:21:02.980+0200] {processor.py:183} INFO - Processing /home/hectorv/.local/lib/python3.10/site-packages/airflow/example_dags/subdags/subdag.py took 0.008 seconds
[2024-06-13T23:22:02.078+0200] {processor.py:161} INFO - Started process (PID=604) to work on /home/hectorv/.local/lib/python3.10/site-packages/airflow/example_dags/subdags/subdag.py
[2024-06-13T23:22:02.080+0200] {processor.py:830} INFO - Processing file /home/hectorv/.local/lib/python3.10/site-packages/airflow/example_dags/subdags/subdag.py for tasks to queue
[2024-06-13T23:22:02.080+0200] {logging_mixin.py:188} INFO - [2024-06-13T23:22:02.080+0200] {dagbag.py:540} INFO - Filling up the DagBag from /home/hectorv/.local/lib/python3.10/site-packages/airflow/example_dags/subdags/subdag.py
[2024-06-13T23:22:02.081+0200] {processor.py:842} WARNING - No viable dags retrieved from /home/hectorv/.local/lib/python3.10/site-packages/airflow/example_dags/subdags/subdag.py
[2024-06-13T23:22:02.085+0200] {processor.py:183} INFO - Processing /home/hectorv/.local/lib/python3.10/site-packages/airflow/example_dags/subdags/subdag.py took 0.009 seconds
[2024-06-13T23:23:00.509+0200] {processor.py:161} INFO - Started process (PID=665) to work on /home/hectorv/.local/lib/python3.10/site-packages/airflow/example_dags/subdags/subdag.py
[2024-06-13T23:23:00.510+0200] {processor.py:830} INFO - Processing file /home/hectorv/.local/lib/python3.10/site-packages/airflow/example_dags/subdags/subdag.py for tasks to queue
[2024-06-13T23:23:00.511+0200] {logging_mixin.py:188} INFO - [2024-06-13T23:23:00.511+0200] {dagbag.py:540} INFO - Filling up the DagBag from /home/hectorv/.local/lib/python3.10/site-packages/airflow/example_dags/subdags/subdag.py
[2024-06-13T23:23:00.512+0200] {processor.py:842} WARNING - No viable dags retrieved from /home/hectorv/.local/lib/python3.10/site-packages/airflow/example_dags/subdags/subdag.py
[2024-06-13T23:23:00.515+0200] {processor.py:183} INFO - Processing /home/hectorv/.local/lib/python3.10/site-packages/airflow/example_dags/subdags/subdag.py took 0.008 seconds
[2024-06-13T23:23:57.304+0200] {processor.py:161} INFO - Started process (PID=729) to work on /home/hectorv/.local/lib/python3.10/site-packages/airflow/example_dags/subdags/subdag.py
[2024-06-13T23:23:57.307+0200] {processor.py:830} INFO - Processing file /home/hectorv/.local/lib/python3.10/site-packages/airflow/example_dags/subdags/subdag.py for tasks to queue
[2024-06-13T23:23:57.307+0200] {logging_mixin.py:188} INFO - [2024-06-13T23:23:57.307+0200] {dagbag.py:540} INFO - Filling up the DagBag from /home/hectorv/.local/lib/python3.10/site-packages/airflow/example_dags/subdags/subdag.py
[2024-06-13T23:23:57.308+0200] {processor.py:842} WARNING - No viable dags retrieved from /home/hectorv/.local/lib/python3.10/site-packages/airflow/example_dags/subdags/subdag.py
[2024-06-13T23:23:57.312+0200] {processor.py:183} INFO - Processing /home/hectorv/.local/lib/python3.10/site-packages/airflow/example_dags/subdags/subdag.py took 0.010 seconds
[2024-06-13T23:24:53.771+0200] {processor.py:161} INFO - Started process (PID=790) to work on /home/hectorv/.local/lib/python3.10/site-packages/airflow/example_dags/subdags/subdag.py
[2024-06-13T23:24:53.772+0200] {processor.py:830} INFO - Processing file /home/hectorv/.local/lib/python3.10/site-packages/airflow/example_dags/subdags/subdag.py for tasks to queue
[2024-06-13T23:24:53.773+0200] {logging_mixin.py:188} INFO - [2024-06-13T23:24:53.773+0200] {dagbag.py:540} INFO - Filling up the DagBag from /home/hectorv/.local/lib/python3.10/site-packages/airflow/example_dags/subdags/subdag.py
[2024-06-13T23:24:53.774+0200] {processor.py:842} WARNING - No viable dags retrieved from /home/hectorv/.local/lib/python3.10/site-packages/airflow/example_dags/subdags/subdag.py
[2024-06-13T23:24:53.778+0200] {processor.py:183} INFO - Processing /home/hectorv/.local/lib/python3.10/site-packages/airflow/example_dags/subdags/subdag.py took 0.008 seconds
[2024-06-13T23:25:46.223+0200] {processor.py:161} INFO - Started process (PID=847) to work on /home/hectorv/.local/lib/python3.10/site-packages/airflow/example_dags/subdags/subdag.py
[2024-06-13T23:25:46.225+0200] {processor.py:830} INFO - Processing file /home/hectorv/.local/lib/python3.10/site-packages/airflow/example_dags/subdags/subdag.py for tasks to queue
[2024-06-13T23:25:46.225+0200] {logging_mixin.py:188} INFO - [2024-06-13T23:25:46.225+0200] {dagbag.py:540} INFO - Filling up the DagBag from /home/hectorv/.local/lib/python3.10/site-packages/airflow/example_dags/subdags/subdag.py
[2024-06-13T23:25:46.226+0200] {processor.py:842} WARNING - No viable dags retrieved from /home/hectorv/.local/lib/python3.10/site-packages/airflow/example_dags/subdags/subdag.py
[2024-06-13T23:25:46.230+0200] {processor.py:183} INFO - Processing /home/hectorv/.local/lib/python3.10/site-packages/airflow/example_dags/subdags/subdag.py took 0.009 seconds
[2024-06-13T23:26:44.368+0200] {processor.py:161} INFO - Started process (PID=909) to work on /home/hectorv/.local/lib/python3.10/site-packages/airflow/example_dags/subdags/subdag.py
[2024-06-13T23:26:44.369+0200] {processor.py:830} INFO - Processing file /home/hectorv/.local/lib/python3.10/site-packages/airflow/example_dags/subdags/subdag.py for tasks to queue
[2024-06-13T23:26:44.369+0200] {logging_mixin.py:188} INFO - [2024-06-13T23:26:44.369+0200] {dagbag.py:540} INFO - Filling up the DagBag from /home/hectorv/.local/lib/python3.10/site-packages/airflow/example_dags/subdags/subdag.py
[2024-06-13T23:26:44.370+0200] {processor.py:842} WARNING - No viable dags retrieved from /home/hectorv/.local/lib/python3.10/site-packages/airflow/example_dags/subdags/subdag.py
[2024-06-13T23:26:44.374+0200] {processor.py:183} INFO - Processing /home/hectorv/.local/lib/python3.10/site-packages/airflow/example_dags/subdags/subdag.py took 0.009 seconds
[2024-06-13T23:27:42.538+0200] {processor.py:161} INFO - Started process (PID=968) to work on /home/hectorv/.local/lib/python3.10/site-packages/airflow/example_dags/subdags/subdag.py
[2024-06-13T23:27:42.540+0200] {processor.py:830} INFO - Processing file /home/hectorv/.local/lib/python3.10/site-packages/airflow/example_dags/subdags/subdag.py for tasks to queue
[2024-06-13T23:27:42.540+0200] {logging_mixin.py:188} INFO - [2024-06-13T23:27:42.540+0200] {dagbag.py:540} INFO - Filling up the DagBag from /home/hectorv/.local/lib/python3.10/site-packages/airflow/example_dags/subdags/subdag.py
[2024-06-13T23:27:42.541+0200] {processor.py:842} WARNING - No viable dags retrieved from /home/hectorv/.local/lib/python3.10/site-packages/airflow/example_dags/subdags/subdag.py
[2024-06-13T23:27:42.545+0200] {processor.py:183} INFO - Processing /home/hectorv/.local/lib/python3.10/site-packages/airflow/example_dags/subdags/subdag.py took 0.009 seconds
[2024-06-13T23:28:40.596+0200] {processor.py:161} INFO - Started process (PID=1029) to work on /home/hectorv/.local/lib/python3.10/site-packages/airflow/example_dags/subdags/subdag.py
[2024-06-13T23:28:40.598+0200] {processor.py:830} INFO - Processing file /home/hectorv/.local/lib/python3.10/site-packages/airflow/example_dags/subdags/subdag.py for tasks to queue
[2024-06-13T23:28:40.599+0200] {logging_mixin.py:188} INFO - [2024-06-13T23:28:40.598+0200] {dagbag.py:540} INFO - Filling up the DagBag from /home/hectorv/.local/lib/python3.10/site-packages/airflow/example_dags/subdags/subdag.py
[2024-06-13T23:28:40.599+0200] {processor.py:842} WARNING - No viable dags retrieved from /home/hectorv/.local/lib/python3.10/site-packages/airflow/example_dags/subdags/subdag.py
[2024-06-13T23:28:40.603+0200] {processor.py:183} INFO - Processing /home/hectorv/.local/lib/python3.10/site-packages/airflow/example_dags/subdags/subdag.py took 0.009 seconds
[2024-06-13T23:29:39.885+0200] {processor.py:161} INFO - Started process (PID=1170) to work on /home/hectorv/.local/lib/python3.10/site-packages/airflow/example_dags/subdags/subdag.py
[2024-06-13T23:29:39.886+0200] {processor.py:830} INFO - Processing file /home/hectorv/.local/lib/python3.10/site-packages/airflow/example_dags/subdags/subdag.py for tasks to queue
[2024-06-13T23:29:39.887+0200] {logging_mixin.py:188} INFO - [2024-06-13T23:29:39.886+0200] {dagbag.py:540} INFO - Filling up the DagBag from /home/hectorv/.local/lib/python3.10/site-packages/airflow/example_dags/subdags/subdag.py
[2024-06-13T23:29:39.887+0200] {processor.py:842} WARNING - No viable dags retrieved from /home/hectorv/.local/lib/python3.10/site-packages/airflow/example_dags/subdags/subdag.py
[2024-06-13T23:29:39.891+0200] {processor.py:183} INFO - Processing /home/hectorv/.local/lib/python3.10/site-packages/airflow/example_dags/subdags/subdag.py took 0.007 seconds
[2024-06-13T23:30:41.406+0200] {processor.py:161} INFO - Started process (PID=1233) to work on /home/hectorv/.local/lib/python3.10/site-packages/airflow/example_dags/subdags/subdag.py
[2024-06-13T23:30:41.406+0200] {processor.py:830} INFO - Processing file /home/hectorv/.local/lib/python3.10/site-packages/airflow/example_dags/subdags/subdag.py for tasks to queue
[2024-06-13T23:30:41.407+0200] {logging_mixin.py:188} INFO - [2024-06-13T23:30:41.407+0200] {dagbag.py:540} INFO - Filling up the DagBag from /home/hectorv/.local/lib/python3.10/site-packages/airflow/example_dags/subdags/subdag.py
[2024-06-13T23:30:41.408+0200] {processor.py:842} WARNING - No viable dags retrieved from /home/hectorv/.local/lib/python3.10/site-packages/airflow/example_dags/subdags/subdag.py
[2024-06-13T23:30:41.411+0200] {processor.py:183} INFO - Processing /home/hectorv/.local/lib/python3.10/site-packages/airflow/example_dags/subdags/subdag.py took 0.008 seconds
[2024-06-13T23:31:38.995+0200] {processor.py:161} INFO - Started process (PID=1294) to work on /home/hectorv/.local/lib/python3.10/site-packages/airflow/example_dags/subdags/subdag.py
[2024-06-13T23:31:38.996+0200] {processor.py:830} INFO - Processing file /home/hectorv/.local/lib/python3.10/site-packages/airflow/example_dags/subdags/subdag.py for tasks to queue
[2024-06-13T23:31:38.997+0200] {logging_mixin.py:188} INFO - [2024-06-13T23:31:38.997+0200] {dagbag.py:540} INFO - Filling up the DagBag from /home/hectorv/.local/lib/python3.10/site-packages/airflow/example_dags/subdags/subdag.py
[2024-06-13T23:31:38.998+0200] {processor.py:842} WARNING - No viable dags retrieved from /home/hectorv/.local/lib/python3.10/site-packages/airflow/example_dags/subdags/subdag.py
[2024-06-13T23:31:39.001+0200] {processor.py:183} INFO - Processing /home/hectorv/.local/lib/python3.10/site-packages/airflow/example_dags/subdags/subdag.py took 0.009 seconds
[2024-06-13T23:32:39.387+0200] {processor.py:161} INFO - Started process (PID=1357) to work on /home/hectorv/.local/lib/python3.10/site-packages/airflow/example_dags/subdags/subdag.py
[2024-06-13T23:32:39.389+0200] {processor.py:830} INFO - Processing file /home/hectorv/.local/lib/python3.10/site-packages/airflow/example_dags/subdags/subdag.py for tasks to queue
[2024-06-13T23:32:39.389+0200] {logging_mixin.py:188} INFO - [2024-06-13T23:32:39.389+0200] {dagbag.py:540} INFO - Filling up the DagBag from /home/hectorv/.local/lib/python3.10/site-packages/airflow/example_dags/subdags/subdag.py
[2024-06-13T23:32:39.390+0200] {processor.py:842} WARNING - No viable dags retrieved from /home/hectorv/.local/lib/python3.10/site-packages/airflow/example_dags/subdags/subdag.py
[2024-06-13T23:32:39.394+0200] {processor.py:183} INFO - Processing /home/hectorv/.local/lib/python3.10/site-packages/airflow/example_dags/subdags/subdag.py took 0.009 seconds
[2024-06-13T23:33:37.523+0200] {processor.py:161} INFO - Started process (PID=1424) to work on /home/hectorv/.local/lib/python3.10/site-packages/airflow/example_dags/subdags/subdag.py
[2024-06-13T23:33:37.525+0200] {processor.py:830} INFO - Processing file /home/hectorv/.local/lib/python3.10/site-packages/airflow/example_dags/subdags/subdag.py for tasks to queue
[2024-06-13T23:33:37.525+0200] {logging_mixin.py:188} INFO - [2024-06-13T23:33:37.525+0200] {dagbag.py:540} INFO - Filling up the DagBag from /home/hectorv/.local/lib/python3.10/site-packages/airflow/example_dags/subdags/subdag.py
[2024-06-13T23:33:37.526+0200] {processor.py:842} WARNING - No viable dags retrieved from /home/hectorv/.local/lib/python3.10/site-packages/airflow/example_dags/subdags/subdag.py
[2024-06-13T23:33:37.529+0200] {processor.py:183} INFO - Processing /home/hectorv/.local/lib/python3.10/site-packages/airflow/example_dags/subdags/subdag.py took 0.008 seconds
[2024-06-13T23:34:33.388+0200] {processor.py:161} INFO - Started process (PID=1487) to work on /home/hectorv/.local/lib/python3.10/site-packages/airflow/example_dags/subdags/subdag.py
[2024-06-13T23:34:33.390+0200] {processor.py:830} INFO - Processing file /home/hectorv/.local/lib/python3.10/site-packages/airflow/example_dags/subdags/subdag.py for tasks to queue
[2024-06-13T23:34:33.390+0200] {logging_mixin.py:188} INFO - [2024-06-13T23:34:33.390+0200] {dagbag.py:540} INFO - Filling up the DagBag from /home/hectorv/.local/lib/python3.10/site-packages/airflow/example_dags/subdags/subdag.py
[2024-06-13T23:34:33.391+0200] {processor.py:842} WARNING - No viable dags retrieved from /home/hectorv/.local/lib/python3.10/site-packages/airflow/example_dags/subdags/subdag.py
[2024-06-13T23:34:33.395+0200] {processor.py:183} INFO - Processing /home/hectorv/.local/lib/python3.10/site-packages/airflow/example_dags/subdags/subdag.py took 0.009 seconds
[2024-06-13T23:35:36.389+0200] {processor.py:161} INFO - Started process (PID=1552) to work on /home/hectorv/.local/lib/python3.10/site-packages/airflow/example_dags/subdags/subdag.py
[2024-06-13T23:35:36.392+0200] {processor.py:830} INFO - Processing file /home/hectorv/.local/lib/python3.10/site-packages/airflow/example_dags/subdags/subdag.py for tasks to queue
[2024-06-13T23:35:36.392+0200] {logging_mixin.py:188} INFO - [2024-06-13T23:35:36.392+0200] {dagbag.py:540} INFO - Filling up the DagBag from /home/hectorv/.local/lib/python3.10/site-packages/airflow/example_dags/subdags/subdag.py
[2024-06-13T23:35:36.393+0200] {processor.py:842} WARNING - No viable dags retrieved from /home/hectorv/.local/lib/python3.10/site-packages/airflow/example_dags/subdags/subdag.py
[2024-06-13T23:35:36.396+0200] {processor.py:183} INFO - Processing /home/hectorv/.local/lib/python3.10/site-packages/airflow/example_dags/subdags/subdag.py took 0.010 seconds
[2024-06-13T23:36:36.918+0200] {processor.py:161} INFO - Started process (PID=1615) to work on /home/hectorv/.local/lib/python3.10/site-packages/airflow/example_dags/subdags/subdag.py
[2024-06-13T23:36:36.920+0200] {processor.py:830} INFO - Processing file /home/hectorv/.local/lib/python3.10/site-packages/airflow/example_dags/subdags/subdag.py for tasks to queue
[2024-06-13T23:36:36.920+0200] {logging_mixin.py:188} INFO - [2024-06-13T23:36:36.920+0200] {dagbag.py:540} INFO - Filling up the DagBag from /home/hectorv/.local/lib/python3.10/site-packages/airflow/example_dags/subdags/subdag.py
[2024-06-13T23:36:36.921+0200] {processor.py:842} WARNING - No viable dags retrieved from /home/hectorv/.local/lib/python3.10/site-packages/airflow/example_dags/subdags/subdag.py
[2024-06-13T23:36:36.925+0200] {processor.py:183} INFO - Processing /home/hectorv/.local/lib/python3.10/site-packages/airflow/example_dags/subdags/subdag.py took 0.009 seconds
[2024-06-13T23:37:32.251+0200] {processor.py:161} INFO - Started process (PID=1675) to work on /home/hectorv/.local/lib/python3.10/site-packages/airflow/example_dags/subdags/subdag.py
[2024-06-13T23:37:32.253+0200] {processor.py:830} INFO - Processing file /home/hectorv/.local/lib/python3.10/site-packages/airflow/example_dags/subdags/subdag.py for tasks to queue
[2024-06-13T23:37:32.254+0200] {logging_mixin.py:188} INFO - [2024-06-13T23:37:32.254+0200] {dagbag.py:540} INFO - Filling up the DagBag from /home/hectorv/.local/lib/python3.10/site-packages/airflow/example_dags/subdags/subdag.py
[2024-06-13T23:37:32.255+0200] {processor.py:842} WARNING - No viable dags retrieved from /home/hectorv/.local/lib/python3.10/site-packages/airflow/example_dags/subdags/subdag.py
[2024-06-13T23:37:32.258+0200] {processor.py:183} INFO - Processing /home/hectorv/.local/lib/python3.10/site-packages/airflow/example_dags/subdags/subdag.py took 0.009 seconds
[2024-06-13T23:38:29.832+0200] {processor.py:161} INFO - Started process (PID=1735) to work on /home/hectorv/.local/lib/python3.10/site-packages/airflow/example_dags/subdags/subdag.py
[2024-06-13T23:38:29.833+0200] {processor.py:830} INFO - Processing file /home/hectorv/.local/lib/python3.10/site-packages/airflow/example_dags/subdags/subdag.py for tasks to queue
[2024-06-13T23:38:29.834+0200] {logging_mixin.py:188} INFO - [2024-06-13T23:38:29.834+0200] {dagbag.py:540} INFO - Filling up the DagBag from /home/hectorv/.local/lib/python3.10/site-packages/airflow/example_dags/subdags/subdag.py
[2024-06-13T23:38:29.835+0200] {processor.py:842} WARNING - No viable dags retrieved from /home/hectorv/.local/lib/python3.10/site-packages/airflow/example_dags/subdags/subdag.py
[2024-06-13T23:38:29.838+0200] {processor.py:183} INFO - Processing /home/hectorv/.local/lib/python3.10/site-packages/airflow/example_dags/subdags/subdag.py took 0.008 seconds
[2024-06-13T23:39:31.351+0200] {processor.py:161} INFO - Started process (PID=1798) to work on /home/hectorv/.local/lib/python3.10/site-packages/airflow/example_dags/subdags/subdag.py
[2024-06-13T23:39:31.352+0200] {processor.py:830} INFO - Processing file /home/hectorv/.local/lib/python3.10/site-packages/airflow/example_dags/subdags/subdag.py for tasks to queue
[2024-06-13T23:39:31.353+0200] {logging_mixin.py:188} INFO - [2024-06-13T23:39:31.353+0200] {dagbag.py:540} INFO - Filling up the DagBag from /home/hectorv/.local/lib/python3.10/site-packages/airflow/example_dags/subdags/subdag.py
[2024-06-13T23:39:31.353+0200] {processor.py:842} WARNING - No viable dags retrieved from /home/hectorv/.local/lib/python3.10/site-packages/airflow/example_dags/subdags/subdag.py
[2024-06-13T23:39:31.357+0200] {processor.py:183} INFO - Processing /home/hectorv/.local/lib/python3.10/site-packages/airflow/example_dags/subdags/subdag.py took 0.007 seconds
[2024-06-13T23:40:27.820+0200] {processor.py:161} INFO - Started process (PID=1858) to work on /home/hectorv/.local/lib/python3.10/site-packages/airflow/example_dags/subdags/subdag.py
[2024-06-13T23:40:27.822+0200] {processor.py:830} INFO - Processing file /home/hectorv/.local/lib/python3.10/site-packages/airflow/example_dags/subdags/subdag.py for tasks to queue
[2024-06-13T23:40:27.822+0200] {logging_mixin.py:188} INFO - [2024-06-13T23:40:27.822+0200] {dagbag.py:540} INFO - Filling up the DagBag from /home/hectorv/.local/lib/python3.10/site-packages/airflow/example_dags/subdags/subdag.py
[2024-06-13T23:40:27.823+0200] {processor.py:842} WARNING - No viable dags retrieved from /home/hectorv/.local/lib/python3.10/site-packages/airflow/example_dags/subdags/subdag.py
[2024-06-13T23:40:27.827+0200] {processor.py:183} INFO - Processing /home/hectorv/.local/lib/python3.10/site-packages/airflow/example_dags/subdags/subdag.py took 0.008 seconds
[2024-06-13T23:41:24.063+0200] {processor.py:161} INFO - Started process (PID=1917) to work on /home/hectorv/.local/lib/python3.10/site-packages/airflow/example_dags/subdags/subdag.py
[2024-06-13T23:41:24.065+0200] {processor.py:830} INFO - Processing file /home/hectorv/.local/lib/python3.10/site-packages/airflow/example_dags/subdags/subdag.py for tasks to queue
[2024-06-13T23:41:24.065+0200] {logging_mixin.py:188} INFO - [2024-06-13T23:41:24.065+0200] {dagbag.py:540} INFO - Filling up the DagBag from /home/hectorv/.local/lib/python3.10/site-packages/airflow/example_dags/subdags/subdag.py
[2024-06-13T23:41:24.066+0200] {processor.py:842} WARNING - No viable dags retrieved from /home/hectorv/.local/lib/python3.10/site-packages/airflow/example_dags/subdags/subdag.py
[2024-06-13T23:41:24.069+0200] {processor.py:183} INFO - Processing /home/hectorv/.local/lib/python3.10/site-packages/airflow/example_dags/subdags/subdag.py took 0.008 seconds
[2024-06-13T23:42:22.838+0200] {processor.py:161} INFO - Started process (PID=1978) to work on /home/hectorv/.local/lib/python3.10/site-packages/airflow/example_dags/subdags/subdag.py
[2024-06-13T23:42:22.840+0200] {processor.py:830} INFO - Processing file /home/hectorv/.local/lib/python3.10/site-packages/airflow/example_dags/subdags/subdag.py for tasks to queue
[2024-06-13T23:42:22.841+0200] {logging_mixin.py:188} INFO - [2024-06-13T23:42:22.840+0200] {dagbag.py:540} INFO - Filling up the DagBag from /home/hectorv/.local/lib/python3.10/site-packages/airflow/example_dags/subdags/subdag.py
[2024-06-13T23:42:22.841+0200] {processor.py:842} WARNING - No viable dags retrieved from /home/hectorv/.local/lib/python3.10/site-packages/airflow/example_dags/subdags/subdag.py
[2024-06-13T23:42:22.845+0200] {processor.py:183} INFO - Processing /home/hectorv/.local/lib/python3.10/site-packages/airflow/example_dags/subdags/subdag.py took 0.008 seconds
[2024-06-13T23:43:23.059+0200] {processor.py:161} INFO - Started process (PID=2041) to work on /home/hectorv/.local/lib/python3.10/site-packages/airflow/example_dags/subdags/subdag.py
[2024-06-13T23:43:23.060+0200] {processor.py:830} INFO - Processing file /home/hectorv/.local/lib/python3.10/site-packages/airflow/example_dags/subdags/subdag.py for tasks to queue
[2024-06-13T23:43:23.061+0200] {logging_mixin.py:188} INFO - [2024-06-13T23:43:23.061+0200] {dagbag.py:540} INFO - Filling up the DagBag from /home/hectorv/.local/lib/python3.10/site-packages/airflow/example_dags/subdags/subdag.py
[2024-06-13T23:43:23.062+0200] {processor.py:842} WARNING - No viable dags retrieved from /home/hectorv/.local/lib/python3.10/site-packages/airflow/example_dags/subdags/subdag.py
[2024-06-13T23:43:23.065+0200] {processor.py:183} INFO - Processing /home/hectorv/.local/lib/python3.10/site-packages/airflow/example_dags/subdags/subdag.py took 0.008 seconds
[2024-06-13T23:44:19.699+0200] {processor.py:161} INFO - Started process (PID=2100) to work on /home/hectorv/.local/lib/python3.10/site-packages/airflow/example_dags/subdags/subdag.py
[2024-06-13T23:44:19.701+0200] {processor.py:830} INFO - Processing file /home/hectorv/.local/lib/python3.10/site-packages/airflow/example_dags/subdags/subdag.py for tasks to queue
[2024-06-13T23:44:19.701+0200] {logging_mixin.py:188} INFO - [2024-06-13T23:44:19.701+0200] {dagbag.py:540} INFO - Filling up the DagBag from /home/hectorv/.local/lib/python3.10/site-packages/airflow/example_dags/subdags/subdag.py
[2024-06-13T23:44:19.702+0200] {processor.py:842} WARNING - No viable dags retrieved from /home/hectorv/.local/lib/python3.10/site-packages/airflow/example_dags/subdags/subdag.py
[2024-06-13T23:44:19.706+0200] {processor.py:183} INFO - Processing /home/hectorv/.local/lib/python3.10/site-packages/airflow/example_dags/subdags/subdag.py took 0.009 seconds
[2024-06-13T23:45:15.671+0200] {processor.py:161} INFO - Started process (PID=2160) to work on /home/hectorv/.local/lib/python3.10/site-packages/airflow/example_dags/subdags/subdag.py
[2024-06-13T23:45:15.672+0200] {processor.py:830} INFO - Processing file /home/hectorv/.local/lib/python3.10/site-packages/airflow/example_dags/subdags/subdag.py for tasks to queue
[2024-06-13T23:45:15.673+0200] {logging_mixin.py:188} INFO - [2024-06-13T23:45:15.673+0200] {dagbag.py:540} INFO - Filling up the DagBag from /home/hectorv/.local/lib/python3.10/site-packages/airflow/example_dags/subdags/subdag.py
[2024-06-13T23:45:15.673+0200] {processor.py:842} WARNING - No viable dags retrieved from /home/hectorv/.local/lib/python3.10/site-packages/airflow/example_dags/subdags/subdag.py
[2024-06-13T23:45:15.677+0200] {processor.py:183} INFO - Processing /home/hectorv/.local/lib/python3.10/site-packages/airflow/example_dags/subdags/subdag.py took 0.008 seconds
[2024-06-13T23:46:16.468+0200] {processor.py:161} INFO - Started process (PID=2222) to work on /home/hectorv/.local/lib/python3.10/site-packages/airflow/example_dags/subdags/subdag.py
[2024-06-13T23:46:16.470+0200] {processor.py:830} INFO - Processing file /home/hectorv/.local/lib/python3.10/site-packages/airflow/example_dags/subdags/subdag.py for tasks to queue
[2024-06-13T23:46:16.471+0200] {logging_mixin.py:188} INFO - [2024-06-13T23:46:16.470+0200] {dagbag.py:540} INFO - Filling up the DagBag from /home/hectorv/.local/lib/python3.10/site-packages/airflow/example_dags/subdags/subdag.py
[2024-06-13T23:46:16.471+0200] {processor.py:842} WARNING - No viable dags retrieved from /home/hectorv/.local/lib/python3.10/site-packages/airflow/example_dags/subdags/subdag.py
[2024-06-13T23:46:16.475+0200] {processor.py:183} INFO - Processing /home/hectorv/.local/lib/python3.10/site-packages/airflow/example_dags/subdags/subdag.py took 0.009 seconds
[2024-06-13T23:47:14.398+0200] {processor.py:161} INFO - Started process (PID=2283) to work on /home/hectorv/.local/lib/python3.10/site-packages/airflow/example_dags/subdags/subdag.py
[2024-06-13T23:47:14.400+0200] {processor.py:830} INFO - Processing file /home/hectorv/.local/lib/python3.10/site-packages/airflow/example_dags/subdags/subdag.py for tasks to queue
[2024-06-13T23:47:14.401+0200] {logging_mixin.py:188} INFO - [2024-06-13T23:47:14.400+0200] {dagbag.py:540} INFO - Filling up the DagBag from /home/hectorv/.local/lib/python3.10/site-packages/airflow/example_dags/subdags/subdag.py
[2024-06-13T23:47:14.401+0200] {processor.py:842} WARNING - No viable dags retrieved from /home/hectorv/.local/lib/python3.10/site-packages/airflow/example_dags/subdags/subdag.py
[2024-06-13T23:47:14.405+0200] {processor.py:183} INFO - Processing /home/hectorv/.local/lib/python3.10/site-packages/airflow/example_dags/subdags/subdag.py took 0.008 seconds
[2024-06-13T23:48:12.579+0200] {processor.py:161} INFO - Started process (PID=2344) to work on /home/hectorv/.local/lib/python3.10/site-packages/airflow/example_dags/subdags/subdag.py
[2024-06-13T23:48:12.580+0200] {processor.py:830} INFO - Processing file /home/hectorv/.local/lib/python3.10/site-packages/airflow/example_dags/subdags/subdag.py for tasks to queue
[2024-06-13T23:48:12.580+0200] {logging_mixin.py:188} INFO - [2024-06-13T23:48:12.580+0200] {dagbag.py:540} INFO - Filling up the DagBag from /home/hectorv/.local/lib/python3.10/site-packages/airflow/example_dags/subdags/subdag.py
[2024-06-13T23:48:12.581+0200] {processor.py:842} WARNING - No viable dags retrieved from /home/hectorv/.local/lib/python3.10/site-packages/airflow/example_dags/subdags/subdag.py
[2024-06-13T23:48:12.584+0200] {processor.py:183} INFO - Processing /home/hectorv/.local/lib/python3.10/site-packages/airflow/example_dags/subdags/subdag.py took 0.008 seconds
[2024-06-13T23:49:08.475+0200] {processor.py:161} INFO - Started process (PID=2404) to work on /home/hectorv/.local/lib/python3.10/site-packages/airflow/example_dags/subdags/subdag.py
[2024-06-13T23:49:08.477+0200] {processor.py:830} INFO - Processing file /home/hectorv/.local/lib/python3.10/site-packages/airflow/example_dags/subdags/subdag.py for tasks to queue
[2024-06-13T23:49:08.478+0200] {logging_mixin.py:188} INFO - [2024-06-13T23:49:08.478+0200] {dagbag.py:540} INFO - Filling up the DagBag from /home/hectorv/.local/lib/python3.10/site-packages/airflow/example_dags/subdags/subdag.py
[2024-06-13T23:49:08.479+0200] {processor.py:842} WARNING - No viable dags retrieved from /home/hectorv/.local/lib/python3.10/site-packages/airflow/example_dags/subdags/subdag.py
[2024-06-13T23:49:08.482+0200] {processor.py:183} INFO - Processing /home/hectorv/.local/lib/python3.10/site-packages/airflow/example_dags/subdags/subdag.py took 0.008 seconds
[2024-06-13T23:55:54.736+0200] {processor.py:161} INFO - Started process (PID=2491) to work on /home/hectorv/.local/lib/python3.10/site-packages/airflow/example_dags/subdags/subdag.py
[2024-06-13T23:55:54.737+0200] {processor.py:830} INFO - Processing file /home/hectorv/.local/lib/python3.10/site-packages/airflow/example_dags/subdags/subdag.py for tasks to queue
[2024-06-13T23:55:54.738+0200] {logging_mixin.py:188} INFO - [2024-06-13T23:55:54.738+0200] {dagbag.py:540} INFO - Filling up the DagBag from /home/hectorv/.local/lib/python3.10/site-packages/airflow/example_dags/subdags/subdag.py
[2024-06-13T23:55:54.739+0200] {processor.py:842} WARNING - No viable dags retrieved from /home/hectorv/.local/lib/python3.10/site-packages/airflow/example_dags/subdags/subdag.py
[2024-06-13T23:55:54.742+0200] {processor.py:183} INFO - Processing /home/hectorv/.local/lib/python3.10/site-packages/airflow/example_dags/subdags/subdag.py took 0.008 seconds
[2024-06-13T23:56:52.201+0200] {processor.py:161} INFO - Started process (PID=2552) to work on /home/hectorv/.local/lib/python3.10/site-packages/airflow/example_dags/subdags/subdag.py
[2024-06-13T23:56:52.202+0200] {processor.py:830} INFO - Processing file /home/hectorv/.local/lib/python3.10/site-packages/airflow/example_dags/subdags/subdag.py for tasks to queue
[2024-06-13T23:56:52.203+0200] {logging_mixin.py:188} INFO - [2024-06-13T23:56:52.202+0200] {dagbag.py:540} INFO - Filling up the DagBag from /home/hectorv/.local/lib/python3.10/site-packages/airflow/example_dags/subdags/subdag.py
[2024-06-13T23:56:52.203+0200] {processor.py:842} WARNING - No viable dags retrieved from /home/hectorv/.local/lib/python3.10/site-packages/airflow/example_dags/subdags/subdag.py
[2024-06-13T23:56:52.207+0200] {processor.py:183} INFO - Processing /home/hectorv/.local/lib/python3.10/site-packages/airflow/example_dags/subdags/subdag.py took 0.008 seconds
[2024-06-13T23:57:49.907+0200] {processor.py:161} INFO - Started process (PID=2612) to work on /home/hectorv/.local/lib/python3.10/site-packages/airflow/example_dags/subdags/subdag.py
[2024-06-13T23:57:49.911+0200] {processor.py:830} INFO - Processing file /home/hectorv/.local/lib/python3.10/site-packages/airflow/example_dags/subdags/subdag.py for tasks to queue
[2024-06-13T23:57:49.912+0200] {logging_mixin.py:188} INFO - [2024-06-13T23:57:49.911+0200] {dagbag.py:540} INFO - Filling up the DagBag from /home/hectorv/.local/lib/python3.10/site-packages/airflow/example_dags/subdags/subdag.py
[2024-06-13T23:57:49.912+0200] {processor.py:842} WARNING - No viable dags retrieved from /home/hectorv/.local/lib/python3.10/site-packages/airflow/example_dags/subdags/subdag.py
[2024-06-13T23:57:49.916+0200] {processor.py:183} INFO - Processing /home/hectorv/.local/lib/python3.10/site-packages/airflow/example_dags/subdags/subdag.py took 0.010 seconds
[2024-06-13T23:58:48.494+0200] {processor.py:161} INFO - Started process (PID=2673) to work on /home/hectorv/.local/lib/python3.10/site-packages/airflow/example_dags/subdags/subdag.py
[2024-06-13T23:58:48.499+0200] {processor.py:830} INFO - Processing file /home/hectorv/.local/lib/python3.10/site-packages/airflow/example_dags/subdags/subdag.py for tasks to queue
[2024-06-13T23:58:48.500+0200] {logging_mixin.py:188} INFO - [2024-06-13T23:58:48.500+0200] {dagbag.py:540} INFO - Filling up the DagBag from /home/hectorv/.local/lib/python3.10/site-packages/airflow/example_dags/subdags/subdag.py
[2024-06-13T23:58:48.501+0200] {processor.py:842} WARNING - No viable dags retrieved from /home/hectorv/.local/lib/python3.10/site-packages/airflow/example_dags/subdags/subdag.py
[2024-06-13T23:58:48.505+0200] {processor.py:183} INFO - Processing /home/hectorv/.local/lib/python3.10/site-packages/airflow/example_dags/subdags/subdag.py took 0.013 seconds
[2024-06-13T23:59:44.696+0200] {processor.py:161} INFO - Started process (PID=2731) to work on /home/hectorv/.local/lib/python3.10/site-packages/airflow/example_dags/subdags/subdag.py
[2024-06-13T23:59:44.696+0200] {processor.py:830} INFO - Processing file /home/hectorv/.local/lib/python3.10/site-packages/airflow/example_dags/subdags/subdag.py for tasks to queue
[2024-06-13T23:59:44.697+0200] {logging_mixin.py:188} INFO - [2024-06-13T23:59:44.697+0200] {dagbag.py:540} INFO - Filling up the DagBag from /home/hectorv/.local/lib/python3.10/site-packages/airflow/example_dags/subdags/subdag.py
[2024-06-13T23:59:44.698+0200] {processor.py:842} WARNING - No viable dags retrieved from /home/hectorv/.local/lib/python3.10/site-packages/airflow/example_dags/subdags/subdag.py
[2024-06-13T23:59:44.702+0200] {processor.py:183} INFO - Processing /home/hectorv/.local/lib/python3.10/site-packages/airflow/example_dags/subdags/subdag.py took 0.008 seconds
[2024-06-14T00:00:38.494+0200] {processor.py:161} INFO - Started process (PID=2846) to work on /home/hectorv/.local/lib/python3.10/site-packages/airflow/example_dags/subdags/subdag.py
[2024-06-14T00:00:38.495+0200] {processor.py:830} INFO - Processing file /home/hectorv/.local/lib/python3.10/site-packages/airflow/example_dags/subdags/subdag.py for tasks to queue
[2024-06-14T00:00:38.496+0200] {logging_mixin.py:188} INFO - [2024-06-14T00:00:38.496+0200] {dagbag.py:540} INFO - Filling up the DagBag from /home/hectorv/.local/lib/python3.10/site-packages/airflow/example_dags/subdags/subdag.py
[2024-06-14T00:00:38.497+0200] {processor.py:842} WARNING - No viable dags retrieved from /home/hectorv/.local/lib/python3.10/site-packages/airflow/example_dags/subdags/subdag.py
[2024-06-14T00:00:38.500+0200] {processor.py:183} INFO - Processing /home/hectorv/.local/lib/python3.10/site-packages/airflow/example_dags/subdags/subdag.py took 0.009 seconds
[2024-06-14T00:01:33.438+0200] {processor.py:161} INFO - Started process (PID=2904) to work on /home/hectorv/.local/lib/python3.10/site-packages/airflow/example_dags/subdags/subdag.py
[2024-06-14T00:01:33.440+0200] {processor.py:830} INFO - Processing file /home/hectorv/.local/lib/python3.10/site-packages/airflow/example_dags/subdags/subdag.py for tasks to queue
[2024-06-14T00:01:33.441+0200] {logging_mixin.py:188} INFO - [2024-06-14T00:01:33.440+0200] {dagbag.py:540} INFO - Filling up the DagBag from /home/hectorv/.local/lib/python3.10/site-packages/airflow/example_dags/subdags/subdag.py
[2024-06-14T00:01:33.441+0200] {processor.py:842} WARNING - No viable dags retrieved from /home/hectorv/.local/lib/python3.10/site-packages/airflow/example_dags/subdags/subdag.py
[2024-06-14T00:01:33.445+0200] {processor.py:183} INFO - Processing /home/hectorv/.local/lib/python3.10/site-packages/airflow/example_dags/subdags/subdag.py took 0.009 seconds
[2024-06-14T00:02:31.268+0200] {processor.py:161} INFO - Started process (PID=2965) to work on /home/hectorv/.local/lib/python3.10/site-packages/airflow/example_dags/subdags/subdag.py
[2024-06-14T00:02:31.270+0200] {processor.py:830} INFO - Processing file /home/hectorv/.local/lib/python3.10/site-packages/airflow/example_dags/subdags/subdag.py for tasks to queue
[2024-06-14T00:02:31.271+0200] {logging_mixin.py:188} INFO - [2024-06-14T00:02:31.270+0200] {dagbag.py:540} INFO - Filling up the DagBag from /home/hectorv/.local/lib/python3.10/site-packages/airflow/example_dags/subdags/subdag.py
[2024-06-14T00:02:31.271+0200] {processor.py:842} WARNING - No viable dags retrieved from /home/hectorv/.local/lib/python3.10/site-packages/airflow/example_dags/subdags/subdag.py
[2024-06-14T00:02:31.275+0200] {processor.py:183} INFO - Processing /home/hectorv/.local/lib/python3.10/site-packages/airflow/example_dags/subdags/subdag.py took 0.009 seconds
[2024-06-14T00:03:26.229+0200] {processor.py:161} INFO - Started process (PID=3024) to work on /home/hectorv/.local/lib/python3.10/site-packages/airflow/example_dags/subdags/subdag.py
[2024-06-14T00:03:26.231+0200] {processor.py:830} INFO - Processing file /home/hectorv/.local/lib/python3.10/site-packages/airflow/example_dags/subdags/subdag.py for tasks to queue
[2024-06-14T00:03:26.232+0200] {logging_mixin.py:188} INFO - [2024-06-14T00:03:26.232+0200] {dagbag.py:540} INFO - Filling up the DagBag from /home/hectorv/.local/lib/python3.10/site-packages/airflow/example_dags/subdags/subdag.py
[2024-06-14T00:03:26.233+0200] {processor.py:842} WARNING - No viable dags retrieved from /home/hectorv/.local/lib/python3.10/site-packages/airflow/example_dags/subdags/subdag.py
[2024-06-14T00:03:26.236+0200] {processor.py:183} INFO - Processing /home/hectorv/.local/lib/python3.10/site-packages/airflow/example_dags/subdags/subdag.py took 0.009 seconds
[2024-06-14T00:04:19.779+0200] {processor.py:161} INFO - Started process (PID=3081) to work on /home/hectorv/.local/lib/python3.10/site-packages/airflow/example_dags/subdags/subdag.py
[2024-06-14T00:04:19.780+0200] {processor.py:830} INFO - Processing file /home/hectorv/.local/lib/python3.10/site-packages/airflow/example_dags/subdags/subdag.py for tasks to queue
[2024-06-14T00:04:19.781+0200] {logging_mixin.py:188} INFO - [2024-06-14T00:04:19.781+0200] {dagbag.py:540} INFO - Filling up the DagBag from /home/hectorv/.local/lib/python3.10/site-packages/airflow/example_dags/subdags/subdag.py
[2024-06-14T00:04:19.782+0200] {processor.py:842} WARNING - No viable dags retrieved from /home/hectorv/.local/lib/python3.10/site-packages/airflow/example_dags/subdags/subdag.py
[2024-06-14T00:04:19.785+0200] {processor.py:183} INFO - Processing /home/hectorv/.local/lib/python3.10/site-packages/airflow/example_dags/subdags/subdag.py took 0.009 seconds
[2024-06-14T00:05:17.462+0200] {processor.py:161} INFO - Started process (PID=3142) to work on /home/hectorv/.local/lib/python3.10/site-packages/airflow/example_dags/subdags/subdag.py
[2024-06-14T00:05:17.467+0200] {processor.py:830} INFO - Processing file /home/hectorv/.local/lib/python3.10/site-packages/airflow/example_dags/subdags/subdag.py for tasks to queue
[2024-06-14T00:05:17.468+0200] {logging_mixin.py:188} INFO - [2024-06-14T00:05:17.468+0200] {dagbag.py:540} INFO - Filling up the DagBag from /home/hectorv/.local/lib/python3.10/site-packages/airflow/example_dags/subdags/subdag.py
[2024-06-14T00:05:17.469+0200] {processor.py:842} WARNING - No viable dags retrieved from /home/hectorv/.local/lib/python3.10/site-packages/airflow/example_dags/subdags/subdag.py
[2024-06-14T00:05:17.472+0200] {processor.py:183} INFO - Processing /home/hectorv/.local/lib/python3.10/site-packages/airflow/example_dags/subdags/subdag.py took 0.012 seconds
[2024-06-14T00:06:09.353+0200] {processor.py:161} INFO - Started process (PID=3199) to work on /home/hectorv/.local/lib/python3.10/site-packages/airflow/example_dags/subdags/subdag.py
[2024-06-14T00:06:09.354+0200] {processor.py:830} INFO - Processing file /home/hectorv/.local/lib/python3.10/site-packages/airflow/example_dags/subdags/subdag.py for tasks to queue
[2024-06-14T00:06:09.355+0200] {logging_mixin.py:188} INFO - [2024-06-14T00:06:09.355+0200] {dagbag.py:540} INFO - Filling up the DagBag from /home/hectorv/.local/lib/python3.10/site-packages/airflow/example_dags/subdags/subdag.py
[2024-06-14T00:06:09.356+0200] {processor.py:842} WARNING - No viable dags retrieved from /home/hectorv/.local/lib/python3.10/site-packages/airflow/example_dags/subdags/subdag.py
[2024-06-14T00:06:09.359+0200] {processor.py:183} INFO - Processing /home/hectorv/.local/lib/python3.10/site-packages/airflow/example_dags/subdags/subdag.py took 0.009 seconds
[2024-06-14T00:07:02.437+0200] {processor.py:161} INFO - Started process (PID=3255) to work on /home/hectorv/.local/lib/python3.10/site-packages/airflow/example_dags/subdags/subdag.py
[2024-06-14T00:07:02.438+0200] {processor.py:830} INFO - Processing file /home/hectorv/.local/lib/python3.10/site-packages/airflow/example_dags/subdags/subdag.py for tasks to queue
[2024-06-14T00:07:02.439+0200] {logging_mixin.py:188} INFO - [2024-06-14T00:07:02.439+0200] {dagbag.py:540} INFO - Filling up the DagBag from /home/hectorv/.local/lib/python3.10/site-packages/airflow/example_dags/subdags/subdag.py
[2024-06-14T00:07:02.440+0200] {processor.py:842} WARNING - No viable dags retrieved from /home/hectorv/.local/lib/python3.10/site-packages/airflow/example_dags/subdags/subdag.py
[2024-06-14T00:07:02.443+0200] {processor.py:183} INFO - Processing /home/hectorv/.local/lib/python3.10/site-packages/airflow/example_dags/subdags/subdag.py took 0.009 seconds
[2024-06-14T00:08:01.179+0200] {processor.py:161} INFO - Started process (PID=3317) to work on /home/hectorv/.local/lib/python3.10/site-packages/airflow/example_dags/subdags/subdag.py
[2024-06-14T00:08:01.180+0200] {processor.py:830} INFO - Processing file /home/hectorv/.local/lib/python3.10/site-packages/airflow/example_dags/subdags/subdag.py for tasks to queue
[2024-06-14T00:08:01.181+0200] {logging_mixin.py:188} INFO - [2024-06-14T00:08:01.181+0200] {dagbag.py:540} INFO - Filling up the DagBag from /home/hectorv/.local/lib/python3.10/site-packages/airflow/example_dags/subdags/subdag.py
[2024-06-14T00:08:01.182+0200] {processor.py:842} WARNING - No viable dags retrieved from /home/hectorv/.local/lib/python3.10/site-packages/airflow/example_dags/subdags/subdag.py
[2024-06-14T00:08:01.186+0200] {processor.py:183} INFO - Processing /home/hectorv/.local/lib/python3.10/site-packages/airflow/example_dags/subdags/subdag.py took 0.009 seconds
[2024-06-14T00:09:00.143+0200] {processor.py:161} INFO - Started process (PID=3378) to work on /home/hectorv/.local/lib/python3.10/site-packages/airflow/example_dags/subdags/subdag.py
[2024-06-14T00:09:00.145+0200] {processor.py:830} INFO - Processing file /home/hectorv/.local/lib/python3.10/site-packages/airflow/example_dags/subdags/subdag.py for tasks to queue
[2024-06-14T00:09:00.146+0200] {logging_mixin.py:188} INFO - [2024-06-14T00:09:00.146+0200] {dagbag.py:540} INFO - Filling up the DagBag from /home/hectorv/.local/lib/python3.10/site-packages/airflow/example_dags/subdags/subdag.py
[2024-06-14T00:09:00.147+0200] {processor.py:842} WARNING - No viable dags retrieved from /home/hectorv/.local/lib/python3.10/site-packages/airflow/example_dags/subdags/subdag.py
[2024-06-14T00:09:00.150+0200] {processor.py:183} INFO - Processing /home/hectorv/.local/lib/python3.10/site-packages/airflow/example_dags/subdags/subdag.py took 0.009 seconds
[2024-06-14T00:09:59.681+0200] {processor.py:161} INFO - Started process (PID=3438) to work on /home/hectorv/.local/lib/python3.10/site-packages/airflow/example_dags/subdags/subdag.py
[2024-06-14T00:09:59.685+0200] {processor.py:830} INFO - Processing file /home/hectorv/.local/lib/python3.10/site-packages/airflow/example_dags/subdags/subdag.py for tasks to queue
[2024-06-14T00:09:59.686+0200] {logging_mixin.py:188} INFO - [2024-06-14T00:09:59.686+0200] {dagbag.py:540} INFO - Filling up the DagBag from /home/hectorv/.local/lib/python3.10/site-packages/airflow/example_dags/subdags/subdag.py
[2024-06-14T00:09:59.687+0200] {processor.py:842} WARNING - No viable dags retrieved from /home/hectorv/.local/lib/python3.10/site-packages/airflow/example_dags/subdags/subdag.py
[2024-06-14T00:09:59.690+0200] {processor.py:183} INFO - Processing /home/hectorv/.local/lib/python3.10/site-packages/airflow/example_dags/subdags/subdag.py took 0.011 seconds
[2024-06-14T00:11:00.213+0200] {processor.py:161} INFO - Started process (PID=3501) to work on /home/hectorv/.local/lib/python3.10/site-packages/airflow/example_dags/subdags/subdag.py
[2024-06-14T00:11:00.214+0200] {processor.py:830} INFO - Processing file /home/hectorv/.local/lib/python3.10/site-packages/airflow/example_dags/subdags/subdag.py for tasks to queue
[2024-06-14T00:11:00.215+0200] {logging_mixin.py:188} INFO - [2024-06-14T00:11:00.214+0200] {dagbag.py:540} INFO - Filling up the DagBag from /home/hectorv/.local/lib/python3.10/site-packages/airflow/example_dags/subdags/subdag.py
[2024-06-14T00:11:00.215+0200] {processor.py:842} WARNING - No viable dags retrieved from /home/hectorv/.local/lib/python3.10/site-packages/airflow/example_dags/subdags/subdag.py
[2024-06-14T00:11:00.219+0200] {processor.py:183} INFO - Processing /home/hectorv/.local/lib/python3.10/site-packages/airflow/example_dags/subdags/subdag.py took 0.007 seconds
[2024-06-14T00:11:57.020+0200] {processor.py:161} INFO - Started process (PID=3561) to work on /home/hectorv/.local/lib/python3.10/site-packages/airflow/example_dags/subdags/subdag.py
[2024-06-14T00:11:57.021+0200] {processor.py:830} INFO - Processing file /home/hectorv/.local/lib/python3.10/site-packages/airflow/example_dags/subdags/subdag.py for tasks to queue
[2024-06-14T00:11:57.021+0200] {logging_mixin.py:188} INFO - [2024-06-14T00:11:57.021+0200] {dagbag.py:540} INFO - Filling up the DagBag from /home/hectorv/.local/lib/python3.10/site-packages/airflow/example_dags/subdags/subdag.py
[2024-06-14T00:11:57.022+0200] {processor.py:842} WARNING - No viable dags retrieved from /home/hectorv/.local/lib/python3.10/site-packages/airflow/example_dags/subdags/subdag.py
[2024-06-14T00:11:57.025+0200] {processor.py:183} INFO - Processing /home/hectorv/.local/lib/python3.10/site-packages/airflow/example_dags/subdags/subdag.py took 0.008 seconds
[2024-06-14T00:12:50.386+0200] {processor.py:161} INFO - Started process (PID=3618) to work on /home/hectorv/.local/lib/python3.10/site-packages/airflow/example_dags/subdags/subdag.py
[2024-06-14T00:12:50.387+0200] {processor.py:830} INFO - Processing file /home/hectorv/.local/lib/python3.10/site-packages/airflow/example_dags/subdags/subdag.py for tasks to queue
[2024-06-14T00:12:50.388+0200] {logging_mixin.py:188} INFO - [2024-06-14T00:12:50.388+0200] {dagbag.py:540} INFO - Filling up the DagBag from /home/hectorv/.local/lib/python3.10/site-packages/airflow/example_dags/subdags/subdag.py
[2024-06-14T00:12:50.389+0200] {processor.py:842} WARNING - No viable dags retrieved from /home/hectorv/.local/lib/python3.10/site-packages/airflow/example_dags/subdags/subdag.py
[2024-06-14T00:12:50.392+0200] {processor.py:183} INFO - Processing /home/hectorv/.local/lib/python3.10/site-packages/airflow/example_dags/subdags/subdag.py took 0.008 seconds
[2024-06-14T00:13:49.800+0200] {processor.py:161} INFO - Started process (PID=3679) to work on /home/hectorv/.local/lib/python3.10/site-packages/airflow/example_dags/subdags/subdag.py
[2024-06-14T00:13:49.802+0200] {processor.py:830} INFO - Processing file /home/hectorv/.local/lib/python3.10/site-packages/airflow/example_dags/subdags/subdag.py for tasks to queue
[2024-06-14T00:13:49.802+0200] {logging_mixin.py:188} INFO - [2024-06-14T00:13:49.802+0200] {dagbag.py:540} INFO - Filling up the DagBag from /home/hectorv/.local/lib/python3.10/site-packages/airflow/example_dags/subdags/subdag.py
[2024-06-14T00:13:49.803+0200] {processor.py:842} WARNING - No viable dags retrieved from /home/hectorv/.local/lib/python3.10/site-packages/airflow/example_dags/subdags/subdag.py
[2024-06-14T00:13:49.807+0200] {processor.py:183} INFO - Processing /home/hectorv/.local/lib/python3.10/site-packages/airflow/example_dags/subdags/subdag.py took 0.009 seconds
[2024-06-14T00:14:51.462+0200] {processor.py:161} INFO - Started process (PID=3742) to work on /home/hectorv/.local/lib/python3.10/site-packages/airflow/example_dags/subdags/subdag.py
[2024-06-14T00:14:51.464+0200] {processor.py:830} INFO - Processing file /home/hectorv/.local/lib/python3.10/site-packages/airflow/example_dags/subdags/subdag.py for tasks to queue
[2024-06-14T00:14:51.464+0200] {logging_mixin.py:188} INFO - [2024-06-14T00:14:51.464+0200] {dagbag.py:540} INFO - Filling up the DagBag from /home/hectorv/.local/lib/python3.10/site-packages/airflow/example_dags/subdags/subdag.py
[2024-06-14T00:14:51.465+0200] {processor.py:842} WARNING - No viable dags retrieved from /home/hectorv/.local/lib/python3.10/site-packages/airflow/example_dags/subdags/subdag.py
[2024-06-14T00:14:51.469+0200] {processor.py:183} INFO - Processing /home/hectorv/.local/lib/python3.10/site-packages/airflow/example_dags/subdags/subdag.py took 0.009 seconds
[2024-06-14T00:15:46.495+0200] {processor.py:161} INFO - Started process (PID=3801) to work on /home/hectorv/.local/lib/python3.10/site-packages/airflow/example_dags/subdags/subdag.py
[2024-06-14T00:15:46.496+0200] {processor.py:830} INFO - Processing file /home/hectorv/.local/lib/python3.10/site-packages/airflow/example_dags/subdags/subdag.py for tasks to queue
[2024-06-14T00:15:46.497+0200] {logging_mixin.py:188} INFO - [2024-06-14T00:15:46.497+0200] {dagbag.py:540} INFO - Filling up the DagBag from /home/hectorv/.local/lib/python3.10/site-packages/airflow/example_dags/subdags/subdag.py
[2024-06-14T00:15:46.498+0200] {processor.py:842} WARNING - No viable dags retrieved from /home/hectorv/.local/lib/python3.10/site-packages/airflow/example_dags/subdags/subdag.py
[2024-06-14T00:15:46.502+0200] {processor.py:183} INFO - Processing /home/hectorv/.local/lib/python3.10/site-packages/airflow/example_dags/subdags/subdag.py took 0.009 seconds
[2024-06-14T00:16:44.060+0200] {processor.py:161} INFO - Started process (PID=3862) to work on /home/hectorv/.local/lib/python3.10/site-packages/airflow/example_dags/subdags/subdag.py
[2024-06-14T00:16:44.062+0200] {processor.py:830} INFO - Processing file /home/hectorv/.local/lib/python3.10/site-packages/airflow/example_dags/subdags/subdag.py for tasks to queue
[2024-06-14T00:16:44.062+0200] {logging_mixin.py:188} INFO - [2024-06-14T00:16:44.062+0200] {dagbag.py:540} INFO - Filling up the DagBag from /home/hectorv/.local/lib/python3.10/site-packages/airflow/example_dags/subdags/subdag.py
[2024-06-14T00:16:44.063+0200] {processor.py:842} WARNING - No viable dags retrieved from /home/hectorv/.local/lib/python3.10/site-packages/airflow/example_dags/subdags/subdag.py
[2024-06-14T00:16:44.067+0200] {processor.py:183} INFO - Processing /home/hectorv/.local/lib/python3.10/site-packages/airflow/example_dags/subdags/subdag.py took 0.009 seconds
[2024-06-14T00:17:38.038+0200] {processor.py:161} INFO - Started process (PID=3922) to work on /home/hectorv/.local/lib/python3.10/site-packages/airflow/example_dags/subdags/subdag.py
[2024-06-14T00:17:38.039+0200] {processor.py:830} INFO - Processing file /home/hectorv/.local/lib/python3.10/site-packages/airflow/example_dags/subdags/subdag.py for tasks to queue
[2024-06-14T00:17:38.040+0200] {logging_mixin.py:188} INFO - [2024-06-14T00:17:38.040+0200] {dagbag.py:540} INFO - Filling up the DagBag from /home/hectorv/.local/lib/python3.10/site-packages/airflow/example_dags/subdags/subdag.py
[2024-06-14T00:17:38.041+0200] {processor.py:842} WARNING - No viable dags retrieved from /home/hectorv/.local/lib/python3.10/site-packages/airflow/example_dags/subdags/subdag.py
[2024-06-14T00:17:38.044+0200] {processor.py:183} INFO - Processing /home/hectorv/.local/lib/python3.10/site-packages/airflow/example_dags/subdags/subdag.py took 0.009 seconds
[2024-06-14T00:18:32.855+0200] {processor.py:161} INFO - Started process (PID=3983) to work on /home/hectorv/.local/lib/python3.10/site-packages/airflow/example_dags/subdags/subdag.py
[2024-06-14T00:18:32.856+0200] {processor.py:830} INFO - Processing file /home/hectorv/.local/lib/python3.10/site-packages/airflow/example_dags/subdags/subdag.py for tasks to queue
[2024-06-14T00:18:32.857+0200] {logging_mixin.py:188} INFO - [2024-06-14T00:18:32.857+0200] {dagbag.py:540} INFO - Filling up the DagBag from /home/hectorv/.local/lib/python3.10/site-packages/airflow/example_dags/subdags/subdag.py
[2024-06-14T00:18:32.858+0200] {processor.py:842} WARNING - No viable dags retrieved from /home/hectorv/.local/lib/python3.10/site-packages/airflow/example_dags/subdags/subdag.py
[2024-06-14T00:18:32.861+0200] {processor.py:183} INFO - Processing /home/hectorv/.local/lib/python3.10/site-packages/airflow/example_dags/subdags/subdag.py took 0.009 seconds
[2024-06-14T00:19:43.103+0200] {processor.py:161} INFO - Started process (PID=4092) to work on /home/hectorv/.local/lib/python3.10/site-packages/airflow/example_dags/subdags/subdag.py
[2024-06-14T00:19:43.105+0200] {processor.py:830} INFO - Processing file /home/hectorv/.local/lib/python3.10/site-packages/airflow/example_dags/subdags/subdag.py for tasks to queue
[2024-06-14T00:19:43.105+0200] {logging_mixin.py:188} INFO - [2024-06-14T00:19:43.105+0200] {dagbag.py:540} INFO - Filling up the DagBag from /home/hectorv/.local/lib/python3.10/site-packages/airflow/example_dags/subdags/subdag.py
[2024-06-14T00:19:43.106+0200] {processor.py:842} WARNING - No viable dags retrieved from /home/hectorv/.local/lib/python3.10/site-packages/airflow/example_dags/subdags/subdag.py
[2024-06-14T00:19:43.110+0200] {processor.py:183} INFO - Processing /home/hectorv/.local/lib/python3.10/site-packages/airflow/example_dags/subdags/subdag.py took 0.009 seconds
[2024-06-14T00:20:56.657+0200] {processor.py:161} INFO - Started process (PID=4201) to work on /home/hectorv/.local/lib/python3.10/site-packages/airflow/example_dags/subdags/subdag.py
[2024-06-14T00:20:56.658+0200] {processor.py:830} INFO - Processing file /home/hectorv/.local/lib/python3.10/site-packages/airflow/example_dags/subdags/subdag.py for tasks to queue
[2024-06-14T00:20:56.658+0200] {logging_mixin.py:188} INFO - [2024-06-14T00:20:56.658+0200] {dagbag.py:540} INFO - Filling up the DagBag from /home/hectorv/.local/lib/python3.10/site-packages/airflow/example_dags/subdags/subdag.py
[2024-06-14T00:20:56.659+0200] {processor.py:842} WARNING - No viable dags retrieved from /home/hectorv/.local/lib/python3.10/site-packages/airflow/example_dags/subdags/subdag.py
[2024-06-14T00:20:56.663+0200] {processor.py:183} INFO - Processing /home/hectorv/.local/lib/python3.10/site-packages/airflow/example_dags/subdags/subdag.py took 0.009 seconds
[2024-06-14T00:22:05.543+0200] {processor.py:161} INFO - Started process (PID=4274) to work on /home/hectorv/.local/lib/python3.10/site-packages/airflow/example_dags/subdags/subdag.py
[2024-06-14T00:22:05.544+0200] {processor.py:830} INFO - Processing file /home/hectorv/.local/lib/python3.10/site-packages/airflow/example_dags/subdags/subdag.py for tasks to queue
[2024-06-14T00:22:05.545+0200] {logging_mixin.py:188} INFO - [2024-06-14T00:22:05.545+0200] {dagbag.py:540} INFO - Filling up the DagBag from /home/hectorv/.local/lib/python3.10/site-packages/airflow/example_dags/subdags/subdag.py
[2024-06-14T00:22:05.546+0200] {processor.py:842} WARNING - No viable dags retrieved from /home/hectorv/.local/lib/python3.10/site-packages/airflow/example_dags/subdags/subdag.py
[2024-06-14T00:22:05.549+0200] {processor.py:183} INFO - Processing /home/hectorv/.local/lib/python3.10/site-packages/airflow/example_dags/subdags/subdag.py took 0.008 seconds
[2024-06-14T00:23:05.169+0200] {processor.py:161} INFO - Started process (PID=4337) to work on /home/hectorv/.local/lib/python3.10/site-packages/airflow/example_dags/subdags/subdag.py
[2024-06-14T00:23:05.172+0200] {processor.py:830} INFO - Processing file /home/hectorv/.local/lib/python3.10/site-packages/airflow/example_dags/subdags/subdag.py for tasks to queue
[2024-06-14T00:23:05.173+0200] {logging_mixin.py:188} INFO - [2024-06-14T00:23:05.173+0200] {dagbag.py:540} INFO - Filling up the DagBag from /home/hectorv/.local/lib/python3.10/site-packages/airflow/example_dags/subdags/subdag.py
[2024-06-14T00:23:05.174+0200] {processor.py:842} WARNING - No viable dags retrieved from /home/hectorv/.local/lib/python3.10/site-packages/airflow/example_dags/subdags/subdag.py
[2024-06-14T00:23:05.177+0200] {processor.py:183} INFO - Processing /home/hectorv/.local/lib/python3.10/site-packages/airflow/example_dags/subdags/subdag.py took 0.011 seconds
[2024-06-14T00:24:03.608+0200] {processor.py:161} INFO - Started process (PID=4397) to work on /home/hectorv/.local/lib/python3.10/site-packages/airflow/example_dags/subdags/subdag.py
[2024-06-14T00:24:03.610+0200] {processor.py:830} INFO - Processing file /home/hectorv/.local/lib/python3.10/site-packages/airflow/example_dags/subdags/subdag.py for tasks to queue
[2024-06-14T00:24:03.611+0200] {logging_mixin.py:188} INFO - [2024-06-14T00:24:03.610+0200] {dagbag.py:540} INFO - Filling up the DagBag from /home/hectorv/.local/lib/python3.10/site-packages/airflow/example_dags/subdags/subdag.py
[2024-06-14T00:24:03.611+0200] {processor.py:842} WARNING - No viable dags retrieved from /home/hectorv/.local/lib/python3.10/site-packages/airflow/example_dags/subdags/subdag.py
[2024-06-14T00:24:03.615+0200] {processor.py:183} INFO - Processing /home/hectorv/.local/lib/python3.10/site-packages/airflow/example_dags/subdags/subdag.py took 0.009 seconds
[2024-06-14T00:25:01.625+0200] {processor.py:161} INFO - Started process (PID=4459) to work on /home/hectorv/.local/lib/python3.10/site-packages/airflow/example_dags/subdags/subdag.py
[2024-06-14T00:25:01.627+0200] {processor.py:830} INFO - Processing file /home/hectorv/.local/lib/python3.10/site-packages/airflow/example_dags/subdags/subdag.py for tasks to queue
[2024-06-14T00:25:01.628+0200] {logging_mixin.py:188} INFO - [2024-06-14T00:25:01.628+0200] {dagbag.py:540} INFO - Filling up the DagBag from /home/hectorv/.local/lib/python3.10/site-packages/airflow/example_dags/subdags/subdag.py
[2024-06-14T00:25:01.628+0200] {processor.py:842} WARNING - No viable dags retrieved from /home/hectorv/.local/lib/python3.10/site-packages/airflow/example_dags/subdags/subdag.py
[2024-06-14T00:25:01.632+0200] {processor.py:183} INFO - Processing /home/hectorv/.local/lib/python3.10/site-packages/airflow/example_dags/subdags/subdag.py took 0.009 seconds
[2024-06-14T00:49:10.549+0200] {processor.py:161} INFO - Started process (PID=4573) to work on /home/hectorv/.local/lib/python3.10/site-packages/airflow/example_dags/subdags/subdag.py
[2024-06-14T00:49:10.551+0200] {processor.py:830} INFO - Processing file /home/hectorv/.local/lib/python3.10/site-packages/airflow/example_dags/subdags/subdag.py for tasks to queue
[2024-06-14T00:49:10.552+0200] {logging_mixin.py:188} INFO - [2024-06-14T00:49:10.552+0200] {dagbag.py:540} INFO - Filling up the DagBag from /home/hectorv/.local/lib/python3.10/site-packages/airflow/example_dags/subdags/subdag.py
[2024-06-14T00:49:10.553+0200] {processor.py:842} WARNING - No viable dags retrieved from /home/hectorv/.local/lib/python3.10/site-packages/airflow/example_dags/subdags/subdag.py
[2024-06-14T00:49:10.556+0200] {processor.py:183} INFO - Processing /home/hectorv/.local/lib/python3.10/site-packages/airflow/example_dags/subdags/subdag.py took 0.010 seconds
[2024-06-14T00:50:15.985+0200] {processor.py:161} INFO - Started process (PID=4638) to work on /home/hectorv/.local/lib/python3.10/site-packages/airflow/example_dags/subdags/subdag.py
[2024-06-14T00:50:15.986+0200] {processor.py:830} INFO - Processing file /home/hectorv/.local/lib/python3.10/site-packages/airflow/example_dags/subdags/subdag.py for tasks to queue
[2024-06-14T00:50:15.987+0200] {logging_mixin.py:188} INFO - [2024-06-14T00:50:15.987+0200] {dagbag.py:540} INFO - Filling up the DagBag from /home/hectorv/.local/lib/python3.10/site-packages/airflow/example_dags/subdags/subdag.py
[2024-06-14T00:50:15.988+0200] {processor.py:842} WARNING - No viable dags retrieved from /home/hectorv/.local/lib/python3.10/site-packages/airflow/example_dags/subdags/subdag.py
[2024-06-14T00:50:15.991+0200] {processor.py:183} INFO - Processing /home/hectorv/.local/lib/python3.10/site-packages/airflow/example_dags/subdags/subdag.py took 0.008 seconds
[2024-06-14T00:51:14.370+0200] {processor.py:161} INFO - Started process (PID=4699) to work on /home/hectorv/.local/lib/python3.10/site-packages/airflow/example_dags/subdags/subdag.py
[2024-06-14T00:51:14.371+0200] {processor.py:830} INFO - Processing file /home/hectorv/.local/lib/python3.10/site-packages/airflow/example_dags/subdags/subdag.py for tasks to queue
[2024-06-14T00:51:14.372+0200] {logging_mixin.py:188} INFO - [2024-06-14T00:51:14.372+0200] {dagbag.py:540} INFO - Filling up the DagBag from /home/hectorv/.local/lib/python3.10/site-packages/airflow/example_dags/subdags/subdag.py
[2024-06-14T00:51:14.373+0200] {processor.py:842} WARNING - No viable dags retrieved from /home/hectorv/.local/lib/python3.10/site-packages/airflow/example_dags/subdags/subdag.py
[2024-06-14T00:51:14.376+0200] {processor.py:183} INFO - Processing /home/hectorv/.local/lib/python3.10/site-packages/airflow/example_dags/subdags/subdag.py took 0.008 seconds
[2024-06-14T00:52:13.577+0200] {processor.py:161} INFO - Started process (PID=4818) to work on /home/hectorv/.local/lib/python3.10/site-packages/airflow/example_dags/subdags/subdag.py
[2024-06-14T00:52:13.579+0200] {processor.py:830} INFO - Processing file /home/hectorv/.local/lib/python3.10/site-packages/airflow/example_dags/subdags/subdag.py for tasks to queue
[2024-06-14T00:52:13.580+0200] {logging_mixin.py:188} INFO - [2024-06-14T00:52:13.580+0200] {dagbag.py:540} INFO - Filling up the DagBag from /home/hectorv/.local/lib/python3.10/site-packages/airflow/example_dags/subdags/subdag.py
[2024-06-14T00:52:13.581+0200] {processor.py:842} WARNING - No viable dags retrieved from /home/hectorv/.local/lib/python3.10/site-packages/airflow/example_dags/subdags/subdag.py
[2024-06-14T00:52:13.584+0200] {processor.py:183} INFO - Processing /home/hectorv/.local/lib/python3.10/site-packages/airflow/example_dags/subdags/subdag.py took 0.009 seconds
[2024-06-14T00:53:06.686+0200] {processor.py:161} INFO - Started process (PID=11507) to work on /home/hectorv/.local/lib/python3.10/site-packages/airflow/example_dags/subdags/subdag.py
[2024-06-14T00:53:06.688+0200] {processor.py:830} INFO - Processing file /home/hectorv/.local/lib/python3.10/site-packages/airflow/example_dags/subdags/subdag.py for tasks to queue
[2024-06-14T00:53:06.688+0200] {logging_mixin.py:188} INFO - [2024-06-14T00:53:06.688+0200] {dagbag.py:540} INFO - Filling up the DagBag from /home/hectorv/.local/lib/python3.10/site-packages/airflow/example_dags/subdags/subdag.py
[2024-06-14T00:53:06.689+0200] {processor.py:842} WARNING - No viable dags retrieved from /home/hectorv/.local/lib/python3.10/site-packages/airflow/example_dags/subdags/subdag.py
[2024-06-14T00:53:06.693+0200] {processor.py:183} INFO - Processing /home/hectorv/.local/lib/python3.10/site-packages/airflow/example_dags/subdags/subdag.py took 0.009 seconds
[2024-06-14T00:54:01.259+0200] {processor.py:161} INFO - Started process (PID=11706) to work on /home/hectorv/.local/lib/python3.10/site-packages/airflow/example_dags/subdags/subdag.py
[2024-06-14T00:54:01.259+0200] {processor.py:830} INFO - Processing file /home/hectorv/.local/lib/python3.10/site-packages/airflow/example_dags/subdags/subdag.py for tasks to queue
[2024-06-14T00:54:01.260+0200] {logging_mixin.py:188} INFO - [2024-06-14T00:54:01.260+0200] {dagbag.py:540} INFO - Filling up the DagBag from /home/hectorv/.local/lib/python3.10/site-packages/airflow/example_dags/subdags/subdag.py
[2024-06-14T00:54:01.261+0200] {processor.py:842} WARNING - No viable dags retrieved from /home/hectorv/.local/lib/python3.10/site-packages/airflow/example_dags/subdags/subdag.py
[2024-06-14T00:54:01.264+0200] {processor.py:183} INFO - Processing /home/hectorv/.local/lib/python3.10/site-packages/airflow/example_dags/subdags/subdag.py took 0.007 seconds
[2024-06-14T00:55:00.444+0200] {processor.py:161} INFO - Started process (PID=12002) to work on /home/hectorv/.local/lib/python3.10/site-packages/airflow/example_dags/subdags/subdag.py
[2024-06-14T00:55:00.445+0200] {processor.py:830} INFO - Processing file /home/hectorv/.local/lib/python3.10/site-packages/airflow/example_dags/subdags/subdag.py for tasks to queue
[2024-06-14T00:55:00.446+0200] {logging_mixin.py:188} INFO - [2024-06-14T00:55:00.446+0200] {dagbag.py:540} INFO - Filling up the DagBag from /home/hectorv/.local/lib/python3.10/site-packages/airflow/example_dags/subdags/subdag.py
[2024-06-14T00:55:00.447+0200] {processor.py:842} WARNING - No viable dags retrieved from /home/hectorv/.local/lib/python3.10/site-packages/airflow/example_dags/subdags/subdag.py
[2024-06-14T00:55:00.450+0200] {processor.py:183} INFO - Processing /home/hectorv/.local/lib/python3.10/site-packages/airflow/example_dags/subdags/subdag.py took 0.008 seconds
[2024-06-14T00:55:58.792+0200] {processor.py:161} INFO - Started process (PID=15106) to work on /home/hectorv/.local/lib/python3.10/site-packages/airflow/example_dags/subdags/subdag.py
[2024-06-14T00:55:58.793+0200] {processor.py:830} INFO - Processing file /home/hectorv/.local/lib/python3.10/site-packages/airflow/example_dags/subdags/subdag.py for tasks to queue
[2024-06-14T00:55:58.793+0200] {logging_mixin.py:188} INFO - [2024-06-14T00:55:58.793+0200] {dagbag.py:540} INFO - Filling up the DagBag from /home/hectorv/.local/lib/python3.10/site-packages/airflow/example_dags/subdags/subdag.py
[2024-06-14T00:55:58.794+0200] {processor.py:842} WARNING - No viable dags retrieved from /home/hectorv/.local/lib/python3.10/site-packages/airflow/example_dags/subdags/subdag.py
[2024-06-14T00:55:58.798+0200] {processor.py:183} INFO - Processing /home/hectorv/.local/lib/python3.10/site-packages/airflow/example_dags/subdags/subdag.py took 0.008 seconds
[2024-06-14T00:56:58.265+0200] {processor.py:161} INFO - Started process (PID=15547) to work on /home/hectorv/.local/lib/python3.10/site-packages/airflow/example_dags/subdags/subdag.py
[2024-06-14T00:56:58.266+0200] {processor.py:830} INFO - Processing file /home/hectorv/.local/lib/python3.10/site-packages/airflow/example_dags/subdags/subdag.py for tasks to queue
[2024-06-14T00:56:58.267+0200] {logging_mixin.py:188} INFO - [2024-06-14T00:56:58.267+0200] {dagbag.py:540} INFO - Filling up the DagBag from /home/hectorv/.local/lib/python3.10/site-packages/airflow/example_dags/subdags/subdag.py
[2024-06-14T00:56:58.268+0200] {processor.py:842} WARNING - No viable dags retrieved from /home/hectorv/.local/lib/python3.10/site-packages/airflow/example_dags/subdags/subdag.py
[2024-06-14T00:56:58.272+0200] {processor.py:183} INFO - Processing /home/hectorv/.local/lib/python3.10/site-packages/airflow/example_dags/subdags/subdag.py took 0.009 seconds
[2024-06-14T01:02:59.536+0200] {processor.py:161} INFO - Started process (PID=6336) to work on /home/hectorv/.local/lib/python3.10/site-packages/airflow/example_dags/subdags/subdag.py
[2024-06-14T01:02:59.537+0200] {processor.py:830} INFO - Processing file /home/hectorv/.local/lib/python3.10/site-packages/airflow/example_dags/subdags/subdag.py for tasks to queue
[2024-06-14T01:02:59.538+0200] {logging_mixin.py:188} INFO - [2024-06-14T01:02:59.538+0200] {dagbag.py:540} INFO - Filling up the DagBag from /home/hectorv/.local/lib/python3.10/site-packages/airflow/example_dags/subdags/subdag.py
[2024-06-14T01:02:59.539+0200] {processor.py:842} WARNING - No viable dags retrieved from /home/hectorv/.local/lib/python3.10/site-packages/airflow/example_dags/subdags/subdag.py
[2024-06-14T01:02:59.544+0200] {processor.py:183} INFO - Processing /home/hectorv/.local/lib/python3.10/site-packages/airflow/example_dags/subdags/subdag.py took 0.010 seconds
[2024-06-14T01:04:04.419+0200] {processor.py:161} INFO - Started process (PID=6851) to work on /home/hectorv/.local/lib/python3.10/site-packages/airflow/example_dags/subdags/subdag.py
[2024-06-14T01:04:04.422+0200] {processor.py:830} INFO - Processing file /home/hectorv/.local/lib/python3.10/site-packages/airflow/example_dags/subdags/subdag.py for tasks to queue
[2024-06-14T01:04:04.423+0200] {logging_mixin.py:188} INFO - [2024-06-14T01:04:04.423+0200] {dagbag.py:540} INFO - Filling up the DagBag from /home/hectorv/.local/lib/python3.10/site-packages/airflow/example_dags/subdags/subdag.py
[2024-06-14T01:04:04.424+0200] {processor.py:842} WARNING - No viable dags retrieved from /home/hectorv/.local/lib/python3.10/site-packages/airflow/example_dags/subdags/subdag.py
[2024-06-14T01:04:04.428+0200] {processor.py:183} INFO - Processing /home/hectorv/.local/lib/python3.10/site-packages/airflow/example_dags/subdags/subdag.py took 0.011 seconds
