[2024-06-16T23:51:42.076+0200] {local_task_job_runner.py:120} INFO - ::group::Pre task execution logs
[2024-06-16T23:51:42.085+0200] {taskinstance.py:2073} INFO - Dependencies all met for dep_context=non-requeueable deps ti=<TaskInstance: datalake_dag.combine_data manual__2024-06-16T21:51:20.460028+00:00 [queued]>
[2024-06-16T23:51:42.087+0200] {taskinstance.py:2073} INFO - Dependencies all met for dep_context=requeueable deps ti=<TaskInstance: datalake_dag.combine_data manual__2024-06-16T21:51:20.460028+00:00 [queued]>
[2024-06-16T23:51:42.088+0200] {taskinstance.py:2303} INFO - Starting attempt 1 of 1
[2024-06-16T23:51:42.102+0200] {taskinstance.py:2327} INFO - Executing <Task(PythonOperator): combine_data> on 2024-06-16 21:51:20.460028+00:00
[2024-06-16T23:51:42.104+0200] {standard_task_runner.py:63} INFO - Started process 52610 to run task
[2024-06-16T23:51:42.105+0200] {standard_task_runner.py:90} INFO - Running: ['airflow', 'tasks', 'run', 'datalake_dag', 'combine_data', 'manual__2024-06-16T21:51:20.460028+00:00', '--job-id', '268', '--raw', '--subdir', 'DAGS_FOLDER/datalake_dag.py', '--cfg-path', '/tmp/tmp3m1j3y3y']
[2024-06-16T23:51:42.105+0200] {standard_task_runner.py:91} INFO - Job 268: Subtask combine_data
[2024-06-16T23:51:42.131+0200] {task_command.py:426} INFO - Running <TaskInstance: datalake_dag.combine_data manual__2024-06-16T21:51:20.460028+00:00 [running]> on host Desktop-Hector.
[2024-06-16T23:51:42.263+0200] {taskinstance.py:2644} INFO - Exporting env vars: AIRFLOW_CTX_DAG_OWNER='airflow' AIRFLOW_CTX_DAG_ID='datalake_dag' AIRFLOW_CTX_TASK_ID='combine_data' AIRFLOW_CTX_EXECUTION_DATE='2024-06-16T21:51:20.460028+00:00' AIRFLOW_CTX_TRY_NUMBER='1' AIRFLOW_CTX_DAG_RUN_ID='manual__2024-06-16T21:51:20.460028+00:00'
[2024-06-16T23:51:42.264+0200] {taskinstance.py:430} INFO - ::endgroup::
[2024-06-16T23:51:48.285+0200] {logging_mixin.py:188} INFO - +---------------+-------------------+-----+---------------+---------------+
|production_type|               date|value|carbon_emission|emissions_total|
+---------------+-------------------+-----+---------------+---------------+
|        BIOMASS|2024-03-01 00:00:00|  327|           32.0|        10464.0|
|        BIOMASS|2024-03-01 01:00:00|  326|           32.0|        10432.0|
|        BIOMASS|2024-03-01 02:00:00|  328|           32.0|        10496.0|
|        BIOMASS|2024-03-01 03:00:00|  329|           32.0|        10528.0|
|        BIOMASS|2024-03-01 04:00:00|  329|           32.0|        10528.0|
|        BIOMASS|2024-03-01 05:00:00|  329|           32.0|        10528.0|
|        BIOMASS|2024-03-01 06:00:00|  330|           32.0|        10560.0|
|        BIOMASS|2024-03-01 07:00:00|  330|           32.0|        10560.0|
|        BIOMASS|2024-03-01 08:00:00|  334|           32.0|        10688.0|
|        BIOMASS|2024-03-01 09:00:00|  346|           32.0|        11072.0|
|        BIOMASS|2024-03-01 10:00:00|  348|           32.0|        11136.0|
|        BIOMASS|2024-03-01 11:00:00|  345|           32.0|        11040.0|
|        BIOMASS|2024-03-01 12:00:00|  346|           32.0|        11072.0|
|        BIOMASS|2024-03-01 13:00:00|  350|           32.0|        11200.0|
|        BIOMASS|2024-03-01 14:00:00|  351|           32.0|        11232.0|
|        BIOMASS|2024-03-01 15:00:00|  348|           32.0|        11136.0|
|        BIOMASS|2024-03-01 16:00:00|  346|           32.0|        11072.0|
|        BIOMASS|2024-03-01 17:00:00|  345|           32.0|        11040.0|
|        BIOMASS|2024-03-01 18:00:00|  347|           32.0|        11104.0|
|        BIOMASS|2024-03-01 19:00:00|  343|           32.0|        10976.0|
+---------------+-------------------+-----+---------------+---------------+
only showing top 20 rows
[2024-06-16T23:51:48.800+0200] {python.py:237} INFO - Done. Returned value was: None
[2024-06-16T23:51:48.800+0200] {taskinstance.py:441} INFO - ::group::Post task execution logs
[2024-06-16T23:51:48.805+0200] {taskinstance.py:1205} INFO - Marking task as SUCCESS. dag_id=datalake_dag, task_id=combine_data, execution_date=20240616T215120, start_date=20240616T215142, end_date=20240616T215148
[2024-06-16T23:51:48.846+0200] {local_task_job_runner.py:240} INFO - Task exited with return code 0
[2024-06-16T23:51:48.924+0200] {taskinstance.py:3482} INFO - 1 downstream tasks scheduled from follow-on schedule check
[2024-06-16T23:51:48.934+0200] {local_task_job_runner.py:222} INFO - ::endgroup::
