[2024-06-16T20:48:55.538+0200] {local_task_job_runner.py:120} INFO - ::group::Pre task execution logs
[2024-06-16T20:48:55.548+0200] {taskinstance.py:2073} INFO - Dependencies all met for dep_context=non-requeueable deps ti=<TaskInstance: datalake_dag.format_consumption_data manual__2024-06-16T18:48:51.356088+00:00 [queued]>
[2024-06-16T20:48:55.551+0200] {taskinstance.py:2073} INFO - Dependencies all met for dep_context=requeueable deps ti=<TaskInstance: datalake_dag.format_consumption_data manual__2024-06-16T18:48:51.356088+00:00 [queued]>
[2024-06-16T20:48:55.551+0200] {taskinstance.py:2303} INFO - Starting attempt 1 of 1
[2024-06-16T20:48:55.564+0200] {taskinstance.py:2327} INFO - Executing <Task(PythonOperator): format_consumption_data> on 2024-06-16 18:48:51.356088+00:00
[2024-06-16T20:48:55.566+0200] {standard_task_runner.py:63} INFO - Started process 88303 to run task
[2024-06-16T20:48:55.567+0200] {standard_task_runner.py:90} INFO - Running: ['airflow', 'tasks', 'run', 'datalake_dag', 'format_consumption_data', 'manual__2024-06-16T18:48:51.356088+00:00', '--job-id', '228', '--raw', '--subdir', 'DAGS_FOLDER/datalake_dag.py', '--cfg-path', '/tmp/tmpxhalt0kw']
[2024-06-16T20:48:55.568+0200] {standard_task_runner.py:91} INFO - Job 228: Subtask format_consumption_data
[2024-06-16T20:48:55.591+0200] {task_command.py:426} INFO - Running <TaskInstance: datalake_dag.format_consumption_data manual__2024-06-16T18:48:51.356088+00:00 [running]> on host Desktop-Hector.
[2024-06-16T20:48:55.706+0200] {taskinstance.py:2644} INFO - Exporting env vars: AIRFLOW_CTX_DAG_OWNER='airflow' AIRFLOW_CTX_DAG_ID='datalake_dag' AIRFLOW_CTX_TASK_ID='format_consumption_data' AIRFLOW_CTX_EXECUTION_DATE='2024-06-16T18:48:51.356088+00:00' AIRFLOW_CTX_TRY_NUMBER='1' AIRFLOW_CTX_DAG_RUN_ID='manual__2024-06-16T18:48:51.356088+00:00'
[2024-06-16T20:48:55.707+0200] {taskinstance.py:430} INFO - ::endgroup::
[2024-06-16T20:49:01.482+0200] {logging_mixin.py:188} INFO - +-------------------+-----+---------------+
|               date|value|production_type|
+-------------------+-----+---------------+
|2024-06-01 00:00:00|  355|        BIOMASS|
|2024-06-01 01:00:00|  356|        BIOMASS|
|2024-06-01 02:00:00|  356|        BIOMASS|
|2024-06-01 03:00:00|  357|        BIOMASS|
|2024-06-01 04:00:00|  357|        BIOMASS|
|2024-06-01 05:00:00|  358|        BIOMASS|
|2024-06-01 06:00:00|  358|        BIOMASS|
|2024-06-01 07:00:00|  358|        BIOMASS|
|2024-06-01 08:00:00|  356|        BIOMASS|
|2024-06-01 09:00:00|  356|        BIOMASS|
|2024-06-01 10:00:00|  358|        BIOMASS|
|2024-06-01 11:00:00|  356|        BIOMASS|
|2024-06-01 12:00:00|  357|        BIOMASS|
|2024-06-01 13:00:00|  357|        BIOMASS|
|2024-06-01 14:00:00|  359|        BIOMASS|
|2024-06-01 15:00:00|  360|        BIOMASS|
|2024-06-01 16:00:00|  358|        BIOMASS|
|2024-06-01 17:00:00|  357|        BIOMASS|
|2024-06-01 18:00:00|  357|        BIOMASS|
|2024-06-01 19:00:00|  356|        BIOMASS|
+-------------------+-----+---------------+
only showing top 20 rows
[2024-06-16T20:49:02.108+0200] {python.py:237} INFO - Done. Returned value was: None
[2024-06-16T20:49:02.108+0200] {taskinstance.py:441} INFO - ::group::Post task execution logs
[2024-06-16T20:49:02.112+0200] {taskinstance.py:1205} INFO - Marking task as SUCCESS. dag_id=datalake_dag, task_id=format_consumption_data, execution_date=20240616T184851, start_date=20240616T184855, end_date=20240616T184902
[2024-06-16T20:49:02.148+0200] {local_task_job_runner.py:240} INFO - Task exited with return code 0
[2024-06-16T20:49:02.229+0200] {taskinstance.py:3482} INFO - 0 downstream tasks scheduled from follow-on schedule check
[2024-06-16T20:49:02.230+0200] {local_task_job_runner.py:222} INFO - ::endgroup::
