[2024-06-14T09:15:12.416+0200] {local_task_job_runner.py:120} INFO - ::group::Pre task execution logs
[2024-06-14T09:15:12.424+0200] {taskinstance.py:2073} INFO - Dependencies all met for dep_context=non-requeueable deps ti=<TaskInstance: example_bash_operator.run_after_loop scheduled__2024-06-13T00:00:00+00:00 [queued]>
[2024-06-14T09:15:12.426+0200] {taskinstance.py:2073} INFO - Dependencies all met for dep_context=requeueable deps ti=<TaskInstance: example_bash_operator.run_after_loop scheduled__2024-06-13T00:00:00+00:00 [queued]>
[2024-06-14T09:15:12.426+0200] {taskinstance.py:2303} INFO - Starting attempt 1 of 1
[2024-06-14T09:15:12.438+0200] {taskinstance.py:2327} INFO - Executing <Task(BashOperator): run_after_loop> on 2024-06-13 00:00:00+00:00
[2024-06-14T09:15:12.439+0200] {standard_task_runner.py:63} INFO - Started process 526 to run task
[2024-06-14T09:15:12.440+0200] {standard_task_runner.py:90} INFO - Running: ['airflow', 'tasks', 'run', 'example_bash_operator', 'run_after_loop', 'scheduled__2024-06-13T00:00:00+00:00', '--job-id', '40', '--raw', '--subdir', '/home/hectorv/.local/lib/python3.10/site-packages/airflow/example_dags/example_bash_operator.py', '--cfg-path', '/tmp/tmpf_qwefl6']
[2024-06-14T09:15:12.440+0200] {standard_task_runner.py:91} INFO - Job 40: Subtask run_after_loop
[2024-06-14T09:15:12.460+0200] {task_command.py:426} INFO - Running <TaskInstance: example_bash_operator.run_after_loop scheduled__2024-06-13T00:00:00+00:00 [running]> on host Desktop-Hector.
[2024-06-14T09:15:12.496+0200] {taskinstance.py:2644} INFO - Exporting env vars: AIRFLOW_CTX_DAG_OWNER='airflow' AIRFLOW_CTX_DAG_ID='example_bash_operator' AIRFLOW_CTX_TASK_ID='run_after_loop' AIRFLOW_CTX_EXECUTION_DATE='2024-06-13T00:00:00+00:00' AIRFLOW_CTX_TRY_NUMBER='1' AIRFLOW_CTX_DAG_RUN_ID='scheduled__2024-06-13T00:00:00+00:00'
[2024-06-14T09:15:12.496+0200] {taskinstance.py:430} INFO - ::endgroup::
[2024-06-14T09:15:12.497+0200] {subprocess.py:63} INFO - Tmp dir root location: /tmp
[2024-06-14T09:15:12.497+0200] {subprocess.py:75} INFO - Running command: ['/usr/bin/bash', '-c', "ls -alh --color=always / && echo https://airflow.apache.org/  && echo 'some <code>html</code>'"]
[2024-06-14T09:15:12.499+0200] {subprocess.py:86} INFO - Output:
[2024-06-14T09:15:12.500+0200] {subprocess.py:93} INFO - total 2.0M
[2024-06-14T09:15:12.500+0200] {subprocess.py:93} INFO - drwxr-xr-x  19 root root 4.0K Jun 14 09:14 [0m[01;34m.[0m
[2024-06-14T09:15:12.500+0200] {subprocess.py:93} INFO - drwxr-xr-x  19 root root 4.0K Jun 14 09:14 [01;34m..[0m
[2024-06-14T09:15:12.500+0200] {subprocess.py:93} INFO - lrwxrwxrwx   1 root root    7 Nov 22  2023 [01;36mbin[0m -> [01;34musr/bin[0m
[2024-06-14T09:15:12.500+0200] {subprocess.py:93} INFO - drwxr-xr-x   2 root root 4.0K Apr 18  2022 [01;34mboot[0m
[2024-06-14T09:15:12.500+0200] {subprocess.py:93} INFO - drwxr-xr-x  16 root root 3.5K Jun 14 09:14 [01;34mdev[0m
[2024-06-14T09:15:12.500+0200] {subprocess.py:93} INFO - drwxr-xr-x  76 root root 4.0K Jun 14 09:14 [01;34metc[0m
[2024-06-14T09:15:12.500+0200] {subprocess.py:93} INFO - drwxr-xr-x   3 root root 4.0K Jun 13 22:38 [01;34mhome[0m
[2024-06-14T09:15:12.500+0200] {subprocess.py:93} INFO - -rwxrwxrwx   1 root root 1.9M Mar 11 23:03 [01;32minit[0m
[2024-06-14T09:15:12.500+0200] {subprocess.py:93} INFO - lrwxrwxrwx   1 root root    7 Nov 22  2023 [01;36mlib[0m -> [01;34musr/lib[0m
[2024-06-14T09:15:12.500+0200] {subprocess.py:93} INFO - lrwxrwxrwx   1 root root    9 Nov 22  2023 [01;36mlib32[0m -> [01;34musr/lib32[0m
[2024-06-14T09:15:12.500+0200] {subprocess.py:93} INFO - lrwxrwxrwx   1 root root    9 Nov 22  2023 [01;36mlib64[0m -> [01;34musr/lib64[0m
[2024-06-14T09:15:12.500+0200] {subprocess.py:93} INFO - lrwxrwxrwx   1 root root   10 Nov 22  2023 [01;36mlibx32[0m -> [01;34musr/libx32[0m
[2024-06-14T09:15:12.500+0200] {subprocess.py:93} INFO - drwx------   2 root root  16K Jun 13 22:38 [01;34mlost+found[0m
[2024-06-14T09:15:12.500+0200] {subprocess.py:93} INFO - drwxr-xr-x   2 root root 4.0K Nov 22  2023 [01;34mmedia[0m
[2024-06-14T09:15:12.500+0200] {subprocess.py:93} INFO - drwxr-xr-x   5 root root 4.0K Jun 13 22:38 [01;34mmnt[0m
[2024-06-14T09:15:12.500+0200] {subprocess.py:93} INFO - drwxr-xr-x   2 root root 4.0K Nov 22  2023 [01;34mopt[0m
[2024-06-14T09:15:12.500+0200] {subprocess.py:93} INFO - dr-xr-xr-x 270 root root    0 Jun 14 09:14 [01;34mproc[0m
[2024-06-14T09:15:12.500+0200] {subprocess.py:93} INFO - drwx------   4 root root 4.0K Jun 13 22:39 [01;34mroot[0m
[2024-06-14T09:15:12.500+0200] {subprocess.py:93} INFO - drwxr-xr-x  18 root root  540 Jun 14 09:14 [01;34mrun[0m
[2024-06-14T09:15:12.500+0200] {subprocess.py:93} INFO - lrwxrwxrwx   1 root root    8 Nov 22  2023 [01;36msbin[0m -> [01;34musr/sbin[0m
[2024-06-14T09:15:12.501+0200] {subprocess.py:93} INFO - drwxr-xr-x   8 root root 4.0K Nov 22  2023 [01;34msnap[0m
[2024-06-14T09:15:12.501+0200] {subprocess.py:93} INFO - drwxr-xr-x   2 root root 4.0K Nov 22  2023 [01;34msrv[0m
[2024-06-14T09:15:12.501+0200] {subprocess.py:93} INFO - dr-xr-xr-x  11 root root    0 Jun 14 09:14 [01;34msys[0m
[2024-06-14T09:15:12.501+0200] {subprocess.py:93} INFO - drwxrwxrwt  12 root root  12K Jun 14 09:15 [30;42mtmp[0m
[2024-06-14T09:15:12.501+0200] {subprocess.py:93} INFO - drwxr-xr-x  14 root root 4.0K Nov 22  2023 [01;34musr[0m
[2024-06-14T09:15:12.501+0200] {subprocess.py:93} INFO - drwxr-xr-x  13 root root 4.0K Nov 22  2023 [01;34mvar[0m
[2024-06-14T09:15:12.501+0200] {subprocess.py:93} INFO - https://airflow.apache.org/
[2024-06-14T09:15:12.501+0200] {subprocess.py:93} INFO - some <code>html</code>
[2024-06-14T09:15:12.501+0200] {subprocess.py:97} INFO - Command exited with return code 0
[2024-06-14T09:15:12.501+0200] {taskinstance.py:441} INFO - ::group::Post task execution logs
[2024-06-14T09:15:12.515+0200] {taskinstance.py:1205} INFO - Marking task as SUCCESS. dag_id=example_bash_operator, task_id=run_after_loop, execution_date=20240613T000000, start_date=20240614T071512, end_date=20240614T071512
[2024-06-14T09:15:12.532+0200] {local_task_job_runner.py:240} INFO - Task exited with return code 0
[2024-06-14T09:15:12.537+0200] {taskinstance.py:3482} INFO - 0 downstream tasks scheduled from follow-on schedule check
[2024-06-14T09:15:12.537+0200] {local_task_job_runner.py:222} INFO - ::endgroup::
