[2024-06-16T21:36:23.542+0200] {local_task_job_runner.py:120} INFO - ::group::Pre task execution logs
[2024-06-16T21:36:23.552+0200] {taskinstance.py:2073} INFO - Dependencies all met for dep_context=non-requeueable deps ti=<TaskInstance: datalake_dag.combine_data manual__2024-06-16T19:36:03.636401+00:00 [queued]>
[2024-06-16T21:36:23.554+0200] {taskinstance.py:2073} INFO - Dependencies all met for dep_context=requeueable deps ti=<TaskInstance: datalake_dag.combine_data manual__2024-06-16T19:36:03.636401+00:00 [queued]>
[2024-06-16T21:36:23.555+0200] {taskinstance.py:2303} INFO - Starting attempt 1 of 1
[2024-06-16T21:36:23.568+0200] {taskinstance.py:2327} INFO - Executing <Task(PythonOperator): combine_data> on 2024-06-16 19:36:03.636401+00:00
[2024-06-16T21:36:23.569+0200] {standard_task_runner.py:63} INFO - Started process 79454 to run task
[2024-06-16T21:36:23.571+0200] {standard_task_runner.py:90} INFO - Running: ['airflow', 'tasks', 'run', 'datalake_dag', 'combine_data', 'manual__2024-06-16T19:36:03.636401+00:00', '--job-id', '245', '--raw', '--subdir', 'DAGS_FOLDER/datalake_dag.py', '--cfg-path', '/tmp/tmpcv2eouyc']
[2024-06-16T21:36:23.571+0200] {standard_task_runner.py:91} INFO - Job 245: Subtask combine_data
[2024-06-16T21:36:23.594+0200] {task_command.py:426} INFO - Running <TaskInstance: datalake_dag.combine_data manual__2024-06-16T19:36:03.636401+00:00 [running]> on host Desktop-Hector.
[2024-06-16T21:36:23.708+0200] {taskinstance.py:2644} INFO - Exporting env vars: AIRFLOW_CTX_DAG_OWNER='airflow' AIRFLOW_CTX_DAG_ID='datalake_dag' AIRFLOW_CTX_TASK_ID='combine_data' AIRFLOW_CTX_EXECUTION_DATE='2024-06-16T19:36:03.636401+00:00' AIRFLOW_CTX_TRY_NUMBER='1' AIRFLOW_CTX_DAG_RUN_ID='manual__2024-06-16T19:36:03.636401+00:00'
[2024-06-16T21:36:23.708+0200] {taskinstance.py:430} INFO - ::endgroup::
[2024-06-16T21:36:29.703+0200] {logging_mixin.py:188} INFO - +---------------+-------------------+-----+---------------+---------------+
|production_type|               date|value|carbon_emission|emissions_total|
+---------------+-------------------+-----+---------------+---------------+
|        BIOMASS|2024-06-01 00:00:00|  355|           32.0|        11360.0|
|        BIOMASS|2024-06-01 01:00:00|  356|           32.0|        11392.0|
|        BIOMASS|2024-06-01 02:00:00|  356|           32.0|        11392.0|
|        BIOMASS|2024-06-01 03:00:00|  357|           32.0|        11424.0|
|        BIOMASS|2024-06-01 04:00:00|  357|           32.0|        11424.0|
|        BIOMASS|2024-06-01 05:00:00|  358|           32.0|        11456.0|
|        BIOMASS|2024-06-01 06:00:00|  358|           32.0|        11456.0|
|        BIOMASS|2024-06-01 07:00:00|  358|           32.0|        11456.0|
|        BIOMASS|2024-06-01 08:00:00|  356|           32.0|        11392.0|
|        BIOMASS|2024-06-01 09:00:00|  356|           32.0|        11392.0|
|        BIOMASS|2024-06-01 10:00:00|  358|           32.0|        11456.0|
|        BIOMASS|2024-06-01 11:00:00|  356|           32.0|        11392.0|
|        BIOMASS|2024-06-01 12:00:00|  357|           32.0|        11424.0|
|        BIOMASS|2024-06-01 13:00:00|  357|           32.0|        11424.0|
|        BIOMASS|2024-06-01 14:00:00|  359|           32.0|        11488.0|
|        BIOMASS|2024-06-01 15:00:00|  360|           32.0|        11520.0|
|        BIOMASS|2024-06-01 16:00:00|  358|           32.0|        11456.0|
|        BIOMASS|2024-06-01 17:00:00|  357|           32.0|        11424.0|
|        BIOMASS|2024-06-01 18:00:00|  357|           32.0|        11424.0|
|        BIOMASS|2024-06-01 19:00:00|  356|           32.0|        11392.0|
+---------------+-------------------+-----+---------------+---------------+
only showing top 20 rows
[2024-06-16T21:36:30.164+0200] {python.py:237} INFO - Done. Returned value was: None
[2024-06-16T21:36:30.165+0200] {taskinstance.py:441} INFO - ::group::Post task execution logs
[2024-06-16T21:36:30.169+0200] {taskinstance.py:1205} INFO - Marking task as SUCCESS. dag_id=datalake_dag, task_id=combine_data, execution_date=20240616T193603, start_date=20240616T193623, end_date=20240616T193630
[2024-06-16T21:36:30.191+0200] {local_task_job_runner.py:240} INFO - Task exited with return code 0
[2024-06-16T21:36:30.267+0200] {taskinstance.py:3482} INFO - 1 downstream tasks scheduled from follow-on schedule check
[2024-06-16T21:36:30.278+0200] {local_task_job_runner.py:222} INFO - ::endgroup::
