[2024-06-14T09:15:10.402+0200] {local_task_job_runner.py:120} INFO - ::group::Pre task execution logs
[2024-06-14T09:15:10.409+0200] {taskinstance.py:2073} INFO - Dependencies all met for dep_context=non-requeueable deps ti=<TaskInstance: example_bash_operator.also_run_this scheduled__2024-06-13T00:00:00+00:00 [queued]>
[2024-06-14T09:15:10.412+0200] {taskinstance.py:2073} INFO - Dependencies all met for dep_context=requeueable deps ti=<TaskInstance: example_bash_operator.also_run_this scheduled__2024-06-13T00:00:00+00:00 [queued]>
[2024-06-14T09:15:10.412+0200] {taskinstance.py:2303} INFO - Starting attempt 1 of 1
[2024-06-14T09:15:10.424+0200] {taskinstance.py:2327} INFO - Executing <Task(BashOperator): also_run_this> on 2024-06-13 00:00:00+00:00
[2024-06-14T09:15:10.425+0200] {standard_task_runner.py:63} INFO - Started process 512 to run task
[2024-06-14T09:15:10.427+0200] {standard_task_runner.py:90} INFO - Running: ['airflow', 'tasks', 'run', 'example_bash_operator', 'also_run_this', 'scheduled__2024-06-13T00:00:00+00:00', '--job-id', '38', '--raw', '--subdir', '/home/hectorv/.local/lib/python3.10/site-packages/airflow/example_dags/example_bash_operator.py', '--cfg-path', '/tmp/tmp507usxy5']
[2024-06-14T09:15:10.427+0200] {standard_task_runner.py:91} INFO - Job 38: Subtask also_run_this
[2024-06-14T09:15:10.446+0200] {task_command.py:426} INFO - Running <TaskInstance: example_bash_operator.also_run_this scheduled__2024-06-13T00:00:00+00:00 [running]> on host Desktop-Hector.
[2024-06-14T09:15:10.483+0200] {taskinstance.py:2644} INFO - Exporting env vars: AIRFLOW_CTX_DAG_OWNER='airflow' AIRFLOW_CTX_DAG_ID='example_bash_operator' AIRFLOW_CTX_TASK_ID='also_run_this' AIRFLOW_CTX_EXECUTION_DATE='2024-06-13T00:00:00+00:00' AIRFLOW_CTX_TRY_NUMBER='1' AIRFLOW_CTX_DAG_RUN_ID='scheduled__2024-06-13T00:00:00+00:00'
[2024-06-14T09:15:10.483+0200] {taskinstance.py:430} INFO - ::endgroup::
[2024-06-14T09:15:10.483+0200] {subprocess.py:63} INFO - Tmp dir root location: /tmp
[2024-06-14T09:15:10.484+0200] {subprocess.py:75} INFO - Running command: ['/usr/bin/bash', '-c', 'echo "ti_key=example_bash_operator__also_run_this__20240613"']
[2024-06-14T09:15:10.486+0200] {subprocess.py:86} INFO - Output:
[2024-06-14T09:15:10.486+0200] {subprocess.py:93} INFO - ti_key=example_bash_operator__also_run_this__20240613
[2024-06-14T09:15:10.486+0200] {subprocess.py:97} INFO - Command exited with return code 0
[2024-06-14T09:15:10.487+0200] {taskinstance.py:441} INFO - ::group::Post task execution logs
[2024-06-14T09:15:10.500+0200] {taskinstance.py:1205} INFO - Marking task as SUCCESS. dag_id=example_bash_operator, task_id=also_run_this, execution_date=20240613T000000, start_date=20240614T071510, end_date=20240614T071510
[2024-06-14T09:15:10.518+0200] {local_task_job_runner.py:240} INFO - Task exited with return code 0
[2024-06-14T09:15:10.525+0200] {taskinstance.py:3482} INFO - 0 downstream tasks scheduled from follow-on schedule check
[2024-06-14T09:15:10.525+0200] {local_task_job_runner.py:222} INFO - ::endgroup::
