[2024-06-16T23:52:29.946+0200] {local_task_job_runner.py:120} INFO - ::group::Pre task execution logs
[2024-06-16T23:52:29.955+0200] {taskinstance.py:2073} INFO - Dependencies all met for dep_context=non-requeueable deps ti=<TaskInstance: datalake_dag.combine_data manual__2024-06-16T21:52:09.888456+00:00 [queued]>
[2024-06-16T23:52:29.958+0200] {taskinstance.py:2073} INFO - Dependencies all met for dep_context=requeueable deps ti=<TaskInstance: datalake_dag.combine_data manual__2024-06-16T21:52:09.888456+00:00 [queued]>
[2024-06-16T23:52:29.958+0200] {taskinstance.py:2303} INFO - Starting attempt 1 of 1
[2024-06-16T23:52:29.972+0200] {taskinstance.py:2327} INFO - Executing <Task(PythonOperator): combine_data> on 2024-06-16 21:52:09.888456+00:00
[2024-06-16T23:52:29.974+0200] {standard_task_runner.py:63} INFO - Started process 54379 to run task
[2024-06-16T23:52:29.975+0200] {standard_task_runner.py:90} INFO - Running: ['airflow', 'tasks', 'run', 'datalake_dag', 'combine_data', 'manual__2024-06-16T21:52:09.888456+00:00', '--job-id', '273', '--raw', '--subdir', 'DAGS_FOLDER/datalake_dag.py', '--cfg-path', '/tmp/tmp4wim4gru']
[2024-06-16T23:52:29.975+0200] {standard_task_runner.py:91} INFO - Job 273: Subtask combine_data
[2024-06-16T23:52:29.999+0200] {task_command.py:426} INFO - Running <TaskInstance: datalake_dag.combine_data manual__2024-06-16T21:52:09.888456+00:00 [running]> on host Desktop-Hector.
[2024-06-16T23:52:30.126+0200] {taskinstance.py:2644} INFO - Exporting env vars: AIRFLOW_CTX_DAG_OWNER='airflow' AIRFLOW_CTX_DAG_ID='datalake_dag' AIRFLOW_CTX_TASK_ID='combine_data' AIRFLOW_CTX_EXECUTION_DATE='2024-06-16T21:52:09.888456+00:00' AIRFLOW_CTX_TRY_NUMBER='1' AIRFLOW_CTX_DAG_RUN_ID='manual__2024-06-16T21:52:09.888456+00:00'
[2024-06-16T23:52:30.127+0200] {taskinstance.py:430} INFO - ::endgroup::
[2024-06-16T23:52:36.252+0200] {logging_mixin.py:188} INFO - +---------------+-------------------+-----+---------------+---------------+
|production_type|               date|value|carbon_emission|emissions_total|
+---------------+-------------------+-----+---------------+---------------+
|        BIOMASS|2024-04-01 00:00:00|  347|           32.0|        11104.0|
|        BIOMASS|2024-04-01 01:00:00|  347|           32.0|        11104.0|
|        BIOMASS|2024-04-01 02:00:00|  346|           32.0|        11072.0|
|        BIOMASS|2024-04-01 03:00:00|  333|           32.0|        10656.0|
|        BIOMASS|2024-04-01 04:00:00|  334|           32.0|        10688.0|
|        BIOMASS|2024-04-01 05:00:00|  334|           32.0|        10688.0|
|        BIOMASS|2024-04-01 06:00:00|  346|           32.0|        11072.0|
|        BIOMASS|2024-04-01 07:00:00|  349|           32.0|        11168.0|
|        BIOMASS|2024-04-01 08:00:00|  343|           32.0|        10976.0|
|        BIOMASS|2024-04-01 09:00:00|  339|           32.0|        10848.0|
|        BIOMASS|2024-04-01 10:00:00|  347|           32.0|        11104.0|
|        BIOMASS|2024-04-01 11:00:00|  344|           32.0|        11008.0|
|        BIOMASS|2024-04-01 12:00:00|  354|           32.0|        11328.0|
|        BIOMASS|2024-04-01 13:00:00|  354|           32.0|        11328.0|
|        BIOMASS|2024-04-01 14:00:00|  347|           32.0|        11104.0|
|        BIOMASS|2024-04-01 15:00:00|  350|           32.0|        11200.0|
|        BIOMASS|2024-04-01 16:00:00|  350|           32.0|        11200.0|
|        BIOMASS|2024-04-01 17:00:00|  350|           32.0|        11200.0|
|        BIOMASS|2024-04-01 18:00:00|  352|           32.0|        11264.0|
|        BIOMASS|2024-04-01 19:00:00|  352|           32.0|        11264.0|
+---------------+-------------------+-----+---------------+---------------+
only showing top 20 rows
[2024-06-16T23:52:36.755+0200] {python.py:237} INFO - Done. Returned value was: None
[2024-06-16T23:52:36.755+0200] {taskinstance.py:441} INFO - ::group::Post task execution logs
[2024-06-16T23:52:36.761+0200] {taskinstance.py:1205} INFO - Marking task as SUCCESS. dag_id=datalake_dag, task_id=combine_data, execution_date=20240616T215209, start_date=20240616T215229, end_date=20240616T215236
[2024-06-16T23:52:36.802+0200] {local_task_job_runner.py:240} INFO - Task exited with return code 0
[2024-06-16T23:52:36.889+0200] {taskinstance.py:3482} INFO - 1 downstream tasks scheduled from follow-on schedule check
[2024-06-16T23:52:36.898+0200] {local_task_job_runner.py:222} INFO - ::endgroup::
