[2024-06-16T02:15:34.914+0200] {local_task_job_runner.py:120} INFO - ::group::Pre task execution logs
[2024-06-16T02:15:34.923+0200] {taskinstance.py:2073} INFO - Dependencies all met for dep_context=non-requeueable deps ti=<TaskInstance: datalake_dag.index_data_to_elasticsearch manual__2024-06-16T00:14:28.627714+00:00 [queued]>
[2024-06-16T02:15:34.926+0200] {taskinstance.py:2073} INFO - Dependencies all met for dep_context=requeueable deps ti=<TaskInstance: datalake_dag.index_data_to_elasticsearch manual__2024-06-16T00:14:28.627714+00:00 [queued]>
[2024-06-16T02:15:34.926+0200] {taskinstance.py:2303} INFO - Starting attempt 1 of 1
[2024-06-16T02:15:34.941+0200] {taskinstance.py:2327} INFO - Executing <Task(PythonOperator): index_data_to_elasticsearch> on 2024-06-16 00:14:28.627714+00:00
[2024-06-16T02:15:34.943+0200] {standard_task_runner.py:63} INFO - Started process 80946 to run task
[2024-06-16T02:15:34.944+0200] {standard_task_runner.py:90} INFO - Running: ['airflow', 'tasks', 'run', 'datalake_dag', 'index_data_to_elasticsearch', 'manual__2024-06-16T00:14:28.627714+00:00', '--job-id', '134', '--raw', '--subdir', 'DAGS_FOLDER/datalake_dag.py', '--cfg-path', '/tmp/tmppiaq_56k']
[2024-06-16T02:15:34.945+0200] {standard_task_runner.py:91} INFO - Job 134: Subtask index_data_to_elasticsearch
[2024-06-16T02:15:34.971+0200] {task_command.py:426} INFO - Running <TaskInstance: datalake_dag.index_data_to_elasticsearch manual__2024-06-16T00:14:28.627714+00:00 [running]> on host Desktop-Hector.
[2024-06-16T02:15:35.088+0200] {taskinstance.py:2644} INFO - Exporting env vars: AIRFLOW_CTX_DAG_OWNER='airflow' AIRFLOW_CTX_DAG_ID='datalake_dag' AIRFLOW_CTX_TASK_ID='index_data_to_elasticsearch' AIRFLOW_CTX_EXECUTION_DATE='2024-06-16T00:14:28.627714+00:00' AIRFLOW_CTX_TRY_NUMBER='1' AIRFLOW_CTX_DAG_RUN_ID='manual__2024-06-16T00:14:28.627714+00:00'
[2024-06-16T02:15:35.088+0200] {taskinstance.py:430} INFO - ::endgroup::
[2024-06-16T02:15:38.410+0200] {logging_mixin.py:188} INFO - Reading Parquet file from: /home/hectorv/airflow/data/usage/usage_data.parquet
[2024-06-16T02:15:39.810+0200] {logging_mixin.py:188} INFO - root
 |-- production_type: string (nullable = true)
 |-- date: timestamp (nullable = true)
 |-- value: long (nullable = true)
 |-- carbon_emission: double (nullable = true)
 |-- emissions_total: double (nullable = true)
[2024-06-16T02:15:41.278+0200] {python.py:237} INFO - Done. Returned value was: None
[2024-06-16T02:15:41.278+0200] {taskinstance.py:441} INFO - ::group::Post task execution logs
[2024-06-16T02:15:41.282+0200] {taskinstance.py:1205} INFO - Marking task as SUCCESS. dag_id=datalake_dag, task_id=index_data_to_elasticsearch, execution_date=20240616T001428, start_date=20240616T001534, end_date=20240616T001541
[2024-06-16T02:15:41.324+0200] {local_task_job_runner.py:240} INFO - Task exited with return code 0
[2024-06-16T02:15:41.396+0200] {taskinstance.py:3482} INFO - 0 downstream tasks scheduled from follow-on schedule check
[2024-06-16T02:15:41.396+0200] {local_task_job_runner.py:222} INFO - ::endgroup::
