[2024-06-16T23:50:21.815+0200] {local_task_job_runner.py:120} INFO - ::group::Pre task execution logs
[2024-06-16T23:50:21.824+0200] {taskinstance.py:2073} INFO - Dependencies all met for dep_context=non-requeueable deps ti=<TaskInstance: datalake_dag.format_consumption_data manual__2024-06-16T21:50:15.901233+00:00 [queued]>
[2024-06-16T23:50:21.826+0200] {taskinstance.py:2073} INFO - Dependencies all met for dep_context=requeueable deps ti=<TaskInstance: datalake_dag.format_consumption_data manual__2024-06-16T21:50:15.901233+00:00 [queued]>
[2024-06-16T23:50:21.826+0200] {taskinstance.py:2303} INFO - Starting attempt 1 of 1
[2024-06-16T23:50:21.839+0200] {taskinstance.py:2327} INFO - Executing <Task(PythonOperator): format_consumption_data> on 2024-06-16 21:50:15.901233+00:00
[2024-06-16T23:50:21.841+0200] {standard_task_runner.py:63} INFO - Started process 49650 to run task
[2024-06-16T23:50:21.843+0200] {standard_task_runner.py:90} INFO - Running: ['airflow', 'tasks', 'run', 'datalake_dag', 'format_consumption_data', 'manual__2024-06-16T21:50:15.901233+00:00', '--job-id', '261', '--raw', '--subdir', 'DAGS_FOLDER/datalake_dag.py', '--cfg-path', '/tmp/tmprj3rrhdm']
[2024-06-16T23:50:21.843+0200] {standard_task_runner.py:91} INFO - Job 261: Subtask format_consumption_data
[2024-06-16T23:50:21.867+0200] {task_command.py:426} INFO - Running <TaskInstance: datalake_dag.format_consumption_data manual__2024-06-16T21:50:15.901233+00:00 [running]> on host Desktop-Hector.
[2024-06-16T23:50:21.992+0200] {taskinstance.py:2644} INFO - Exporting env vars: AIRFLOW_CTX_DAG_OWNER='airflow' AIRFLOW_CTX_DAG_ID='datalake_dag' AIRFLOW_CTX_TASK_ID='format_consumption_data' AIRFLOW_CTX_EXECUTION_DATE='2024-06-16T21:50:15.901233+00:00' AIRFLOW_CTX_TRY_NUMBER='1' AIRFLOW_CTX_DAG_RUN_ID='manual__2024-06-16T21:50:15.901233+00:00'
[2024-06-16T23:50:21.993+0200] {taskinstance.py:430} INFO - ::endgroup::
[2024-06-16T23:50:28.235+0200] {logging_mixin.py:188} INFO - +-------------------+-----+---------------+
|               date|value|production_type|
+-------------------+-----+---------------+
|2024-03-01 00:00:00|  327|        BIOMASS|
|2024-03-01 01:00:00|  326|        BIOMASS|
|2024-03-01 02:00:00|  328|        BIOMASS|
|2024-03-01 03:00:00|  329|        BIOMASS|
|2024-03-01 04:00:00|  329|        BIOMASS|
|2024-03-01 05:00:00|  329|        BIOMASS|
|2024-03-01 06:00:00|  330|        BIOMASS|
|2024-03-01 07:00:00|  330|        BIOMASS|
|2024-03-01 08:00:00|  334|        BIOMASS|
|2024-03-01 09:00:00|  346|        BIOMASS|
|2024-03-01 10:00:00|  348|        BIOMASS|
|2024-03-01 11:00:00|  345|        BIOMASS|
|2024-03-01 12:00:00|  346|        BIOMASS|
|2024-03-01 13:00:00|  350|        BIOMASS|
|2024-03-01 14:00:00|  351|        BIOMASS|
|2024-03-01 15:00:00|  348|        BIOMASS|
|2024-03-01 16:00:00|  346|        BIOMASS|
|2024-03-01 17:00:00|  345|        BIOMASS|
|2024-03-01 18:00:00|  347|        BIOMASS|
|2024-03-01 19:00:00|  343|        BIOMASS|
+-------------------+-----+---------------+
only showing top 20 rows
[2024-06-16T23:50:29.021+0200] {python.py:237} INFO - Done. Returned value was: None
[2024-06-16T23:50:29.021+0200] {taskinstance.py:441} INFO - ::group::Post task execution logs
[2024-06-16T23:50:29.026+0200] {taskinstance.py:1205} INFO - Marking task as SUCCESS. dag_id=datalake_dag, task_id=format_consumption_data, execution_date=20240616T215015, start_date=20240616T215021, end_date=20240616T215029
[2024-06-16T23:50:29.065+0200] {local_task_job_runner.py:240} INFO - Task exited with return code 0
[2024-06-16T23:50:29.157+0200] {taskinstance.py:3482} INFO - 0 downstream tasks scheduled from follow-on schedule check
[2024-06-16T23:50:29.158+0200] {local_task_job_runner.py:222} INFO - ::endgroup::
