[2024-06-16T23:52:14.235+0200] {local_task_job_runner.py:120} INFO - ::group::Pre task execution logs
[2024-06-16T23:52:14.244+0200] {taskinstance.py:2073} INFO - Dependencies all met for dep_context=non-requeueable deps ti=<TaskInstance: datalake_dag.format_consumption_data manual__2024-06-16T21:52:09.888456+00:00 [queued]>
[2024-06-16T23:52:14.247+0200] {taskinstance.py:2073} INFO - Dependencies all met for dep_context=requeueable deps ti=<TaskInstance: datalake_dag.format_consumption_data manual__2024-06-16T21:52:09.888456+00:00 [queued]>
[2024-06-16T23:52:14.247+0200] {taskinstance.py:2303} INFO - Starting attempt 1 of 1
[2024-06-16T23:52:14.261+0200] {taskinstance.py:2327} INFO - Executing <Task(PythonOperator): format_consumption_data> on 2024-06-16 21:52:09.888456+00:00
[2024-06-16T23:52:14.262+0200] {standard_task_runner.py:63} INFO - Started process 53733 to run task
[2024-06-16T23:52:14.264+0200] {standard_task_runner.py:90} INFO - Running: ['airflow', 'tasks', 'run', 'datalake_dag', 'format_consumption_data', 'manual__2024-06-16T21:52:09.888456+00:00', '--job-id', '271', '--raw', '--subdir', 'DAGS_FOLDER/datalake_dag.py', '--cfg-path', '/tmp/tmpm6d5t_8l']
[2024-06-16T23:52:14.264+0200] {standard_task_runner.py:91} INFO - Job 271: Subtask format_consumption_data
[2024-06-16T23:52:14.288+0200] {task_command.py:426} INFO - Running <TaskInstance: datalake_dag.format_consumption_data manual__2024-06-16T21:52:09.888456+00:00 [running]> on host Desktop-Hector.
[2024-06-16T23:52:14.427+0200] {taskinstance.py:2644} INFO - Exporting env vars: AIRFLOW_CTX_DAG_OWNER='airflow' AIRFLOW_CTX_DAG_ID='datalake_dag' AIRFLOW_CTX_TASK_ID='format_consumption_data' AIRFLOW_CTX_EXECUTION_DATE='2024-06-16T21:52:09.888456+00:00' AIRFLOW_CTX_TRY_NUMBER='1' AIRFLOW_CTX_DAG_RUN_ID='manual__2024-06-16T21:52:09.888456+00:00'
[2024-06-16T23:52:14.427+0200] {taskinstance.py:430} INFO - ::endgroup::
[2024-06-16T23:52:20.681+0200] {logging_mixin.py:188} INFO - +-------------------+-----+---------------+
|               date|value|production_type|
+-------------------+-----+---------------+
|2024-04-01 00:00:00|  347|        BIOMASS|
|2024-04-01 01:00:00|  347|        BIOMASS|
|2024-04-01 02:00:00|  346|        BIOMASS|
|2024-04-01 03:00:00|  333|        BIOMASS|
|2024-04-01 04:00:00|  334|        BIOMASS|
|2024-04-01 05:00:00|  334|        BIOMASS|
|2024-04-01 06:00:00|  346|        BIOMASS|
|2024-04-01 07:00:00|  349|        BIOMASS|
|2024-04-01 08:00:00|  343|        BIOMASS|
|2024-04-01 09:00:00|  339|        BIOMASS|
|2024-04-01 10:00:00|  347|        BIOMASS|
|2024-04-01 11:00:00|  344|        BIOMASS|
|2024-04-01 12:00:00|  354|        BIOMASS|
|2024-04-01 13:00:00|  354|        BIOMASS|
|2024-04-01 14:00:00|  347|        BIOMASS|
|2024-04-01 15:00:00|  350|        BIOMASS|
|2024-04-01 16:00:00|  350|        BIOMASS|
|2024-04-01 17:00:00|  350|        BIOMASS|
|2024-04-01 18:00:00|  352|        BIOMASS|
|2024-04-01 19:00:00|  352|        BIOMASS|
+-------------------+-----+---------------+
only showing top 20 rows
[2024-06-16T23:52:21.459+0200] {python.py:237} INFO - Done. Returned value was: None
[2024-06-16T23:52:21.459+0200] {taskinstance.py:441} INFO - ::group::Post task execution logs
[2024-06-16T23:52:21.464+0200] {taskinstance.py:1205} INFO - Marking task as SUCCESS. dag_id=datalake_dag, task_id=format_consumption_data, execution_date=20240616T215209, start_date=20240616T215214, end_date=20240616T215221
[2024-06-16T23:52:21.486+0200] {local_task_job_runner.py:240} INFO - Task exited with return code 0
[2024-06-16T23:52:21.570+0200] {taskinstance.py:3482} INFO - 0 downstream tasks scheduled from follow-on schedule check
[2024-06-16T23:52:21.570+0200] {local_task_job_runner.py:222} INFO - ::endgroup::
