[2024-06-13T23:19:38.688+0200] {processor.py:161} INFO - Started process (PID=457) to work on /home/hectorv/.local/lib/python3.10/site-packages/airflow/example_dags/example_display_name.py
[2024-06-13T23:19:38.688+0200] {processor.py:830} INFO - Processing file /home/hectorv/.local/lib/python3.10/site-packages/airflow/example_dags/example_display_name.py for tasks to queue
[2024-06-13T23:19:38.688+0200] {logging_mixin.py:188} INFO - [2024-06-13T23:19:38.688+0200] {dagbag.py:540} INFO - Filling up the DagBag from /home/hectorv/.local/lib/python3.10/site-packages/airflow/example_dags/example_display_name.py
[2024-06-13T23:19:38.690+0200] {processor.py:840} INFO - DAG(s) 'example_display_name' retrieved from /home/hectorv/.local/lib/python3.10/site-packages/airflow/example_dags/example_display_name.py
[2024-06-13T23:19:38.740+0200] {logging_mixin.py:188} INFO - [2024-06-13T23:19:38.740+0200] {override.py:1829} INFO - Created Permission View: can delete on DAG:example_display_name
[2024-06-13T23:19:38.751+0200] {logging_mixin.py:188} INFO - [2024-06-13T23:19:38.751+0200] {override.py:1829} INFO - Created Permission View: can read on DAG:example_display_name
[2024-06-13T23:19:38.762+0200] {logging_mixin.py:188} INFO - [2024-06-13T23:19:38.762+0200] {override.py:1829} INFO - Created Permission View: can edit on DAG:example_display_name
[2024-06-13T23:19:38.762+0200] {logging_mixin.py:188} INFO - [2024-06-13T23:19:38.762+0200] {dag.py:3096} INFO - Sync 1 DAGs
[2024-06-13T23:19:38.766+0200] {logging_mixin.py:188} INFO - [2024-06-13T23:19:38.766+0200] {dag.py:3118} INFO - Creating ORM DAG for example_display_name
[2024-06-13T23:19:38.766+0200] {logging_mixin.py:188} INFO - [2024-06-13T23:19:38.766+0200] {dag.py:3954} INFO - Setting next_dagrun for example_display_name to None, run_after=None
[2024-06-13T23:19:38.784+0200] {processor.py:183} INFO - Processing /home/hectorv/.local/lib/python3.10/site-packages/airflow/example_dags/example_display_name.py took 0.098 seconds
[2024-06-13T23:20:29.842+0200] {processor.py:161} INFO - Started process (PID=508) to work on /home/hectorv/.local/lib/python3.10/site-packages/airflow/example_dags/example_display_name.py
[2024-06-13T23:20:29.843+0200] {processor.py:830} INFO - Processing file /home/hectorv/.local/lib/python3.10/site-packages/airflow/example_dags/example_display_name.py for tasks to queue
[2024-06-13T23:20:29.844+0200] {logging_mixin.py:188} INFO - [2024-06-13T23:20:29.844+0200] {dagbag.py:540} INFO - Filling up the DagBag from /home/hectorv/.local/lib/python3.10/site-packages/airflow/example_dags/example_display_name.py
[2024-06-13T23:20:29.846+0200] {processor.py:840} INFO - DAG(s) 'example_display_name' retrieved from /home/hectorv/.local/lib/python3.10/site-packages/airflow/example_dags/example_display_name.py
[2024-06-13T23:20:29.851+0200] {logging_mixin.py:188} INFO - [2024-06-13T23:20:29.851+0200] {dag.py:3096} INFO - Sync 1 DAGs
[2024-06-13T23:20:29.854+0200] {logging_mixin.py:188} INFO - [2024-06-13T23:20:29.854+0200] {dag.py:3954} INFO - Setting next_dagrun for example_display_name to None, run_after=None
[2024-06-13T23:20:29.870+0200] {processor.py:183} INFO - Processing /home/hectorv/.local/lib/python3.10/site-packages/airflow/example_dags/example_display_name.py took 0.030 seconds
[2024-06-13T23:21:16.116+0200] {processor.py:161} INFO - Started process (PID=559) to work on /home/hectorv/.local/lib/python3.10/site-packages/airflow/example_dags/example_display_name.py
[2024-06-13T23:21:16.117+0200] {processor.py:830} INFO - Processing file /home/hectorv/.local/lib/python3.10/site-packages/airflow/example_dags/example_display_name.py for tasks to queue
[2024-06-13T23:21:16.118+0200] {logging_mixin.py:188} INFO - [2024-06-13T23:21:16.118+0200] {dagbag.py:540} INFO - Filling up the DagBag from /home/hectorv/.local/lib/python3.10/site-packages/airflow/example_dags/example_display_name.py
[2024-06-13T23:21:16.120+0200] {processor.py:840} INFO - DAG(s) 'example_display_name' retrieved from /home/hectorv/.local/lib/python3.10/site-packages/airflow/example_dags/example_display_name.py
[2024-06-13T23:21:16.168+0200] {logging_mixin.py:188} INFO - [2024-06-13T23:21:16.168+0200] {dag.py:3096} INFO - Sync 1 DAGs
[2024-06-13T23:21:16.172+0200] {logging_mixin.py:188} INFO - [2024-06-13T23:21:16.172+0200] {dag.py:3954} INFO - Setting next_dagrun for example_display_name to None, run_after=None
[2024-06-13T23:21:16.187+0200] {processor.py:183} INFO - Processing /home/hectorv/.local/lib/python3.10/site-packages/airflow/example_dags/example_display_name.py took 0.073 seconds
[2024-06-13T23:22:14.739+0200] {processor.py:161} INFO - Started process (PID=618) to work on /home/hectorv/.local/lib/python3.10/site-packages/airflow/example_dags/example_display_name.py
[2024-06-13T23:22:14.740+0200] {processor.py:830} INFO - Processing file /home/hectorv/.local/lib/python3.10/site-packages/airflow/example_dags/example_display_name.py for tasks to queue
[2024-06-13T23:22:14.741+0200] {logging_mixin.py:188} INFO - [2024-06-13T23:22:14.741+0200] {dagbag.py:540} INFO - Filling up the DagBag from /home/hectorv/.local/lib/python3.10/site-packages/airflow/example_dags/example_display_name.py
[2024-06-13T23:22:14.743+0200] {processor.py:840} INFO - DAG(s) 'example_display_name' retrieved from /home/hectorv/.local/lib/python3.10/site-packages/airflow/example_dags/example_display_name.py
[2024-06-13T23:22:14.748+0200] {logging_mixin.py:188} INFO - [2024-06-13T23:22:14.748+0200] {dag.py:3096} INFO - Sync 1 DAGs
[2024-06-13T23:22:14.752+0200] {logging_mixin.py:188} INFO - [2024-06-13T23:22:14.752+0200] {dag.py:3954} INFO - Setting next_dagrun for example_display_name to None, run_after=None
[2024-06-13T23:22:14.766+0200] {processor.py:183} INFO - Processing /home/hectorv/.local/lib/python3.10/site-packages/airflow/example_dags/example_display_name.py took 0.030 seconds
[2024-06-13T23:23:14.079+0200] {processor.py:161} INFO - Started process (PID=680) to work on /home/hectorv/.local/lib/python3.10/site-packages/airflow/example_dags/example_display_name.py
[2024-06-13T23:23:14.080+0200] {processor.py:830} INFO - Processing file /home/hectorv/.local/lib/python3.10/site-packages/airflow/example_dags/example_display_name.py for tasks to queue
[2024-06-13T23:23:14.080+0200] {logging_mixin.py:188} INFO - [2024-06-13T23:23:14.080+0200] {dagbag.py:540} INFO - Filling up the DagBag from /home/hectorv/.local/lib/python3.10/site-packages/airflow/example_dags/example_display_name.py
[2024-06-13T23:23:14.083+0200] {processor.py:840} INFO - DAG(s) 'example_display_name' retrieved from /home/hectorv/.local/lib/python3.10/site-packages/airflow/example_dags/example_display_name.py
[2024-06-13T23:23:14.088+0200] {logging_mixin.py:188} INFO - [2024-06-13T23:23:14.088+0200] {dag.py:3096} INFO - Sync 1 DAGs
[2024-06-13T23:23:14.092+0200] {logging_mixin.py:188} INFO - [2024-06-13T23:23:14.092+0200] {dag.py:3954} INFO - Setting next_dagrun for example_display_name to None, run_after=None
[2024-06-13T23:23:14.108+0200] {processor.py:183} INFO - Processing /home/hectorv/.local/lib/python3.10/site-packages/airflow/example_dags/example_display_name.py took 0.032 seconds
[2024-06-13T23:24:09.904+0200] {processor.py:161} INFO - Started process (PID=742) to work on /home/hectorv/.local/lib/python3.10/site-packages/airflow/example_dags/example_display_name.py
[2024-06-13T23:24:09.906+0200] {processor.py:830} INFO - Processing file /home/hectorv/.local/lib/python3.10/site-packages/airflow/example_dags/example_display_name.py for tasks to queue
[2024-06-13T23:24:09.906+0200] {logging_mixin.py:188} INFO - [2024-06-13T23:24:09.906+0200] {dagbag.py:540} INFO - Filling up the DagBag from /home/hectorv/.local/lib/python3.10/site-packages/airflow/example_dags/example_display_name.py
[2024-06-13T23:24:09.909+0200] {processor.py:840} INFO - DAG(s) 'example_display_name' retrieved from /home/hectorv/.local/lib/python3.10/site-packages/airflow/example_dags/example_display_name.py
[2024-06-13T23:24:09.913+0200] {logging_mixin.py:188} INFO - [2024-06-13T23:24:09.913+0200] {dag.py:3096} INFO - Sync 1 DAGs
[2024-06-13T23:24:09.917+0200] {logging_mixin.py:188} INFO - [2024-06-13T23:24:09.917+0200] {dag.py:3954} INFO - Setting next_dagrun for example_display_name to None, run_after=None
[2024-06-13T23:24:09.932+0200] {processor.py:183} INFO - Processing /home/hectorv/.local/lib/python3.10/site-packages/airflow/example_dags/example_display_name.py took 0.029 seconds
[2024-06-13T23:25:05.159+0200] {processor.py:161} INFO - Started process (PID=803) to work on /home/hectorv/.local/lib/python3.10/site-packages/airflow/example_dags/example_display_name.py
[2024-06-13T23:25:05.161+0200] {processor.py:830} INFO - Processing file /home/hectorv/.local/lib/python3.10/site-packages/airflow/example_dags/example_display_name.py for tasks to queue
[2024-06-13T23:25:05.162+0200] {logging_mixin.py:188} INFO - [2024-06-13T23:25:05.162+0200] {dagbag.py:540} INFO - Filling up the DagBag from /home/hectorv/.local/lib/python3.10/site-packages/airflow/example_dags/example_display_name.py
[2024-06-13T23:25:05.164+0200] {processor.py:840} INFO - DAG(s) 'example_display_name' retrieved from /home/hectorv/.local/lib/python3.10/site-packages/airflow/example_dags/example_display_name.py
[2024-06-13T23:25:05.170+0200] {logging_mixin.py:188} INFO - [2024-06-13T23:25:05.169+0200] {dag.py:3096} INFO - Sync 1 DAGs
[2024-06-13T23:25:05.174+0200] {logging_mixin.py:188} INFO - [2024-06-13T23:25:05.173+0200] {dag.py:3954} INFO - Setting next_dagrun for example_display_name to None, run_after=None
[2024-06-13T23:25:05.188+0200] {processor.py:183} INFO - Processing /home/hectorv/.local/lib/python3.10/site-packages/airflow/example_dags/example_display_name.py took 0.031 seconds
[2024-06-13T23:25:59.375+0200] {processor.py:161} INFO - Started process (PID=861) to work on /home/hectorv/.local/lib/python3.10/site-packages/airflow/example_dags/example_display_name.py
[2024-06-13T23:25:59.377+0200] {processor.py:830} INFO - Processing file /home/hectorv/.local/lib/python3.10/site-packages/airflow/example_dags/example_display_name.py for tasks to queue
[2024-06-13T23:25:59.378+0200] {logging_mixin.py:188} INFO - [2024-06-13T23:25:59.378+0200] {dagbag.py:540} INFO - Filling up the DagBag from /home/hectorv/.local/lib/python3.10/site-packages/airflow/example_dags/example_display_name.py
[2024-06-13T23:25:59.380+0200] {processor.py:840} INFO - DAG(s) 'example_display_name' retrieved from /home/hectorv/.local/lib/python3.10/site-packages/airflow/example_dags/example_display_name.py
[2024-06-13T23:25:59.385+0200] {logging_mixin.py:188} INFO - [2024-06-13T23:25:59.385+0200] {dag.py:3096} INFO - Sync 1 DAGs
[2024-06-13T23:25:59.389+0200] {logging_mixin.py:188} INFO - [2024-06-13T23:25:59.389+0200] {dag.py:3954} INFO - Setting next_dagrun for example_display_name to None, run_after=None
[2024-06-13T23:25:59.404+0200] {processor.py:183} INFO - Processing /home/hectorv/.local/lib/python3.10/site-packages/airflow/example_dags/example_display_name.py took 0.031 seconds
[2024-06-13T23:26:56.139+0200] {processor.py:161} INFO - Started process (PID=921) to work on /home/hectorv/.local/lib/python3.10/site-packages/airflow/example_dags/example_display_name.py
[2024-06-13T23:26:56.141+0200] {processor.py:830} INFO - Processing file /home/hectorv/.local/lib/python3.10/site-packages/airflow/example_dags/example_display_name.py for tasks to queue
[2024-06-13T23:26:56.142+0200] {logging_mixin.py:188} INFO - [2024-06-13T23:26:56.142+0200] {dagbag.py:540} INFO - Filling up the DagBag from /home/hectorv/.local/lib/python3.10/site-packages/airflow/example_dags/example_display_name.py
[2024-06-13T23:26:56.144+0200] {processor.py:840} INFO - DAG(s) 'example_display_name' retrieved from /home/hectorv/.local/lib/python3.10/site-packages/airflow/example_dags/example_display_name.py
[2024-06-13T23:26:56.149+0200] {logging_mixin.py:188} INFO - [2024-06-13T23:26:56.149+0200] {dag.py:3096} INFO - Sync 1 DAGs
[2024-06-13T23:26:56.153+0200] {logging_mixin.py:188} INFO - [2024-06-13T23:26:56.153+0200] {dag.py:3954} INFO - Setting next_dagrun for example_display_name to None, run_after=None
[2024-06-13T23:26:56.168+0200] {processor.py:183} INFO - Processing /home/hectorv/.local/lib/python3.10/site-packages/airflow/example_dags/example_display_name.py took 0.031 seconds
[2024-06-13T23:27:56.150+0200] {processor.py:161} INFO - Started process (PID=983) to work on /home/hectorv/.local/lib/python3.10/site-packages/airflow/example_dags/example_display_name.py
[2024-06-13T23:27:56.151+0200] {processor.py:830} INFO - Processing file /home/hectorv/.local/lib/python3.10/site-packages/airflow/example_dags/example_display_name.py for tasks to queue
[2024-06-13T23:27:56.152+0200] {logging_mixin.py:188} INFO - [2024-06-13T23:27:56.152+0200] {dagbag.py:540} INFO - Filling up the DagBag from /home/hectorv/.local/lib/python3.10/site-packages/airflow/example_dags/example_display_name.py
[2024-06-13T23:27:56.154+0200] {processor.py:840} INFO - DAG(s) 'example_display_name' retrieved from /home/hectorv/.local/lib/python3.10/site-packages/airflow/example_dags/example_display_name.py
[2024-06-13T23:27:56.159+0200] {logging_mixin.py:188} INFO - [2024-06-13T23:27:56.159+0200] {dag.py:3096} INFO - Sync 1 DAGs
[2024-06-13T23:27:56.164+0200] {logging_mixin.py:188} INFO - [2024-06-13T23:27:56.164+0200] {dag.py:3954} INFO - Setting next_dagrun for example_display_name to None, run_after=None
[2024-06-13T23:27:56.179+0200] {processor.py:183} INFO - Processing /home/hectorv/.local/lib/python3.10/site-packages/airflow/example_dags/example_display_name.py took 0.031 seconds
[2024-06-13T23:28:55.422+0200] {processor.py:161} INFO - Started process (PID=1044) to work on /home/hectorv/.local/lib/python3.10/site-packages/airflow/example_dags/example_display_name.py
[2024-06-13T23:28:55.423+0200] {processor.py:830} INFO - Processing file /home/hectorv/.local/lib/python3.10/site-packages/airflow/example_dags/example_display_name.py for tasks to queue
[2024-06-13T23:28:55.424+0200] {logging_mixin.py:188} INFO - [2024-06-13T23:28:55.424+0200] {dagbag.py:540} INFO - Filling up the DagBag from /home/hectorv/.local/lib/python3.10/site-packages/airflow/example_dags/example_display_name.py
[2024-06-13T23:28:55.426+0200] {processor.py:840} INFO - DAG(s) 'example_display_name' retrieved from /home/hectorv/.local/lib/python3.10/site-packages/airflow/example_dags/example_display_name.py
[2024-06-13T23:28:55.431+0200] {logging_mixin.py:188} INFO - [2024-06-13T23:28:55.431+0200] {dag.py:3096} INFO - Sync 1 DAGs
[2024-06-13T23:28:55.435+0200] {logging_mixin.py:188} INFO - [2024-06-13T23:28:55.435+0200] {dag.py:3954} INFO - Setting next_dagrun for example_display_name to None, run_after=None
[2024-06-13T23:28:55.449+0200] {processor.py:183} INFO - Processing /home/hectorv/.local/lib/python3.10/site-packages/airflow/example_dags/example_display_name.py took 0.029 seconds
[2024-06-13T23:29:53.525+0200] {processor.py:161} INFO - Started process (PID=1183) to work on /home/hectorv/.local/lib/python3.10/site-packages/airflow/example_dags/example_display_name.py
[2024-06-13T23:29:53.526+0200] {processor.py:830} INFO - Processing file /home/hectorv/.local/lib/python3.10/site-packages/airflow/example_dags/example_display_name.py for tasks to queue
[2024-06-13T23:29:53.527+0200] {logging_mixin.py:188} INFO - [2024-06-13T23:29:53.527+0200] {dagbag.py:540} INFO - Filling up the DagBag from /home/hectorv/.local/lib/python3.10/site-packages/airflow/example_dags/example_display_name.py
[2024-06-13T23:29:53.530+0200] {processor.py:840} INFO - DAG(s) 'example_display_name' retrieved from /home/hectorv/.local/lib/python3.10/site-packages/airflow/example_dags/example_display_name.py
[2024-06-13T23:29:53.540+0200] {logging_mixin.py:188} INFO - [2024-06-13T23:29:53.540+0200] {dag.py:3096} INFO - Sync 1 DAGs
[2024-06-13T23:29:53.545+0200] {logging_mixin.py:188} INFO - [2024-06-13T23:29:53.545+0200] {dag.py:3954} INFO - Setting next_dagrun for example_display_name to None, run_after=None
[2024-06-13T23:29:53.563+0200] {processor.py:183} INFO - Processing /home/hectorv/.local/lib/python3.10/site-packages/airflow/example_dags/example_display_name.py took 0.041 seconds
[2024-06-13T23:30:55.040+0200] {processor.py:161} INFO - Started process (PID=1247) to work on /home/hectorv/.local/lib/python3.10/site-packages/airflow/example_dags/example_display_name.py
[2024-06-13T23:30:55.040+0200] {processor.py:830} INFO - Processing file /home/hectorv/.local/lib/python3.10/site-packages/airflow/example_dags/example_display_name.py for tasks to queue
[2024-06-13T23:30:55.041+0200] {logging_mixin.py:188} INFO - [2024-06-13T23:30:55.041+0200] {dagbag.py:540} INFO - Filling up the DagBag from /home/hectorv/.local/lib/python3.10/site-packages/airflow/example_dags/example_display_name.py
[2024-06-13T23:30:55.043+0200] {processor.py:840} INFO - DAG(s) 'example_display_name' retrieved from /home/hectorv/.local/lib/python3.10/site-packages/airflow/example_dags/example_display_name.py
[2024-06-13T23:30:55.048+0200] {logging_mixin.py:188} INFO - [2024-06-13T23:30:55.048+0200] {dag.py:3096} INFO - Sync 1 DAGs
[2024-06-13T23:30:55.052+0200] {logging_mixin.py:188} INFO - [2024-06-13T23:30:55.052+0200] {dag.py:3954} INFO - Setting next_dagrun for example_display_name to None, run_after=None
[2024-06-13T23:30:55.067+0200] {processor.py:183} INFO - Processing /home/hectorv/.local/lib/python3.10/site-packages/airflow/example_dags/example_display_name.py took 0.030 seconds
[2024-06-13T23:31:52.137+0200] {processor.py:161} INFO - Started process (PID=1307) to work on /home/hectorv/.local/lib/python3.10/site-packages/airflow/example_dags/example_display_name.py
[2024-06-13T23:31:52.138+0200] {processor.py:830} INFO - Processing file /home/hectorv/.local/lib/python3.10/site-packages/airflow/example_dags/example_display_name.py for tasks to queue
[2024-06-13T23:31:52.139+0200] {logging_mixin.py:188} INFO - [2024-06-13T23:31:52.139+0200] {dagbag.py:540} INFO - Filling up the DagBag from /home/hectorv/.local/lib/python3.10/site-packages/airflow/example_dags/example_display_name.py
[2024-06-13T23:31:52.141+0200] {processor.py:840} INFO - DAG(s) 'example_display_name' retrieved from /home/hectorv/.local/lib/python3.10/site-packages/airflow/example_dags/example_display_name.py
[2024-06-13T23:31:52.146+0200] {logging_mixin.py:188} INFO - [2024-06-13T23:31:52.146+0200] {dag.py:3096} INFO - Sync 1 DAGs
[2024-06-13T23:31:52.150+0200] {logging_mixin.py:188} INFO - [2024-06-13T23:31:52.150+0200] {dag.py:3954} INFO - Setting next_dagrun for example_display_name to None, run_after=None
[2024-06-13T23:31:52.165+0200] {processor.py:183} INFO - Processing /home/hectorv/.local/lib/python3.10/site-packages/airflow/example_dags/example_display_name.py took 0.029 seconds
[2024-06-13T23:32:50.775+0200] {processor.py:161} INFO - Started process (PID=1369) to work on /home/hectorv/.local/lib/python3.10/site-packages/airflow/example_dags/example_display_name.py
[2024-06-13T23:32:50.776+0200] {processor.py:830} INFO - Processing file /home/hectorv/.local/lib/python3.10/site-packages/airflow/example_dags/example_display_name.py for tasks to queue
[2024-06-13T23:32:50.776+0200] {logging_mixin.py:188} INFO - [2024-06-13T23:32:50.776+0200] {dagbag.py:540} INFO - Filling up the DagBag from /home/hectorv/.local/lib/python3.10/site-packages/airflow/example_dags/example_display_name.py
[2024-06-13T23:32:50.778+0200] {processor.py:840} INFO - DAG(s) 'example_display_name' retrieved from /home/hectorv/.local/lib/python3.10/site-packages/airflow/example_dags/example_display_name.py
[2024-06-13T23:32:50.783+0200] {logging_mixin.py:188} INFO - [2024-06-13T23:32:50.783+0200] {dag.py:3096} INFO - Sync 1 DAGs
[2024-06-13T23:32:50.787+0200] {logging_mixin.py:188} INFO - [2024-06-13T23:32:50.787+0200] {dag.py:3954} INFO - Setting next_dagrun for example_display_name to None, run_after=None
[2024-06-13T23:32:50.802+0200] {processor.py:183} INFO - Processing /home/hectorv/.local/lib/python3.10/site-packages/airflow/example_dags/example_display_name.py took 0.030 seconds
[2024-06-13T23:33:50.066+0200] {processor.py:161} INFO - Started process (PID=1440) to work on /home/hectorv/.local/lib/python3.10/site-packages/airflow/example_dags/example_display_name.py
[2024-06-13T23:33:50.067+0200] {processor.py:830} INFO - Processing file /home/hectorv/.local/lib/python3.10/site-packages/airflow/example_dags/example_display_name.py for tasks to queue
[2024-06-13T23:33:50.068+0200] {logging_mixin.py:188} INFO - [2024-06-13T23:33:50.068+0200] {dagbag.py:540} INFO - Filling up the DagBag from /home/hectorv/.local/lib/python3.10/site-packages/airflow/example_dags/example_display_name.py
[2024-06-13T23:33:50.070+0200] {processor.py:840} INFO - DAG(s) 'example_display_name' retrieved from /home/hectorv/.local/lib/python3.10/site-packages/airflow/example_dags/example_display_name.py
[2024-06-13T23:33:50.075+0200] {logging_mixin.py:188} INFO - [2024-06-13T23:33:50.075+0200] {dag.py:3096} INFO - Sync 1 DAGs
[2024-06-13T23:33:50.078+0200] {logging_mixin.py:188} INFO - [2024-06-13T23:33:50.078+0200] {dag.py:3954} INFO - Setting next_dagrun for example_display_name to None, run_after=None
[2024-06-13T23:33:50.093+0200] {processor.py:183} INFO - Processing /home/hectorv/.local/lib/python3.10/site-packages/airflow/example_dags/example_display_name.py took 0.028 seconds
[2024-06-13T23:34:46.470+0200] {processor.py:161} INFO - Started process (PID=1500) to work on /home/hectorv/.local/lib/python3.10/site-packages/airflow/example_dags/example_display_name.py
[2024-06-13T23:34:46.472+0200] {processor.py:830} INFO - Processing file /home/hectorv/.local/lib/python3.10/site-packages/airflow/example_dags/example_display_name.py for tasks to queue
[2024-06-13T23:34:46.473+0200] {logging_mixin.py:188} INFO - [2024-06-13T23:34:46.473+0200] {dagbag.py:540} INFO - Filling up the DagBag from /home/hectorv/.local/lib/python3.10/site-packages/airflow/example_dags/example_display_name.py
[2024-06-13T23:34:46.475+0200] {processor.py:840} INFO - DAG(s) 'example_display_name' retrieved from /home/hectorv/.local/lib/python3.10/site-packages/airflow/example_dags/example_display_name.py
[2024-06-13T23:34:46.480+0200] {logging_mixin.py:188} INFO - [2024-06-13T23:34:46.480+0200] {dag.py:3096} INFO - Sync 1 DAGs
[2024-06-13T23:34:46.484+0200] {logging_mixin.py:188} INFO - [2024-06-13T23:34:46.484+0200] {dag.py:3954} INFO - Setting next_dagrun for example_display_name to None, run_after=None
[2024-06-13T23:34:46.544+0200] {processor.py:183} INFO - Processing /home/hectorv/.local/lib/python3.10/site-packages/airflow/example_dags/example_display_name.py took 0.076 seconds
[2024-06-13T23:35:50.229+0200] {processor.py:161} INFO - Started process (PID=1567) to work on /home/hectorv/.local/lib/python3.10/site-packages/airflow/example_dags/example_display_name.py
[2024-06-13T23:35:50.233+0200] {processor.py:830} INFO - Processing file /home/hectorv/.local/lib/python3.10/site-packages/airflow/example_dags/example_display_name.py for tasks to queue
[2024-06-13T23:35:50.233+0200] {logging_mixin.py:188} INFO - [2024-06-13T23:35:50.233+0200] {dagbag.py:540} INFO - Filling up the DagBag from /home/hectorv/.local/lib/python3.10/site-packages/airflow/example_dags/example_display_name.py
[2024-06-13T23:35:50.235+0200] {processor.py:840} INFO - DAG(s) 'example_display_name' retrieved from /home/hectorv/.local/lib/python3.10/site-packages/airflow/example_dags/example_display_name.py
[2024-06-13T23:35:50.241+0200] {logging_mixin.py:188} INFO - [2024-06-13T23:35:50.240+0200] {dag.py:3096} INFO - Sync 1 DAGs
[2024-06-13T23:35:50.244+0200] {logging_mixin.py:188} INFO - [2024-06-13T23:35:50.244+0200] {dag.py:3954} INFO - Setting next_dagrun for example_display_name to None, run_after=None
[2024-06-13T23:35:50.292+0200] {processor.py:183} INFO - Processing /home/hectorv/.local/lib/python3.10/site-packages/airflow/example_dags/example_display_name.py took 0.065 seconds
[2024-06-13T23:36:48.671+0200] {processor.py:161} INFO - Started process (PID=1628) to work on /home/hectorv/.local/lib/python3.10/site-packages/airflow/example_dags/example_display_name.py
[2024-06-13T23:36:48.673+0200] {processor.py:830} INFO - Processing file /home/hectorv/.local/lib/python3.10/site-packages/airflow/example_dags/example_display_name.py for tasks to queue
[2024-06-13T23:36:48.674+0200] {logging_mixin.py:188} INFO - [2024-06-13T23:36:48.674+0200] {dagbag.py:540} INFO - Filling up the DagBag from /home/hectorv/.local/lib/python3.10/site-packages/airflow/example_dags/example_display_name.py
[2024-06-13T23:36:48.676+0200] {processor.py:840} INFO - DAG(s) 'example_display_name' retrieved from /home/hectorv/.local/lib/python3.10/site-packages/airflow/example_dags/example_display_name.py
[2024-06-13T23:36:48.681+0200] {logging_mixin.py:188} INFO - [2024-06-13T23:36:48.681+0200] {dag.py:3096} INFO - Sync 1 DAGs
[2024-06-13T23:36:48.685+0200] {logging_mixin.py:188} INFO - [2024-06-13T23:36:48.684+0200] {dag.py:3954} INFO - Setting next_dagrun for example_display_name to None, run_after=None
[2024-06-13T23:36:48.699+0200] {processor.py:183} INFO - Processing /home/hectorv/.local/lib/python3.10/site-packages/airflow/example_dags/example_display_name.py took 0.030 seconds
[2024-06-13T23:37:44.762+0200] {processor.py:161} INFO - Started process (PID=1687) to work on /home/hectorv/.local/lib/python3.10/site-packages/airflow/example_dags/example_display_name.py
[2024-06-13T23:37:44.763+0200] {processor.py:830} INFO - Processing file /home/hectorv/.local/lib/python3.10/site-packages/airflow/example_dags/example_display_name.py for tasks to queue
[2024-06-13T23:37:44.764+0200] {logging_mixin.py:188} INFO - [2024-06-13T23:37:44.764+0200] {dagbag.py:540} INFO - Filling up the DagBag from /home/hectorv/.local/lib/python3.10/site-packages/airflow/example_dags/example_display_name.py
[2024-06-13T23:37:44.766+0200] {processor.py:840} INFO - DAG(s) 'example_display_name' retrieved from /home/hectorv/.local/lib/python3.10/site-packages/airflow/example_dags/example_display_name.py
[2024-06-13T23:37:44.771+0200] {logging_mixin.py:188} INFO - [2024-06-13T23:37:44.771+0200] {dag.py:3096} INFO - Sync 1 DAGs
[2024-06-13T23:37:44.775+0200] {logging_mixin.py:188} INFO - [2024-06-13T23:37:44.775+0200] {dag.py:3954} INFO - Setting next_dagrun for example_display_name to None, run_after=None
[2024-06-13T23:37:44.790+0200] {processor.py:183} INFO - Processing /home/hectorv/.local/lib/python3.10/site-packages/airflow/example_dags/example_display_name.py took 0.030 seconds
[2024-06-13T23:38:42.979+0200] {processor.py:161} INFO - Started process (PID=1748) to work on /home/hectorv/.local/lib/python3.10/site-packages/airflow/example_dags/example_display_name.py
[2024-06-13T23:38:42.980+0200] {processor.py:830} INFO - Processing file /home/hectorv/.local/lib/python3.10/site-packages/airflow/example_dags/example_display_name.py for tasks to queue
[2024-06-13T23:38:42.981+0200] {logging_mixin.py:188} INFO - [2024-06-13T23:38:42.981+0200] {dagbag.py:540} INFO - Filling up the DagBag from /home/hectorv/.local/lib/python3.10/site-packages/airflow/example_dags/example_display_name.py
[2024-06-13T23:38:42.983+0200] {processor.py:840} INFO - DAG(s) 'example_display_name' retrieved from /home/hectorv/.local/lib/python3.10/site-packages/airflow/example_dags/example_display_name.py
[2024-06-13T23:38:42.988+0200] {logging_mixin.py:188} INFO - [2024-06-13T23:38:42.988+0200] {dag.py:3096} INFO - Sync 1 DAGs
[2024-06-13T23:38:42.991+0200] {logging_mixin.py:188} INFO - [2024-06-13T23:38:42.991+0200] {dag.py:3954} INFO - Setting next_dagrun for example_display_name to None, run_after=None
[2024-06-13T23:38:43.007+0200] {processor.py:183} INFO - Processing /home/hectorv/.local/lib/python3.10/site-packages/airflow/example_dags/example_display_name.py took 0.030 seconds
[2024-06-13T23:39:42.941+0200] {processor.py:161} INFO - Started process (PID=1811) to work on /home/hectorv/.local/lib/python3.10/site-packages/airflow/example_dags/example_display_name.py
[2024-06-13T23:39:42.942+0200] {processor.py:830} INFO - Processing file /home/hectorv/.local/lib/python3.10/site-packages/airflow/example_dags/example_display_name.py for tasks to queue
[2024-06-13T23:39:42.943+0200] {logging_mixin.py:188} INFO - [2024-06-13T23:39:42.943+0200] {dagbag.py:540} INFO - Filling up the DagBag from /home/hectorv/.local/lib/python3.10/site-packages/airflow/example_dags/example_display_name.py
[2024-06-13T23:39:42.945+0200] {processor.py:840} INFO - DAG(s) 'example_display_name' retrieved from /home/hectorv/.local/lib/python3.10/site-packages/airflow/example_dags/example_display_name.py
[2024-06-13T23:39:42.950+0200] {logging_mixin.py:188} INFO - [2024-06-13T23:39:42.950+0200] {dag.py:3096} INFO - Sync 1 DAGs
[2024-06-13T23:39:42.954+0200] {logging_mixin.py:188} INFO - [2024-06-13T23:39:42.954+0200] {dag.py:3954} INFO - Setting next_dagrun for example_display_name to None, run_after=None
[2024-06-13T23:39:42.969+0200] {processor.py:183} INFO - Processing /home/hectorv/.local/lib/python3.10/site-packages/airflow/example_dags/example_display_name.py took 0.030 seconds
[2024-06-13T23:40:40.250+0200] {processor.py:161} INFO - Started process (PID=1870) to work on /home/hectorv/.local/lib/python3.10/site-packages/airflow/example_dags/example_display_name.py
[2024-06-13T23:40:40.251+0200] {processor.py:830} INFO - Processing file /home/hectorv/.local/lib/python3.10/site-packages/airflow/example_dags/example_display_name.py for tasks to queue
[2024-06-13T23:40:40.252+0200] {logging_mixin.py:188} INFO - [2024-06-13T23:40:40.252+0200] {dagbag.py:540} INFO - Filling up the DagBag from /home/hectorv/.local/lib/python3.10/site-packages/airflow/example_dags/example_display_name.py
[2024-06-13T23:40:40.254+0200] {processor.py:840} INFO - DAG(s) 'example_display_name' retrieved from /home/hectorv/.local/lib/python3.10/site-packages/airflow/example_dags/example_display_name.py
[2024-06-13T23:40:40.259+0200] {logging_mixin.py:188} INFO - [2024-06-13T23:40:40.259+0200] {dag.py:3096} INFO - Sync 1 DAGs
[2024-06-13T23:40:40.263+0200] {logging_mixin.py:188} INFO - [2024-06-13T23:40:40.262+0200] {dag.py:3954} INFO - Setting next_dagrun for example_display_name to None, run_after=None
[2024-06-13T23:40:40.277+0200] {processor.py:183} INFO - Processing /home/hectorv/.local/lib/python3.10/site-packages/airflow/example_dags/example_display_name.py took 0.029 seconds
[2024-06-13T23:41:37.348+0200] {processor.py:161} INFO - Started process (PID=1930) to work on /home/hectorv/.local/lib/python3.10/site-packages/airflow/example_dags/example_display_name.py
[2024-06-13T23:41:37.349+0200] {processor.py:830} INFO - Processing file /home/hectorv/.local/lib/python3.10/site-packages/airflow/example_dags/example_display_name.py for tasks to queue
[2024-06-13T23:41:37.350+0200] {logging_mixin.py:188} INFO - [2024-06-13T23:41:37.350+0200] {dagbag.py:540} INFO - Filling up the DagBag from /home/hectorv/.local/lib/python3.10/site-packages/airflow/example_dags/example_display_name.py
[2024-06-13T23:41:37.352+0200] {processor.py:840} INFO - DAG(s) 'example_display_name' retrieved from /home/hectorv/.local/lib/python3.10/site-packages/airflow/example_dags/example_display_name.py
[2024-06-13T23:41:37.357+0200] {logging_mixin.py:188} INFO - [2024-06-13T23:41:37.357+0200] {dag.py:3096} INFO - Sync 1 DAGs
[2024-06-13T23:41:37.360+0200] {logging_mixin.py:188} INFO - [2024-06-13T23:41:37.360+0200] {dag.py:3954} INFO - Setting next_dagrun for example_display_name to None, run_after=None
[2024-06-13T23:41:37.375+0200] {processor.py:183} INFO - Processing /home/hectorv/.local/lib/python3.10/site-packages/airflow/example_dags/example_display_name.py took 0.029 seconds
[2024-06-13T23:42:34.874+0200] {processor.py:161} INFO - Started process (PID=1991) to work on /home/hectorv/.local/lib/python3.10/site-packages/airflow/example_dags/example_display_name.py
[2024-06-13T23:42:34.876+0200] {processor.py:830} INFO - Processing file /home/hectorv/.local/lib/python3.10/site-packages/airflow/example_dags/example_display_name.py for tasks to queue
[2024-06-13T23:42:34.877+0200] {logging_mixin.py:188} INFO - [2024-06-13T23:42:34.877+0200] {dagbag.py:540} INFO - Filling up the DagBag from /home/hectorv/.local/lib/python3.10/site-packages/airflow/example_dags/example_display_name.py
[2024-06-13T23:42:34.879+0200] {processor.py:840} INFO - DAG(s) 'example_display_name' retrieved from /home/hectorv/.local/lib/python3.10/site-packages/airflow/example_dags/example_display_name.py
[2024-06-13T23:42:34.884+0200] {logging_mixin.py:188} INFO - [2024-06-13T23:42:34.884+0200] {dag.py:3096} INFO - Sync 1 DAGs
[2024-06-13T23:42:34.887+0200] {logging_mixin.py:188} INFO - [2024-06-13T23:42:34.887+0200] {dag.py:3954} INFO - Setting next_dagrun for example_display_name to None, run_after=None
[2024-06-13T23:42:34.903+0200] {processor.py:183} INFO - Processing /home/hectorv/.local/lib/python3.10/site-packages/airflow/example_dags/example_display_name.py took 0.030 seconds
[2024-06-13T23:43:34.453+0200] {processor.py:161} INFO - Started process (PID=2054) to work on /home/hectorv/.local/lib/python3.10/site-packages/airflow/example_dags/example_display_name.py
[2024-06-13T23:43:34.454+0200] {processor.py:830} INFO - Processing file /home/hectorv/.local/lib/python3.10/site-packages/airflow/example_dags/example_display_name.py for tasks to queue
[2024-06-13T23:43:34.455+0200] {logging_mixin.py:188} INFO - [2024-06-13T23:43:34.455+0200] {dagbag.py:540} INFO - Filling up the DagBag from /home/hectorv/.local/lib/python3.10/site-packages/airflow/example_dags/example_display_name.py
[2024-06-13T23:43:34.457+0200] {processor.py:840} INFO - DAG(s) 'example_display_name' retrieved from /home/hectorv/.local/lib/python3.10/site-packages/airflow/example_dags/example_display_name.py
[2024-06-13T23:43:34.462+0200] {logging_mixin.py:188} INFO - [2024-06-13T23:43:34.462+0200] {dag.py:3096} INFO - Sync 1 DAGs
[2024-06-13T23:43:34.466+0200] {logging_mixin.py:188} INFO - [2024-06-13T23:43:34.465+0200] {dag.py:3954} INFO - Setting next_dagrun for example_display_name to None, run_after=None
[2024-06-13T23:43:34.480+0200] {processor.py:183} INFO - Processing /home/hectorv/.local/lib/python3.10/site-packages/airflow/example_dags/example_display_name.py took 0.029 seconds
[2024-06-13T23:44:32.640+0200] {processor.py:161} INFO - Started process (PID=2114) to work on /home/hectorv/.local/lib/python3.10/site-packages/airflow/example_dags/example_display_name.py
[2024-06-13T23:44:32.642+0200] {processor.py:830} INFO - Processing file /home/hectorv/.local/lib/python3.10/site-packages/airflow/example_dags/example_display_name.py for tasks to queue
[2024-06-13T23:44:32.643+0200] {logging_mixin.py:188} INFO - [2024-06-13T23:44:32.642+0200] {dagbag.py:540} INFO - Filling up the DagBag from /home/hectorv/.local/lib/python3.10/site-packages/airflow/example_dags/example_display_name.py
[2024-06-13T23:44:32.644+0200] {processor.py:840} INFO - DAG(s) 'example_display_name' retrieved from /home/hectorv/.local/lib/python3.10/site-packages/airflow/example_dags/example_display_name.py
[2024-06-13T23:44:32.649+0200] {logging_mixin.py:188} INFO - [2024-06-13T23:44:32.649+0200] {dag.py:3096} INFO - Sync 1 DAGs
[2024-06-13T23:44:32.653+0200] {logging_mixin.py:188} INFO - [2024-06-13T23:44:32.653+0200] {dag.py:3954} INFO - Setting next_dagrun for example_display_name to None, run_after=None
[2024-06-13T23:44:32.668+0200] {processor.py:183} INFO - Processing /home/hectorv/.local/lib/python3.10/site-packages/airflow/example_dags/example_display_name.py took 0.030 seconds
[2024-06-13T23:45:28.022+0200] {processor.py:161} INFO - Started process (PID=2173) to work on /home/hectorv/.local/lib/python3.10/site-packages/airflow/example_dags/example_display_name.py
[2024-06-13T23:45:28.027+0200] {processor.py:830} INFO - Processing file /home/hectorv/.local/lib/python3.10/site-packages/airflow/example_dags/example_display_name.py for tasks to queue
[2024-06-13T23:45:28.027+0200] {logging_mixin.py:188} INFO - [2024-06-13T23:45:28.027+0200] {dagbag.py:540} INFO - Filling up the DagBag from /home/hectorv/.local/lib/python3.10/site-packages/airflow/example_dags/example_display_name.py
[2024-06-13T23:45:28.029+0200] {processor.py:840} INFO - DAG(s) 'example_display_name' retrieved from /home/hectorv/.local/lib/python3.10/site-packages/airflow/example_dags/example_display_name.py
[2024-06-13T23:45:28.034+0200] {logging_mixin.py:188} INFO - [2024-06-13T23:45:28.034+0200] {dag.py:3096} INFO - Sync 1 DAGs
[2024-06-13T23:45:28.038+0200] {logging_mixin.py:188} INFO - [2024-06-13T23:45:28.038+0200] {dag.py:3954} INFO - Setting next_dagrun for example_display_name to None, run_after=None
[2024-06-13T23:45:28.093+0200] {processor.py:183} INFO - Processing /home/hectorv/.local/lib/python3.10/site-packages/airflow/example_dags/example_display_name.py took 0.073 seconds
[2024-06-13T23:46:31.095+0200] {processor.py:161} INFO - Started process (PID=2236) to work on /home/hectorv/.local/lib/python3.10/site-packages/airflow/example_dags/example_display_name.py
[2024-06-13T23:46:31.097+0200] {processor.py:830} INFO - Processing file /home/hectorv/.local/lib/python3.10/site-packages/airflow/example_dags/example_display_name.py for tasks to queue
[2024-06-13T23:46:31.097+0200] {logging_mixin.py:188} INFO - [2024-06-13T23:46:31.097+0200] {dagbag.py:540} INFO - Filling up the DagBag from /home/hectorv/.local/lib/python3.10/site-packages/airflow/example_dags/example_display_name.py
[2024-06-13T23:46:31.099+0200] {processor.py:840} INFO - DAG(s) 'example_display_name' retrieved from /home/hectorv/.local/lib/python3.10/site-packages/airflow/example_dags/example_display_name.py
[2024-06-13T23:46:31.104+0200] {logging_mixin.py:188} INFO - [2024-06-13T23:46:31.104+0200] {dag.py:3096} INFO - Sync 1 DAGs
[2024-06-13T23:46:31.108+0200] {logging_mixin.py:188} INFO - [2024-06-13T23:46:31.108+0200] {dag.py:3954} INFO - Setting next_dagrun for example_display_name to None, run_after=None
[2024-06-13T23:46:31.123+0200] {processor.py:183} INFO - Processing /home/hectorv/.local/lib/python3.10/site-packages/airflow/example_dags/example_display_name.py took 0.030 seconds
[2024-06-13T23:47:27.267+0200] {processor.py:161} INFO - Started process (PID=2296) to work on /home/hectorv/.local/lib/python3.10/site-packages/airflow/example_dags/example_display_name.py
[2024-06-13T23:47:27.269+0200] {processor.py:830} INFO - Processing file /home/hectorv/.local/lib/python3.10/site-packages/airflow/example_dags/example_display_name.py for tasks to queue
[2024-06-13T23:47:27.269+0200] {logging_mixin.py:188} INFO - [2024-06-13T23:47:27.269+0200] {dagbag.py:540} INFO - Filling up the DagBag from /home/hectorv/.local/lib/python3.10/site-packages/airflow/example_dags/example_display_name.py
[2024-06-13T23:47:27.271+0200] {processor.py:840} INFO - DAG(s) 'example_display_name' retrieved from /home/hectorv/.local/lib/python3.10/site-packages/airflow/example_dags/example_display_name.py
[2024-06-13T23:47:27.276+0200] {logging_mixin.py:188} INFO - [2024-06-13T23:47:27.276+0200] {dag.py:3096} INFO - Sync 1 DAGs
[2024-06-13T23:47:27.280+0200] {logging_mixin.py:188} INFO - [2024-06-13T23:47:27.280+0200] {dag.py:3954} INFO - Setting next_dagrun for example_display_name to None, run_after=None
[2024-06-13T23:47:27.294+0200] {processor.py:183} INFO - Processing /home/hectorv/.local/lib/python3.10/site-packages/airflow/example_dags/example_display_name.py took 0.029 seconds
[2024-06-13T23:48:23.972+0200] {processor.py:161} INFO - Started process (PID=2356) to work on /home/hectorv/.local/lib/python3.10/site-packages/airflow/example_dags/example_display_name.py
[2024-06-13T23:48:23.973+0200] {processor.py:830} INFO - Processing file /home/hectorv/.local/lib/python3.10/site-packages/airflow/example_dags/example_display_name.py for tasks to queue
[2024-06-13T23:48:23.974+0200] {logging_mixin.py:188} INFO - [2024-06-13T23:48:23.974+0200] {dagbag.py:540} INFO - Filling up the DagBag from /home/hectorv/.local/lib/python3.10/site-packages/airflow/example_dags/example_display_name.py
[2024-06-13T23:48:23.976+0200] {processor.py:840} INFO - DAG(s) 'example_display_name' retrieved from /home/hectorv/.local/lib/python3.10/site-packages/airflow/example_dags/example_display_name.py
[2024-06-13T23:48:23.981+0200] {logging_mixin.py:188} INFO - [2024-06-13T23:48:23.981+0200] {dag.py:3096} INFO - Sync 1 DAGs
[2024-06-13T23:48:23.984+0200] {logging_mixin.py:188} INFO - [2024-06-13T23:48:23.984+0200] {dag.py:3954} INFO - Setting next_dagrun for example_display_name to None, run_after=None
[2024-06-13T23:48:23.999+0200] {processor.py:183} INFO - Processing /home/hectorv/.local/lib/python3.10/site-packages/airflow/example_dags/example_display_name.py took 0.029 seconds
[2024-06-13T23:49:20.441+0200] {processor.py:161} INFO - Started process (PID=2416) to work on /home/hectorv/.local/lib/python3.10/site-packages/airflow/example_dags/example_display_name.py
[2024-06-13T23:49:20.443+0200] {processor.py:830} INFO - Processing file /home/hectorv/.local/lib/python3.10/site-packages/airflow/example_dags/example_display_name.py for tasks to queue
[2024-06-13T23:49:20.444+0200] {logging_mixin.py:188} INFO - [2024-06-13T23:49:20.444+0200] {dagbag.py:540} INFO - Filling up the DagBag from /home/hectorv/.local/lib/python3.10/site-packages/airflow/example_dags/example_display_name.py
[2024-06-13T23:49:20.446+0200] {processor.py:840} INFO - DAG(s) 'example_display_name' retrieved from /home/hectorv/.local/lib/python3.10/site-packages/airflow/example_dags/example_display_name.py
[2024-06-13T23:49:20.451+0200] {logging_mixin.py:188} INFO - [2024-06-13T23:49:20.450+0200] {dag.py:3096} INFO - Sync 1 DAGs
[2024-06-13T23:49:20.455+0200] {logging_mixin.py:188} INFO - [2024-06-13T23:49:20.454+0200] {dag.py:3954} INFO - Setting next_dagrun for example_display_name to None, run_after=None
[2024-06-13T23:49:20.470+0200] {processor.py:183} INFO - Processing /home/hectorv/.local/lib/python3.10/site-packages/airflow/example_dags/example_display_name.py took 0.030 seconds
[2024-06-13T23:55:34.392+0200] {processor.py:161} INFO - Started process (PID=2471) to work on /home/hectorv/.local/lib/python3.10/site-packages/airflow/example_dags/example_display_name.py
[2024-06-13T23:55:34.394+0200] {processor.py:830} INFO - Processing file /home/hectorv/.local/lib/python3.10/site-packages/airflow/example_dags/example_display_name.py for tasks to queue
[2024-06-13T23:55:34.394+0200] {logging_mixin.py:188} INFO - [2024-06-13T23:55:34.394+0200] {dagbag.py:540} INFO - Filling up the DagBag from /home/hectorv/.local/lib/python3.10/site-packages/airflow/example_dags/example_display_name.py
[2024-06-13T23:55:34.396+0200] {processor.py:840} INFO - DAG(s) 'example_display_name' retrieved from /home/hectorv/.local/lib/python3.10/site-packages/airflow/example_dags/example_display_name.py
[2024-06-13T23:55:34.401+0200] {logging_mixin.py:188} INFO - [2024-06-13T23:55:34.401+0200] {dag.py:3096} INFO - Sync 1 DAGs
[2024-06-13T23:55:34.405+0200] {logging_mixin.py:188} INFO - [2024-06-13T23:55:34.405+0200] {dag.py:3954} INFO - Setting next_dagrun for example_display_name to None, run_after=None
[2024-06-13T23:55:34.420+0200] {processor.py:183} INFO - Processing /home/hectorv/.local/lib/python3.10/site-packages/airflow/example_dags/example_display_name.py took 0.030 seconds
[2024-06-13T23:56:24.767+0200] {processor.py:161} INFO - Started process (PID=2522) to work on /home/hectorv/.local/lib/python3.10/site-packages/airflow/example_dags/example_display_name.py
[2024-06-13T23:56:24.769+0200] {processor.py:830} INFO - Processing file /home/hectorv/.local/lib/python3.10/site-packages/airflow/example_dags/example_display_name.py for tasks to queue
[2024-06-13T23:56:24.769+0200] {logging_mixin.py:188} INFO - [2024-06-13T23:56:24.769+0200] {dagbag.py:540} INFO - Filling up the DagBag from /home/hectorv/.local/lib/python3.10/site-packages/airflow/example_dags/example_display_name.py
[2024-06-13T23:56:24.771+0200] {processor.py:840} INFO - DAG(s) 'example_display_name' retrieved from /home/hectorv/.local/lib/python3.10/site-packages/airflow/example_dags/example_display_name.py
[2024-06-13T23:56:24.776+0200] {logging_mixin.py:188} INFO - [2024-06-13T23:56:24.776+0200] {dag.py:3096} INFO - Sync 1 DAGs
[2024-06-13T23:56:24.780+0200] {logging_mixin.py:188} INFO - [2024-06-13T23:56:24.780+0200] {dag.py:3954} INFO - Setting next_dagrun for example_display_name to None, run_after=None
[2024-06-13T23:56:24.794+0200] {processor.py:183} INFO - Processing /home/hectorv/.local/lib/python3.10/site-packages/airflow/example_dags/example_display_name.py took 0.029 seconds
[2024-06-13T23:57:20.666+0200] {processor.py:161} INFO - Started process (PID=2581) to work on /home/hectorv/.local/lib/python3.10/site-packages/airflow/example_dags/example_display_name.py
[2024-06-13T23:57:20.667+0200] {processor.py:830} INFO - Processing file /home/hectorv/.local/lib/python3.10/site-packages/airflow/example_dags/example_display_name.py for tasks to queue
[2024-06-13T23:57:20.668+0200] {logging_mixin.py:188} INFO - [2024-06-13T23:57:20.668+0200] {dagbag.py:540} INFO - Filling up the DagBag from /home/hectorv/.local/lib/python3.10/site-packages/airflow/example_dags/example_display_name.py
[2024-06-13T23:57:20.670+0200] {processor.py:840} INFO - DAG(s) 'example_display_name' retrieved from /home/hectorv/.local/lib/python3.10/site-packages/airflow/example_dags/example_display_name.py
[2024-06-13T23:57:20.675+0200] {logging_mixin.py:188} INFO - [2024-06-13T23:57:20.675+0200] {dag.py:3096} INFO - Sync 1 DAGs
[2024-06-13T23:57:20.679+0200] {logging_mixin.py:188} INFO - [2024-06-13T23:57:20.679+0200] {dag.py:3954} INFO - Setting next_dagrun for example_display_name to None, run_after=None
[2024-06-13T23:57:20.694+0200] {processor.py:183} INFO - Processing /home/hectorv/.local/lib/python3.10/site-packages/airflow/example_dags/example_display_name.py took 0.030 seconds
[2024-06-13T23:58:18.359+0200] {processor.py:161} INFO - Started process (PID=2641) to work on /home/hectorv/.local/lib/python3.10/site-packages/airflow/example_dags/example_display_name.py
[2024-06-13T23:58:18.362+0200] {processor.py:830} INFO - Processing file /home/hectorv/.local/lib/python3.10/site-packages/airflow/example_dags/example_display_name.py for tasks to queue
[2024-06-13T23:58:18.363+0200] {logging_mixin.py:188} INFO - [2024-06-13T23:58:18.363+0200] {dagbag.py:540} INFO - Filling up the DagBag from /home/hectorv/.local/lib/python3.10/site-packages/airflow/example_dags/example_display_name.py
[2024-06-13T23:58:18.365+0200] {processor.py:840} INFO - DAG(s) 'example_display_name' retrieved from /home/hectorv/.local/lib/python3.10/site-packages/airflow/example_dags/example_display_name.py
[2024-06-13T23:58:18.370+0200] {logging_mixin.py:188} INFO - [2024-06-13T23:58:18.370+0200] {dag.py:3096} INFO - Sync 1 DAGs
[2024-06-13T23:58:18.374+0200] {logging_mixin.py:188} INFO - [2024-06-13T23:58:18.374+0200] {dag.py:3954} INFO - Setting next_dagrun for example_display_name to None, run_after=None
[2024-06-13T23:58:18.417+0200] {processor.py:183} INFO - Processing /home/hectorv/.local/lib/python3.10/site-packages/airflow/example_dags/example_display_name.py took 0.060 seconds
[2024-06-13T23:59:04.583+0200] {processor.py:161} INFO - Started process (PID=2690) to work on /home/hectorv/.local/lib/python3.10/site-packages/airflow/example_dags/example_display_name.py
[2024-06-13T23:59:04.586+0200] {processor.py:830} INFO - Processing file /home/hectorv/.local/lib/python3.10/site-packages/airflow/example_dags/example_display_name.py for tasks to queue
[2024-06-13T23:59:04.587+0200] {logging_mixin.py:188} INFO - [2024-06-13T23:59:04.586+0200] {dagbag.py:540} INFO - Filling up the DagBag from /home/hectorv/.local/lib/python3.10/site-packages/airflow/example_dags/example_display_name.py
[2024-06-13T23:59:04.589+0200] {processor.py:840} INFO - DAG(s) 'example_display_name' retrieved from /home/hectorv/.local/lib/python3.10/site-packages/airflow/example_dags/example_display_name.py
[2024-06-13T23:59:04.594+0200] {logging_mixin.py:188} INFO - [2024-06-13T23:59:04.594+0200] {dag.py:3096} INFO - Sync 1 DAGs
[2024-06-13T23:59:04.598+0200] {logging_mixin.py:188} INFO - [2024-06-13T23:59:04.598+0200] {dag.py:3954} INFO - Setting next_dagrun for example_display_name to None, run_after=None
[2024-06-13T23:59:04.647+0200] {processor.py:183} INFO - Processing /home/hectorv/.local/lib/python3.10/site-packages/airflow/example_dags/example_display_name.py took 0.067 seconds
[2024-06-13T23:59:58.551+0200] {processor.py:161} INFO - Started process (PID=2748) to work on /home/hectorv/.local/lib/python3.10/site-packages/airflow/example_dags/example_display_name.py
[2024-06-13T23:59:58.553+0200] {processor.py:830} INFO - Processing file /home/hectorv/.local/lib/python3.10/site-packages/airflow/example_dags/example_display_name.py for tasks to queue
[2024-06-13T23:59:58.553+0200] {logging_mixin.py:188} INFO - [2024-06-13T23:59:58.553+0200] {dagbag.py:540} INFO - Filling up the DagBag from /home/hectorv/.local/lib/python3.10/site-packages/airflow/example_dags/example_display_name.py
[2024-06-13T23:59:58.555+0200] {processor.py:840} INFO - DAG(s) 'example_display_name' retrieved from /home/hectorv/.local/lib/python3.10/site-packages/airflow/example_dags/example_display_name.py
[2024-06-13T23:59:58.560+0200] {logging_mixin.py:188} INFO - [2024-06-13T23:59:58.560+0200] {dag.py:3096} INFO - Sync 1 DAGs
[2024-06-13T23:59:58.564+0200] {logging_mixin.py:188} INFO - [2024-06-13T23:59:58.564+0200] {dag.py:3954} INFO - Setting next_dagrun for example_display_name to None, run_after=None
[2024-06-13T23:59:58.579+0200] {processor.py:183} INFO - Processing /home/hectorv/.local/lib/python3.10/site-packages/airflow/example_dags/example_display_name.py took 0.030 seconds
[2024-06-14T00:00:52.196+0200] {processor.py:161} INFO - Started process (PID=2862) to work on /home/hectorv/.local/lib/python3.10/site-packages/airflow/example_dags/example_display_name.py
[2024-06-14T00:00:52.198+0200] {processor.py:830} INFO - Processing file /home/hectorv/.local/lib/python3.10/site-packages/airflow/example_dags/example_display_name.py for tasks to queue
[2024-06-14T00:00:52.199+0200] {logging_mixin.py:188} INFO - [2024-06-14T00:00:52.198+0200] {dagbag.py:540} INFO - Filling up the DagBag from /home/hectorv/.local/lib/python3.10/site-packages/airflow/example_dags/example_display_name.py
[2024-06-14T00:00:52.201+0200] {processor.py:840} INFO - DAG(s) 'example_display_name' retrieved from /home/hectorv/.local/lib/python3.10/site-packages/airflow/example_dags/example_display_name.py
[2024-06-14T00:00:52.206+0200] {logging_mixin.py:188} INFO - [2024-06-14T00:00:52.205+0200] {dag.py:3096} INFO - Sync 1 DAGs
[2024-06-14T00:00:52.210+0200] {logging_mixin.py:188} INFO - [2024-06-14T00:00:52.209+0200] {dag.py:3954} INFO - Setting next_dagrun for example_display_name to None, run_after=None
[2024-06-14T00:00:52.224+0200] {processor.py:183} INFO - Processing /home/hectorv/.local/lib/python3.10/site-packages/airflow/example_dags/example_display_name.py took 0.030 seconds
[2024-06-14T00:01:49.071+0200] {processor.py:161} INFO - Started process (PID=2921) to work on /home/hectorv/.local/lib/python3.10/site-packages/airflow/example_dags/example_display_name.py
[2024-06-14T00:01:49.072+0200] {processor.py:830} INFO - Processing file /home/hectorv/.local/lib/python3.10/site-packages/airflow/example_dags/example_display_name.py for tasks to queue
[2024-06-14T00:01:49.072+0200] {logging_mixin.py:188} INFO - [2024-06-14T00:01:49.072+0200] {dagbag.py:540} INFO - Filling up the DagBag from /home/hectorv/.local/lib/python3.10/site-packages/airflow/example_dags/example_display_name.py
[2024-06-14T00:01:49.075+0200] {processor.py:840} INFO - DAG(s) 'example_display_name' retrieved from /home/hectorv/.local/lib/python3.10/site-packages/airflow/example_dags/example_display_name.py
[2024-06-14T00:01:49.080+0200] {logging_mixin.py:188} INFO - [2024-06-14T00:01:49.080+0200] {dag.py:3096} INFO - Sync 1 DAGs
[2024-06-14T00:01:49.083+0200] {logging_mixin.py:188} INFO - [2024-06-14T00:01:49.083+0200] {dag.py:3954} INFO - Setting next_dagrun for example_display_name to None, run_after=None
[2024-06-14T00:01:49.098+0200] {processor.py:183} INFO - Processing /home/hectorv/.local/lib/python3.10/site-packages/airflow/example_dags/example_display_name.py took 0.030 seconds
[2024-06-14T00:02:46.666+0200] {processor.py:161} INFO - Started process (PID=2981) to work on /home/hectorv/.local/lib/python3.10/site-packages/airflow/example_dags/example_display_name.py
[2024-06-14T00:02:46.667+0200] {processor.py:830} INFO - Processing file /home/hectorv/.local/lib/python3.10/site-packages/airflow/example_dags/example_display_name.py for tasks to queue
[2024-06-14T00:02:46.668+0200] {logging_mixin.py:188} INFO - [2024-06-14T00:02:46.668+0200] {dagbag.py:540} INFO - Filling up the DagBag from /home/hectorv/.local/lib/python3.10/site-packages/airflow/example_dags/example_display_name.py
[2024-06-14T00:02:46.670+0200] {processor.py:840} INFO - DAG(s) 'example_display_name' retrieved from /home/hectorv/.local/lib/python3.10/site-packages/airflow/example_dags/example_display_name.py
[2024-06-14T00:02:46.675+0200] {logging_mixin.py:188} INFO - [2024-06-14T00:02:46.675+0200] {dag.py:3096} INFO - Sync 1 DAGs
[2024-06-14T00:02:46.679+0200] {logging_mixin.py:188} INFO - [2024-06-14T00:02:46.679+0200] {dag.py:3954} INFO - Setting next_dagrun for example_display_name to None, run_after=None
[2024-06-14T00:02:46.694+0200] {processor.py:183} INFO - Processing /home/hectorv/.local/lib/python3.10/site-packages/airflow/example_dags/example_display_name.py took 0.030 seconds
[2024-06-14T00:03:39.112+0200] {processor.py:161} INFO - Started process (PID=3039) to work on /home/hectorv/.local/lib/python3.10/site-packages/airflow/example_dags/example_display_name.py
[2024-06-14T00:03:39.113+0200] {processor.py:830} INFO - Processing file /home/hectorv/.local/lib/python3.10/site-packages/airflow/example_dags/example_display_name.py for tasks to queue
[2024-06-14T00:03:39.114+0200] {logging_mixin.py:188} INFO - [2024-06-14T00:03:39.114+0200] {dagbag.py:540} INFO - Filling up the DagBag from /home/hectorv/.local/lib/python3.10/site-packages/airflow/example_dags/example_display_name.py
[2024-06-14T00:03:39.116+0200] {processor.py:840} INFO - DAG(s) 'example_display_name' retrieved from /home/hectorv/.local/lib/python3.10/site-packages/airflow/example_dags/example_display_name.py
[2024-06-14T00:03:39.121+0200] {logging_mixin.py:188} INFO - [2024-06-14T00:03:39.121+0200] {dag.py:3096} INFO - Sync 1 DAGs
[2024-06-14T00:03:39.125+0200] {logging_mixin.py:188} INFO - [2024-06-14T00:03:39.125+0200] {dag.py:3954} INFO - Setting next_dagrun for example_display_name to None, run_after=None
[2024-06-14T00:03:39.140+0200] {processor.py:183} INFO - Processing /home/hectorv/.local/lib/python3.10/site-packages/airflow/example_dags/example_display_name.py took 0.030 seconds
[2024-06-14T00:04:35.971+0200] {processor.py:161} INFO - Started process (PID=3098) to work on /home/hectorv/.local/lib/python3.10/site-packages/airflow/example_dags/example_display_name.py
[2024-06-14T00:04:35.972+0200] {processor.py:830} INFO - Processing file /home/hectorv/.local/lib/python3.10/site-packages/airflow/example_dags/example_display_name.py for tasks to queue
[2024-06-14T00:04:35.973+0200] {logging_mixin.py:188} INFO - [2024-06-14T00:04:35.973+0200] {dagbag.py:540} INFO - Filling up the DagBag from /home/hectorv/.local/lib/python3.10/site-packages/airflow/example_dags/example_display_name.py
[2024-06-14T00:04:35.975+0200] {processor.py:840} INFO - DAG(s) 'example_display_name' retrieved from /home/hectorv/.local/lib/python3.10/site-packages/airflow/example_dags/example_display_name.py
[2024-06-14T00:04:35.981+0200] {logging_mixin.py:188} INFO - [2024-06-14T00:04:35.981+0200] {dag.py:3096} INFO - Sync 1 DAGs
[2024-06-14T00:04:35.986+0200] {logging_mixin.py:188} INFO - [2024-06-14T00:04:35.986+0200] {dag.py:3954} INFO - Setting next_dagrun for example_display_name to None, run_after=None
[2024-06-14T00:04:36.032+0200] {processor.py:183} INFO - Processing /home/hectorv/.local/lib/python3.10/site-packages/airflow/example_dags/example_display_name.py took 0.063 seconds
[2024-06-14T00:05:31.312+0200] {processor.py:161} INFO - Started process (PID=3158) to work on /home/hectorv/.local/lib/python3.10/site-packages/airflow/example_dags/example_display_name.py
[2024-06-14T00:05:31.313+0200] {processor.py:830} INFO - Processing file /home/hectorv/.local/lib/python3.10/site-packages/airflow/example_dags/example_display_name.py for tasks to queue
[2024-06-14T00:05:31.314+0200] {logging_mixin.py:188} INFO - [2024-06-14T00:05:31.314+0200] {dagbag.py:540} INFO - Filling up the DagBag from /home/hectorv/.local/lib/python3.10/site-packages/airflow/example_dags/example_display_name.py
[2024-06-14T00:05:31.316+0200] {processor.py:840} INFO - DAG(s) 'example_display_name' retrieved from /home/hectorv/.local/lib/python3.10/site-packages/airflow/example_dags/example_display_name.py
[2024-06-14T00:05:31.321+0200] {logging_mixin.py:188} INFO - [2024-06-14T00:05:31.321+0200] {dag.py:3096} INFO - Sync 1 DAGs
[2024-06-14T00:05:31.325+0200] {logging_mixin.py:188} INFO - [2024-06-14T00:05:31.325+0200] {dag.py:3954} INFO - Setting next_dagrun for example_display_name to None, run_after=None
[2024-06-14T00:05:31.339+0200] {processor.py:183} INFO - Processing /home/hectorv/.local/lib/python3.10/site-packages/airflow/example_dags/example_display_name.py took 0.030 seconds
[2024-06-14T00:06:23.629+0200] {processor.py:161} INFO - Started process (PID=3214) to work on /home/hectorv/.local/lib/python3.10/site-packages/airflow/example_dags/example_display_name.py
[2024-06-14T00:06:23.630+0200] {processor.py:830} INFO - Processing file /home/hectorv/.local/lib/python3.10/site-packages/airflow/example_dags/example_display_name.py for tasks to queue
[2024-06-14T00:06:23.631+0200] {logging_mixin.py:188} INFO - [2024-06-14T00:06:23.631+0200] {dagbag.py:540} INFO - Filling up the DagBag from /home/hectorv/.local/lib/python3.10/site-packages/airflow/example_dags/example_display_name.py
[2024-06-14T00:06:23.633+0200] {processor.py:840} INFO - DAG(s) 'example_display_name' retrieved from /home/hectorv/.local/lib/python3.10/site-packages/airflow/example_dags/example_display_name.py
[2024-06-14T00:06:23.638+0200] {logging_mixin.py:188} INFO - [2024-06-14T00:06:23.638+0200] {dag.py:3096} INFO - Sync 1 DAGs
[2024-06-14T00:06:23.642+0200] {logging_mixin.py:188} INFO - [2024-06-14T00:06:23.642+0200] {dag.py:3954} INFO - Setting next_dagrun for example_display_name to None, run_after=None
[2024-06-14T00:06:23.657+0200] {processor.py:183} INFO - Processing /home/hectorv/.local/lib/python3.10/site-packages/airflow/example_dags/example_display_name.py took 0.030 seconds
[2024-06-14T00:07:17.828+0200] {processor.py:161} INFO - Started process (PID=3271) to work on /home/hectorv/.local/lib/python3.10/site-packages/airflow/example_dags/example_display_name.py
[2024-06-14T00:07:17.830+0200] {processor.py:830} INFO - Processing file /home/hectorv/.local/lib/python3.10/site-packages/airflow/example_dags/example_display_name.py for tasks to queue
[2024-06-14T00:07:17.830+0200] {logging_mixin.py:188} INFO - [2024-06-14T00:07:17.830+0200] {dagbag.py:540} INFO - Filling up the DagBag from /home/hectorv/.local/lib/python3.10/site-packages/airflow/example_dags/example_display_name.py
[2024-06-14T00:07:17.832+0200] {processor.py:840} INFO - DAG(s) 'example_display_name' retrieved from /home/hectorv/.local/lib/python3.10/site-packages/airflow/example_dags/example_display_name.py
[2024-06-14T00:07:17.837+0200] {logging_mixin.py:188} INFO - [2024-06-14T00:07:17.837+0200] {dag.py:3096} INFO - Sync 1 DAGs
[2024-06-14T00:07:17.841+0200] {logging_mixin.py:188} INFO - [2024-06-14T00:07:17.841+0200] {dag.py:3954} INFO - Setting next_dagrun for example_display_name to None, run_after=None
[2024-06-14T00:07:17.856+0200] {processor.py:183} INFO - Processing /home/hectorv/.local/lib/python3.10/site-packages/airflow/example_dags/example_display_name.py took 0.031 seconds
[2024-06-14T00:08:15.462+0200] {processor.py:161} INFO - Started process (PID=3332) to work on /home/hectorv/.local/lib/python3.10/site-packages/airflow/example_dags/example_display_name.py
[2024-06-14T00:08:15.464+0200] {processor.py:830} INFO - Processing file /home/hectorv/.local/lib/python3.10/site-packages/airflow/example_dags/example_display_name.py for tasks to queue
[2024-06-14T00:08:15.464+0200] {logging_mixin.py:188} INFO - [2024-06-14T00:08:15.464+0200] {dagbag.py:540} INFO - Filling up the DagBag from /home/hectorv/.local/lib/python3.10/site-packages/airflow/example_dags/example_display_name.py
[2024-06-14T00:08:15.467+0200] {processor.py:840} INFO - DAG(s) 'example_display_name' retrieved from /home/hectorv/.local/lib/python3.10/site-packages/airflow/example_dags/example_display_name.py
[2024-06-14T00:08:15.472+0200] {logging_mixin.py:188} INFO - [2024-06-14T00:08:15.472+0200] {dag.py:3096} INFO - Sync 1 DAGs
[2024-06-14T00:08:15.476+0200] {logging_mixin.py:188} INFO - [2024-06-14T00:08:15.476+0200] {dag.py:3954} INFO - Setting next_dagrun for example_display_name to None, run_after=None
[2024-06-14T00:08:15.491+0200] {processor.py:183} INFO - Processing /home/hectorv/.local/lib/python3.10/site-packages/airflow/example_dags/example_display_name.py took 0.032 seconds
[2024-06-14T00:09:14.052+0200] {processor.py:161} INFO - Started process (PID=3393) to work on /home/hectorv/.local/lib/python3.10/site-packages/airflow/example_dags/example_display_name.py
[2024-06-14T00:09:14.054+0200] {processor.py:830} INFO - Processing file /home/hectorv/.local/lib/python3.10/site-packages/airflow/example_dags/example_display_name.py for tasks to queue
[2024-06-14T00:09:14.054+0200] {logging_mixin.py:188} INFO - [2024-06-14T00:09:14.054+0200] {dagbag.py:540} INFO - Filling up the DagBag from /home/hectorv/.local/lib/python3.10/site-packages/airflow/example_dags/example_display_name.py
[2024-06-14T00:09:14.056+0200] {processor.py:840} INFO - DAG(s) 'example_display_name' retrieved from /home/hectorv/.local/lib/python3.10/site-packages/airflow/example_dags/example_display_name.py
[2024-06-14T00:09:14.061+0200] {logging_mixin.py:188} INFO - [2024-06-14T00:09:14.061+0200] {dag.py:3096} INFO - Sync 1 DAGs
[2024-06-14T00:09:14.065+0200] {logging_mixin.py:188} INFO - [2024-06-14T00:09:14.065+0200] {dag.py:3954} INFO - Setting next_dagrun for example_display_name to None, run_after=None
[2024-06-14T00:09:14.080+0200] {processor.py:183} INFO - Processing /home/hectorv/.local/lib/python3.10/site-packages/airflow/example_dags/example_display_name.py took 0.030 seconds
[2024-06-14T00:10:15.566+0200] {processor.py:161} INFO - Started process (PID=3454) to work on /home/hectorv/.local/lib/python3.10/site-packages/airflow/example_dags/example_display_name.py
[2024-06-14T00:10:15.568+0200] {processor.py:830} INFO - Processing file /home/hectorv/.local/lib/python3.10/site-packages/airflow/example_dags/example_display_name.py for tasks to queue
[2024-06-14T00:10:15.569+0200] {logging_mixin.py:188} INFO - [2024-06-14T00:10:15.569+0200] {dagbag.py:540} INFO - Filling up the DagBag from /home/hectorv/.local/lib/python3.10/site-packages/airflow/example_dags/example_display_name.py
[2024-06-14T00:10:15.572+0200] {processor.py:840} INFO - DAG(s) 'example_display_name' retrieved from /home/hectorv/.local/lib/python3.10/site-packages/airflow/example_dags/example_display_name.py
[2024-06-14T00:10:15.578+0200] {logging_mixin.py:188} INFO - [2024-06-14T00:10:15.578+0200] {dag.py:3096} INFO - Sync 1 DAGs
[2024-06-14T00:10:15.583+0200] {logging_mixin.py:188} INFO - [2024-06-14T00:10:15.583+0200] {dag.py:3954} INFO - Setting next_dagrun for example_display_name to None, run_after=None
[2024-06-14T00:10:15.598+0200] {processor.py:183} INFO - Processing /home/hectorv/.local/lib/python3.10/site-packages/airflow/example_dags/example_display_name.py took 0.034 seconds
[2024-06-14T00:11:14.835+0200] {processor.py:161} INFO - Started process (PID=3515) to work on /home/hectorv/.local/lib/python3.10/site-packages/airflow/example_dags/example_display_name.py
[2024-06-14T00:11:14.836+0200] {processor.py:830} INFO - Processing file /home/hectorv/.local/lib/python3.10/site-packages/airflow/example_dags/example_display_name.py for tasks to queue
[2024-06-14T00:11:14.837+0200] {logging_mixin.py:188} INFO - [2024-06-14T00:11:14.837+0200] {dagbag.py:540} INFO - Filling up the DagBag from /home/hectorv/.local/lib/python3.10/site-packages/airflow/example_dags/example_display_name.py
[2024-06-14T00:11:14.839+0200] {processor.py:840} INFO - DAG(s) 'example_display_name' retrieved from /home/hectorv/.local/lib/python3.10/site-packages/airflow/example_dags/example_display_name.py
[2024-06-14T00:11:14.844+0200] {logging_mixin.py:188} INFO - [2024-06-14T00:11:14.844+0200] {dag.py:3096} INFO - Sync 1 DAGs
[2024-06-14T00:11:14.848+0200] {logging_mixin.py:188} INFO - [2024-06-14T00:11:14.848+0200] {dag.py:3954} INFO - Setting next_dagrun for example_display_name to None, run_after=None
[2024-06-14T00:11:14.863+0200] {processor.py:183} INFO - Processing /home/hectorv/.local/lib/python3.10/site-packages/airflow/example_dags/example_display_name.py took 0.030 seconds
[2024-06-14T00:12:09.399+0200] {processor.py:161} INFO - Started process (PID=3573) to work on /home/hectorv/.local/lib/python3.10/site-packages/airflow/example_dags/example_display_name.py
[2024-06-14T00:12:09.401+0200] {processor.py:830} INFO - Processing file /home/hectorv/.local/lib/python3.10/site-packages/airflow/example_dags/example_display_name.py for tasks to queue
[2024-06-14T00:12:09.402+0200] {logging_mixin.py:188} INFO - [2024-06-14T00:12:09.402+0200] {dagbag.py:540} INFO - Filling up the DagBag from /home/hectorv/.local/lib/python3.10/site-packages/airflow/example_dags/example_display_name.py
[2024-06-14T00:12:09.404+0200] {processor.py:840} INFO - DAG(s) 'example_display_name' retrieved from /home/hectorv/.local/lib/python3.10/site-packages/airflow/example_dags/example_display_name.py
[2024-06-14T00:12:09.409+0200] {logging_mixin.py:188} INFO - [2024-06-14T00:12:09.409+0200] {dag.py:3096} INFO - Sync 1 DAGs
[2024-06-14T00:12:09.413+0200] {logging_mixin.py:188} INFO - [2024-06-14T00:12:09.413+0200] {dag.py:3954} INFO - Setting next_dagrun for example_display_name to None, run_after=None
[2024-06-14T00:12:09.428+0200] {processor.py:183} INFO - Processing /home/hectorv/.local/lib/python3.10/site-packages/airflow/example_dags/example_display_name.py took 0.030 seconds
[2024-06-14T00:13:02.511+0200] {processor.py:161} INFO - Started process (PID=3631) to work on /home/hectorv/.local/lib/python3.10/site-packages/airflow/example_dags/example_display_name.py
[2024-06-14T00:13:02.513+0200] {processor.py:830} INFO - Processing file /home/hectorv/.local/lib/python3.10/site-packages/airflow/example_dags/example_display_name.py for tasks to queue
[2024-06-14T00:13:02.513+0200] {logging_mixin.py:188} INFO - [2024-06-14T00:13:02.513+0200] {dagbag.py:540} INFO - Filling up the DagBag from /home/hectorv/.local/lib/python3.10/site-packages/airflow/example_dags/example_display_name.py
[2024-06-14T00:13:02.516+0200] {processor.py:840} INFO - DAG(s) 'example_display_name' retrieved from /home/hectorv/.local/lib/python3.10/site-packages/airflow/example_dags/example_display_name.py
[2024-06-14T00:13:02.521+0200] {logging_mixin.py:188} INFO - [2024-06-14T00:13:02.521+0200] {dag.py:3096} INFO - Sync 1 DAGs
[2024-06-14T00:13:02.524+0200] {logging_mixin.py:188} INFO - [2024-06-14T00:13:02.524+0200] {dag.py:3954} INFO - Setting next_dagrun for example_display_name to None, run_after=None
[2024-06-14T00:13:02.540+0200] {processor.py:183} INFO - Processing /home/hectorv/.local/lib/python3.10/site-packages/airflow/example_dags/example_display_name.py took 0.031 seconds
[2024-06-14T00:14:02.943+0200] {processor.py:161} INFO - Started process (PID=3694) to work on /home/hectorv/.local/lib/python3.10/site-packages/airflow/example_dags/example_display_name.py
[2024-06-14T00:14:02.945+0200] {processor.py:830} INFO - Processing file /home/hectorv/.local/lib/python3.10/site-packages/airflow/example_dags/example_display_name.py for tasks to queue
[2024-06-14T00:14:02.945+0200] {logging_mixin.py:188} INFO - [2024-06-14T00:14:02.945+0200] {dagbag.py:540} INFO - Filling up the DagBag from /home/hectorv/.local/lib/python3.10/site-packages/airflow/example_dags/example_display_name.py
[2024-06-14T00:14:02.948+0200] {processor.py:840} INFO - DAG(s) 'example_display_name' retrieved from /home/hectorv/.local/lib/python3.10/site-packages/airflow/example_dags/example_display_name.py
[2024-06-14T00:14:02.952+0200] {logging_mixin.py:188} INFO - [2024-06-14T00:14:02.952+0200] {dag.py:3096} INFO - Sync 1 DAGs
[2024-06-14T00:14:02.956+0200] {logging_mixin.py:188} INFO - [2024-06-14T00:14:02.956+0200] {dag.py:3954} INFO - Setting next_dagrun for example_display_name to None, run_after=None
[2024-06-14T00:14:02.971+0200] {processor.py:183} INFO - Processing /home/hectorv/.local/lib/python3.10/site-packages/airflow/example_dags/example_display_name.py took 0.029 seconds
[2024-06-14T00:15:04.172+0200] {processor.py:161} INFO - Started process (PID=3757) to work on /home/hectorv/.local/lib/python3.10/site-packages/airflow/example_dags/example_display_name.py
[2024-06-14T00:15:04.174+0200] {processor.py:830} INFO - Processing file /home/hectorv/.local/lib/python3.10/site-packages/airflow/example_dags/example_display_name.py for tasks to queue
[2024-06-14T00:15:04.175+0200] {logging_mixin.py:188} INFO - [2024-06-14T00:15:04.174+0200] {dagbag.py:540} INFO - Filling up the DagBag from /home/hectorv/.local/lib/python3.10/site-packages/airflow/example_dags/example_display_name.py
[2024-06-14T00:15:04.178+0200] {processor.py:840} INFO - DAG(s) 'example_display_name' retrieved from /home/hectorv/.local/lib/python3.10/site-packages/airflow/example_dags/example_display_name.py
[2024-06-14T00:15:04.184+0200] {logging_mixin.py:188} INFO - [2024-06-14T00:15:04.184+0200] {dag.py:3096} INFO - Sync 1 DAGs
[2024-06-14T00:15:04.189+0200] {logging_mixin.py:188} INFO - [2024-06-14T00:15:04.189+0200] {dag.py:3954} INFO - Setting next_dagrun for example_display_name to None, run_after=None
[2024-06-14T00:15:04.205+0200] {processor.py:183} INFO - Processing /home/hectorv/.local/lib/python3.10/site-packages/airflow/example_dags/example_display_name.py took 0.035 seconds
[2024-06-14T00:16:00.763+0200] {processor.py:161} INFO - Started process (PID=3816) to work on /home/hectorv/.local/lib/python3.10/site-packages/airflow/example_dags/example_display_name.py
[2024-06-14T00:16:00.765+0200] {processor.py:830} INFO - Processing file /home/hectorv/.local/lib/python3.10/site-packages/airflow/example_dags/example_display_name.py for tasks to queue
[2024-06-14T00:16:00.765+0200] {logging_mixin.py:188} INFO - [2024-06-14T00:16:00.765+0200] {dagbag.py:540} INFO - Filling up the DagBag from /home/hectorv/.local/lib/python3.10/site-packages/airflow/example_dags/example_display_name.py
[2024-06-14T00:16:00.767+0200] {processor.py:840} INFO - DAG(s) 'example_display_name' retrieved from /home/hectorv/.local/lib/python3.10/site-packages/airflow/example_dags/example_display_name.py
[2024-06-14T00:16:00.773+0200] {logging_mixin.py:188} INFO - [2024-06-14T00:16:00.773+0200] {dag.py:3096} INFO - Sync 1 DAGs
[2024-06-14T00:16:00.777+0200] {logging_mixin.py:188} INFO - [2024-06-14T00:16:00.777+0200] {dag.py:3954} INFO - Setting next_dagrun for example_display_name to None, run_after=None
[2024-06-14T00:16:00.791+0200] {processor.py:183} INFO - Processing /home/hectorv/.local/lib/python3.10/site-packages/airflow/example_dags/example_display_name.py took 0.031 seconds
[2024-06-14T00:16:55.306+0200] {processor.py:161} INFO - Started process (PID=3875) to work on /home/hectorv/.local/lib/python3.10/site-packages/airflow/example_dags/example_display_name.py
[2024-06-14T00:16:55.308+0200] {processor.py:830} INFO - Processing file /home/hectorv/.local/lib/python3.10/site-packages/airflow/example_dags/example_display_name.py for tasks to queue
[2024-06-14T00:16:55.308+0200] {logging_mixin.py:188} INFO - [2024-06-14T00:16:55.308+0200] {dagbag.py:540} INFO - Filling up the DagBag from /home/hectorv/.local/lib/python3.10/site-packages/airflow/example_dags/example_display_name.py
[2024-06-14T00:16:55.311+0200] {processor.py:840} INFO - DAG(s) 'example_display_name' retrieved from /home/hectorv/.local/lib/python3.10/site-packages/airflow/example_dags/example_display_name.py
[2024-06-14T00:16:55.316+0200] {logging_mixin.py:188} INFO - [2024-06-14T00:16:55.316+0200] {dag.py:3096} INFO - Sync 1 DAGs
[2024-06-14T00:16:55.320+0200] {logging_mixin.py:188} INFO - [2024-06-14T00:16:55.320+0200] {dag.py:3954} INFO - Setting next_dagrun for example_display_name to None, run_after=None
[2024-06-14T00:16:55.335+0200] {processor.py:183} INFO - Processing /home/hectorv/.local/lib/python3.10/site-packages/airflow/example_dags/example_display_name.py took 0.032 seconds
[2024-06-14T00:17:49.681+0200] {processor.py:161} INFO - Started process (PID=3938) to work on /home/hectorv/.local/lib/python3.10/site-packages/airflow/example_dags/example_display_name.py
[2024-06-14T00:17:49.683+0200] {processor.py:830} INFO - Processing file /home/hectorv/.local/lib/python3.10/site-packages/airflow/example_dags/example_display_name.py for tasks to queue
[2024-06-14T00:17:49.684+0200] {logging_mixin.py:188} INFO - [2024-06-14T00:17:49.684+0200] {dagbag.py:540} INFO - Filling up the DagBag from /home/hectorv/.local/lib/python3.10/site-packages/airflow/example_dags/example_display_name.py
[2024-06-14T00:17:49.687+0200] {processor.py:840} INFO - DAG(s) 'example_display_name' retrieved from /home/hectorv/.local/lib/python3.10/site-packages/airflow/example_dags/example_display_name.py
[2024-06-14T00:17:49.693+0200] {logging_mixin.py:188} INFO - [2024-06-14T00:17:49.693+0200] {dag.py:3096} INFO - Sync 1 DAGs
[2024-06-14T00:17:49.697+0200] {logging_mixin.py:188} INFO - [2024-06-14T00:17:49.697+0200] {dag.py:3954} INFO - Setting next_dagrun for example_display_name to None, run_after=None
[2024-06-14T00:17:49.714+0200] {processor.py:183} INFO - Processing /home/hectorv/.local/lib/python3.10/site-packages/airflow/example_dags/example_display_name.py took 0.036 seconds
[2024-06-14T00:18:46.014+0200] {processor.py:161} INFO - Started process (PID=3998) to work on /home/hectorv/.local/lib/python3.10/site-packages/airflow/example_dags/example_display_name.py
[2024-06-14T00:18:46.016+0200] {processor.py:830} INFO - Processing file /home/hectorv/.local/lib/python3.10/site-packages/airflow/example_dags/example_display_name.py for tasks to queue
[2024-06-14T00:18:46.016+0200] {logging_mixin.py:188} INFO - [2024-06-14T00:18:46.016+0200] {dagbag.py:540} INFO - Filling up the DagBag from /home/hectorv/.local/lib/python3.10/site-packages/airflow/example_dags/example_display_name.py
[2024-06-14T00:18:46.019+0200] {processor.py:840} INFO - DAG(s) 'example_display_name' retrieved from /home/hectorv/.local/lib/python3.10/site-packages/airflow/example_dags/example_display_name.py
[2024-06-14T00:18:46.024+0200] {logging_mixin.py:188} INFO - [2024-06-14T00:18:46.024+0200] {dag.py:3096} INFO - Sync 1 DAGs
[2024-06-14T00:18:46.028+0200] {logging_mixin.py:188} INFO - [2024-06-14T00:18:46.027+0200] {dag.py:3954} INFO - Setting next_dagrun for example_display_name to None, run_after=None
[2024-06-14T00:18:46.042+0200] {processor.py:183} INFO - Processing /home/hectorv/.local/lib/python3.10/site-packages/airflow/example_dags/example_display_name.py took 0.031 seconds
[2024-06-14T00:20:10.868+0200] {processor.py:161} INFO - Started process (PID=4137) to work on /home/hectorv/.local/lib/python3.10/site-packages/airflow/example_dags/example_display_name.py
[2024-06-14T00:20:10.870+0200] {processor.py:830} INFO - Processing file /home/hectorv/.local/lib/python3.10/site-packages/airflow/example_dags/example_display_name.py for tasks to queue
[2024-06-14T00:20:10.870+0200] {logging_mixin.py:188} INFO - [2024-06-14T00:20:10.870+0200] {dagbag.py:540} INFO - Filling up the DagBag from /home/hectorv/.local/lib/python3.10/site-packages/airflow/example_dags/example_display_name.py
[2024-06-14T00:20:10.873+0200] {processor.py:840} INFO - DAG(s) 'example_display_name' retrieved from /home/hectorv/.local/lib/python3.10/site-packages/airflow/example_dags/example_display_name.py
[2024-06-14T00:20:10.878+0200] {logging_mixin.py:188} INFO - [2024-06-14T00:20:10.878+0200] {dag.py:3096} INFO - Sync 1 DAGs
[2024-06-14T00:20:10.882+0200] {logging_mixin.py:188} INFO - [2024-06-14T00:20:10.882+0200] {dag.py:3954} INFO - Setting next_dagrun for example_display_name to None, run_after=None
[2024-06-14T00:20:10.898+0200] {processor.py:183} INFO - Processing /home/hectorv/.local/lib/python3.10/site-packages/airflow/example_dags/example_display_name.py took 0.033 seconds
[2024-06-14T00:21:10.286+0200] {processor.py:161} INFO - Started process (PID=4215) to work on /home/hectorv/.local/lib/python3.10/site-packages/airflow/example_dags/example_display_name.py
[2024-06-14T00:21:10.288+0200] {processor.py:830} INFO - Processing file /home/hectorv/.local/lib/python3.10/site-packages/airflow/example_dags/example_display_name.py for tasks to queue
[2024-06-14T00:21:10.289+0200] {logging_mixin.py:188} INFO - [2024-06-14T00:21:10.288+0200] {dagbag.py:540} INFO - Filling up the DagBag from /home/hectorv/.local/lib/python3.10/site-packages/airflow/example_dags/example_display_name.py
[2024-06-14T00:21:10.291+0200] {processor.py:840} INFO - DAG(s) 'example_display_name' retrieved from /home/hectorv/.local/lib/python3.10/site-packages/airflow/example_dags/example_display_name.py
[2024-06-14T00:21:10.295+0200] {logging_mixin.py:188} INFO - [2024-06-14T00:21:10.295+0200] {dag.py:3096} INFO - Sync 1 DAGs
[2024-06-14T00:21:10.299+0200] {logging_mixin.py:188} INFO - [2024-06-14T00:21:10.299+0200] {dag.py:3954} INFO - Setting next_dagrun for example_display_name to None, run_after=None
[2024-06-14T00:21:10.314+0200] {processor.py:183} INFO - Processing /home/hectorv/.local/lib/python3.10/site-packages/airflow/example_dags/example_display_name.py took 0.030 seconds
[2024-06-14T00:21:57.117+0200] {processor.py:161} INFO - Started process (PID=4265) to work on /home/hectorv/.local/lib/python3.10/site-packages/airflow/example_dags/example_display_name.py
[2024-06-14T00:21:57.118+0200] {processor.py:830} INFO - Processing file /home/hectorv/.local/lib/python3.10/site-packages/airflow/example_dags/example_display_name.py for tasks to queue
[2024-06-14T00:21:57.118+0200] {logging_mixin.py:188} INFO - [2024-06-14T00:21:57.118+0200] {dagbag.py:540} INFO - Filling up the DagBag from /home/hectorv/.local/lib/python3.10/site-packages/airflow/example_dags/example_display_name.py
[2024-06-14T00:21:57.120+0200] {processor.py:840} INFO - DAG(s) 'example_display_name' retrieved from /home/hectorv/.local/lib/python3.10/site-packages/airflow/example_dags/example_display_name.py
[2024-06-14T00:21:57.126+0200] {logging_mixin.py:188} INFO - [2024-06-14T00:21:57.126+0200] {dag.py:3096} INFO - Sync 1 DAGs
[2024-06-14T00:21:57.130+0200] {logging_mixin.py:188} INFO - [2024-06-14T00:21:57.130+0200] {dag.py:3954} INFO - Setting next_dagrun for example_display_name to None, run_after=None
[2024-06-14T00:21:57.146+0200] {processor.py:183} INFO - Processing /home/hectorv/.local/lib/python3.10/site-packages/airflow/example_dags/example_display_name.py took 0.032 seconds
[2024-06-14T00:22:58.315+0200] {processor.py:161} INFO - Started process (PID=4329) to work on /home/hectorv/.local/lib/python3.10/site-packages/airflow/example_dags/example_display_name.py
[2024-06-14T00:22:58.316+0200] {processor.py:830} INFO - Processing file /home/hectorv/.local/lib/python3.10/site-packages/airflow/example_dags/example_display_name.py for tasks to queue
[2024-06-14T00:22:58.317+0200] {logging_mixin.py:188} INFO - [2024-06-14T00:22:58.317+0200] {dagbag.py:540} INFO - Filling up the DagBag from /home/hectorv/.local/lib/python3.10/site-packages/airflow/example_dags/example_display_name.py
[2024-06-14T00:22:58.319+0200] {processor.py:840} INFO - DAG(s) 'example_display_name' retrieved from /home/hectorv/.local/lib/python3.10/site-packages/airflow/example_dags/example_display_name.py
[2024-06-14T00:22:58.325+0200] {logging_mixin.py:188} INFO - [2024-06-14T00:22:58.324+0200] {dag.py:3096} INFO - Sync 1 DAGs
[2024-06-14T00:22:58.328+0200] {logging_mixin.py:188} INFO - [2024-06-14T00:22:58.328+0200] {dag.py:3954} INFO - Setting next_dagrun for example_display_name to None, run_after=None
[2024-06-14T00:22:58.384+0200] {processor.py:183} INFO - Processing /home/hectorv/.local/lib/python3.10/site-packages/airflow/example_dags/example_display_name.py took 0.071 seconds
[2024-06-14T00:23:55.525+0200] {processor.py:161} INFO - Started process (PID=4389) to work on /home/hectorv/.local/lib/python3.10/site-packages/airflow/example_dags/example_display_name.py
[2024-06-14T00:23:55.525+0200] {processor.py:830} INFO - Processing file /home/hectorv/.local/lib/python3.10/site-packages/airflow/example_dags/example_display_name.py for tasks to queue
[2024-06-14T00:23:55.526+0200] {logging_mixin.py:188} INFO - [2024-06-14T00:23:55.526+0200] {dagbag.py:540} INFO - Filling up the DagBag from /home/hectorv/.local/lib/python3.10/site-packages/airflow/example_dags/example_display_name.py
[2024-06-14T00:23:55.528+0200] {processor.py:840} INFO - DAG(s) 'example_display_name' retrieved from /home/hectorv/.local/lib/python3.10/site-packages/airflow/example_dags/example_display_name.py
[2024-06-14T00:23:55.533+0200] {logging_mixin.py:188} INFO - [2024-06-14T00:23:55.533+0200] {dag.py:3096} INFO - Sync 1 DAGs
[2024-06-14T00:23:55.537+0200] {logging_mixin.py:188} INFO - [2024-06-14T00:23:55.536+0200] {dag.py:3954} INFO - Setting next_dagrun for example_display_name to None, run_after=None
[2024-06-14T00:23:55.551+0200] {processor.py:183} INFO - Processing /home/hectorv/.local/lib/python3.10/site-packages/airflow/example_dags/example_display_name.py took 0.028 seconds
[2024-06-14T00:24:53.484+0200] {processor.py:161} INFO - Started process (PID=4451) to work on /home/hectorv/.local/lib/python3.10/site-packages/airflow/example_dags/example_display_name.py
[2024-06-14T00:24:53.486+0200] {processor.py:830} INFO - Processing file /home/hectorv/.local/lib/python3.10/site-packages/airflow/example_dags/example_display_name.py for tasks to queue
[2024-06-14T00:24:53.487+0200] {logging_mixin.py:188} INFO - [2024-06-14T00:24:53.487+0200] {dagbag.py:540} INFO - Filling up the DagBag from /home/hectorv/.local/lib/python3.10/site-packages/airflow/example_dags/example_display_name.py
[2024-06-14T00:24:53.489+0200] {processor.py:840} INFO - DAG(s) 'example_display_name' retrieved from /home/hectorv/.local/lib/python3.10/site-packages/airflow/example_dags/example_display_name.py
[2024-06-14T00:24:53.494+0200] {logging_mixin.py:188} INFO - [2024-06-14T00:24:53.494+0200] {dag.py:3096} INFO - Sync 1 DAGs
[2024-06-14T00:24:53.497+0200] {logging_mixin.py:188} INFO - [2024-06-14T00:24:53.497+0200] {dag.py:3954} INFO - Setting next_dagrun for example_display_name to None, run_after=None
[2024-06-14T00:24:53.513+0200] {processor.py:183} INFO - Processing /home/hectorv/.local/lib/python3.10/site-packages/airflow/example_dags/example_display_name.py took 0.031 seconds
[2024-06-14T00:48:47.465+0200] {processor.py:161} INFO - Started process (PID=4551) to work on /home/hectorv/.local/lib/python3.10/site-packages/airflow/example_dags/example_display_name.py
[2024-06-14T00:48:47.467+0200] {processor.py:830} INFO - Processing file /home/hectorv/.local/lib/python3.10/site-packages/airflow/example_dags/example_display_name.py for tasks to queue
[2024-06-14T00:48:47.468+0200] {logging_mixin.py:188} INFO - [2024-06-14T00:48:47.468+0200] {dagbag.py:540} INFO - Filling up the DagBag from /home/hectorv/.local/lib/python3.10/site-packages/airflow/example_dags/example_display_name.py
[2024-06-14T00:48:47.470+0200] {processor.py:840} INFO - DAG(s) 'example_display_name' retrieved from /home/hectorv/.local/lib/python3.10/site-packages/airflow/example_dags/example_display_name.py
[2024-06-14T00:48:47.473+0200] {logging_mixin.py:188} INFO - [2024-06-14T00:48:47.472+0200] {dag.py:3096} INFO - Sync 1 DAGs
[2024-06-14T00:48:47.476+0200] {logging_mixin.py:188} INFO - [2024-06-14T00:48:47.476+0200] {dag.py:3954} INFO - Setting next_dagrun for example_display_name to None, run_after=None
[2024-06-14T00:48:47.491+0200] {processor.py:183} INFO - Processing /home/hectorv/.local/lib/python3.10/site-packages/airflow/example_dags/example_display_name.py took 0.027 seconds
[2024-06-14T00:49:39.774+0200] {processor.py:161} INFO - Started process (PID=4602) to work on /home/hectorv/.local/lib/python3.10/site-packages/airflow/example_dags/example_display_name.py
[2024-06-14T00:49:39.784+0200] {processor.py:830} INFO - Processing file /home/hectorv/.local/lib/python3.10/site-packages/airflow/example_dags/example_display_name.py for tasks to queue
[2024-06-14T00:49:39.785+0200] {logging_mixin.py:188} INFO - [2024-06-14T00:49:39.785+0200] {dagbag.py:540} INFO - Filling up the DagBag from /home/hectorv/.local/lib/python3.10/site-packages/airflow/example_dags/example_display_name.py
[2024-06-14T00:49:39.787+0200] {processor.py:840} INFO - DAG(s) 'example_display_name' retrieved from /home/hectorv/.local/lib/python3.10/site-packages/airflow/example_dags/example_display_name.py
[2024-06-14T00:49:39.858+0200] {logging_mixin.py:188} INFO - [2024-06-14T00:49:39.858+0200] {dag.py:3096} INFO - Sync 1 DAGs
[2024-06-14T00:49:39.861+0200] {logging_mixin.py:188} INFO - [2024-06-14T00:49:39.861+0200] {dag.py:3954} INFO - Setting next_dagrun for example_display_name to None, run_after=None
[2024-06-14T00:49:39.912+0200] {processor.py:183} INFO - Processing /home/hectorv/.local/lib/python3.10/site-packages/airflow/example_dags/example_display_name.py took 0.140 seconds
[2024-06-14T00:50:28.644+0200] {processor.py:161} INFO - Started process (PID=4653) to work on /home/hectorv/.local/lib/python3.10/site-packages/airflow/example_dags/example_display_name.py
[2024-06-14T00:50:28.645+0200] {processor.py:830} INFO - Processing file /home/hectorv/.local/lib/python3.10/site-packages/airflow/example_dags/example_display_name.py for tasks to queue
[2024-06-14T00:50:28.645+0200] {logging_mixin.py:188} INFO - [2024-06-14T00:50:28.645+0200] {dagbag.py:540} INFO - Filling up the DagBag from /home/hectorv/.local/lib/python3.10/site-packages/airflow/example_dags/example_display_name.py
[2024-06-14T00:50:28.647+0200] {processor.py:840} INFO - DAG(s) 'example_display_name' retrieved from /home/hectorv/.local/lib/python3.10/site-packages/airflow/example_dags/example_display_name.py
[2024-06-14T00:50:28.700+0200] {logging_mixin.py:188} INFO - [2024-06-14T00:50:28.699+0200] {dag.py:3096} INFO - Sync 1 DAGs
[2024-06-14T00:50:28.703+0200] {logging_mixin.py:188} INFO - [2024-06-14T00:50:28.703+0200] {dag.py:3954} INFO - Setting next_dagrun for example_display_name to None, run_after=None
[2024-06-14T00:50:28.723+0200] {processor.py:183} INFO - Processing /home/hectorv/.local/lib/python3.10/site-packages/airflow/example_dags/example_display_name.py took 0.082 seconds
[2024-06-14T00:51:30.259+0200] {processor.py:161} INFO - Started process (PID=4747) to work on /home/hectorv/.local/lib/python3.10/site-packages/airflow/example_dags/example_display_name.py
[2024-06-14T00:51:30.260+0200] {processor.py:830} INFO - Processing file /home/hectorv/.local/lib/python3.10/site-packages/airflow/example_dags/example_display_name.py for tasks to queue
[2024-06-14T00:51:30.260+0200] {logging_mixin.py:188} INFO - [2024-06-14T00:51:30.260+0200] {dagbag.py:540} INFO - Filling up the DagBag from /home/hectorv/.local/lib/python3.10/site-packages/airflow/example_dags/example_display_name.py
[2024-06-14T00:51:30.263+0200] {processor.py:840} INFO - DAG(s) 'example_display_name' retrieved from /home/hectorv/.local/lib/python3.10/site-packages/airflow/example_dags/example_display_name.py
[2024-06-14T00:51:30.268+0200] {logging_mixin.py:188} INFO - [2024-06-14T00:51:30.268+0200] {dag.py:3096} INFO - Sync 1 DAGs
[2024-06-14T00:51:30.272+0200] {logging_mixin.py:188} INFO - [2024-06-14T00:51:30.272+0200] {dag.py:3954} INFO - Setting next_dagrun for example_display_name to None, run_after=None
[2024-06-14T00:51:30.288+0200] {processor.py:183} INFO - Processing /home/hectorv/.local/lib/python3.10/site-packages/airflow/example_dags/example_display_name.py took 0.031 seconds
[2024-06-14T00:52:25.176+0200] {processor.py:161} INFO - Started process (PID=4832) to work on /home/hectorv/.local/lib/python3.10/site-packages/airflow/example_dags/example_display_name.py
[2024-06-14T00:52:25.178+0200] {processor.py:830} INFO - Processing file /home/hectorv/.local/lib/python3.10/site-packages/airflow/example_dags/example_display_name.py for tasks to queue
[2024-06-14T00:52:25.179+0200] {logging_mixin.py:188} INFO - [2024-06-14T00:52:25.179+0200] {dagbag.py:540} INFO - Filling up the DagBag from /home/hectorv/.local/lib/python3.10/site-packages/airflow/example_dags/example_display_name.py
[2024-06-14T00:52:25.181+0200] {processor.py:840} INFO - DAG(s) 'example_display_name' retrieved from /home/hectorv/.local/lib/python3.10/site-packages/airflow/example_dags/example_display_name.py
[2024-06-14T00:52:25.186+0200] {logging_mixin.py:188} INFO - [2024-06-14T00:52:25.186+0200] {dag.py:3096} INFO - Sync 1 DAGs
[2024-06-14T00:52:25.189+0200] {logging_mixin.py:188} INFO - [2024-06-14T00:52:25.189+0200] {dag.py:3954} INFO - Setting next_dagrun for example_display_name to None, run_after=None
[2024-06-14T00:52:25.204+0200] {processor.py:183} INFO - Processing /home/hectorv/.local/lib/python3.10/site-packages/airflow/example_dags/example_display_name.py took 0.030 seconds
[2024-06-14T00:53:20.185+0200] {processor.py:161} INFO - Started process (PID=11564) to work on /home/hectorv/.local/lib/python3.10/site-packages/airflow/example_dags/example_display_name.py
[2024-06-14T00:53:20.186+0200] {processor.py:830} INFO - Processing file /home/hectorv/.local/lib/python3.10/site-packages/airflow/example_dags/example_display_name.py for tasks to queue
[2024-06-14T00:53:20.186+0200] {logging_mixin.py:188} INFO - [2024-06-14T00:53:20.186+0200] {dagbag.py:540} INFO - Filling up the DagBag from /home/hectorv/.local/lib/python3.10/site-packages/airflow/example_dags/example_display_name.py
[2024-06-14T00:53:20.188+0200] {processor.py:840} INFO - DAG(s) 'example_display_name' retrieved from /home/hectorv/.local/lib/python3.10/site-packages/airflow/example_dags/example_display_name.py
[2024-06-14T00:53:20.193+0200] {logging_mixin.py:188} INFO - [2024-06-14T00:53:20.193+0200] {dag.py:3096} INFO - Sync 1 DAGs
[2024-06-14T00:53:20.197+0200] {logging_mixin.py:188} INFO - [2024-06-14T00:53:20.197+0200] {dag.py:3954} INFO - Setting next_dagrun for example_display_name to None, run_after=None
[2024-06-14T00:53:20.212+0200] {processor.py:183} INFO - Processing /home/hectorv/.local/lib/python3.10/site-packages/airflow/example_dags/example_display_name.py took 0.029 seconds
[2024-06-14T00:54:14.301+0200] {processor.py:161} INFO - Started process (PID=11767) to work on /home/hectorv/.local/lib/python3.10/site-packages/airflow/example_dags/example_display_name.py
[2024-06-14T00:54:14.303+0200] {processor.py:830} INFO - Processing file /home/hectorv/.local/lib/python3.10/site-packages/airflow/example_dags/example_display_name.py for tasks to queue
[2024-06-14T00:54:14.303+0200] {logging_mixin.py:188} INFO - [2024-06-14T00:54:14.303+0200] {dagbag.py:540} INFO - Filling up the DagBag from /home/hectorv/.local/lib/python3.10/site-packages/airflow/example_dags/example_display_name.py
[2024-06-14T00:54:14.306+0200] {processor.py:840} INFO - DAG(s) 'example_display_name' retrieved from /home/hectorv/.local/lib/python3.10/site-packages/airflow/example_dags/example_display_name.py
[2024-06-14T00:54:14.313+0200] {logging_mixin.py:188} INFO - [2024-06-14T00:54:14.313+0200] {dag.py:3096} INFO - Sync 1 DAGs
[2024-06-14T00:54:14.317+0200] {logging_mixin.py:188} INFO - [2024-06-14T00:54:14.317+0200] {dag.py:3954} INFO - Setting next_dagrun for example_display_name to None, run_after=None
[2024-06-14T00:54:14.332+0200] {processor.py:183} INFO - Processing /home/hectorv/.local/lib/python3.10/site-packages/airflow/example_dags/example_display_name.py took 0.033 seconds
[2024-06-14T00:55:14.715+0200] {processor.py:161} INFO - Started process (PID=12065) to work on /home/hectorv/.local/lib/python3.10/site-packages/airflow/example_dags/example_display_name.py
[2024-06-14T00:55:14.717+0200] {processor.py:830} INFO - Processing file /home/hectorv/.local/lib/python3.10/site-packages/airflow/example_dags/example_display_name.py for tasks to queue
[2024-06-14T00:55:14.718+0200] {logging_mixin.py:188} INFO - [2024-06-14T00:55:14.718+0200] {dagbag.py:540} INFO - Filling up the DagBag from /home/hectorv/.local/lib/python3.10/site-packages/airflow/example_dags/example_display_name.py
[2024-06-14T00:55:14.720+0200] {processor.py:840} INFO - DAG(s) 'example_display_name' retrieved from /home/hectorv/.local/lib/python3.10/site-packages/airflow/example_dags/example_display_name.py
[2024-06-14T00:55:14.725+0200] {logging_mixin.py:188} INFO - [2024-06-14T00:55:14.725+0200] {dag.py:3096} INFO - Sync 1 DAGs
[2024-06-14T00:55:14.729+0200] {logging_mixin.py:188} INFO - [2024-06-14T00:55:14.729+0200] {dag.py:3954} INFO - Setting next_dagrun for example_display_name to None, run_after=None
[2024-06-14T00:55:14.744+0200] {processor.py:183} INFO - Processing /home/hectorv/.local/lib/python3.10/site-packages/airflow/example_dags/example_display_name.py took 0.031 seconds
[2024-06-14T00:56:15.119+0200] {processor.py:161} INFO - Started process (PID=15390) to work on /home/hectorv/.local/lib/python3.10/site-packages/airflow/example_dags/example_display_name.py
[2024-06-14T00:56:15.120+0200] {processor.py:830} INFO - Processing file /home/hectorv/.local/lib/python3.10/site-packages/airflow/example_dags/example_display_name.py for tasks to queue
[2024-06-14T00:56:15.120+0200] {logging_mixin.py:188} INFO - [2024-06-14T00:56:15.120+0200] {dagbag.py:540} INFO - Filling up the DagBag from /home/hectorv/.local/lib/python3.10/site-packages/airflow/example_dags/example_display_name.py
[2024-06-14T00:56:15.123+0200] {processor.py:840} INFO - DAG(s) 'example_display_name' retrieved from /home/hectorv/.local/lib/python3.10/site-packages/airflow/example_dags/example_display_name.py
[2024-06-14T00:56:15.128+0200] {logging_mixin.py:188} INFO - [2024-06-14T00:56:15.128+0200] {dag.py:3096} INFO - Sync 1 DAGs
[2024-06-14T00:56:15.131+0200] {logging_mixin.py:188} INFO - [2024-06-14T00:56:15.131+0200] {dag.py:3954} INFO - Setting next_dagrun for example_display_name to None, run_after=None
[2024-06-14T00:56:15.146+0200] {processor.py:183} INFO - Processing /home/hectorv/.local/lib/python3.10/site-packages/airflow/example_dags/example_display_name.py took 0.029 seconds
[2024-06-14T01:02:36.542+0200] {processor.py:161} INFO - Started process (PID=6168) to work on /home/hectorv/.local/lib/python3.10/site-packages/airflow/example_dags/example_display_name.py
[2024-06-14T01:02:36.543+0200] {processor.py:830} INFO - Processing file /home/hectorv/.local/lib/python3.10/site-packages/airflow/example_dags/example_display_name.py for tasks to queue
[2024-06-14T01:02:36.544+0200] {logging_mixin.py:188} INFO - [2024-06-14T01:02:36.544+0200] {dagbag.py:540} INFO - Filling up the DagBag from /home/hectorv/.local/lib/python3.10/site-packages/airflow/example_dags/example_display_name.py
[2024-06-14T01:02:36.546+0200] {processor.py:840} INFO - DAG(s) 'example_display_name' retrieved from /home/hectorv/.local/lib/python3.10/site-packages/airflow/example_dags/example_display_name.py
[2024-06-14T01:02:36.549+0200] {logging_mixin.py:188} INFO - [2024-06-14T01:02:36.549+0200] {dag.py:3096} INFO - Sync 1 DAGs
[2024-06-14T01:02:36.554+0200] {logging_mixin.py:188} INFO - [2024-06-14T01:02:36.554+0200] {dag.py:3954} INFO - Setting next_dagrun for example_display_name to None, run_after=None
[2024-06-14T01:02:36.570+0200] {processor.py:183} INFO - Processing /home/hectorv/.local/lib/python3.10/site-packages/airflow/example_dags/example_display_name.py took 0.030 seconds
[2024-06-14T01:03:28.442+0200] {processor.py:161} INFO - Started process (PID=6558) to work on /home/hectorv/.local/lib/python3.10/site-packages/airflow/example_dags/example_display_name.py
[2024-06-14T01:03:28.444+0200] {processor.py:830} INFO - Processing file /home/hectorv/.local/lib/python3.10/site-packages/airflow/example_dags/example_display_name.py for tasks to queue
[2024-06-14T01:03:28.445+0200] {logging_mixin.py:188} INFO - [2024-06-14T01:03:28.445+0200] {dagbag.py:540} INFO - Filling up the DagBag from /home/hectorv/.local/lib/python3.10/site-packages/airflow/example_dags/example_display_name.py
[2024-06-14T01:03:28.447+0200] {processor.py:840} INFO - DAG(s) 'example_display_name' retrieved from /home/hectorv/.local/lib/python3.10/site-packages/airflow/example_dags/example_display_name.py
[2024-06-14T01:03:28.519+0200] {logging_mixin.py:188} INFO - [2024-06-14T01:03:28.519+0200] {dag.py:3096} INFO - Sync 1 DAGs
[2024-06-14T01:03:28.522+0200] {logging_mixin.py:188} INFO - [2024-06-14T01:03:28.522+0200] {dag.py:3954} INFO - Setting next_dagrun for example_display_name to None, run_after=None
[2024-06-14T01:03:28.537+0200] {processor.py:183} INFO - Processing /home/hectorv/.local/lib/python3.10/site-packages/airflow/example_dags/example_display_name.py took 0.096 seconds
[2024-06-14T01:04:19.261+0200] {processor.py:161} INFO - Started process (PID=6949) to work on /home/hectorv/.local/lib/python3.10/site-packages/airflow/example_dags/example_display_name.py
[2024-06-14T01:04:19.263+0200] {processor.py:830} INFO - Processing file /home/hectorv/.local/lib/python3.10/site-packages/airflow/example_dags/example_display_name.py for tasks to queue
[2024-06-14T01:04:19.264+0200] {logging_mixin.py:188} INFO - [2024-06-14T01:04:19.264+0200] {dagbag.py:540} INFO - Filling up the DagBag from /home/hectorv/.local/lib/python3.10/site-packages/airflow/example_dags/example_display_name.py
[2024-06-14T01:04:19.266+0200] {processor.py:840} INFO - DAG(s) 'example_display_name' retrieved from /home/hectorv/.local/lib/python3.10/site-packages/airflow/example_dags/example_display_name.py
[2024-06-14T01:04:19.318+0200] {logging_mixin.py:188} INFO - [2024-06-14T01:04:19.318+0200] {dag.py:3096} INFO - Sync 1 DAGs
[2024-06-14T01:04:19.322+0200] {logging_mixin.py:188} INFO - [2024-06-14T01:04:19.322+0200] {dag.py:3954} INFO - Setting next_dagrun for example_display_name to None, run_after=None
[2024-06-14T01:04:19.337+0200] {processor.py:183} INFO - Processing /home/hectorv/.local/lib/python3.10/site-packages/airflow/example_dags/example_display_name.py took 0.078 seconds
