[2024-06-13T23:19:56.452+0200] {processor.py:161} INFO - Started process (PID=474) to work on /home/hectorv/.local/lib/python3.10/site-packages/airflow/example_dags/example_task_group.py
[2024-06-13T23:19:56.452+0200] {processor.py:830} INFO - Processing file /home/hectorv/.local/lib/python3.10/site-packages/airflow/example_dags/example_task_group.py for tasks to queue
[2024-06-13T23:19:56.453+0200] {logging_mixin.py:188} INFO - [2024-06-13T23:19:56.453+0200] {dagbag.py:540} INFO - Filling up the DagBag from /home/hectorv/.local/lib/python3.10/site-packages/airflow/example_dags/example_task_group.py
[2024-06-13T23:19:56.455+0200] {processor.py:840} INFO - DAG(s) 'example_task_group' retrieved from /home/hectorv/.local/lib/python3.10/site-packages/airflow/example_dags/example_task_group.py
[2024-06-13T23:19:56.506+0200] {logging_mixin.py:188} INFO - [2024-06-13T23:19:56.506+0200] {override.py:1829} INFO - Created Permission View: can delete on DAG:example_task_group
[2024-06-13T23:19:56.564+0200] {logging_mixin.py:188} INFO - [2024-06-13T23:19:56.564+0200] {override.py:1829} INFO - Created Permission View: can read on DAG:example_task_group
[2024-06-13T23:19:56.574+0200] {logging_mixin.py:188} INFO - [2024-06-13T23:19:56.574+0200] {override.py:1829} INFO - Created Permission View: can edit on DAG:example_task_group
[2024-06-13T23:19:56.574+0200] {logging_mixin.py:188} INFO - [2024-06-13T23:19:56.574+0200] {dag.py:3096} INFO - Sync 1 DAGs
[2024-06-13T23:19:56.578+0200] {logging_mixin.py:188} INFO - [2024-06-13T23:19:56.578+0200] {dag.py:3118} INFO - Creating ORM DAG for example_task_group
[2024-06-13T23:19:56.581+0200] {logging_mixin.py:188} INFO - [2024-06-13T23:19:56.581+0200] {dag.py:3954} INFO - Setting next_dagrun for example_task_group to 2024-06-12 00:00:00+00:00, run_after=2024-06-13 00:00:00+00:00
[2024-06-13T23:19:56.596+0200] {processor.py:183} INFO - Processing /home/hectorv/.local/lib/python3.10/site-packages/airflow/example_dags/example_task_group.py took 0.146 seconds
[2024-06-13T23:20:58.962+0200] {processor.py:161} INFO - Started process (PID=539) to work on /home/hectorv/.local/lib/python3.10/site-packages/airflow/example_dags/example_task_group.py
[2024-06-13T23:20:58.964+0200] {processor.py:830} INFO - Processing file /home/hectorv/.local/lib/python3.10/site-packages/airflow/example_dags/example_task_group.py for tasks to queue
[2024-06-13T23:20:58.964+0200] {logging_mixin.py:188} INFO - [2024-06-13T23:20:58.964+0200] {dagbag.py:540} INFO - Filling up the DagBag from /home/hectorv/.local/lib/python3.10/site-packages/airflow/example_dags/example_task_group.py
[2024-06-13T23:20:58.967+0200] {processor.py:840} INFO - DAG(s) 'example_task_group' retrieved from /home/hectorv/.local/lib/python3.10/site-packages/airflow/example_dags/example_task_group.py
[2024-06-13T23:20:58.972+0200] {logging_mixin.py:188} INFO - [2024-06-13T23:20:58.972+0200] {dag.py:3096} INFO - Sync 1 DAGs
[2024-06-13T23:20:59.022+0200] {logging_mixin.py:188} INFO - [2024-06-13T23:20:59.022+0200] {dag.py:3954} INFO - Setting next_dagrun for example_task_group to 2024-06-12 00:00:00+00:00, run_after=2024-06-13 00:00:00+00:00
[2024-06-13T23:20:59.042+0200] {processor.py:183} INFO - Processing /home/hectorv/.local/lib/python3.10/site-packages/airflow/example_dags/example_task_group.py took 0.082 seconds
[2024-06-13T23:21:57.088+0200] {processor.py:161} INFO - Started process (PID=599) to work on /home/hectorv/.local/lib/python3.10/site-packages/airflow/example_dags/example_task_group.py
[2024-06-13T23:21:57.089+0200] {processor.py:830} INFO - Processing file /home/hectorv/.local/lib/python3.10/site-packages/airflow/example_dags/example_task_group.py for tasks to queue
[2024-06-13T23:21:57.090+0200] {logging_mixin.py:188} INFO - [2024-06-13T23:21:57.089+0200] {dagbag.py:540} INFO - Filling up the DagBag from /home/hectorv/.local/lib/python3.10/site-packages/airflow/example_dags/example_task_group.py
[2024-06-13T23:21:57.092+0200] {processor.py:840} INFO - DAG(s) 'example_task_group' retrieved from /home/hectorv/.local/lib/python3.10/site-packages/airflow/example_dags/example_task_group.py
[2024-06-13T23:21:57.098+0200] {logging_mixin.py:188} INFO - [2024-06-13T23:21:57.098+0200] {dag.py:3096} INFO - Sync 1 DAGs
[2024-06-13T23:21:57.104+0200] {logging_mixin.py:188} INFO - [2024-06-13T23:21:57.104+0200] {dag.py:3954} INFO - Setting next_dagrun for example_task_group to 2024-06-12 00:00:00+00:00, run_after=2024-06-13 00:00:00+00:00
[2024-06-13T23:21:57.119+0200] {processor.py:183} INFO - Processing /home/hectorv/.local/lib/python3.10/site-packages/airflow/example_dags/example_task_group.py took 0.033 seconds
[2024-06-13T23:22:55.405+0200] {processor.py:161} INFO - Started process (PID=660) to work on /home/hectorv/.local/lib/python3.10/site-packages/airflow/example_dags/example_task_group.py
[2024-06-13T23:22:55.407+0200] {processor.py:830} INFO - Processing file /home/hectorv/.local/lib/python3.10/site-packages/airflow/example_dags/example_task_group.py for tasks to queue
[2024-06-13T23:22:55.408+0200] {logging_mixin.py:188} INFO - [2024-06-13T23:22:55.407+0200] {dagbag.py:540} INFO - Filling up the DagBag from /home/hectorv/.local/lib/python3.10/site-packages/airflow/example_dags/example_task_group.py
[2024-06-13T23:22:55.410+0200] {processor.py:840} INFO - DAG(s) 'example_task_group' retrieved from /home/hectorv/.local/lib/python3.10/site-packages/airflow/example_dags/example_task_group.py
[2024-06-13T23:22:55.416+0200] {logging_mixin.py:188} INFO - [2024-06-13T23:22:55.416+0200] {dag.py:3096} INFO - Sync 1 DAGs
[2024-06-13T23:22:55.422+0200] {logging_mixin.py:188} INFO - [2024-06-13T23:22:55.422+0200] {dag.py:3954} INFO - Setting next_dagrun for example_task_group to 2024-06-12 00:00:00+00:00, run_after=2024-06-13 00:00:00+00:00
[2024-06-13T23:22:55.437+0200] {processor.py:183} INFO - Processing /home/hectorv/.local/lib/python3.10/site-packages/airflow/example_dags/example_task_group.py took 0.033 seconds
[2024-06-13T23:23:53.155+0200] {processor.py:161} INFO - Started process (PID=721) to work on /home/hectorv/.local/lib/python3.10/site-packages/airflow/example_dags/example_task_group.py
[2024-06-13T23:23:53.156+0200] {processor.py:830} INFO - Processing file /home/hectorv/.local/lib/python3.10/site-packages/airflow/example_dags/example_task_group.py for tasks to queue
[2024-06-13T23:23:53.156+0200] {logging_mixin.py:188} INFO - [2024-06-13T23:23:53.156+0200] {dagbag.py:540} INFO - Filling up the DagBag from /home/hectorv/.local/lib/python3.10/site-packages/airflow/example_dags/example_task_group.py
[2024-06-13T23:23:53.159+0200] {processor.py:840} INFO - DAG(s) 'example_task_group' retrieved from /home/hectorv/.local/lib/python3.10/site-packages/airflow/example_dags/example_task_group.py
[2024-06-13T23:23:53.164+0200] {logging_mixin.py:188} INFO - [2024-06-13T23:23:53.164+0200] {dag.py:3096} INFO - Sync 1 DAGs
[2024-06-13T23:23:53.170+0200] {logging_mixin.py:188} INFO - [2024-06-13T23:23:53.170+0200] {dag.py:3954} INFO - Setting next_dagrun for example_task_group to 2024-06-12 00:00:00+00:00, run_after=2024-06-13 00:00:00+00:00
[2024-06-13T23:23:53.185+0200] {processor.py:183} INFO - Processing /home/hectorv/.local/lib/python3.10/site-packages/airflow/example_dags/example_task_group.py took 0.032 seconds
[2024-06-13T23:24:48.640+0200] {processor.py:161} INFO - Started process (PID=785) to work on /home/hectorv/.local/lib/python3.10/site-packages/airflow/example_dags/example_task_group.py
[2024-06-13T23:24:48.641+0200] {processor.py:830} INFO - Processing file /home/hectorv/.local/lib/python3.10/site-packages/airflow/example_dags/example_task_group.py for tasks to queue
[2024-06-13T23:24:48.641+0200] {logging_mixin.py:188} INFO - [2024-06-13T23:24:48.641+0200] {dagbag.py:540} INFO - Filling up the DagBag from /home/hectorv/.local/lib/python3.10/site-packages/airflow/example_dags/example_task_group.py
[2024-06-13T23:24:48.644+0200] {processor.py:840} INFO - DAG(s) 'example_task_group' retrieved from /home/hectorv/.local/lib/python3.10/site-packages/airflow/example_dags/example_task_group.py
[2024-06-13T23:24:48.650+0200] {logging_mixin.py:188} INFO - [2024-06-13T23:24:48.650+0200] {dag.py:3096} INFO - Sync 1 DAGs
[2024-06-13T23:24:48.657+0200] {logging_mixin.py:188} INFO - [2024-06-13T23:24:48.657+0200] {dag.py:3954} INFO - Setting next_dagrun for example_task_group to 2024-06-12 00:00:00+00:00, run_after=2024-06-13 00:00:00+00:00
[2024-06-13T23:24:48.674+0200] {processor.py:183} INFO - Processing /home/hectorv/.local/lib/python3.10/site-packages/airflow/example_dags/example_task_group.py took 0.036 seconds
[2024-06-13T23:25:41.744+0200] {processor.py:161} INFO - Started process (PID=842) to work on /home/hectorv/.local/lib/python3.10/site-packages/airflow/example_dags/example_task_group.py
[2024-06-13T23:25:41.746+0200] {processor.py:830} INFO - Processing file /home/hectorv/.local/lib/python3.10/site-packages/airflow/example_dags/example_task_group.py for tasks to queue
[2024-06-13T23:25:41.747+0200] {logging_mixin.py:188} INFO - [2024-06-13T23:25:41.747+0200] {dagbag.py:540} INFO - Filling up the DagBag from /home/hectorv/.local/lib/python3.10/site-packages/airflow/example_dags/example_task_group.py
[2024-06-13T23:25:41.749+0200] {processor.py:840} INFO - DAG(s) 'example_task_group' retrieved from /home/hectorv/.local/lib/python3.10/site-packages/airflow/example_dags/example_task_group.py
[2024-06-13T23:25:41.755+0200] {logging_mixin.py:188} INFO - [2024-06-13T23:25:41.755+0200] {dag.py:3096} INFO - Sync 1 DAGs
[2024-06-13T23:25:41.761+0200] {logging_mixin.py:188} INFO - [2024-06-13T23:25:41.761+0200] {dag.py:3954} INFO - Setting next_dagrun for example_task_group to 2024-06-12 00:00:00+00:00, run_after=2024-06-13 00:00:00+00:00
[2024-06-13T23:25:41.777+0200] {processor.py:183} INFO - Processing /home/hectorv/.local/lib/python3.10/site-packages/airflow/example_dags/example_task_group.py took 0.035 seconds
[2024-06-13T23:26:40.368+0200] {processor.py:161} INFO - Started process (PID=904) to work on /home/hectorv/.local/lib/python3.10/site-packages/airflow/example_dags/example_task_group.py
[2024-06-13T23:26:40.370+0200] {processor.py:830} INFO - Processing file /home/hectorv/.local/lib/python3.10/site-packages/airflow/example_dags/example_task_group.py for tasks to queue
[2024-06-13T23:26:40.370+0200] {logging_mixin.py:188} INFO - [2024-06-13T23:26:40.370+0200] {dagbag.py:540} INFO - Filling up the DagBag from /home/hectorv/.local/lib/python3.10/site-packages/airflow/example_dags/example_task_group.py
[2024-06-13T23:26:40.373+0200] {processor.py:840} INFO - DAG(s) 'example_task_group' retrieved from /home/hectorv/.local/lib/python3.10/site-packages/airflow/example_dags/example_task_group.py
[2024-06-13T23:26:40.379+0200] {logging_mixin.py:188} INFO - [2024-06-13T23:26:40.379+0200] {dag.py:3096} INFO - Sync 1 DAGs
[2024-06-13T23:26:40.385+0200] {logging_mixin.py:188} INFO - [2024-06-13T23:26:40.385+0200] {dag.py:3954} INFO - Setting next_dagrun for example_task_group to 2024-06-12 00:00:00+00:00, run_after=2024-06-13 00:00:00+00:00
[2024-06-13T23:26:40.400+0200] {processor.py:183} INFO - Processing /home/hectorv/.local/lib/python3.10/site-packages/airflow/example_dags/example_task_group.py took 0.034 seconds
[2024-06-13T23:27:37.875+0200] {processor.py:161} INFO - Started process (PID=963) to work on /home/hectorv/.local/lib/python3.10/site-packages/airflow/example_dags/example_task_group.py
[2024-06-13T23:27:37.877+0200] {processor.py:830} INFO - Processing file /home/hectorv/.local/lib/python3.10/site-packages/airflow/example_dags/example_task_group.py for tasks to queue
[2024-06-13T23:27:37.877+0200] {logging_mixin.py:188} INFO - [2024-06-13T23:27:37.877+0200] {dagbag.py:540} INFO - Filling up the DagBag from /home/hectorv/.local/lib/python3.10/site-packages/airflow/example_dags/example_task_group.py
[2024-06-13T23:27:37.880+0200] {processor.py:840} INFO - DAG(s) 'example_task_group' retrieved from /home/hectorv/.local/lib/python3.10/site-packages/airflow/example_dags/example_task_group.py
[2024-06-13T23:27:37.885+0200] {logging_mixin.py:188} INFO - [2024-06-13T23:27:37.885+0200] {dag.py:3096} INFO - Sync 1 DAGs
[2024-06-13T23:27:37.891+0200] {logging_mixin.py:188} INFO - [2024-06-13T23:27:37.891+0200] {dag.py:3954} INFO - Setting next_dagrun for example_task_group to 2024-06-12 00:00:00+00:00, run_after=2024-06-13 00:00:00+00:00
[2024-06-13T23:27:37.906+0200] {processor.py:183} INFO - Processing /home/hectorv/.local/lib/python3.10/site-packages/airflow/example_dags/example_task_group.py took 0.033 seconds
[2024-06-13T23:28:35.179+0200] {processor.py:161} INFO - Started process (PID=1024) to work on /home/hectorv/.local/lib/python3.10/site-packages/airflow/example_dags/example_task_group.py
[2024-06-13T23:28:35.181+0200] {processor.py:830} INFO - Processing file /home/hectorv/.local/lib/python3.10/site-packages/airflow/example_dags/example_task_group.py for tasks to queue
[2024-06-13T23:28:35.181+0200] {logging_mixin.py:188} INFO - [2024-06-13T23:28:35.181+0200] {dagbag.py:540} INFO - Filling up the DagBag from /home/hectorv/.local/lib/python3.10/site-packages/airflow/example_dags/example_task_group.py
[2024-06-13T23:28:35.184+0200] {processor.py:840} INFO - DAG(s) 'example_task_group' retrieved from /home/hectorv/.local/lib/python3.10/site-packages/airflow/example_dags/example_task_group.py
[2024-06-13T23:28:35.189+0200] {logging_mixin.py:188} INFO - [2024-06-13T23:28:35.189+0200] {dag.py:3096} INFO - Sync 1 DAGs
[2024-06-13T23:28:35.195+0200] {logging_mixin.py:188} INFO - [2024-06-13T23:28:35.195+0200] {dag.py:3954} INFO - Setting next_dagrun for example_task_group to 2024-06-12 00:00:00+00:00, run_after=2024-06-13 00:00:00+00:00
[2024-06-13T23:28:35.210+0200] {processor.py:183} INFO - Processing /home/hectorv/.local/lib/python3.10/site-packages/airflow/example_dags/example_task_group.py took 0.034 seconds
[2024-06-13T23:29:34.752+0200] {processor.py:161} INFO - Started process (PID=1165) to work on /home/hectorv/.local/lib/python3.10/site-packages/airflow/example_dags/example_task_group.py
[2024-06-13T23:29:34.754+0200] {processor.py:830} INFO - Processing file /home/hectorv/.local/lib/python3.10/site-packages/airflow/example_dags/example_task_group.py for tasks to queue
[2024-06-13T23:29:34.755+0200] {logging_mixin.py:188} INFO - [2024-06-13T23:29:34.754+0200] {dagbag.py:540} INFO - Filling up the DagBag from /home/hectorv/.local/lib/python3.10/site-packages/airflow/example_dags/example_task_group.py
[2024-06-13T23:29:34.757+0200] {processor.py:840} INFO - DAG(s) 'example_task_group' retrieved from /home/hectorv/.local/lib/python3.10/site-packages/airflow/example_dags/example_task_group.py
[2024-06-13T23:29:34.763+0200] {logging_mixin.py:188} INFO - [2024-06-13T23:29:34.763+0200] {dag.py:3096} INFO - Sync 1 DAGs
[2024-06-13T23:29:34.769+0200] {logging_mixin.py:188} INFO - [2024-06-13T23:29:34.769+0200] {dag.py:3954} INFO - Setting next_dagrun for example_task_group to 2024-06-12 00:00:00+00:00, run_after=2024-06-13 00:00:00+00:00
[2024-06-13T23:29:34.784+0200] {processor.py:183} INFO - Processing /home/hectorv/.local/lib/python3.10/site-packages/airflow/example_dags/example_task_group.py took 0.034 seconds
[2024-06-13T23:30:36.619+0200] {processor.py:161} INFO - Started process (PID=1228) to work on /home/hectorv/.local/lib/python3.10/site-packages/airflow/example_dags/example_task_group.py
[2024-06-13T23:30:36.620+0200] {processor.py:830} INFO - Processing file /home/hectorv/.local/lib/python3.10/site-packages/airflow/example_dags/example_task_group.py for tasks to queue
[2024-06-13T23:30:36.620+0200] {logging_mixin.py:188} INFO - [2024-06-13T23:30:36.620+0200] {dagbag.py:540} INFO - Filling up the DagBag from /home/hectorv/.local/lib/python3.10/site-packages/airflow/example_dags/example_task_group.py
[2024-06-13T23:30:36.623+0200] {processor.py:840} INFO - DAG(s) 'example_task_group' retrieved from /home/hectorv/.local/lib/python3.10/site-packages/airflow/example_dags/example_task_group.py
[2024-06-13T23:30:36.629+0200] {logging_mixin.py:188} INFO - [2024-06-13T23:30:36.629+0200] {dag.py:3096} INFO - Sync 1 DAGs
[2024-06-13T23:30:36.635+0200] {logging_mixin.py:188} INFO - [2024-06-13T23:30:36.635+0200] {dag.py:3954} INFO - Setting next_dagrun for example_task_group to 2024-06-12 00:00:00+00:00, run_after=2024-06-13 00:00:00+00:00
[2024-06-13T23:30:36.650+0200] {processor.py:183} INFO - Processing /home/hectorv/.local/lib/python3.10/site-packages/airflow/example_dags/example_task_group.py took 0.033 seconds
[2024-06-13T23:31:33.861+0200] {processor.py:161} INFO - Started process (PID=1289) to work on /home/hectorv/.local/lib/python3.10/site-packages/airflow/example_dags/example_task_group.py
[2024-06-13T23:31:33.863+0200] {processor.py:830} INFO - Processing file /home/hectorv/.local/lib/python3.10/site-packages/airflow/example_dags/example_task_group.py for tasks to queue
[2024-06-13T23:31:33.863+0200] {logging_mixin.py:188} INFO - [2024-06-13T23:31:33.863+0200] {dagbag.py:540} INFO - Filling up the DagBag from /home/hectorv/.local/lib/python3.10/site-packages/airflow/example_dags/example_task_group.py
[2024-06-13T23:31:33.866+0200] {processor.py:840} INFO - DAG(s) 'example_task_group' retrieved from /home/hectorv/.local/lib/python3.10/site-packages/airflow/example_dags/example_task_group.py
[2024-06-13T23:31:33.871+0200] {logging_mixin.py:188} INFO - [2024-06-13T23:31:33.871+0200] {dag.py:3096} INFO - Sync 1 DAGs
[2024-06-13T23:31:33.878+0200] {logging_mixin.py:188} INFO - [2024-06-13T23:31:33.877+0200] {dag.py:3954} INFO - Setting next_dagrun for example_task_group to 2024-06-12 00:00:00+00:00, run_after=2024-06-13 00:00:00+00:00
[2024-06-13T23:31:33.893+0200] {processor.py:183} INFO - Processing /home/hectorv/.local/lib/python3.10/site-packages/airflow/example_dags/example_task_group.py took 0.034 seconds
[2024-06-13T23:32:35.376+0200] {processor.py:161} INFO - Started process (PID=1352) to work on /home/hectorv/.local/lib/python3.10/site-packages/airflow/example_dags/example_task_group.py
[2024-06-13T23:32:35.377+0200] {processor.py:830} INFO - Processing file /home/hectorv/.local/lib/python3.10/site-packages/airflow/example_dags/example_task_group.py for tasks to queue
[2024-06-13T23:32:35.378+0200] {logging_mixin.py:188} INFO - [2024-06-13T23:32:35.378+0200] {dagbag.py:540} INFO - Filling up the DagBag from /home/hectorv/.local/lib/python3.10/site-packages/airflow/example_dags/example_task_group.py
[2024-06-13T23:32:35.380+0200] {processor.py:840} INFO - DAG(s) 'example_task_group' retrieved from /home/hectorv/.local/lib/python3.10/site-packages/airflow/example_dags/example_task_group.py
[2024-06-13T23:32:35.386+0200] {logging_mixin.py:188} INFO - [2024-06-13T23:32:35.386+0200] {dag.py:3096} INFO - Sync 1 DAGs
[2024-06-13T23:32:35.392+0200] {logging_mixin.py:188} INFO - [2024-06-13T23:32:35.392+0200] {dag.py:3954} INFO - Setting next_dagrun for example_task_group to 2024-06-12 00:00:00+00:00, run_after=2024-06-13 00:00:00+00:00
[2024-06-13T23:32:35.407+0200] {processor.py:183} INFO - Processing /home/hectorv/.local/lib/python3.10/site-packages/airflow/example_dags/example_task_group.py took 0.033 seconds
[2024-06-13T23:33:33.033+0200] {processor.py:161} INFO - Started process (PID=1416) to work on /home/hectorv/.local/lib/python3.10/site-packages/airflow/example_dags/example_task_group.py
[2024-06-13T23:33:33.034+0200] {processor.py:830} INFO - Processing file /home/hectorv/.local/lib/python3.10/site-packages/airflow/example_dags/example_task_group.py for tasks to queue
[2024-06-13T23:33:33.034+0200] {logging_mixin.py:188} INFO - [2024-06-13T23:33:33.034+0200] {dagbag.py:540} INFO - Filling up the DagBag from /home/hectorv/.local/lib/python3.10/site-packages/airflow/example_dags/example_task_group.py
[2024-06-13T23:33:33.037+0200] {processor.py:840} INFO - DAG(s) 'example_task_group' retrieved from /home/hectorv/.local/lib/python3.10/site-packages/airflow/example_dags/example_task_group.py
[2024-06-13T23:33:33.043+0200] {logging_mixin.py:188} INFO - [2024-06-13T23:33:33.043+0200] {dag.py:3096} INFO - Sync 1 DAGs
[2024-06-13T23:33:33.050+0200] {logging_mixin.py:188} INFO - [2024-06-13T23:33:33.050+0200] {dag.py:3954} INFO - Setting next_dagrun for example_task_group to 2024-06-12 00:00:00+00:00, run_after=2024-06-13 00:00:00+00:00
[2024-06-13T23:33:33.065+0200] {processor.py:183} INFO - Processing /home/hectorv/.local/lib/python3.10/site-packages/airflow/example_dags/example_task_group.py took 0.035 seconds
[2024-06-13T23:34:28.116+0200] {processor.py:161} INFO - Started process (PID=1482) to work on /home/hectorv/.local/lib/python3.10/site-packages/airflow/example_dags/example_task_group.py
[2024-06-13T23:34:28.118+0200] {processor.py:830} INFO - Processing file /home/hectorv/.local/lib/python3.10/site-packages/airflow/example_dags/example_task_group.py for tasks to queue
[2024-06-13T23:34:28.119+0200] {logging_mixin.py:188} INFO - [2024-06-13T23:34:28.119+0200] {dagbag.py:540} INFO - Filling up the DagBag from /home/hectorv/.local/lib/python3.10/site-packages/airflow/example_dags/example_task_group.py
[2024-06-13T23:34:28.121+0200] {processor.py:840} INFO - DAG(s) 'example_task_group' retrieved from /home/hectorv/.local/lib/python3.10/site-packages/airflow/example_dags/example_task_group.py
[2024-06-13T23:34:28.127+0200] {logging_mixin.py:188} INFO - [2024-06-13T23:34:28.127+0200] {dag.py:3096} INFO - Sync 1 DAGs
[2024-06-13T23:34:28.134+0200] {logging_mixin.py:188} INFO - [2024-06-13T23:34:28.134+0200] {dag.py:3954} INFO - Setting next_dagrun for example_task_group to 2024-06-12 00:00:00+00:00, run_after=2024-06-13 00:00:00+00:00
[2024-06-13T23:34:28.148+0200] {processor.py:183} INFO - Processing /home/hectorv/.local/lib/python3.10/site-packages/airflow/example_dags/example_task_group.py took 0.034 seconds
[2024-06-13T23:35:30.735+0200] {processor.py:161} INFO - Started process (PID=1547) to work on /home/hectorv/.local/lib/python3.10/site-packages/airflow/example_dags/example_task_group.py
[2024-06-13T23:35:30.737+0200] {processor.py:830} INFO - Processing file /home/hectorv/.local/lib/python3.10/site-packages/airflow/example_dags/example_task_group.py for tasks to queue
[2024-06-13T23:35:30.737+0200] {logging_mixin.py:188} INFO - [2024-06-13T23:35:30.737+0200] {dagbag.py:540} INFO - Filling up the DagBag from /home/hectorv/.local/lib/python3.10/site-packages/airflow/example_dags/example_task_group.py
[2024-06-13T23:35:30.740+0200] {processor.py:840} INFO - DAG(s) 'example_task_group' retrieved from /home/hectorv/.local/lib/python3.10/site-packages/airflow/example_dags/example_task_group.py
[2024-06-13T23:35:30.746+0200] {logging_mixin.py:188} INFO - [2024-06-13T23:35:30.746+0200] {dag.py:3096} INFO - Sync 1 DAGs
[2024-06-13T23:35:30.752+0200] {logging_mixin.py:188} INFO - [2024-06-13T23:35:30.752+0200] {dag.py:3954} INFO - Setting next_dagrun for example_task_group to 2024-06-12 00:00:00+00:00, run_after=2024-06-13 00:00:00+00:00
[2024-06-13T23:35:30.798+0200] {processor.py:183} INFO - Processing /home/hectorv/.local/lib/python3.10/site-packages/airflow/example_dags/example_task_group.py took 0.066 seconds
[2024-06-13T23:36:31.306+0200] {processor.py:161} INFO - Started process (PID=1610) to work on /home/hectorv/.local/lib/python3.10/site-packages/airflow/example_dags/example_task_group.py
[2024-06-13T23:36:31.307+0200] {processor.py:830} INFO - Processing file /home/hectorv/.local/lib/python3.10/site-packages/airflow/example_dags/example_task_group.py for tasks to queue
[2024-06-13T23:36:31.307+0200] {logging_mixin.py:188} INFO - [2024-06-13T23:36:31.307+0200] {dagbag.py:540} INFO - Filling up the DagBag from /home/hectorv/.local/lib/python3.10/site-packages/airflow/example_dags/example_task_group.py
[2024-06-13T23:36:31.310+0200] {processor.py:840} INFO - DAG(s) 'example_task_group' retrieved from /home/hectorv/.local/lib/python3.10/site-packages/airflow/example_dags/example_task_group.py
[2024-06-13T23:36:31.316+0200] {logging_mixin.py:188} INFO - [2024-06-13T23:36:31.316+0200] {dag.py:3096} INFO - Sync 1 DAGs
[2024-06-13T23:36:31.330+0200] {logging_mixin.py:188} INFO - [2024-06-13T23:36:31.330+0200] {dag.py:3954} INFO - Setting next_dagrun for example_task_group to 2024-06-12 00:00:00+00:00, run_after=2024-06-13 00:00:00+00:00
[2024-06-13T23:36:31.346+0200] {processor.py:183} INFO - Processing /home/hectorv/.local/lib/python3.10/site-packages/airflow/example_dags/example_task_group.py took 0.042 seconds
[2024-06-13T23:37:28.241+0200] {processor.py:161} INFO - Started process (PID=1670) to work on /home/hectorv/.local/lib/python3.10/site-packages/airflow/example_dags/example_task_group.py
[2024-06-13T23:37:28.241+0200] {processor.py:830} INFO - Processing file /home/hectorv/.local/lib/python3.10/site-packages/airflow/example_dags/example_task_group.py for tasks to queue
[2024-06-13T23:37:28.242+0200] {logging_mixin.py:188} INFO - [2024-06-13T23:37:28.242+0200] {dagbag.py:540} INFO - Filling up the DagBag from /home/hectorv/.local/lib/python3.10/site-packages/airflow/example_dags/example_task_group.py
[2024-06-13T23:37:28.245+0200] {processor.py:840} INFO - DAG(s) 'example_task_group' retrieved from /home/hectorv/.local/lib/python3.10/site-packages/airflow/example_dags/example_task_group.py
[2024-06-13T23:37:28.250+0200] {logging_mixin.py:188} INFO - [2024-06-13T23:37:28.250+0200] {dag.py:3096} INFO - Sync 1 DAGs
[2024-06-13T23:37:28.257+0200] {logging_mixin.py:188} INFO - [2024-06-13T23:37:28.256+0200] {dag.py:3954} INFO - Setting next_dagrun for example_task_group to 2024-06-12 00:00:00+00:00, run_after=2024-06-13 00:00:00+00:00
[2024-06-13T23:37:28.272+0200] {processor.py:183} INFO - Processing /home/hectorv/.local/lib/python3.10/site-packages/airflow/example_dags/example_task_group.py took 0.033 seconds
[2024-06-13T23:38:24.701+0200] {processor.py:161} INFO - Started process (PID=1730) to work on /home/hectorv/.local/lib/python3.10/site-packages/airflow/example_dags/example_task_group.py
[2024-06-13T23:38:24.701+0200] {processor.py:830} INFO - Processing file /home/hectorv/.local/lib/python3.10/site-packages/airflow/example_dags/example_task_group.py for tasks to queue
[2024-06-13T23:38:24.702+0200] {logging_mixin.py:188} INFO - [2024-06-13T23:38:24.702+0200] {dagbag.py:540} INFO - Filling up the DagBag from /home/hectorv/.local/lib/python3.10/site-packages/airflow/example_dags/example_task_group.py
[2024-06-13T23:38:24.704+0200] {processor.py:840} INFO - DAG(s) 'example_task_group' retrieved from /home/hectorv/.local/lib/python3.10/site-packages/airflow/example_dags/example_task_group.py
[2024-06-13T23:38:24.710+0200] {logging_mixin.py:188} INFO - [2024-06-13T23:38:24.710+0200] {dag.py:3096} INFO - Sync 1 DAGs
[2024-06-13T23:38:24.717+0200] {logging_mixin.py:188} INFO - [2024-06-13T23:38:24.717+0200] {dag.py:3954} INFO - Setting next_dagrun for example_task_group to 2024-06-12 00:00:00+00:00, run_after=2024-06-13 00:00:00+00:00
[2024-06-13T23:38:24.733+0200] {processor.py:183} INFO - Processing /home/hectorv/.local/lib/python3.10/site-packages/airflow/example_dags/example_task_group.py took 0.035 seconds
[2024-06-13T23:39:26.218+0200] {processor.py:161} INFO - Started process (PID=1793) to work on /home/hectorv/.local/lib/python3.10/site-packages/airflow/example_dags/example_task_group.py
[2024-06-13T23:39:26.219+0200] {processor.py:830} INFO - Processing file /home/hectorv/.local/lib/python3.10/site-packages/airflow/example_dags/example_task_group.py for tasks to queue
[2024-06-13T23:39:26.220+0200] {logging_mixin.py:188} INFO - [2024-06-13T23:39:26.220+0200] {dagbag.py:540} INFO - Filling up the DagBag from /home/hectorv/.local/lib/python3.10/site-packages/airflow/example_dags/example_task_group.py
[2024-06-13T23:39:26.223+0200] {processor.py:840} INFO - DAG(s) 'example_task_group' retrieved from /home/hectorv/.local/lib/python3.10/site-packages/airflow/example_dags/example_task_group.py
[2024-06-13T23:39:26.229+0200] {logging_mixin.py:188} INFO - [2024-06-13T23:39:26.229+0200] {dag.py:3096} INFO - Sync 1 DAGs
[2024-06-13T23:39:26.235+0200] {logging_mixin.py:188} INFO - [2024-06-13T23:39:26.235+0200] {dag.py:3954} INFO - Setting next_dagrun for example_task_group to 2024-06-12 00:00:00+00:00, run_after=2024-06-13 00:00:00+00:00
[2024-06-13T23:39:26.250+0200] {processor.py:183} INFO - Processing /home/hectorv/.local/lib/python3.10/site-packages/airflow/example_dags/example_task_group.py took 0.034 seconds
[2024-06-13T23:40:22.257+0200] {processor.py:161} INFO - Started process (PID=1853) to work on /home/hectorv/.local/lib/python3.10/site-packages/airflow/example_dags/example_task_group.py
[2024-06-13T23:40:22.262+0200] {processor.py:830} INFO - Processing file /home/hectorv/.local/lib/python3.10/site-packages/airflow/example_dags/example_task_group.py for tasks to queue
[2024-06-13T23:40:22.263+0200] {logging_mixin.py:188} INFO - [2024-06-13T23:40:22.262+0200] {dagbag.py:540} INFO - Filling up the DagBag from /home/hectorv/.local/lib/python3.10/site-packages/airflow/example_dags/example_task_group.py
[2024-06-13T23:40:22.265+0200] {processor.py:840} INFO - DAG(s) 'example_task_group' retrieved from /home/hectorv/.local/lib/python3.10/site-packages/airflow/example_dags/example_task_group.py
[2024-06-13T23:40:22.271+0200] {logging_mixin.py:188} INFO - [2024-06-13T23:40:22.271+0200] {dag.py:3096} INFO - Sync 1 DAGs
[2024-06-13T23:40:22.277+0200] {logging_mixin.py:188} INFO - [2024-06-13T23:40:22.277+0200] {dag.py:3954} INFO - Setting next_dagrun for example_task_group to 2024-06-12 00:00:00+00:00, run_after=2024-06-13 00:00:00+00:00
[2024-06-13T23:40:22.291+0200] {processor.py:183} INFO - Processing /home/hectorv/.local/lib/python3.10/site-packages/airflow/example_dags/example_task_group.py took 0.037 seconds
[2024-06-13T23:41:19.447+0200] {processor.py:161} INFO - Started process (PID=1912) to work on /home/hectorv/.local/lib/python3.10/site-packages/airflow/example_dags/example_task_group.py
[2024-06-13T23:41:19.450+0200] {processor.py:830} INFO - Processing file /home/hectorv/.local/lib/python3.10/site-packages/airflow/example_dags/example_task_group.py for tasks to queue
[2024-06-13T23:41:19.451+0200] {logging_mixin.py:188} INFO - [2024-06-13T23:41:19.450+0200] {dagbag.py:540} INFO - Filling up the DagBag from /home/hectorv/.local/lib/python3.10/site-packages/airflow/example_dags/example_task_group.py
[2024-06-13T23:41:19.453+0200] {processor.py:840} INFO - DAG(s) 'example_task_group' retrieved from /home/hectorv/.local/lib/python3.10/site-packages/airflow/example_dags/example_task_group.py
[2024-06-13T23:41:19.459+0200] {logging_mixin.py:188} INFO - [2024-06-13T23:41:19.459+0200] {dag.py:3096} INFO - Sync 1 DAGs
[2024-06-13T23:41:19.465+0200] {logging_mixin.py:188} INFO - [2024-06-13T23:41:19.465+0200] {dag.py:3954} INFO - Setting next_dagrun for example_task_group to 2024-06-12 00:00:00+00:00, run_after=2024-06-13 00:00:00+00:00
[2024-06-13T23:41:19.481+0200] {processor.py:183} INFO - Processing /home/hectorv/.local/lib/python3.10/site-packages/airflow/example_dags/example_task_group.py took 0.036 seconds
[2024-06-13T23:42:17.595+0200] {processor.py:161} INFO - Started process (PID=1973) to work on /home/hectorv/.local/lib/python3.10/site-packages/airflow/example_dags/example_task_group.py
[2024-06-13T23:42:17.596+0200] {processor.py:830} INFO - Processing file /home/hectorv/.local/lib/python3.10/site-packages/airflow/example_dags/example_task_group.py for tasks to queue
[2024-06-13T23:42:17.597+0200] {logging_mixin.py:188} INFO - [2024-06-13T23:42:17.597+0200] {dagbag.py:540} INFO - Filling up the DagBag from /home/hectorv/.local/lib/python3.10/site-packages/airflow/example_dags/example_task_group.py
[2024-06-13T23:42:17.599+0200] {processor.py:840} INFO - DAG(s) 'example_task_group' retrieved from /home/hectorv/.local/lib/python3.10/site-packages/airflow/example_dags/example_task_group.py
[2024-06-13T23:42:17.605+0200] {logging_mixin.py:188} INFO - [2024-06-13T23:42:17.604+0200] {dag.py:3096} INFO - Sync 1 DAGs
[2024-06-13T23:42:17.611+0200] {logging_mixin.py:188} INFO - [2024-06-13T23:42:17.611+0200] {dag.py:3954} INFO - Setting next_dagrun for example_task_group to 2024-06-12 00:00:00+00:00, run_after=2024-06-13 00:00:00+00:00
[2024-06-13T23:42:17.626+0200] {processor.py:183} INFO - Processing /home/hectorv/.local/lib/python3.10/site-packages/airflow/example_dags/example_task_group.py took 0.033 seconds
[2024-06-13T23:43:18.086+0200] {processor.py:161} INFO - Started process (PID=2036) to work on /home/hectorv/.local/lib/python3.10/site-packages/airflow/example_dags/example_task_group.py
[2024-06-13T23:43:18.087+0200] {processor.py:830} INFO - Processing file /home/hectorv/.local/lib/python3.10/site-packages/airflow/example_dags/example_task_group.py for tasks to queue
[2024-06-13T23:43:18.087+0200] {logging_mixin.py:188} INFO - [2024-06-13T23:43:18.087+0200] {dagbag.py:540} INFO - Filling up the DagBag from /home/hectorv/.local/lib/python3.10/site-packages/airflow/example_dags/example_task_group.py
[2024-06-13T23:43:18.089+0200] {processor.py:840} INFO - DAG(s) 'example_task_group' retrieved from /home/hectorv/.local/lib/python3.10/site-packages/airflow/example_dags/example_task_group.py
[2024-06-13T23:43:18.095+0200] {logging_mixin.py:188} INFO - [2024-06-13T23:43:18.095+0200] {dag.py:3096} INFO - Sync 1 DAGs
[2024-06-13T23:43:18.101+0200] {logging_mixin.py:188} INFO - [2024-06-13T23:43:18.101+0200] {dag.py:3954} INFO - Setting next_dagrun for example_task_group to 2024-06-12 00:00:00+00:00, run_after=2024-06-13 00:00:00+00:00
[2024-06-13T23:43:18.116+0200] {processor.py:183} INFO - Processing /home/hectorv/.local/lib/python3.10/site-packages/airflow/example_dags/example_task_group.py took 0.032 seconds
[2024-06-13T23:44:14.983+0200] {processor.py:161} INFO - Started process (PID=2095) to work on /home/hectorv/.local/lib/python3.10/site-packages/airflow/example_dags/example_task_group.py
[2024-06-13T23:44:14.984+0200] {processor.py:830} INFO - Processing file /home/hectorv/.local/lib/python3.10/site-packages/airflow/example_dags/example_task_group.py for tasks to queue
[2024-06-13T23:44:14.984+0200] {logging_mixin.py:188} INFO - [2024-06-13T23:44:14.984+0200] {dagbag.py:540} INFO - Filling up the DagBag from /home/hectorv/.local/lib/python3.10/site-packages/airflow/example_dags/example_task_group.py
[2024-06-13T23:44:14.987+0200] {processor.py:840} INFO - DAG(s) 'example_task_group' retrieved from /home/hectorv/.local/lib/python3.10/site-packages/airflow/example_dags/example_task_group.py
[2024-06-13T23:44:14.993+0200] {logging_mixin.py:188} INFO - [2024-06-13T23:44:14.992+0200] {dag.py:3096} INFO - Sync 1 DAGs
[2024-06-13T23:44:14.999+0200] {logging_mixin.py:188} INFO - [2024-06-13T23:44:14.999+0200] {dag.py:3954} INFO - Setting next_dagrun for example_task_group to 2024-06-12 00:00:00+00:00, run_after=2024-06-13 00:00:00+00:00
[2024-06-13T23:44:15.013+0200] {processor.py:183} INFO - Processing /home/hectorv/.local/lib/python3.10/site-packages/airflow/example_dags/example_task_group.py took 0.032 seconds
[2024-06-13T23:45:10.365+0200] {processor.py:161} INFO - Started process (PID=2155) to work on /home/hectorv/.local/lib/python3.10/site-packages/airflow/example_dags/example_task_group.py
[2024-06-13T23:45:10.366+0200] {processor.py:830} INFO - Processing file /home/hectorv/.local/lib/python3.10/site-packages/airflow/example_dags/example_task_group.py for tasks to queue
[2024-06-13T23:45:10.366+0200] {logging_mixin.py:188} INFO - [2024-06-13T23:45:10.366+0200] {dagbag.py:540} INFO - Filling up the DagBag from /home/hectorv/.local/lib/python3.10/site-packages/airflow/example_dags/example_task_group.py
[2024-06-13T23:45:10.369+0200] {processor.py:840} INFO - DAG(s) 'example_task_group' retrieved from /home/hectorv/.local/lib/python3.10/site-packages/airflow/example_dags/example_task_group.py
[2024-06-13T23:45:10.375+0200] {logging_mixin.py:188} INFO - [2024-06-13T23:45:10.375+0200] {dag.py:3096} INFO - Sync 1 DAGs
[2024-06-13T23:45:10.381+0200] {logging_mixin.py:188} INFO - [2024-06-13T23:45:10.381+0200] {dag.py:3954} INFO - Setting next_dagrun for example_task_group to 2024-06-12 00:00:00+00:00, run_after=2024-06-13 00:00:00+00:00
[2024-06-13T23:45:10.397+0200] {processor.py:183} INFO - Processing /home/hectorv/.local/lib/python3.10/site-packages/airflow/example_dags/example_task_group.py took 0.034 seconds
[2024-06-13T23:46:11.613+0200] {processor.py:161} INFO - Started process (PID=2217) to work on /home/hectorv/.local/lib/python3.10/site-packages/airflow/example_dags/example_task_group.py
[2024-06-13T23:46:11.615+0200] {processor.py:830} INFO - Processing file /home/hectorv/.local/lib/python3.10/site-packages/airflow/example_dags/example_task_group.py for tasks to queue
[2024-06-13T23:46:11.616+0200] {logging_mixin.py:188} INFO - [2024-06-13T23:46:11.616+0200] {dagbag.py:540} INFO - Filling up the DagBag from /home/hectorv/.local/lib/python3.10/site-packages/airflow/example_dags/example_task_group.py
[2024-06-13T23:46:11.619+0200] {processor.py:840} INFO - DAG(s) 'example_task_group' retrieved from /home/hectorv/.local/lib/python3.10/site-packages/airflow/example_dags/example_task_group.py
[2024-06-13T23:46:11.624+0200] {logging_mixin.py:188} INFO - [2024-06-13T23:46:11.624+0200] {dag.py:3096} INFO - Sync 1 DAGs
[2024-06-13T23:46:11.630+0200] {logging_mixin.py:188} INFO - [2024-06-13T23:46:11.630+0200] {dag.py:3954} INFO - Setting next_dagrun for example_task_group to 2024-06-12 00:00:00+00:00, run_after=2024-06-13 00:00:00+00:00
[2024-06-13T23:46:11.681+0200] {processor.py:183} INFO - Processing /home/hectorv/.local/lib/python3.10/site-packages/airflow/example_dags/example_task_group.py took 0.071 seconds
[2024-06-13T23:47:10.147+0200] {processor.py:161} INFO - Started process (PID=2278) to work on /home/hectorv/.local/lib/python3.10/site-packages/airflow/example_dags/example_task_group.py
[2024-06-13T23:47:10.149+0200] {processor.py:830} INFO - Processing file /home/hectorv/.local/lib/python3.10/site-packages/airflow/example_dags/example_task_group.py for tasks to queue
[2024-06-13T23:47:10.150+0200] {logging_mixin.py:188} INFO - [2024-06-13T23:47:10.150+0200] {dagbag.py:540} INFO - Filling up the DagBag from /home/hectorv/.local/lib/python3.10/site-packages/airflow/example_dags/example_task_group.py
[2024-06-13T23:47:10.152+0200] {processor.py:840} INFO - DAG(s) 'example_task_group' retrieved from /home/hectorv/.local/lib/python3.10/site-packages/airflow/example_dags/example_task_group.py
[2024-06-13T23:47:10.158+0200] {logging_mixin.py:188} INFO - [2024-06-13T23:47:10.158+0200] {dag.py:3096} INFO - Sync 1 DAGs
[2024-06-13T23:47:10.164+0200] {logging_mixin.py:188} INFO - [2024-06-13T23:47:10.164+0200] {dag.py:3954} INFO - Setting next_dagrun for example_task_group to 2024-06-12 00:00:00+00:00, run_after=2024-06-13 00:00:00+00:00
[2024-06-13T23:47:10.179+0200] {processor.py:183} INFO - Processing /home/hectorv/.local/lib/python3.10/site-packages/airflow/example_dags/example_task_group.py took 0.033 seconds
[2024-06-13T23:48:07.763+0200] {processor.py:161} INFO - Started process (PID=2339) to work on /home/hectorv/.local/lib/python3.10/site-packages/airflow/example_dags/example_task_group.py
[2024-06-13T23:48:07.764+0200] {processor.py:830} INFO - Processing file /home/hectorv/.local/lib/python3.10/site-packages/airflow/example_dags/example_task_group.py for tasks to queue
[2024-06-13T23:48:07.765+0200] {logging_mixin.py:188} INFO - [2024-06-13T23:48:07.765+0200] {dagbag.py:540} INFO - Filling up the DagBag from /home/hectorv/.local/lib/python3.10/site-packages/airflow/example_dags/example_task_group.py
[2024-06-13T23:48:07.767+0200] {processor.py:840} INFO - DAG(s) 'example_task_group' retrieved from /home/hectorv/.local/lib/python3.10/site-packages/airflow/example_dags/example_task_group.py
[2024-06-13T23:48:07.773+0200] {logging_mixin.py:188} INFO - [2024-06-13T23:48:07.773+0200] {dag.py:3096} INFO - Sync 1 DAGs
[2024-06-13T23:48:07.779+0200] {logging_mixin.py:188} INFO - [2024-06-13T23:48:07.779+0200] {dag.py:3954} INFO - Setting next_dagrun for example_task_group to 2024-06-12 00:00:00+00:00, run_after=2024-06-13 00:00:00+00:00
[2024-06-13T23:48:07.793+0200] {processor.py:183} INFO - Processing /home/hectorv/.local/lib/python3.10/site-packages/airflow/example_dags/example_task_group.py took 0.032 seconds
[2024-06-13T23:49:03.908+0200] {processor.py:161} INFO - Started process (PID=2399) to work on /home/hectorv/.local/lib/python3.10/site-packages/airflow/example_dags/example_task_group.py
[2024-06-13T23:49:03.910+0200] {processor.py:830} INFO - Processing file /home/hectorv/.local/lib/python3.10/site-packages/airflow/example_dags/example_task_group.py for tasks to queue
[2024-06-13T23:49:03.910+0200] {logging_mixin.py:188} INFO - [2024-06-13T23:49:03.910+0200] {dagbag.py:540} INFO - Filling up the DagBag from /home/hectorv/.local/lib/python3.10/site-packages/airflow/example_dags/example_task_group.py
[2024-06-13T23:49:03.913+0200] {processor.py:840} INFO - DAG(s) 'example_task_group' retrieved from /home/hectorv/.local/lib/python3.10/site-packages/airflow/example_dags/example_task_group.py
[2024-06-13T23:49:03.918+0200] {logging_mixin.py:188} INFO - [2024-06-13T23:49:03.918+0200] {dag.py:3096} INFO - Sync 1 DAGs
[2024-06-13T23:49:03.924+0200] {logging_mixin.py:188} INFO - [2024-06-13T23:49:03.924+0200] {dag.py:3954} INFO - Setting next_dagrun for example_task_group to 2024-06-12 00:00:00+00:00, run_after=2024-06-13 00:00:00+00:00
[2024-06-13T23:49:03.939+0200] {processor.py:183} INFO - Processing /home/hectorv/.local/lib/python3.10/site-packages/airflow/example_dags/example_task_group.py took 0.033 seconds
[2024-06-13T23:55:49.617+0200] {processor.py:161} INFO - Started process (PID=2486) to work on /home/hectorv/.local/lib/python3.10/site-packages/airflow/example_dags/example_task_group.py
[2024-06-13T23:55:49.618+0200] {processor.py:830} INFO - Processing file /home/hectorv/.local/lib/python3.10/site-packages/airflow/example_dags/example_task_group.py for tasks to queue
[2024-06-13T23:55:49.619+0200] {logging_mixin.py:188} INFO - [2024-06-13T23:55:49.618+0200] {dagbag.py:540} INFO - Filling up the DagBag from /home/hectorv/.local/lib/python3.10/site-packages/airflow/example_dags/example_task_group.py
[2024-06-13T23:55:49.621+0200] {processor.py:840} INFO - DAG(s) 'example_task_group' retrieved from /home/hectorv/.local/lib/python3.10/site-packages/airflow/example_dags/example_task_group.py
[2024-06-13T23:55:49.626+0200] {logging_mixin.py:188} INFO - [2024-06-13T23:55:49.626+0200] {dag.py:3096} INFO - Sync 1 DAGs
[2024-06-13T23:55:49.633+0200] {logging_mixin.py:188} INFO - [2024-06-13T23:55:49.633+0200] {dag.py:3954} INFO - Setting next_dagrun for example_task_group to 2024-06-12 00:00:00+00:00, run_after=2024-06-13 00:00:00+00:00
[2024-06-13T23:55:49.647+0200] {processor.py:183} INFO - Processing /home/hectorv/.local/lib/python3.10/site-packages/airflow/example_dags/example_task_group.py took 0.032 seconds
[2024-06-13T23:56:47.251+0200] {processor.py:161} INFO - Started process (PID=2547) to work on /home/hectorv/.local/lib/python3.10/site-packages/airflow/example_dags/example_task_group.py
[2024-06-13T23:56:47.253+0200] {processor.py:830} INFO - Processing file /home/hectorv/.local/lib/python3.10/site-packages/airflow/example_dags/example_task_group.py for tasks to queue
[2024-06-13T23:56:47.253+0200] {logging_mixin.py:188} INFO - [2024-06-13T23:56:47.253+0200] {dagbag.py:540} INFO - Filling up the DagBag from /home/hectorv/.local/lib/python3.10/site-packages/airflow/example_dags/example_task_group.py
[2024-06-13T23:56:47.256+0200] {processor.py:840} INFO - DAG(s) 'example_task_group' retrieved from /home/hectorv/.local/lib/python3.10/site-packages/airflow/example_dags/example_task_group.py
[2024-06-13T23:56:47.262+0200] {logging_mixin.py:188} INFO - [2024-06-13T23:56:47.262+0200] {dag.py:3096} INFO - Sync 1 DAGs
[2024-06-13T23:56:47.268+0200] {logging_mixin.py:188} INFO - [2024-06-13T23:56:47.268+0200] {dag.py:3954} INFO - Setting next_dagrun for example_task_group to 2024-06-12 00:00:00+00:00, run_after=2024-06-13 00:00:00+00:00
[2024-06-13T23:56:47.283+0200] {processor.py:183} INFO - Processing /home/hectorv/.local/lib/python3.10/site-packages/airflow/example_dags/example_task_group.py took 0.034 seconds
[2024-06-13T23:57:45.690+0200] {processor.py:161} INFO - Started process (PID=2607) to work on /home/hectorv/.local/lib/python3.10/site-packages/airflow/example_dags/example_task_group.py
[2024-06-13T23:57:45.692+0200] {processor.py:830} INFO - Processing file /home/hectorv/.local/lib/python3.10/site-packages/airflow/example_dags/example_task_group.py for tasks to queue
[2024-06-13T23:57:45.692+0200] {logging_mixin.py:188} INFO - [2024-06-13T23:57:45.692+0200] {dagbag.py:540} INFO - Filling up the DagBag from /home/hectorv/.local/lib/python3.10/site-packages/airflow/example_dags/example_task_group.py
[2024-06-13T23:57:45.695+0200] {processor.py:840} INFO - DAG(s) 'example_task_group' retrieved from /home/hectorv/.local/lib/python3.10/site-packages/airflow/example_dags/example_task_group.py
[2024-06-13T23:57:45.700+0200] {logging_mixin.py:188} INFO - [2024-06-13T23:57:45.700+0200] {dag.py:3096} INFO - Sync 1 DAGs
[2024-06-13T23:57:45.707+0200] {logging_mixin.py:188} INFO - [2024-06-13T23:57:45.707+0200] {dag.py:3954} INFO - Setting next_dagrun for example_task_group to 2024-06-12 00:00:00+00:00, run_after=2024-06-13 00:00:00+00:00
[2024-06-13T23:57:45.721+0200] {processor.py:183} INFO - Processing /home/hectorv/.local/lib/python3.10/site-packages/airflow/example_dags/example_task_group.py took 0.034 seconds
[2024-06-13T23:58:44.178+0200] {processor.py:161} INFO - Started process (PID=2668) to work on /home/hectorv/.local/lib/python3.10/site-packages/airflow/example_dags/example_task_group.py
[2024-06-13T23:58:44.182+0200] {processor.py:830} INFO - Processing file /home/hectorv/.local/lib/python3.10/site-packages/airflow/example_dags/example_task_group.py for tasks to queue
[2024-06-13T23:58:44.182+0200] {logging_mixin.py:188} INFO - [2024-06-13T23:58:44.182+0200] {dagbag.py:540} INFO - Filling up the DagBag from /home/hectorv/.local/lib/python3.10/site-packages/airflow/example_dags/example_task_group.py
[2024-06-13T23:58:44.185+0200] {processor.py:840} INFO - DAG(s) 'example_task_group' retrieved from /home/hectorv/.local/lib/python3.10/site-packages/airflow/example_dags/example_task_group.py
[2024-06-13T23:58:44.190+0200] {logging_mixin.py:188} INFO - [2024-06-13T23:58:44.190+0200] {dag.py:3096} INFO - Sync 1 DAGs
[2024-06-13T23:58:44.197+0200] {logging_mixin.py:188} INFO - [2024-06-13T23:58:44.196+0200] {dag.py:3954} INFO - Setting next_dagrun for example_task_group to 2024-06-12 00:00:00+00:00, run_after=2024-06-13 00:00:00+00:00
[2024-06-13T23:58:44.240+0200] {processor.py:183} INFO - Processing /home/hectorv/.local/lib/python3.10/site-packages/airflow/example_dags/example_task_group.py took 0.064 seconds
[2024-06-13T23:59:40.265+0200] {processor.py:161} INFO - Started process (PID=2726) to work on /home/hectorv/.local/lib/python3.10/site-packages/airflow/example_dags/example_task_group.py
[2024-06-13T23:59:40.267+0200] {processor.py:830} INFO - Processing file /home/hectorv/.local/lib/python3.10/site-packages/airflow/example_dags/example_task_group.py for tasks to queue
[2024-06-13T23:59:40.267+0200] {logging_mixin.py:188} INFO - [2024-06-13T23:59:40.267+0200] {dagbag.py:540} INFO - Filling up the DagBag from /home/hectorv/.local/lib/python3.10/site-packages/airflow/example_dags/example_task_group.py
[2024-06-13T23:59:40.270+0200] {processor.py:840} INFO - DAG(s) 'example_task_group' retrieved from /home/hectorv/.local/lib/python3.10/site-packages/airflow/example_dags/example_task_group.py
[2024-06-13T23:59:40.276+0200] {logging_mixin.py:188} INFO - [2024-06-13T23:59:40.276+0200] {dag.py:3096} INFO - Sync 1 DAGs
[2024-06-13T23:59:40.282+0200] {logging_mixin.py:188} INFO - [2024-06-13T23:59:40.282+0200] {dag.py:3954} INFO - Setting next_dagrun for example_task_group to 2024-06-12 00:00:00+00:00, run_after=2024-06-13 00:00:00+00:00
[2024-06-13T23:59:40.298+0200] {processor.py:183} INFO - Processing /home/hectorv/.local/lib/python3.10/site-packages/airflow/example_dags/example_task_group.py took 0.035 seconds
[2024-06-14T00:00:32.941+0200] {processor.py:161} INFO - Started process (PID=2841) to work on /home/hectorv/.local/lib/python3.10/site-packages/airflow/example_dags/example_task_group.py
[2024-06-14T00:00:32.943+0200] {processor.py:830} INFO - Processing file /home/hectorv/.local/lib/python3.10/site-packages/airflow/example_dags/example_task_group.py for tasks to queue
[2024-06-14T00:00:32.944+0200] {logging_mixin.py:188} INFO - [2024-06-14T00:00:32.944+0200] {dagbag.py:540} INFO - Filling up the DagBag from /home/hectorv/.local/lib/python3.10/site-packages/airflow/example_dags/example_task_group.py
[2024-06-14T00:00:32.946+0200] {processor.py:840} INFO - DAG(s) 'example_task_group' retrieved from /home/hectorv/.local/lib/python3.10/site-packages/airflow/example_dags/example_task_group.py
[2024-06-14T00:00:32.952+0200] {logging_mixin.py:188} INFO - [2024-06-14T00:00:32.952+0200] {dag.py:3096} INFO - Sync 1 DAGs
[2024-06-14T00:00:32.958+0200] {logging_mixin.py:188} INFO - [2024-06-14T00:00:32.958+0200] {dag.py:3954} INFO - Setting next_dagrun for example_task_group to 2024-06-12 00:00:00+00:00, run_after=2024-06-13 00:00:00+00:00
[2024-06-14T00:00:32.973+0200] {processor.py:183} INFO - Processing /home/hectorv/.local/lib/python3.10/site-packages/airflow/example_dags/example_task_group.py took 0.033 seconds
[2024-06-14T00:01:28.571+0200] {processor.py:161} INFO - Started process (PID=2899) to work on /home/hectorv/.local/lib/python3.10/site-packages/airflow/example_dags/example_task_group.py
[2024-06-14T00:01:28.573+0200] {processor.py:830} INFO - Processing file /home/hectorv/.local/lib/python3.10/site-packages/airflow/example_dags/example_task_group.py for tasks to queue
[2024-06-14T00:01:28.574+0200] {logging_mixin.py:188} INFO - [2024-06-14T00:01:28.574+0200] {dagbag.py:540} INFO - Filling up the DagBag from /home/hectorv/.local/lib/python3.10/site-packages/airflow/example_dags/example_task_group.py
[2024-06-14T00:01:28.576+0200] {processor.py:840} INFO - DAG(s) 'example_task_group' retrieved from /home/hectorv/.local/lib/python3.10/site-packages/airflow/example_dags/example_task_group.py
[2024-06-14T00:01:28.582+0200] {logging_mixin.py:188} INFO - [2024-06-14T00:01:28.582+0200] {dag.py:3096} INFO - Sync 1 DAGs
[2024-06-14T00:01:28.588+0200] {logging_mixin.py:188} INFO - [2024-06-14T00:01:28.588+0200] {dag.py:3954} INFO - Setting next_dagrun for example_task_group to 2024-06-12 00:00:00+00:00, run_after=2024-06-13 00:00:00+00:00
[2024-06-14T00:01:28.603+0200] {processor.py:183} INFO - Processing /home/hectorv/.local/lib/python3.10/site-packages/airflow/example_dags/example_task_group.py took 0.034 seconds
[2024-06-14T00:02:26.135+0200] {processor.py:161} INFO - Started process (PID=2960) to work on /home/hectorv/.local/lib/python3.10/site-packages/airflow/example_dags/example_task_group.py
[2024-06-14T00:02:26.137+0200] {processor.py:830} INFO - Processing file /home/hectorv/.local/lib/python3.10/site-packages/airflow/example_dags/example_task_group.py for tasks to queue
[2024-06-14T00:02:26.137+0200] {logging_mixin.py:188} INFO - [2024-06-14T00:02:26.137+0200] {dagbag.py:540} INFO - Filling up the DagBag from /home/hectorv/.local/lib/python3.10/site-packages/airflow/example_dags/example_task_group.py
[2024-06-14T00:02:26.140+0200] {processor.py:840} INFO - DAG(s) 'example_task_group' retrieved from /home/hectorv/.local/lib/python3.10/site-packages/airflow/example_dags/example_task_group.py
[2024-06-14T00:02:26.146+0200] {logging_mixin.py:188} INFO - [2024-06-14T00:02:26.145+0200] {dag.py:3096} INFO - Sync 1 DAGs
[2024-06-14T00:02:26.152+0200] {logging_mixin.py:188} INFO - [2024-06-14T00:02:26.152+0200] {dag.py:3954} INFO - Setting next_dagrun for example_task_group to 2024-06-12 00:00:00+00:00, run_after=2024-06-13 00:00:00+00:00
[2024-06-14T00:02:26.166+0200] {processor.py:183} INFO - Processing /home/hectorv/.local/lib/python3.10/site-packages/airflow/example_dags/example_task_group.py took 0.033 seconds
[2024-06-14T00:03:21.461+0200] {processor.py:161} INFO - Started process (PID=3019) to work on /home/hectorv/.local/lib/python3.10/site-packages/airflow/example_dags/example_task_group.py
[2024-06-14T00:03:21.463+0200] {processor.py:830} INFO - Processing file /home/hectorv/.local/lib/python3.10/site-packages/airflow/example_dags/example_task_group.py for tasks to queue
[2024-06-14T00:03:21.463+0200] {logging_mixin.py:188} INFO - [2024-06-14T00:03:21.463+0200] {dagbag.py:540} INFO - Filling up the DagBag from /home/hectorv/.local/lib/python3.10/site-packages/airflow/example_dags/example_task_group.py
[2024-06-14T00:03:21.466+0200] {processor.py:840} INFO - DAG(s) 'example_task_group' retrieved from /home/hectorv/.local/lib/python3.10/site-packages/airflow/example_dags/example_task_group.py
[2024-06-14T00:03:21.472+0200] {logging_mixin.py:188} INFO - [2024-06-14T00:03:21.472+0200] {dag.py:3096} INFO - Sync 1 DAGs
[2024-06-14T00:03:21.478+0200] {logging_mixin.py:188} INFO - [2024-06-14T00:03:21.478+0200] {dag.py:3954} INFO - Setting next_dagrun for example_task_group to 2024-06-12 00:00:00+00:00, run_after=2024-06-13 00:00:00+00:00
[2024-06-14T00:03:21.492+0200] {processor.py:183} INFO - Processing /home/hectorv/.local/lib/python3.10/site-packages/airflow/example_dags/example_task_group.py took 0.034 seconds
[2024-06-14T00:04:14.600+0200] {processor.py:161} INFO - Started process (PID=3076) to work on /home/hectorv/.local/lib/python3.10/site-packages/airflow/example_dags/example_task_group.py
[2024-06-14T00:04:14.606+0200] {processor.py:830} INFO - Processing file /home/hectorv/.local/lib/python3.10/site-packages/airflow/example_dags/example_task_group.py for tasks to queue
[2024-06-14T00:04:14.607+0200] {logging_mixin.py:188} INFO - [2024-06-14T00:04:14.607+0200] {dagbag.py:540} INFO - Filling up the DagBag from /home/hectorv/.local/lib/python3.10/site-packages/airflow/example_dags/example_task_group.py
[2024-06-14T00:04:14.609+0200] {processor.py:840} INFO - DAG(s) 'example_task_group' retrieved from /home/hectorv/.local/lib/python3.10/site-packages/airflow/example_dags/example_task_group.py
[2024-06-14T00:04:14.616+0200] {logging_mixin.py:188} INFO - [2024-06-14T00:04:14.616+0200] {dag.py:3096} INFO - Sync 1 DAGs
[2024-06-14T00:04:14.622+0200] {logging_mixin.py:188} INFO - [2024-06-14T00:04:14.622+0200] {dag.py:3954} INFO - Setting next_dagrun for example_task_group to 2024-06-12 00:00:00+00:00, run_after=2024-06-13 00:00:00+00:00
[2024-06-14T00:04:14.672+0200] {processor.py:183} INFO - Processing /home/hectorv/.local/lib/python3.10/site-packages/airflow/example_dags/example_task_group.py took 0.074 seconds
[2024-06-14T00:05:12.994+0200] {processor.py:161} INFO - Started process (PID=3137) to work on /home/hectorv/.local/lib/python3.10/site-packages/airflow/example_dags/example_task_group.py
[2024-06-14T00:05:13.007+0200] {processor.py:830} INFO - Processing file /home/hectorv/.local/lib/python3.10/site-packages/airflow/example_dags/example_task_group.py for tasks to queue
[2024-06-14T00:05:13.008+0200] {logging_mixin.py:188} INFO - [2024-06-14T00:05:13.008+0200] {dagbag.py:540} INFO - Filling up the DagBag from /home/hectorv/.local/lib/python3.10/site-packages/airflow/example_dags/example_task_group.py
[2024-06-14T00:05:13.010+0200] {processor.py:840} INFO - DAG(s) 'example_task_group' retrieved from /home/hectorv/.local/lib/python3.10/site-packages/airflow/example_dags/example_task_group.py
[2024-06-14T00:05:13.016+0200] {logging_mixin.py:188} INFO - [2024-06-14T00:05:13.016+0200] {dag.py:3096} INFO - Sync 1 DAGs
[2024-06-14T00:05:13.022+0200] {logging_mixin.py:188} INFO - [2024-06-14T00:05:13.022+0200] {dag.py:3954} INFO - Setting next_dagrun for example_task_group to 2024-06-12 00:00:00+00:00, run_after=2024-06-13 00:00:00+00:00
[2024-06-14T00:05:13.079+0200] {processor.py:183} INFO - Processing /home/hectorv/.local/lib/python3.10/site-packages/airflow/example_dags/example_task_group.py took 0.087 seconds
[2024-06-14T00:06:05.565+0200] {processor.py:161} INFO - Started process (PID=3194) to work on /home/hectorv/.local/lib/python3.10/site-packages/airflow/example_dags/example_task_group.py
[2024-06-14T00:06:05.566+0200] {processor.py:830} INFO - Processing file /home/hectorv/.local/lib/python3.10/site-packages/airflow/example_dags/example_task_group.py for tasks to queue
[2024-06-14T00:06:05.566+0200] {logging_mixin.py:188} INFO - [2024-06-14T00:06:05.566+0200] {dagbag.py:540} INFO - Filling up the DagBag from /home/hectorv/.local/lib/python3.10/site-packages/airflow/example_dags/example_task_group.py
[2024-06-14T00:06:05.569+0200] {processor.py:840} INFO - DAG(s) 'example_task_group' retrieved from /home/hectorv/.local/lib/python3.10/site-packages/airflow/example_dags/example_task_group.py
[2024-06-14T00:06:05.574+0200] {logging_mixin.py:188} INFO - [2024-06-14T00:06:05.574+0200] {dag.py:3096} INFO - Sync 1 DAGs
[2024-06-14T00:06:05.581+0200] {logging_mixin.py:188} INFO - [2024-06-14T00:06:05.580+0200] {dag.py:3954} INFO - Setting next_dagrun for example_task_group to 2024-06-12 00:00:00+00:00, run_after=2024-06-13 00:00:00+00:00
[2024-06-14T00:06:05.595+0200] {processor.py:183} INFO - Processing /home/hectorv/.local/lib/python3.10/site-packages/airflow/example_dags/example_task_group.py took 0.032 seconds
[2024-06-14T00:06:57.305+0200] {processor.py:161} INFO - Started process (PID=3250) to work on /home/hectorv/.local/lib/python3.10/site-packages/airflow/example_dags/example_task_group.py
[2024-06-14T00:06:57.307+0200] {processor.py:830} INFO - Processing file /home/hectorv/.local/lib/python3.10/site-packages/airflow/example_dags/example_task_group.py for tasks to queue
[2024-06-14T00:06:57.308+0200] {logging_mixin.py:188} INFO - [2024-06-14T00:06:57.307+0200] {dagbag.py:540} INFO - Filling up the DagBag from /home/hectorv/.local/lib/python3.10/site-packages/airflow/example_dags/example_task_group.py
[2024-06-14T00:06:57.310+0200] {processor.py:840} INFO - DAG(s) 'example_task_group' retrieved from /home/hectorv/.local/lib/python3.10/site-packages/airflow/example_dags/example_task_group.py
[2024-06-14T00:06:57.316+0200] {logging_mixin.py:188} INFO - [2024-06-14T00:06:57.316+0200] {dag.py:3096} INFO - Sync 1 DAGs
[2024-06-14T00:06:57.323+0200] {logging_mixin.py:188} INFO - [2024-06-14T00:06:57.323+0200] {dag.py:3954} INFO - Setting next_dagrun for example_task_group to 2024-06-12 00:00:00+00:00, run_after=2024-06-13 00:00:00+00:00
[2024-06-14T00:06:57.338+0200] {processor.py:183} INFO - Processing /home/hectorv/.local/lib/python3.10/site-packages/airflow/example_dags/example_task_group.py took 0.035 seconds
[2024-06-14T00:07:56.033+0200] {processor.py:161} INFO - Started process (PID=3312) to work on /home/hectorv/.local/lib/python3.10/site-packages/airflow/example_dags/example_task_group.py
[2024-06-14T00:07:56.035+0200] {processor.py:830} INFO - Processing file /home/hectorv/.local/lib/python3.10/site-packages/airflow/example_dags/example_task_group.py for tasks to queue
[2024-06-14T00:07:56.035+0200] {logging_mixin.py:188} INFO - [2024-06-14T00:07:56.035+0200] {dagbag.py:540} INFO - Filling up the DagBag from /home/hectorv/.local/lib/python3.10/site-packages/airflow/example_dags/example_task_group.py
[2024-06-14T00:07:56.038+0200] {processor.py:840} INFO - DAG(s) 'example_task_group' retrieved from /home/hectorv/.local/lib/python3.10/site-packages/airflow/example_dags/example_task_group.py
[2024-06-14T00:07:56.044+0200] {logging_mixin.py:188} INFO - [2024-06-14T00:07:56.044+0200] {dag.py:3096} INFO - Sync 1 DAGs
[2024-06-14T00:07:56.051+0200] {logging_mixin.py:188} INFO - [2024-06-14T00:07:56.051+0200] {dag.py:3954} INFO - Setting next_dagrun for example_task_group to 2024-06-12 00:00:00+00:00, run_after=2024-06-13 00:00:00+00:00
[2024-06-14T00:07:56.065+0200] {processor.py:183} INFO - Processing /home/hectorv/.local/lib/python3.10/site-packages/airflow/example_dags/example_task_group.py took 0.034 seconds
[2024-06-14T00:08:55.278+0200] {processor.py:161} INFO - Started process (PID=3373) to work on /home/hectorv/.local/lib/python3.10/site-packages/airflow/example_dags/example_task_group.py
[2024-06-14T00:08:55.280+0200] {processor.py:830} INFO - Processing file /home/hectorv/.local/lib/python3.10/site-packages/airflow/example_dags/example_task_group.py for tasks to queue
[2024-06-14T00:08:55.281+0200] {logging_mixin.py:188} INFO - [2024-06-14T00:08:55.281+0200] {dagbag.py:540} INFO - Filling up the DagBag from /home/hectorv/.local/lib/python3.10/site-packages/airflow/example_dags/example_task_group.py
[2024-06-14T00:08:55.283+0200] {processor.py:840} INFO - DAG(s) 'example_task_group' retrieved from /home/hectorv/.local/lib/python3.10/site-packages/airflow/example_dags/example_task_group.py
[2024-06-14T00:08:55.289+0200] {logging_mixin.py:188} INFO - [2024-06-14T00:08:55.289+0200] {dag.py:3096} INFO - Sync 1 DAGs
[2024-06-14T00:08:55.296+0200] {logging_mixin.py:188} INFO - [2024-06-14T00:08:55.296+0200] {dag.py:3954} INFO - Setting next_dagrun for example_task_group to 2024-06-12 00:00:00+00:00, run_after=2024-06-13 00:00:00+00:00
[2024-06-14T00:08:55.310+0200] {processor.py:183} INFO - Processing /home/hectorv/.local/lib/python3.10/site-packages/airflow/example_dags/example_task_group.py took 0.034 seconds
[2024-06-14T00:09:54.561+0200] {processor.py:161} INFO - Started process (PID=3433) to work on /home/hectorv/.local/lib/python3.10/site-packages/airflow/example_dags/example_task_group.py
[2024-06-14T00:09:54.562+0200] {processor.py:830} INFO - Processing file /home/hectorv/.local/lib/python3.10/site-packages/airflow/example_dags/example_task_group.py for tasks to queue
[2024-06-14T00:09:54.563+0200] {logging_mixin.py:188} INFO - [2024-06-14T00:09:54.563+0200] {dagbag.py:540} INFO - Filling up the DagBag from /home/hectorv/.local/lib/python3.10/site-packages/airflow/example_dags/example_task_group.py
[2024-06-14T00:09:54.566+0200] {processor.py:840} INFO - DAG(s) 'example_task_group' retrieved from /home/hectorv/.local/lib/python3.10/site-packages/airflow/example_dags/example_task_group.py
[2024-06-14T00:09:54.571+0200] {logging_mixin.py:188} INFO - [2024-06-14T00:09:54.571+0200] {dag.py:3096} INFO - Sync 1 DAGs
[2024-06-14T00:09:54.577+0200] {logging_mixin.py:188} INFO - [2024-06-14T00:09:54.577+0200] {dag.py:3954} INFO - Setting next_dagrun for example_task_group to 2024-06-12 00:00:00+00:00, run_after=2024-06-13 00:00:00+00:00
[2024-06-14T00:09:54.593+0200] {processor.py:183} INFO - Processing /home/hectorv/.local/lib/python3.10/site-packages/airflow/example_dags/example_task_group.py took 0.033 seconds
[2024-06-14T00:10:55.507+0200] {processor.py:161} INFO - Started process (PID=3496) to work on /home/hectorv/.local/lib/python3.10/site-packages/airflow/example_dags/example_task_group.py
[2024-06-14T00:10:55.508+0200] {processor.py:830} INFO - Processing file /home/hectorv/.local/lib/python3.10/site-packages/airflow/example_dags/example_task_group.py for tasks to queue
[2024-06-14T00:10:55.509+0200] {logging_mixin.py:188} INFO - [2024-06-14T00:10:55.509+0200] {dagbag.py:540} INFO - Filling up the DagBag from /home/hectorv/.local/lib/python3.10/site-packages/airflow/example_dags/example_task_group.py
[2024-06-14T00:10:55.511+0200] {processor.py:840} INFO - DAG(s) 'example_task_group' retrieved from /home/hectorv/.local/lib/python3.10/site-packages/airflow/example_dags/example_task_group.py
[2024-06-14T00:10:55.517+0200] {logging_mixin.py:188} INFO - [2024-06-14T00:10:55.517+0200] {dag.py:3096} INFO - Sync 1 DAGs
[2024-06-14T00:10:55.523+0200] {logging_mixin.py:188} INFO - [2024-06-14T00:10:55.523+0200] {dag.py:3954} INFO - Setting next_dagrun for example_task_group to 2024-06-12 00:00:00+00:00, run_after=2024-06-13 00:00:00+00:00
[2024-06-14T00:10:55.538+0200] {processor.py:183} INFO - Processing /home/hectorv/.local/lib/python3.10/site-packages/airflow/example_dags/example_task_group.py took 0.033 seconds
[2024-06-14T00:11:53.012+0200] {processor.py:161} INFO - Started process (PID=3556) to work on /home/hectorv/.local/lib/python3.10/site-packages/airflow/example_dags/example_task_group.py
[2024-06-14T00:11:53.014+0200] {processor.py:830} INFO - Processing file /home/hectorv/.local/lib/python3.10/site-packages/airflow/example_dags/example_task_group.py for tasks to queue
[2024-06-14T00:11:53.014+0200] {logging_mixin.py:188} INFO - [2024-06-14T00:11:53.014+0200] {dagbag.py:540} INFO - Filling up the DagBag from /home/hectorv/.local/lib/python3.10/site-packages/airflow/example_dags/example_task_group.py
[2024-06-14T00:11:53.017+0200] {processor.py:840} INFO - DAG(s) 'example_task_group' retrieved from /home/hectorv/.local/lib/python3.10/site-packages/airflow/example_dags/example_task_group.py
[2024-06-14T00:11:53.022+0200] {logging_mixin.py:188} INFO - [2024-06-14T00:11:53.022+0200] {dag.py:3096} INFO - Sync 1 DAGs
[2024-06-14T00:11:53.029+0200] {logging_mixin.py:188} INFO - [2024-06-14T00:11:53.029+0200] {dag.py:3954} INFO - Setting next_dagrun for example_task_group to 2024-06-12 00:00:00+00:00, run_after=2024-06-13 00:00:00+00:00
[2024-06-14T00:11:53.044+0200] {processor.py:183} INFO - Processing /home/hectorv/.local/lib/python3.10/site-packages/airflow/example_dags/example_task_group.py took 0.034 seconds
[2024-06-14T00:12:45.980+0200] {processor.py:161} INFO - Started process (PID=3613) to work on /home/hectorv/.local/lib/python3.10/site-packages/airflow/example_dags/example_task_group.py
[2024-06-14T00:12:45.981+0200] {processor.py:830} INFO - Processing file /home/hectorv/.local/lib/python3.10/site-packages/airflow/example_dags/example_task_group.py for tasks to queue
[2024-06-14T00:12:45.982+0200] {logging_mixin.py:188} INFO - [2024-06-14T00:12:45.982+0200] {dagbag.py:540} INFO - Filling up the DagBag from /home/hectorv/.local/lib/python3.10/site-packages/airflow/example_dags/example_task_group.py
[2024-06-14T00:12:45.984+0200] {processor.py:840} INFO - DAG(s) 'example_task_group' retrieved from /home/hectorv/.local/lib/python3.10/site-packages/airflow/example_dags/example_task_group.py
[2024-06-14T00:12:45.990+0200] {logging_mixin.py:188} INFO - [2024-06-14T00:12:45.990+0200] {dag.py:3096} INFO - Sync 1 DAGs
[2024-06-14T00:12:45.996+0200] {logging_mixin.py:188} INFO - [2024-06-14T00:12:45.996+0200] {dag.py:3954} INFO - Setting next_dagrun for example_task_group to 2024-06-12 00:00:00+00:00, run_after=2024-06-13 00:00:00+00:00
[2024-06-14T00:12:46.011+0200] {processor.py:183} INFO - Processing /home/hectorv/.local/lib/python3.10/site-packages/airflow/example_dags/example_task_group.py took 0.034 seconds
[2024-06-14T00:13:44.666+0200] {processor.py:161} INFO - Started process (PID=3674) to work on /home/hectorv/.local/lib/python3.10/site-packages/airflow/example_dags/example_task_group.py
[2024-06-14T00:13:44.668+0200] {processor.py:830} INFO - Processing file /home/hectorv/.local/lib/python3.10/site-packages/airflow/example_dags/example_task_group.py for tasks to queue
[2024-06-14T00:13:44.668+0200] {logging_mixin.py:188} INFO - [2024-06-14T00:13:44.668+0200] {dagbag.py:540} INFO - Filling up the DagBag from /home/hectorv/.local/lib/python3.10/site-packages/airflow/example_dags/example_task_group.py
[2024-06-14T00:13:44.671+0200] {processor.py:840} INFO - DAG(s) 'example_task_group' retrieved from /home/hectorv/.local/lib/python3.10/site-packages/airflow/example_dags/example_task_group.py
[2024-06-14T00:13:44.676+0200] {logging_mixin.py:188} INFO - [2024-06-14T00:13:44.676+0200] {dag.py:3096} INFO - Sync 1 DAGs
[2024-06-14T00:13:44.682+0200] {logging_mixin.py:188} INFO - [2024-06-14T00:13:44.682+0200] {dag.py:3954} INFO - Setting next_dagrun for example_task_group to 2024-06-12 00:00:00+00:00, run_after=2024-06-13 00:00:00+00:00
[2024-06-14T00:13:44.697+0200] {processor.py:183} INFO - Processing /home/hectorv/.local/lib/python3.10/site-packages/airflow/example_dags/example_task_group.py took 0.033 seconds
[2024-06-14T00:14:47.324+0200] {processor.py:161} INFO - Started process (PID=3737) to work on /home/hectorv/.local/lib/python3.10/site-packages/airflow/example_dags/example_task_group.py
[2024-06-14T00:14:47.325+0200] {processor.py:830} INFO - Processing file /home/hectorv/.local/lib/python3.10/site-packages/airflow/example_dags/example_task_group.py for tasks to queue
[2024-06-14T00:14:47.326+0200] {logging_mixin.py:188} INFO - [2024-06-14T00:14:47.325+0200] {dagbag.py:540} INFO - Filling up the DagBag from /home/hectorv/.local/lib/python3.10/site-packages/airflow/example_dags/example_task_group.py
[2024-06-14T00:14:47.329+0200] {processor.py:840} INFO - DAG(s) 'example_task_group' retrieved from /home/hectorv/.local/lib/python3.10/site-packages/airflow/example_dags/example_task_group.py
[2024-06-14T00:14:47.335+0200] {logging_mixin.py:188} INFO - [2024-06-14T00:14:47.335+0200] {dag.py:3096} INFO - Sync 1 DAGs
[2024-06-14T00:14:47.343+0200] {logging_mixin.py:188} INFO - [2024-06-14T00:14:47.343+0200] {dag.py:3954} INFO - Setting next_dagrun for example_task_group to 2024-06-12 00:00:00+00:00, run_after=2024-06-13 00:00:00+00:00
[2024-06-14T00:14:47.362+0200] {processor.py:183} INFO - Processing /home/hectorv/.local/lib/python3.10/site-packages/airflow/example_dags/example_task_group.py took 0.041 seconds
[2024-06-14T00:15:41.361+0200] {processor.py:161} INFO - Started process (PID=3796) to work on /home/hectorv/.local/lib/python3.10/site-packages/airflow/example_dags/example_task_group.py
[2024-06-14T00:15:41.363+0200] {processor.py:830} INFO - Processing file /home/hectorv/.local/lib/python3.10/site-packages/airflow/example_dags/example_task_group.py for tasks to queue
[2024-06-14T00:15:41.364+0200] {logging_mixin.py:188} INFO - [2024-06-14T00:15:41.364+0200] {dagbag.py:540} INFO - Filling up the DagBag from /home/hectorv/.local/lib/python3.10/site-packages/airflow/example_dags/example_task_group.py
[2024-06-14T00:15:41.368+0200] {processor.py:840} INFO - DAG(s) 'example_task_group' retrieved from /home/hectorv/.local/lib/python3.10/site-packages/airflow/example_dags/example_task_group.py
[2024-06-14T00:15:41.376+0200] {logging_mixin.py:188} INFO - [2024-06-14T00:15:41.376+0200] {dag.py:3096} INFO - Sync 1 DAGs
[2024-06-14T00:15:41.384+0200] {logging_mixin.py:188} INFO - [2024-06-14T00:15:41.384+0200] {dag.py:3954} INFO - Setting next_dagrun for example_task_group to 2024-06-12 00:00:00+00:00, run_after=2024-06-13 00:00:00+00:00
[2024-06-14T00:15:41.401+0200] {processor.py:183} INFO - Processing /home/hectorv/.local/lib/python3.10/site-packages/airflow/example_dags/example_task_group.py took 0.042 seconds
[2024-06-14T00:16:40.049+0200] {processor.py:161} INFO - Started process (PID=3857) to work on /home/hectorv/.local/lib/python3.10/site-packages/airflow/example_dags/example_task_group.py
[2024-06-14T00:16:40.051+0200] {processor.py:830} INFO - Processing file /home/hectorv/.local/lib/python3.10/site-packages/airflow/example_dags/example_task_group.py for tasks to queue
[2024-06-14T00:16:40.052+0200] {logging_mixin.py:188} INFO - [2024-06-14T00:16:40.052+0200] {dagbag.py:540} INFO - Filling up the DagBag from /home/hectorv/.local/lib/python3.10/site-packages/airflow/example_dags/example_task_group.py
[2024-06-14T00:16:40.054+0200] {processor.py:840} INFO - DAG(s) 'example_task_group' retrieved from /home/hectorv/.local/lib/python3.10/site-packages/airflow/example_dags/example_task_group.py
[2024-06-14T00:16:40.060+0200] {logging_mixin.py:188} INFO - [2024-06-14T00:16:40.060+0200] {dag.py:3096} INFO - Sync 1 DAGs
[2024-06-14T00:16:40.068+0200] {logging_mixin.py:188} INFO - [2024-06-14T00:16:40.068+0200] {dag.py:3954} INFO - Setting next_dagrun for example_task_group to 2024-06-12 00:00:00+00:00, run_after=2024-06-13 00:00:00+00:00
[2024-06-14T00:16:40.084+0200] {processor.py:183} INFO - Processing /home/hectorv/.local/lib/python3.10/site-packages/airflow/example_dags/example_task_group.py took 0.037 seconds
[2024-06-14T00:17:33.150+0200] {processor.py:161} INFO - Started process (PID=3917) to work on /home/hectorv/.local/lib/python3.10/site-packages/airflow/example_dags/example_task_group.py
[2024-06-14T00:17:33.152+0200] {processor.py:830} INFO - Processing file /home/hectorv/.local/lib/python3.10/site-packages/airflow/example_dags/example_task_group.py for tasks to queue
[2024-06-14T00:17:33.152+0200] {logging_mixin.py:188} INFO - [2024-06-14T00:17:33.152+0200] {dagbag.py:540} INFO - Filling up the DagBag from /home/hectorv/.local/lib/python3.10/site-packages/airflow/example_dags/example_task_group.py
[2024-06-14T00:17:33.155+0200] {processor.py:840} INFO - DAG(s) 'example_task_group' retrieved from /home/hectorv/.local/lib/python3.10/site-packages/airflow/example_dags/example_task_group.py
[2024-06-14T00:17:33.161+0200] {logging_mixin.py:188} INFO - [2024-06-14T00:17:33.161+0200] {dag.py:3096} INFO - Sync 1 DAGs
[2024-06-14T00:17:33.167+0200] {logging_mixin.py:188} INFO - [2024-06-14T00:17:33.167+0200] {dag.py:3954} INFO - Setting next_dagrun for example_task_group to 2024-06-12 00:00:00+00:00, run_after=2024-06-13 00:00:00+00:00
[2024-06-14T00:17:33.181+0200] {processor.py:183} INFO - Processing /home/hectorv/.local/lib/python3.10/site-packages/airflow/example_dags/example_task_group.py took 0.033 seconds
[2024-06-14T00:18:27.448+0200] {processor.py:161} INFO - Started process (PID=3978) to work on /home/hectorv/.local/lib/python3.10/site-packages/airflow/example_dags/example_task_group.py
[2024-06-14T00:18:27.449+0200] {processor.py:830} INFO - Processing file /home/hectorv/.local/lib/python3.10/site-packages/airflow/example_dags/example_task_group.py for tasks to queue
[2024-06-14T00:18:27.450+0200] {logging_mixin.py:188} INFO - [2024-06-14T00:18:27.450+0200] {dagbag.py:540} INFO - Filling up the DagBag from /home/hectorv/.local/lib/python3.10/site-packages/airflow/example_dags/example_task_group.py
[2024-06-14T00:18:27.452+0200] {processor.py:840} INFO - DAG(s) 'example_task_group' retrieved from /home/hectorv/.local/lib/python3.10/site-packages/airflow/example_dags/example_task_group.py
[2024-06-14T00:18:27.459+0200] {logging_mixin.py:188} INFO - [2024-06-14T00:18:27.458+0200] {dag.py:3096} INFO - Sync 1 DAGs
[2024-06-14T00:18:27.465+0200] {logging_mixin.py:188} INFO - [2024-06-14T00:18:27.465+0200] {dag.py:3954} INFO - Setting next_dagrun for example_task_group to 2024-06-12 00:00:00+00:00, run_after=2024-06-13 00:00:00+00:00
[2024-06-14T00:18:27.479+0200] {processor.py:183} INFO - Processing /home/hectorv/.local/lib/python3.10/site-packages/airflow/example_dags/example_task_group.py took 0.033 seconds
[2024-06-14T00:19:38.205+0200] {processor.py:161} INFO - Started process (PID=4081) to work on /home/hectorv/.local/lib/python3.10/site-packages/airflow/example_dags/example_task_group.py
[2024-06-14T00:19:38.206+0200] {processor.py:830} INFO - Processing file /home/hectorv/.local/lib/python3.10/site-packages/airflow/example_dags/example_task_group.py for tasks to queue
[2024-06-14T00:19:38.206+0200] {logging_mixin.py:188} INFO - [2024-06-14T00:19:38.206+0200] {dagbag.py:540} INFO - Filling up the DagBag from /home/hectorv/.local/lib/python3.10/site-packages/airflow/example_dags/example_task_group.py
[2024-06-14T00:19:38.209+0200] {processor.py:840} INFO - DAG(s) 'example_task_group' retrieved from /home/hectorv/.local/lib/python3.10/site-packages/airflow/example_dags/example_task_group.py
[2024-06-14T00:19:38.216+0200] {logging_mixin.py:188} INFO - [2024-06-14T00:19:38.215+0200] {dag.py:3096} INFO - Sync 1 DAGs
[2024-06-14T00:19:38.223+0200] {logging_mixin.py:188} INFO - [2024-06-14T00:19:38.223+0200] {dag.py:3954} INFO - Setting next_dagrun for example_task_group to 2024-06-12 00:00:00+00:00, run_after=2024-06-13 00:00:00+00:00
[2024-06-14T00:19:38.238+0200] {processor.py:183} INFO - Processing /home/hectorv/.local/lib/python3.10/site-packages/airflow/example_dags/example_task_group.py took 0.036 seconds
[2024-06-14T00:20:52.647+0200] {processor.py:161} INFO - Started process (PID=4196) to work on /home/hectorv/.local/lib/python3.10/site-packages/airflow/example_dags/example_task_group.py
[2024-06-14T00:20:52.649+0200] {processor.py:830} INFO - Processing file /home/hectorv/.local/lib/python3.10/site-packages/airflow/example_dags/example_task_group.py for tasks to queue
[2024-06-14T00:20:52.650+0200] {logging_mixin.py:188} INFO - [2024-06-14T00:20:52.650+0200] {dagbag.py:540} INFO - Filling up the DagBag from /home/hectorv/.local/lib/python3.10/site-packages/airflow/example_dags/example_task_group.py
[2024-06-14T00:20:52.653+0200] {processor.py:840} INFO - DAG(s) 'example_task_group' retrieved from /home/hectorv/.local/lib/python3.10/site-packages/airflow/example_dags/example_task_group.py
[2024-06-14T00:20:52.665+0200] {logging_mixin.py:188} INFO - [2024-06-14T00:20:52.665+0200] {dag.py:3096} INFO - Sync 1 DAGs
[2024-06-14T00:20:52.677+0200] {logging_mixin.py:188} INFO - [2024-06-14T00:20:52.677+0200] {dag.py:3954} INFO - Setting next_dagrun for example_task_group to 2024-06-12 00:00:00+00:00, run_after=2024-06-13 00:00:00+00:00
[2024-06-14T00:20:52.695+0200] {processor.py:183} INFO - Processing /home/hectorv/.local/lib/python3.10/site-packages/airflow/example_dags/example_task_group.py took 0.051 seconds
[2024-06-14T00:21:40.799+0200] {processor.py:161} INFO - Started process (PID=4249) to work on /home/hectorv/.local/lib/python3.10/site-packages/airflow/example_dags/example_task_group.py
[2024-06-14T00:21:40.801+0200] {processor.py:830} INFO - Processing file /home/hectorv/.local/lib/python3.10/site-packages/airflow/example_dags/example_task_group.py for tasks to queue
[2024-06-14T00:21:40.802+0200] {logging_mixin.py:188} INFO - [2024-06-14T00:21:40.802+0200] {dagbag.py:540} INFO - Filling up the DagBag from /home/hectorv/.local/lib/python3.10/site-packages/airflow/example_dags/example_task_group.py
[2024-06-14T00:21:40.804+0200] {processor.py:840} INFO - DAG(s) 'example_task_group' retrieved from /home/hectorv/.local/lib/python3.10/site-packages/airflow/example_dags/example_task_group.py
[2024-06-14T00:21:40.811+0200] {logging_mixin.py:188} INFO - [2024-06-14T00:21:40.811+0200] {dag.py:3096} INFO - Sync 1 DAGs
[2024-06-14T00:21:40.817+0200] {logging_mixin.py:188} INFO - [2024-06-14T00:21:40.817+0200] {dag.py:3954} INFO - Setting next_dagrun for example_task_group to 2024-06-12 00:00:00+00:00, run_after=2024-06-13 00:00:00+00:00
[2024-06-14T00:21:40.833+0200] {processor.py:183} INFO - Processing /home/hectorv/.local/lib/python3.10/site-packages/airflow/example_dags/example_task_group.py took 0.036 seconds
[2024-06-14T00:22:43.346+0200] {processor.py:161} INFO - Started process (PID=4314) to work on /home/hectorv/.local/lib/python3.10/site-packages/airflow/example_dags/example_task_group.py
[2024-06-14T00:22:43.350+0200] {processor.py:830} INFO - Processing file /home/hectorv/.local/lib/python3.10/site-packages/airflow/example_dags/example_task_group.py for tasks to queue
[2024-06-14T00:22:43.351+0200] {logging_mixin.py:188} INFO - [2024-06-14T00:22:43.351+0200] {dagbag.py:540} INFO - Filling up the DagBag from /home/hectorv/.local/lib/python3.10/site-packages/airflow/example_dags/example_task_group.py
[2024-06-14T00:22:43.354+0200] {processor.py:840} INFO - DAG(s) 'example_task_group' retrieved from /home/hectorv/.local/lib/python3.10/site-packages/airflow/example_dags/example_task_group.py
[2024-06-14T00:22:43.360+0200] {logging_mixin.py:188} INFO - [2024-06-14T00:22:43.360+0200] {dag.py:3096} INFO - Sync 1 DAGs
[2024-06-14T00:22:43.366+0200] {logging_mixin.py:188} INFO - [2024-06-14T00:22:43.366+0200] {dag.py:3954} INFO - Setting next_dagrun for example_task_group to 2024-06-12 00:00:00+00:00, run_after=2024-06-13 00:00:00+00:00
[2024-06-14T00:22:43.427+0200] {processor.py:183} INFO - Processing /home/hectorv/.local/lib/python3.10/site-packages/airflow/example_dags/example_task_group.py took 0.083 seconds
[2024-06-14T00:23:41.261+0200] {processor.py:161} INFO - Started process (PID=4374) to work on /home/hectorv/.local/lib/python3.10/site-packages/airflow/example_dags/example_task_group.py
[2024-06-14T00:23:41.261+0200] {processor.py:830} INFO - Processing file /home/hectorv/.local/lib/python3.10/site-packages/airflow/example_dags/example_task_group.py for tasks to queue
[2024-06-14T00:23:41.262+0200] {logging_mixin.py:188} INFO - [2024-06-14T00:23:41.262+0200] {dagbag.py:540} INFO - Filling up the DagBag from /home/hectorv/.local/lib/python3.10/site-packages/airflow/example_dags/example_task_group.py
[2024-06-14T00:23:41.264+0200] {processor.py:840} INFO - DAG(s) 'example_task_group' retrieved from /home/hectorv/.local/lib/python3.10/site-packages/airflow/example_dags/example_task_group.py
[2024-06-14T00:23:41.270+0200] {logging_mixin.py:188} INFO - [2024-06-14T00:23:41.270+0200] {dag.py:3096} INFO - Sync 1 DAGs
[2024-06-14T00:23:41.276+0200] {logging_mixin.py:188} INFO - [2024-06-14T00:23:41.276+0200] {dag.py:3954} INFO - Setting next_dagrun for example_task_group to 2024-06-12 00:00:00+00:00, run_after=2024-06-13 00:00:00+00:00
[2024-06-14T00:23:41.291+0200] {processor.py:183} INFO - Processing /home/hectorv/.local/lib/python3.10/site-packages/airflow/example_dags/example_task_group.py took 0.032 seconds
[2024-06-14T00:24:41.720+0200] {processor.py:161} INFO - Started process (PID=4437) to work on /home/hectorv/.local/lib/python3.10/site-packages/airflow/example_dags/example_task_group.py
[2024-06-14T00:24:41.721+0200] {processor.py:830} INFO - Processing file /home/hectorv/.local/lib/python3.10/site-packages/airflow/example_dags/example_task_group.py for tasks to queue
[2024-06-14T00:24:41.721+0200] {logging_mixin.py:188} INFO - [2024-06-14T00:24:41.721+0200] {dagbag.py:540} INFO - Filling up the DagBag from /home/hectorv/.local/lib/python3.10/site-packages/airflow/example_dags/example_task_group.py
[2024-06-14T00:24:41.724+0200] {processor.py:840} INFO - DAG(s) 'example_task_group' retrieved from /home/hectorv/.local/lib/python3.10/site-packages/airflow/example_dags/example_task_group.py
[2024-06-14T00:24:41.730+0200] {logging_mixin.py:188} INFO - [2024-06-14T00:24:41.730+0200] {dag.py:3096} INFO - Sync 1 DAGs
[2024-06-14T00:24:41.736+0200] {logging_mixin.py:188} INFO - [2024-06-14T00:24:41.736+0200] {dag.py:3954} INFO - Setting next_dagrun for example_task_group to 2024-06-12 00:00:00+00:00, run_after=2024-06-13 00:00:00+00:00
[2024-06-14T00:24:41.752+0200] {processor.py:183} INFO - Processing /home/hectorv/.local/lib/python3.10/site-packages/airflow/example_dags/example_task_group.py took 0.033 seconds
[2024-06-14T00:25:37.953+0200] {processor.py:161} INFO - Started process (PID=4496) to work on /home/hectorv/.local/lib/python3.10/site-packages/airflow/example_dags/example_task_group.py
[2024-06-14T00:25:37.955+0200] {processor.py:830} INFO - Processing file /home/hectorv/.local/lib/python3.10/site-packages/airflow/example_dags/example_task_group.py for tasks to queue
[2024-06-14T00:25:37.956+0200] {logging_mixin.py:188} INFO - [2024-06-14T00:25:37.956+0200] {dagbag.py:540} INFO - Filling up the DagBag from /home/hectorv/.local/lib/python3.10/site-packages/airflow/example_dags/example_task_group.py
[2024-06-14T00:25:37.958+0200] {processor.py:840} INFO - DAG(s) 'example_task_group' retrieved from /home/hectorv/.local/lib/python3.10/site-packages/airflow/example_dags/example_task_group.py
[2024-06-14T00:25:37.964+0200] {logging_mixin.py:188} INFO - [2024-06-14T00:25:37.964+0200] {dag.py:3096} INFO - Sync 1 DAGs
[2024-06-14T00:25:37.970+0200] {logging_mixin.py:188} INFO - [2024-06-14T00:25:37.970+0200] {dag.py:3954} INFO - Setting next_dagrun for example_task_group to 2024-06-12 00:00:00+00:00, run_after=2024-06-13 00:00:00+00:00
[2024-06-14T00:25:37.985+0200] {processor.py:183} INFO - Processing /home/hectorv/.local/lib/python3.10/site-packages/airflow/example_dags/example_task_group.py took 0.034 seconds
[2024-06-14T00:49:05.486+0200] {processor.py:161} INFO - Started process (PID=4568) to work on /home/hectorv/.local/lib/python3.10/site-packages/airflow/example_dags/example_task_group.py
[2024-06-14T00:49:05.490+0200] {processor.py:830} INFO - Processing file /home/hectorv/.local/lib/python3.10/site-packages/airflow/example_dags/example_task_group.py for tasks to queue
[2024-06-14T00:49:05.490+0200] {logging_mixin.py:188} INFO - [2024-06-14T00:49:05.490+0200] {dagbag.py:540} INFO - Filling up the DagBag from /home/hectorv/.local/lib/python3.10/site-packages/airflow/example_dags/example_task_group.py
[2024-06-14T00:49:05.493+0200] {processor.py:840} INFO - DAG(s) 'example_task_group' retrieved from /home/hectorv/.local/lib/python3.10/site-packages/airflow/example_dags/example_task_group.py
[2024-06-14T00:49:05.569+0200] {logging_mixin.py:188} INFO - [2024-06-14T00:49:05.569+0200] {dag.py:3096} INFO - Sync 1 DAGs
[2024-06-14T00:49:05.574+0200] {logging_mixin.py:188} INFO - [2024-06-14T00:49:05.574+0200] {dag.py:3954} INFO - Setting next_dagrun for example_task_group to 2024-06-12 00:00:00+00:00, run_after=2024-06-13 00:00:00+00:00
[2024-06-14T00:49:05.629+0200] {processor.py:183} INFO - Processing /home/hectorv/.local/lib/python3.10/site-packages/airflow/example_dags/example_task_group.py took 0.145 seconds
[2024-06-14T00:50:10.995+0200] {processor.py:161} INFO - Started process (PID=4633) to work on /home/hectorv/.local/lib/python3.10/site-packages/airflow/example_dags/example_task_group.py
[2024-06-14T00:50:10.996+0200] {processor.py:830} INFO - Processing file /home/hectorv/.local/lib/python3.10/site-packages/airflow/example_dags/example_task_group.py for tasks to queue
[2024-06-14T00:50:10.997+0200] {logging_mixin.py:188} INFO - [2024-06-14T00:50:10.997+0200] {dagbag.py:540} INFO - Filling up the DagBag from /home/hectorv/.local/lib/python3.10/site-packages/airflow/example_dags/example_task_group.py
[2024-06-14T00:50:10.999+0200] {processor.py:840} INFO - DAG(s) 'example_task_group' retrieved from /home/hectorv/.local/lib/python3.10/site-packages/airflow/example_dags/example_task_group.py
[2024-06-14T00:50:11.005+0200] {logging_mixin.py:188} INFO - [2024-06-14T00:50:11.005+0200] {dag.py:3096} INFO - Sync 1 DAGs
[2024-06-14T00:50:11.065+0200] {logging_mixin.py:188} INFO - [2024-06-14T00:50:11.065+0200] {dag.py:3954} INFO - Setting next_dagrun for example_task_group to 2024-06-12 00:00:00+00:00, run_after=2024-06-13 00:00:00+00:00
[2024-06-14T00:50:11.080+0200] {processor.py:183} INFO - Processing /home/hectorv/.local/lib/python3.10/site-packages/airflow/example_dags/example_task_group.py took 0.087 seconds
[2024-06-14T00:51:09.524+0200] {processor.py:161} INFO - Started process (PID=4694) to work on /home/hectorv/.local/lib/python3.10/site-packages/airflow/example_dags/example_task_group.py
[2024-06-14T00:51:09.526+0200] {processor.py:830} INFO - Processing file /home/hectorv/.local/lib/python3.10/site-packages/airflow/example_dags/example_task_group.py for tasks to queue
[2024-06-14T00:51:09.526+0200] {logging_mixin.py:188} INFO - [2024-06-14T00:51:09.526+0200] {dagbag.py:540} INFO - Filling up the DagBag from /home/hectorv/.local/lib/python3.10/site-packages/airflow/example_dags/example_task_group.py
[2024-06-14T00:51:09.529+0200] {processor.py:840} INFO - DAG(s) 'example_task_group' retrieved from /home/hectorv/.local/lib/python3.10/site-packages/airflow/example_dags/example_task_group.py
[2024-06-14T00:51:09.535+0200] {logging_mixin.py:188} INFO - [2024-06-14T00:51:09.535+0200] {dag.py:3096} INFO - Sync 1 DAGs
[2024-06-14T00:51:09.542+0200] {logging_mixin.py:188} INFO - [2024-06-14T00:51:09.542+0200] {dag.py:3954} INFO - Setting next_dagrun for example_task_group to 2024-06-12 00:00:00+00:00, run_after=2024-06-13 00:00:00+00:00
[2024-06-14T00:51:09.558+0200] {processor.py:183} INFO - Processing /home/hectorv/.local/lib/python3.10/site-packages/airflow/example_dags/example_task_group.py took 0.036 seconds
[2024-06-14T00:52:08.806+0200] {processor.py:161} INFO - Started process (PID=4813) to work on /home/hectorv/.local/lib/python3.10/site-packages/airflow/example_dags/example_task_group.py
[2024-06-14T00:52:08.808+0200] {processor.py:830} INFO - Processing file /home/hectorv/.local/lib/python3.10/site-packages/airflow/example_dags/example_task_group.py for tasks to queue
[2024-06-14T00:52:08.808+0200] {logging_mixin.py:188} INFO - [2024-06-14T00:52:08.808+0200] {dagbag.py:540} INFO - Filling up the DagBag from /home/hectorv/.local/lib/python3.10/site-packages/airflow/example_dags/example_task_group.py
[2024-06-14T00:52:08.811+0200] {processor.py:840} INFO - DAG(s) 'example_task_group' retrieved from /home/hectorv/.local/lib/python3.10/site-packages/airflow/example_dags/example_task_group.py
[2024-06-14T00:52:08.817+0200] {logging_mixin.py:188} INFO - [2024-06-14T00:52:08.817+0200] {dag.py:3096} INFO - Sync 1 DAGs
[2024-06-14T00:52:08.823+0200] {logging_mixin.py:188} INFO - [2024-06-14T00:52:08.823+0200] {dag.py:3954} INFO - Setting next_dagrun for example_task_group to 2024-06-12 00:00:00+00:00, run_after=2024-06-13 00:00:00+00:00
[2024-06-14T00:52:08.838+0200] {processor.py:183} INFO - Processing /home/hectorv/.local/lib/python3.10/site-packages/airflow/example_dags/example_task_group.py took 0.034 seconds
[2024-06-14T00:53:01.553+0200] {processor.py:161} INFO - Started process (PID=6718) to work on /home/hectorv/.local/lib/python3.10/site-packages/airflow/example_dags/example_task_group.py
[2024-06-14T00:53:01.554+0200] {processor.py:830} INFO - Processing file /home/hectorv/.local/lib/python3.10/site-packages/airflow/example_dags/example_task_group.py for tasks to queue
[2024-06-14T00:53:01.555+0200] {logging_mixin.py:188} INFO - [2024-06-14T00:53:01.555+0200] {dagbag.py:540} INFO - Filling up the DagBag from /home/hectorv/.local/lib/python3.10/site-packages/airflow/example_dags/example_task_group.py
[2024-06-14T00:53:01.557+0200] {processor.py:840} INFO - DAG(s) 'example_task_group' retrieved from /home/hectorv/.local/lib/python3.10/site-packages/airflow/example_dags/example_task_group.py
[2024-06-14T00:53:01.563+0200] {logging_mixin.py:188} INFO - [2024-06-14T00:53:01.563+0200] {dag.py:3096} INFO - Sync 1 DAGs
[2024-06-14T00:53:01.570+0200] {logging_mixin.py:188} INFO - [2024-06-14T00:53:01.570+0200] {dag.py:3954} INFO - Setting next_dagrun for example_task_group to 2024-06-12 00:00:00+00:00, run_after=2024-06-13 00:00:00+00:00
[2024-06-14T00:53:01.593+0200] {processor.py:183} INFO - Processing /home/hectorv/.local/lib/python3.10/site-packages/airflow/example_dags/example_task_group.py took 0.043 seconds
[2024-06-14T00:53:56.185+0200] {processor.py:161} INFO - Started process (PID=11701) to work on /home/hectorv/.local/lib/python3.10/site-packages/airflow/example_dags/example_task_group.py
[2024-06-14T00:53:56.186+0200] {processor.py:830} INFO - Processing file /home/hectorv/.local/lib/python3.10/site-packages/airflow/example_dags/example_task_group.py for tasks to queue
[2024-06-14T00:53:56.187+0200] {logging_mixin.py:188} INFO - [2024-06-14T00:53:56.187+0200] {dagbag.py:540} INFO - Filling up the DagBag from /home/hectorv/.local/lib/python3.10/site-packages/airflow/example_dags/example_task_group.py
[2024-06-14T00:53:56.190+0200] {processor.py:840} INFO - DAG(s) 'example_task_group' retrieved from /home/hectorv/.local/lib/python3.10/site-packages/airflow/example_dags/example_task_group.py
[2024-06-14T00:53:56.195+0200] {logging_mixin.py:188} INFO - [2024-06-14T00:53:56.195+0200] {dag.py:3096} INFO - Sync 1 DAGs
[2024-06-14T00:53:56.201+0200] {logging_mixin.py:188} INFO - [2024-06-14T00:53:56.201+0200] {dag.py:3954} INFO - Setting next_dagrun for example_task_group to 2024-06-12 00:00:00+00:00, run_after=2024-06-13 00:00:00+00:00
[2024-06-14T00:53:56.216+0200] {processor.py:183} INFO - Processing /home/hectorv/.local/lib/python3.10/site-packages/airflow/example_dags/example_task_group.py took 0.033 seconds
[2024-06-14T00:54:56.216+0200] {processor.py:161} INFO - Started process (PID=11991) to work on /home/hectorv/.local/lib/python3.10/site-packages/airflow/example_dags/example_task_group.py
[2024-06-14T00:54:56.218+0200] {processor.py:830} INFO - Processing file /home/hectorv/.local/lib/python3.10/site-packages/airflow/example_dags/example_task_group.py for tasks to queue
[2024-06-14T00:54:56.219+0200] {logging_mixin.py:188} INFO - [2024-06-14T00:54:56.218+0200] {dagbag.py:540} INFO - Filling up the DagBag from /home/hectorv/.local/lib/python3.10/site-packages/airflow/example_dags/example_task_group.py
[2024-06-14T00:54:56.221+0200] {processor.py:840} INFO - DAG(s) 'example_task_group' retrieved from /home/hectorv/.local/lib/python3.10/site-packages/airflow/example_dags/example_task_group.py
[2024-06-14T00:54:56.227+0200] {logging_mixin.py:188} INFO - [2024-06-14T00:54:56.227+0200] {dag.py:3096} INFO - Sync 1 DAGs
[2024-06-14T00:54:56.233+0200] {logging_mixin.py:188} INFO - [2024-06-14T00:54:56.233+0200] {dag.py:3954} INFO - Setting next_dagrun for example_task_group to 2024-06-12 00:00:00+00:00, run_after=2024-06-13 00:00:00+00:00
[2024-06-14T00:54:56.248+0200] {processor.py:183} INFO - Processing /home/hectorv/.local/lib/python3.10/site-packages/airflow/example_dags/example_task_group.py took 0.034 seconds
[2024-06-14T00:55:54.021+0200] {processor.py:161} INFO - Started process (PID=15046) to work on /home/hectorv/.local/lib/python3.10/site-packages/airflow/example_dags/example_task_group.py
[2024-06-14T00:55:54.022+0200] {processor.py:830} INFO - Processing file /home/hectorv/.local/lib/python3.10/site-packages/airflow/example_dags/example_task_group.py for tasks to queue
[2024-06-14T00:55:54.022+0200] {logging_mixin.py:188} INFO - [2024-06-14T00:55:54.022+0200] {dagbag.py:540} INFO - Filling up the DagBag from /home/hectorv/.local/lib/python3.10/site-packages/airflow/example_dags/example_task_group.py
[2024-06-14T00:55:54.025+0200] {processor.py:840} INFO - DAG(s) 'example_task_group' retrieved from /home/hectorv/.local/lib/python3.10/site-packages/airflow/example_dags/example_task_group.py
[2024-06-14T00:55:54.033+0200] {logging_mixin.py:188} INFO - [2024-06-14T00:55:54.033+0200] {dag.py:3096} INFO - Sync 1 DAGs
[2024-06-14T00:55:54.041+0200] {logging_mixin.py:188} INFO - [2024-06-14T00:55:54.041+0200] {dag.py:3954} INFO - Setting next_dagrun for example_task_group to 2024-06-12 00:00:00+00:00, run_after=2024-06-13 00:00:00+00:00
[2024-06-14T00:55:54.057+0200] {processor.py:183} INFO - Processing /home/hectorv/.local/lib/python3.10/site-packages/airflow/example_dags/example_task_group.py took 0.040 seconds
[2024-06-14T00:56:53.226+0200] {processor.py:161} INFO - Started process (PID=15536) to work on /home/hectorv/.local/lib/python3.10/site-packages/airflow/example_dags/example_task_group.py
[2024-06-14T00:56:53.228+0200] {processor.py:830} INFO - Processing file /home/hectorv/.local/lib/python3.10/site-packages/airflow/example_dags/example_task_group.py for tasks to queue
[2024-06-14T00:56:53.228+0200] {logging_mixin.py:188} INFO - [2024-06-14T00:56:53.228+0200] {dagbag.py:540} INFO - Filling up the DagBag from /home/hectorv/.local/lib/python3.10/site-packages/airflow/example_dags/example_task_group.py
[2024-06-14T00:56:53.232+0200] {processor.py:840} INFO - DAG(s) 'example_task_group' retrieved from /home/hectorv/.local/lib/python3.10/site-packages/airflow/example_dags/example_task_group.py
[2024-06-14T00:56:53.238+0200] {logging_mixin.py:188} INFO - [2024-06-14T00:56:53.238+0200] {dag.py:3096} INFO - Sync 1 DAGs
[2024-06-14T00:56:53.245+0200] {logging_mixin.py:188} INFO - [2024-06-14T00:56:53.245+0200] {dag.py:3954} INFO - Setting next_dagrun for example_task_group to 2024-06-12 00:00:00+00:00, run_after=2024-06-13 00:00:00+00:00
[2024-06-14T00:56:53.262+0200] {processor.py:183} INFO - Processing /home/hectorv/.local/lib/python3.10/site-packages/airflow/example_dags/example_task_group.py took 0.038 seconds
[2024-06-14T01:02:54.500+0200] {processor.py:161} INFO - Started process (PID=6310) to work on /home/hectorv/.local/lib/python3.10/site-packages/airflow/example_dags/example_task_group.py
[2024-06-14T01:02:54.502+0200] {processor.py:830} INFO - Processing file /home/hectorv/.local/lib/python3.10/site-packages/airflow/example_dags/example_task_group.py for tasks to queue
[2024-06-14T01:02:54.503+0200] {logging_mixin.py:188} INFO - [2024-06-14T01:02:54.502+0200] {dagbag.py:540} INFO - Filling up the DagBag from /home/hectorv/.local/lib/python3.10/site-packages/airflow/example_dags/example_task_group.py
[2024-06-14T01:02:54.505+0200] {processor.py:840} INFO - DAG(s) 'example_task_group' retrieved from /home/hectorv/.local/lib/python3.10/site-packages/airflow/example_dags/example_task_group.py
[2024-06-14T01:02:54.582+0200] {logging_mixin.py:188} INFO - [2024-06-14T01:02:54.582+0200] {dag.py:3096} INFO - Sync 1 DAGs
[2024-06-14T01:02:54.588+0200] {logging_mixin.py:188} INFO - [2024-06-14T01:02:54.588+0200] {dag.py:3954} INFO - Setting next_dagrun for example_task_group to 2024-06-12 00:00:00+00:00, run_after=2024-06-13 00:00:00+00:00
[2024-06-14T01:02:54.603+0200] {processor.py:183} INFO - Processing /home/hectorv/.local/lib/python3.10/site-packages/airflow/example_dags/example_task_group.py took 0.104 seconds
[2024-06-14T01:03:59.155+0200] {processor.py:161} INFO - Started process (PID=6801) to work on /home/hectorv/.local/lib/python3.10/site-packages/airflow/example_dags/example_task_group.py
[2024-06-14T01:03:59.158+0200] {processor.py:830} INFO - Processing file /home/hectorv/.local/lib/python3.10/site-packages/airflow/example_dags/example_task_group.py for tasks to queue
[2024-06-14T01:03:59.159+0200] {logging_mixin.py:188} INFO - [2024-06-14T01:03:59.159+0200] {dagbag.py:540} INFO - Filling up the DagBag from /home/hectorv/.local/lib/python3.10/site-packages/airflow/example_dags/example_task_group.py
[2024-06-14T01:03:59.161+0200] {processor.py:840} INFO - DAG(s) 'example_task_group' retrieved from /home/hectorv/.local/lib/python3.10/site-packages/airflow/example_dags/example_task_group.py
[2024-06-14T01:03:59.168+0200] {logging_mixin.py:188} INFO - [2024-06-14T01:03:59.167+0200] {dag.py:3096} INFO - Sync 1 DAGs
[2024-06-14T01:03:59.228+0200] {logging_mixin.py:188} INFO - [2024-06-14T01:03:59.228+0200] {dag.py:3954} INFO - Setting next_dagrun for example_task_group to 2024-06-12 00:00:00+00:00, run_after=2024-06-13 00:00:00+00:00
[2024-06-14T01:03:59.272+0200] {processor.py:183} INFO - Processing /home/hectorv/.local/lib/python3.10/site-packages/airflow/example_dags/example_task_group.py took 0.119 seconds
