[2024-06-13T23:19:39.822+0200] {processor.py:161} INFO - Started process (PID=458) to work on /home/hectorv/.local/lib/python3.10/site-packages/airflow/example_dags/example_kubernetes_executor.py
[2024-06-13T23:19:39.822+0200] {processor.py:830} INFO - Processing file /home/hectorv/.local/lib/python3.10/site-packages/airflow/example_dags/example_kubernetes_executor.py for tasks to queue
[2024-06-13T23:19:39.822+0200] {logging_mixin.py:188} INFO - [2024-06-13T23:19:39.822+0200] {dagbag.py:540} INFO - Filling up the DagBag from /home/hectorv/.local/lib/python3.10/site-packages/airflow/example_dags/example_kubernetes_executor.py
[2024-06-13T23:19:39.823+0200] {logging_mixin.py:188} INFO - [2024-06-13T23:19:39.823+0200] {example_kubernetes_executor.py:39} WARNING - The example_kubernetes_executor example DAG requires the kubernetes provider. Please install it with: pip install apache-airflow[cncf.kubernetes]
[2024-06-13T23:19:39.823+0200] {processor.py:842} WARNING - No viable dags retrieved from /home/hectorv/.local/lib/python3.10/site-packages/airflow/example_dags/example_kubernetes_executor.py
[2024-06-13T23:19:39.827+0200] {processor.py:183} INFO - Processing /home/hectorv/.local/lib/python3.10/site-packages/airflow/example_dags/example_kubernetes_executor.py took 0.007 seconds
[2024-06-13T23:20:29.985+0200] {processor.py:161} INFO - Started process (PID=509) to work on /home/hectorv/.local/lib/python3.10/site-packages/airflow/example_dags/example_kubernetes_executor.py
[2024-06-13T23:20:29.987+0200] {processor.py:830} INFO - Processing file /home/hectorv/.local/lib/python3.10/site-packages/airflow/example_dags/example_kubernetes_executor.py for tasks to queue
[2024-06-13T23:20:29.988+0200] {logging_mixin.py:188} INFO - [2024-06-13T23:20:29.988+0200] {dagbag.py:540} INFO - Filling up the DagBag from /home/hectorv/.local/lib/python3.10/site-packages/airflow/example_dags/example_kubernetes_executor.py
[2024-06-13T23:20:29.989+0200] {logging_mixin.py:188} INFO - [2024-06-13T23:20:29.989+0200] {example_kubernetes_executor.py:39} WARNING - The example_kubernetes_executor example DAG requires the kubernetes provider. Please install it with: pip install apache-airflow[cncf.kubernetes]
[2024-06-13T23:20:29.989+0200] {processor.py:842} WARNING - No viable dags retrieved from /home/hectorv/.local/lib/python3.10/site-packages/airflow/example_dags/example_kubernetes_executor.py
[2024-06-13T23:20:29.992+0200] {processor.py:183} INFO - Processing /home/hectorv/.local/lib/python3.10/site-packages/airflow/example_dags/example_kubernetes_executor.py took 0.009 seconds
[2024-06-13T23:21:17.250+0200] {processor.py:161} INFO - Started process (PID=560) to work on /home/hectorv/.local/lib/python3.10/site-packages/airflow/example_dags/example_kubernetes_executor.py
[2024-06-13T23:21:17.252+0200] {processor.py:830} INFO - Processing file /home/hectorv/.local/lib/python3.10/site-packages/airflow/example_dags/example_kubernetes_executor.py for tasks to queue
[2024-06-13T23:21:17.253+0200] {logging_mixin.py:188} INFO - [2024-06-13T23:21:17.252+0200] {dagbag.py:540} INFO - Filling up the DagBag from /home/hectorv/.local/lib/python3.10/site-packages/airflow/example_dags/example_kubernetes_executor.py
[2024-06-13T23:21:17.254+0200] {logging_mixin.py:188} INFO - [2024-06-13T23:21:17.254+0200] {example_kubernetes_executor.py:39} WARNING - The example_kubernetes_executor example DAG requires the kubernetes provider. Please install it with: pip install apache-airflow[cncf.kubernetes]
[2024-06-13T23:21:17.254+0200] {processor.py:842} WARNING - No viable dags retrieved from /home/hectorv/.local/lib/python3.10/site-packages/airflow/example_dags/example_kubernetes_executor.py
[2024-06-13T23:21:17.257+0200] {processor.py:183} INFO - Processing /home/hectorv/.local/lib/python3.10/site-packages/airflow/example_dags/example_kubernetes_executor.py took 0.009 seconds
[2024-06-13T23:22:15.861+0200] {processor.py:161} INFO - Started process (PID=619) to work on /home/hectorv/.local/lib/python3.10/site-packages/airflow/example_dags/example_kubernetes_executor.py
[2024-06-13T23:22:15.863+0200] {processor.py:830} INFO - Processing file /home/hectorv/.local/lib/python3.10/site-packages/airflow/example_dags/example_kubernetes_executor.py for tasks to queue
[2024-06-13T23:22:15.863+0200] {logging_mixin.py:188} INFO - [2024-06-13T23:22:15.863+0200] {dagbag.py:540} INFO - Filling up the DagBag from /home/hectorv/.local/lib/python3.10/site-packages/airflow/example_dags/example_kubernetes_executor.py
[2024-06-13T23:22:15.864+0200] {logging_mixin.py:188} INFO - [2024-06-13T23:22:15.864+0200] {example_kubernetes_executor.py:39} WARNING - The example_kubernetes_executor example DAG requires the kubernetes provider. Please install it with: pip install apache-airflow[cncf.kubernetes]
[2024-06-13T23:22:15.864+0200] {processor.py:842} WARNING - No viable dags retrieved from /home/hectorv/.local/lib/python3.10/site-packages/airflow/example_dags/example_kubernetes_executor.py
[2024-06-13T23:22:15.868+0200] {processor.py:183} INFO - Processing /home/hectorv/.local/lib/python3.10/site-packages/airflow/example_dags/example_kubernetes_executor.py took 0.009 seconds
[2024-06-13T23:23:15.214+0200] {processor.py:161} INFO - Started process (PID=681) to work on /home/hectorv/.local/lib/python3.10/site-packages/airflow/example_dags/example_kubernetes_executor.py
[2024-06-13T23:23:15.216+0200] {processor.py:830} INFO - Processing file /home/hectorv/.local/lib/python3.10/site-packages/airflow/example_dags/example_kubernetes_executor.py for tasks to queue
[2024-06-13T23:23:15.217+0200] {logging_mixin.py:188} INFO - [2024-06-13T23:23:15.216+0200] {dagbag.py:540} INFO - Filling up the DagBag from /home/hectorv/.local/lib/python3.10/site-packages/airflow/example_dags/example_kubernetes_executor.py
[2024-06-13T23:23:15.218+0200] {logging_mixin.py:188} INFO - [2024-06-13T23:23:15.218+0200] {example_kubernetes_executor.py:39} WARNING - The example_kubernetes_executor example DAG requires the kubernetes provider. Please install it with: pip install apache-airflow[cncf.kubernetes]
[2024-06-13T23:23:15.218+0200] {processor.py:842} WARNING - No viable dags retrieved from /home/hectorv/.local/lib/python3.10/site-packages/airflow/example_dags/example_kubernetes_executor.py
[2024-06-13T23:23:15.222+0200] {processor.py:183} INFO - Processing /home/hectorv/.local/lib/python3.10/site-packages/airflow/example_dags/example_kubernetes_executor.py took 0.010 seconds
[2024-06-13T23:24:10.448+0200] {processor.py:161} INFO - Started process (PID=743) to work on /home/hectorv/.local/lib/python3.10/site-packages/airflow/example_dags/example_kubernetes_executor.py
[2024-06-13T23:24:10.449+0200] {processor.py:830} INFO - Processing file /home/hectorv/.local/lib/python3.10/site-packages/airflow/example_dags/example_kubernetes_executor.py for tasks to queue
[2024-06-13T23:24:10.449+0200] {logging_mixin.py:188} INFO - [2024-06-13T23:24:10.449+0200] {dagbag.py:540} INFO - Filling up the DagBag from /home/hectorv/.local/lib/python3.10/site-packages/airflow/example_dags/example_kubernetes_executor.py
[2024-06-13T23:24:10.450+0200] {logging_mixin.py:188} INFO - [2024-06-13T23:24:10.450+0200] {example_kubernetes_executor.py:39} WARNING - The example_kubernetes_executor example DAG requires the kubernetes provider. Please install it with: pip install apache-airflow[cncf.kubernetes]
[2024-06-13T23:24:10.450+0200] {processor.py:842} WARNING - No viable dags retrieved from /home/hectorv/.local/lib/python3.10/site-packages/airflow/example_dags/example_kubernetes_executor.py
[2024-06-13T23:24:10.454+0200] {processor.py:183} INFO - Processing /home/hectorv/.local/lib/python3.10/site-packages/airflow/example_dags/example_kubernetes_executor.py took 0.008 seconds
[2024-06-13T23:25:06.282+0200] {processor.py:161} INFO - Started process (PID=804) to work on /home/hectorv/.local/lib/python3.10/site-packages/airflow/example_dags/example_kubernetes_executor.py
[2024-06-13T23:25:06.283+0200] {processor.py:830} INFO - Processing file /home/hectorv/.local/lib/python3.10/site-packages/airflow/example_dags/example_kubernetes_executor.py for tasks to queue
[2024-06-13T23:25:06.284+0200] {logging_mixin.py:188} INFO - [2024-06-13T23:25:06.284+0200] {dagbag.py:540} INFO - Filling up the DagBag from /home/hectorv/.local/lib/python3.10/site-packages/airflow/example_dags/example_kubernetes_executor.py
[2024-06-13T23:25:06.285+0200] {logging_mixin.py:188} INFO - [2024-06-13T23:25:06.285+0200] {example_kubernetes_executor.py:39} WARNING - The example_kubernetes_executor example DAG requires the kubernetes provider. Please install it with: pip install apache-airflow[cncf.kubernetes]
[2024-06-13T23:25:06.285+0200] {processor.py:842} WARNING - No viable dags retrieved from /home/hectorv/.local/lib/python3.10/site-packages/airflow/example_dags/example_kubernetes_executor.py
[2024-06-13T23:25:06.289+0200] {processor.py:183} INFO - Processing /home/hectorv/.local/lib/python3.10/site-packages/airflow/example_dags/example_kubernetes_executor.py took 0.009 seconds
[2024-06-13T23:26:00.498+0200] {processor.py:161} INFO - Started process (PID=862) to work on /home/hectorv/.local/lib/python3.10/site-packages/airflow/example_dags/example_kubernetes_executor.py
[2024-06-13T23:26:00.500+0200] {processor.py:830} INFO - Processing file /home/hectorv/.local/lib/python3.10/site-packages/airflow/example_dags/example_kubernetes_executor.py for tasks to queue
[2024-06-13T23:26:00.500+0200] {logging_mixin.py:188} INFO - [2024-06-13T23:26:00.500+0200] {dagbag.py:540} INFO - Filling up the DagBag from /home/hectorv/.local/lib/python3.10/site-packages/airflow/example_dags/example_kubernetes_executor.py
[2024-06-13T23:26:00.501+0200] {logging_mixin.py:188} INFO - [2024-06-13T23:26:00.501+0200] {example_kubernetes_executor.py:39} WARNING - The example_kubernetes_executor example DAG requires the kubernetes provider. Please install it with: pip install apache-airflow[cncf.kubernetes]
[2024-06-13T23:26:00.501+0200] {processor.py:842} WARNING - No viable dags retrieved from /home/hectorv/.local/lib/python3.10/site-packages/airflow/example_dags/example_kubernetes_executor.py
[2024-06-13T23:26:00.505+0200] {processor.py:183} INFO - Processing /home/hectorv/.local/lib/python3.10/site-packages/airflow/example_dags/example_kubernetes_executor.py took 0.009 seconds
[2024-06-13T23:26:57.271+0200] {processor.py:161} INFO - Started process (PID=922) to work on /home/hectorv/.local/lib/python3.10/site-packages/airflow/example_dags/example_kubernetes_executor.py
[2024-06-13T23:26:57.273+0200] {processor.py:830} INFO - Processing file /home/hectorv/.local/lib/python3.10/site-packages/airflow/example_dags/example_kubernetes_executor.py for tasks to queue
[2024-06-13T23:26:57.273+0200] {logging_mixin.py:188} INFO - [2024-06-13T23:26:57.273+0200] {dagbag.py:540} INFO - Filling up the DagBag from /home/hectorv/.local/lib/python3.10/site-packages/airflow/example_dags/example_kubernetes_executor.py
[2024-06-13T23:26:57.274+0200] {logging_mixin.py:188} INFO - [2024-06-13T23:26:57.274+0200] {example_kubernetes_executor.py:39} WARNING - The example_kubernetes_executor example DAG requires the kubernetes provider. Please install it with: pip install apache-airflow[cncf.kubernetes]
[2024-06-13T23:26:57.274+0200] {processor.py:842} WARNING - No viable dags retrieved from /home/hectorv/.local/lib/python3.10/site-packages/airflow/example_dags/example_kubernetes_executor.py
[2024-06-13T23:26:57.278+0200] {processor.py:183} INFO - Processing /home/hectorv/.local/lib/python3.10/site-packages/airflow/example_dags/example_kubernetes_executor.py took 0.009 seconds
[2024-06-13T23:27:56.537+0200] {processor.py:161} INFO - Started process (PID=984) to work on /home/hectorv/.local/lib/python3.10/site-packages/airflow/example_dags/example_kubernetes_executor.py
[2024-06-13T23:27:56.539+0200] {processor.py:830} INFO - Processing file /home/hectorv/.local/lib/python3.10/site-packages/airflow/example_dags/example_kubernetes_executor.py for tasks to queue
[2024-06-13T23:27:56.539+0200] {logging_mixin.py:188} INFO - [2024-06-13T23:27:56.539+0200] {dagbag.py:540} INFO - Filling up the DagBag from /home/hectorv/.local/lib/python3.10/site-packages/airflow/example_dags/example_kubernetes_executor.py
[2024-06-13T23:27:56.541+0200] {logging_mixin.py:188} INFO - [2024-06-13T23:27:56.540+0200] {example_kubernetes_executor.py:39} WARNING - The example_kubernetes_executor example DAG requires the kubernetes provider. Please install it with: pip install apache-airflow[cncf.kubernetes]
[2024-06-13T23:27:56.541+0200] {processor.py:842} WARNING - No viable dags retrieved from /home/hectorv/.local/lib/python3.10/site-packages/airflow/example_dags/example_kubernetes_executor.py
[2024-06-13T23:27:56.544+0200] {processor.py:183} INFO - Processing /home/hectorv/.local/lib/python3.10/site-packages/airflow/example_dags/example_kubernetes_executor.py took 0.009 seconds
[2024-06-13T23:28:56.545+0200] {processor.py:161} INFO - Started process (PID=1046) to work on /home/hectorv/.local/lib/python3.10/site-packages/airflow/example_dags/example_kubernetes_executor.py
[2024-06-13T23:28:56.546+0200] {processor.py:830} INFO - Processing file /home/hectorv/.local/lib/python3.10/site-packages/airflow/example_dags/example_kubernetes_executor.py for tasks to queue
[2024-06-13T23:28:56.547+0200] {logging_mixin.py:188} INFO - [2024-06-13T23:28:56.547+0200] {dagbag.py:540} INFO - Filling up the DagBag from /home/hectorv/.local/lib/python3.10/site-packages/airflow/example_dags/example_kubernetes_executor.py
[2024-06-13T23:28:56.548+0200] {logging_mixin.py:188} INFO - [2024-06-13T23:28:56.548+0200] {example_kubernetes_executor.py:39} WARNING - The example_kubernetes_executor example DAG requires the kubernetes provider. Please install it with: pip install apache-airflow[cncf.kubernetes]
[2024-06-13T23:28:56.548+0200] {processor.py:842} WARNING - No viable dags retrieved from /home/hectorv/.local/lib/python3.10/site-packages/airflow/example_dags/example_kubernetes_executor.py
[2024-06-13T23:28:56.552+0200] {processor.py:183} INFO - Processing /home/hectorv/.local/lib/python3.10/site-packages/airflow/example_dags/example_kubernetes_executor.py took 0.009 seconds
[2024-06-13T23:29:54.152+0200] {processor.py:161} INFO - Started process (PID=1184) to work on /home/hectorv/.local/lib/python3.10/site-packages/airflow/example_dags/example_kubernetes_executor.py
[2024-06-13T23:29:54.153+0200] {processor.py:830} INFO - Processing file /home/hectorv/.local/lib/python3.10/site-packages/airflow/example_dags/example_kubernetes_executor.py for tasks to queue
[2024-06-13T23:29:54.153+0200] {logging_mixin.py:188} INFO - [2024-06-13T23:29:54.153+0200] {dagbag.py:540} INFO - Filling up the DagBag from /home/hectorv/.local/lib/python3.10/site-packages/airflow/example_dags/example_kubernetes_executor.py
[2024-06-13T23:29:54.155+0200] {logging_mixin.py:188} INFO - [2024-06-13T23:29:54.154+0200] {example_kubernetes_executor.py:39} WARNING - The example_kubernetes_executor example DAG requires the kubernetes provider. Please install it with: pip install apache-airflow[cncf.kubernetes]
[2024-06-13T23:29:54.155+0200] {processor.py:842} WARNING - No viable dags retrieved from /home/hectorv/.local/lib/python3.10/site-packages/airflow/example_dags/example_kubernetes_executor.py
[2024-06-13T23:29:54.159+0200] {processor.py:183} INFO - Processing /home/hectorv/.local/lib/python3.10/site-packages/airflow/example_dags/example_kubernetes_executor.py took 0.009 seconds
[2024-06-13T23:30:55.674+0200] {processor.py:161} INFO - Started process (PID=1248) to work on /home/hectorv/.local/lib/python3.10/site-packages/airflow/example_dags/example_kubernetes_executor.py
[2024-06-13T23:30:55.676+0200] {processor.py:830} INFO - Processing file /home/hectorv/.local/lib/python3.10/site-packages/airflow/example_dags/example_kubernetes_executor.py for tasks to queue
[2024-06-13T23:30:55.676+0200] {logging_mixin.py:188} INFO - [2024-06-13T23:30:55.676+0200] {dagbag.py:540} INFO - Filling up the DagBag from /home/hectorv/.local/lib/python3.10/site-packages/airflow/example_dags/example_kubernetes_executor.py
[2024-06-13T23:30:55.677+0200] {logging_mixin.py:188} INFO - [2024-06-13T23:30:55.677+0200] {example_kubernetes_executor.py:39} WARNING - The example_kubernetes_executor example DAG requires the kubernetes provider. Please install it with: pip install apache-airflow[cncf.kubernetes]
[2024-06-13T23:30:55.677+0200] {processor.py:842} WARNING - No viable dags retrieved from /home/hectorv/.local/lib/python3.10/site-packages/airflow/example_dags/example_kubernetes_executor.py
[2024-06-13T23:30:55.681+0200] {processor.py:183} INFO - Processing /home/hectorv/.local/lib/python3.10/site-packages/airflow/example_dags/example_kubernetes_executor.py took 0.009 seconds
[2024-06-13T23:31:53.271+0200] {processor.py:161} INFO - Started process (PID=1308) to work on /home/hectorv/.local/lib/python3.10/site-packages/airflow/example_dags/example_kubernetes_executor.py
[2024-06-13T23:31:53.273+0200] {processor.py:830} INFO - Processing file /home/hectorv/.local/lib/python3.10/site-packages/airflow/example_dags/example_kubernetes_executor.py for tasks to queue
[2024-06-13T23:31:53.274+0200] {logging_mixin.py:188} INFO - [2024-06-13T23:31:53.274+0200] {dagbag.py:540} INFO - Filling up the DagBag from /home/hectorv/.local/lib/python3.10/site-packages/airflow/example_dags/example_kubernetes_executor.py
[2024-06-13T23:31:53.275+0200] {logging_mixin.py:188} INFO - [2024-06-13T23:31:53.275+0200] {example_kubernetes_executor.py:39} WARNING - The example_kubernetes_executor example DAG requires the kubernetes provider. Please install it with: pip install apache-airflow[cncf.kubernetes]
[2024-06-13T23:31:53.275+0200] {processor.py:842} WARNING - No viable dags retrieved from /home/hectorv/.local/lib/python3.10/site-packages/airflow/example_dags/example_kubernetes_executor.py
[2024-06-13T23:31:53.278+0200] {processor.py:183} INFO - Processing /home/hectorv/.local/lib/python3.10/site-packages/airflow/example_dags/example_kubernetes_executor.py took 0.009 seconds
[2024-06-13T23:32:51.897+0200] {processor.py:161} INFO - Started process (PID=1370) to work on /home/hectorv/.local/lib/python3.10/site-packages/airflow/example_dags/example_kubernetes_executor.py
[2024-06-13T23:32:51.898+0200] {processor.py:830} INFO - Processing file /home/hectorv/.local/lib/python3.10/site-packages/airflow/example_dags/example_kubernetes_executor.py for tasks to queue
[2024-06-13T23:32:51.899+0200] {logging_mixin.py:188} INFO - [2024-06-13T23:32:51.899+0200] {dagbag.py:540} INFO - Filling up the DagBag from /home/hectorv/.local/lib/python3.10/site-packages/airflow/example_dags/example_kubernetes_executor.py
[2024-06-13T23:32:51.900+0200] {logging_mixin.py:188} INFO - [2024-06-13T23:32:51.900+0200] {example_kubernetes_executor.py:39} WARNING - The example_kubernetes_executor example DAG requires the kubernetes provider. Please install it with: pip install apache-airflow[cncf.kubernetes]
[2024-06-13T23:32:51.900+0200] {processor.py:842} WARNING - No viable dags retrieved from /home/hectorv/.local/lib/python3.10/site-packages/airflow/example_dags/example_kubernetes_executor.py
[2024-06-13T23:32:51.904+0200] {processor.py:183} INFO - Processing /home/hectorv/.local/lib/python3.10/site-packages/airflow/example_dags/example_kubernetes_executor.py took 0.009 seconds
[2024-06-13T23:33:51.200+0200] {processor.py:161} INFO - Started process (PID=1441) to work on /home/hectorv/.local/lib/python3.10/site-packages/airflow/example_dags/example_kubernetes_executor.py
[2024-06-13T23:33:51.201+0200] {processor.py:830} INFO - Processing file /home/hectorv/.local/lib/python3.10/site-packages/airflow/example_dags/example_kubernetes_executor.py for tasks to queue
[2024-06-13T23:33:51.202+0200] {logging_mixin.py:188} INFO - [2024-06-13T23:33:51.202+0200] {dagbag.py:540} INFO - Filling up the DagBag from /home/hectorv/.local/lib/python3.10/site-packages/airflow/example_dags/example_kubernetes_executor.py
[2024-06-13T23:33:51.203+0200] {logging_mixin.py:188} INFO - [2024-06-13T23:33:51.203+0200] {example_kubernetes_executor.py:39} WARNING - The example_kubernetes_executor example DAG requires the kubernetes provider. Please install it with: pip install apache-airflow[cncf.kubernetes]
[2024-06-13T23:33:51.203+0200] {processor.py:842} WARNING - No viable dags retrieved from /home/hectorv/.local/lib/python3.10/site-packages/airflow/example_dags/example_kubernetes_executor.py
[2024-06-13T23:33:51.207+0200] {processor.py:183} INFO - Processing /home/hectorv/.local/lib/python3.10/site-packages/airflow/example_dags/example_kubernetes_executor.py took 0.009 seconds
[2024-06-13T23:34:47.649+0200] {processor.py:161} INFO - Started process (PID=1501) to work on /home/hectorv/.local/lib/python3.10/site-packages/airflow/example_dags/example_kubernetes_executor.py
[2024-06-13T23:34:47.653+0200] {processor.py:830} INFO - Processing file /home/hectorv/.local/lib/python3.10/site-packages/airflow/example_dags/example_kubernetes_executor.py for tasks to queue
[2024-06-13T23:34:47.654+0200] {logging_mixin.py:188} INFO - [2024-06-13T23:34:47.654+0200] {dagbag.py:540} INFO - Filling up the DagBag from /home/hectorv/.local/lib/python3.10/site-packages/airflow/example_dags/example_kubernetes_executor.py
[2024-06-13T23:34:47.655+0200] {logging_mixin.py:188} INFO - [2024-06-13T23:34:47.655+0200] {example_kubernetes_executor.py:39} WARNING - The example_kubernetes_executor example DAG requires the kubernetes provider. Please install it with: pip install apache-airflow[cncf.kubernetes]
[2024-06-13T23:34:47.655+0200] {processor.py:842} WARNING - No viable dags retrieved from /home/hectorv/.local/lib/python3.10/site-packages/airflow/example_dags/example_kubernetes_executor.py
[2024-06-13T23:34:47.658+0200] {processor.py:183} INFO - Processing /home/hectorv/.local/lib/python3.10/site-packages/airflow/example_dags/example_kubernetes_executor.py took 0.011 seconds
[2024-06-13T23:35:51.351+0200] {processor.py:161} INFO - Started process (PID=1568) to work on /home/hectorv/.local/lib/python3.10/site-packages/airflow/example_dags/example_kubernetes_executor.py
[2024-06-13T23:35:51.355+0200] {processor.py:830} INFO - Processing file /home/hectorv/.local/lib/python3.10/site-packages/airflow/example_dags/example_kubernetes_executor.py for tasks to queue
[2024-06-13T23:35:51.355+0200] {logging_mixin.py:188} INFO - [2024-06-13T23:35:51.355+0200] {dagbag.py:540} INFO - Filling up the DagBag from /home/hectorv/.local/lib/python3.10/site-packages/airflow/example_dags/example_kubernetes_executor.py
[2024-06-13T23:35:51.357+0200] {logging_mixin.py:188} INFO - [2024-06-13T23:35:51.356+0200] {example_kubernetes_executor.py:39} WARNING - The example_kubernetes_executor example DAG requires the kubernetes provider. Please install it with: pip install apache-airflow[cncf.kubernetes]
[2024-06-13T23:35:51.357+0200] {processor.py:842} WARNING - No viable dags retrieved from /home/hectorv/.local/lib/python3.10/site-packages/airflow/example_dags/example_kubernetes_executor.py
[2024-06-13T23:35:51.360+0200] {processor.py:183} INFO - Processing /home/hectorv/.local/lib/python3.10/site-packages/airflow/example_dags/example_kubernetes_executor.py took 0.011 seconds
[2024-06-13T23:36:49.787+0200] {processor.py:161} INFO - Started process (PID=1629) to work on /home/hectorv/.local/lib/python3.10/site-packages/airflow/example_dags/example_kubernetes_executor.py
[2024-06-13T23:36:49.789+0200] {processor.py:830} INFO - Processing file /home/hectorv/.local/lib/python3.10/site-packages/airflow/example_dags/example_kubernetes_executor.py for tasks to queue
[2024-06-13T23:36:49.789+0200] {logging_mixin.py:188} INFO - [2024-06-13T23:36:49.789+0200] {dagbag.py:540} INFO - Filling up the DagBag from /home/hectorv/.local/lib/python3.10/site-packages/airflow/example_dags/example_kubernetes_executor.py
[2024-06-13T23:36:49.790+0200] {logging_mixin.py:188} INFO - [2024-06-13T23:36:49.790+0200] {example_kubernetes_executor.py:39} WARNING - The example_kubernetes_executor example DAG requires the kubernetes provider. Please install it with: pip install apache-airflow[cncf.kubernetes]
[2024-06-13T23:36:49.791+0200] {processor.py:842} WARNING - No viable dags retrieved from /home/hectorv/.local/lib/python3.10/site-packages/airflow/example_dags/example_kubernetes_executor.py
[2024-06-13T23:36:49.794+0200] {processor.py:183} INFO - Processing /home/hectorv/.local/lib/python3.10/site-packages/airflow/example_dags/example_kubernetes_executor.py took 0.009 seconds
[2024-06-13T23:37:45.700+0200] {processor.py:161} INFO - Started process (PID=1688) to work on /home/hectorv/.local/lib/python3.10/site-packages/airflow/example_dags/example_kubernetes_executor.py
[2024-06-13T23:37:45.702+0200] {processor.py:830} INFO - Processing file /home/hectorv/.local/lib/python3.10/site-packages/airflow/example_dags/example_kubernetes_executor.py for tasks to queue
[2024-06-13T23:37:45.702+0200] {logging_mixin.py:188} INFO - [2024-06-13T23:37:45.702+0200] {dagbag.py:540} INFO - Filling up the DagBag from /home/hectorv/.local/lib/python3.10/site-packages/airflow/example_dags/example_kubernetes_executor.py
[2024-06-13T23:37:45.703+0200] {logging_mixin.py:188} INFO - [2024-06-13T23:37:45.703+0200] {example_kubernetes_executor.py:39} WARNING - The example_kubernetes_executor example DAG requires the kubernetes provider. Please install it with: pip install apache-airflow[cncf.kubernetes]
[2024-06-13T23:37:45.704+0200] {processor.py:842} WARNING - No viable dags retrieved from /home/hectorv/.local/lib/python3.10/site-packages/airflow/example_dags/example_kubernetes_executor.py
[2024-06-13T23:37:45.707+0200] {processor.py:183} INFO - Processing /home/hectorv/.local/lib/python3.10/site-packages/airflow/example_dags/example_kubernetes_executor.py took 0.009 seconds
[2024-06-13T23:38:44.113+0200] {processor.py:161} INFO - Started process (PID=1749) to work on /home/hectorv/.local/lib/python3.10/site-packages/airflow/example_dags/example_kubernetes_executor.py
[2024-06-13T23:38:44.115+0200] {processor.py:830} INFO - Processing file /home/hectorv/.local/lib/python3.10/site-packages/airflow/example_dags/example_kubernetes_executor.py for tasks to queue
[2024-06-13T23:38:44.115+0200] {logging_mixin.py:188} INFO - [2024-06-13T23:38:44.115+0200] {dagbag.py:540} INFO - Filling up the DagBag from /home/hectorv/.local/lib/python3.10/site-packages/airflow/example_dags/example_kubernetes_executor.py
[2024-06-13T23:38:44.116+0200] {logging_mixin.py:188} INFO - [2024-06-13T23:38:44.116+0200] {example_kubernetes_executor.py:39} WARNING - The example_kubernetes_executor example DAG requires the kubernetes provider. Please install it with: pip install apache-airflow[cncf.kubernetes]
[2024-06-13T23:38:44.116+0200] {processor.py:842} WARNING - No viable dags retrieved from /home/hectorv/.local/lib/python3.10/site-packages/airflow/example_dags/example_kubernetes_executor.py
[2024-06-13T23:38:44.120+0200] {processor.py:183} INFO - Processing /home/hectorv/.local/lib/python3.10/site-packages/airflow/example_dags/example_kubernetes_executor.py took 0.009 seconds
[2024-06-13T23:39:44.064+0200] {processor.py:161} INFO - Started process (PID=1812) to work on /home/hectorv/.local/lib/python3.10/site-packages/airflow/example_dags/example_kubernetes_executor.py
[2024-06-13T23:39:44.065+0200] {processor.py:830} INFO - Processing file /home/hectorv/.local/lib/python3.10/site-packages/airflow/example_dags/example_kubernetes_executor.py for tasks to queue
[2024-06-13T23:39:44.065+0200] {logging_mixin.py:188} INFO - [2024-06-13T23:39:44.065+0200] {dagbag.py:540} INFO - Filling up the DagBag from /home/hectorv/.local/lib/python3.10/site-packages/airflow/example_dags/example_kubernetes_executor.py
[2024-06-13T23:39:44.066+0200] {logging_mixin.py:188} INFO - [2024-06-13T23:39:44.066+0200] {example_kubernetes_executor.py:39} WARNING - The example_kubernetes_executor example DAG requires the kubernetes provider. Please install it with: pip install apache-airflow[cncf.kubernetes]
[2024-06-13T23:39:44.066+0200] {processor.py:842} WARNING - No viable dags retrieved from /home/hectorv/.local/lib/python3.10/site-packages/airflow/example_dags/example_kubernetes_executor.py
[2024-06-13T23:39:44.070+0200] {processor.py:183} INFO - Processing /home/hectorv/.local/lib/python3.10/site-packages/airflow/example_dags/example_kubernetes_executor.py took 0.007 seconds
[2024-06-13T23:40:40.882+0200] {processor.py:161} INFO - Started process (PID=1871) to work on /home/hectorv/.local/lib/python3.10/site-packages/airflow/example_dags/example_kubernetes_executor.py
[2024-06-13T23:40:40.884+0200] {processor.py:830} INFO - Processing file /home/hectorv/.local/lib/python3.10/site-packages/airflow/example_dags/example_kubernetes_executor.py for tasks to queue
[2024-06-13T23:40:40.884+0200] {logging_mixin.py:188} INFO - [2024-06-13T23:40:40.884+0200] {dagbag.py:540} INFO - Filling up the DagBag from /home/hectorv/.local/lib/python3.10/site-packages/airflow/example_dags/example_kubernetes_executor.py
[2024-06-13T23:40:40.885+0200] {logging_mixin.py:188} INFO - [2024-06-13T23:40:40.885+0200] {example_kubernetes_executor.py:39} WARNING - The example_kubernetes_executor example DAG requires the kubernetes provider. Please install it with: pip install apache-airflow[cncf.kubernetes]
[2024-06-13T23:40:40.885+0200] {processor.py:842} WARNING - No viable dags retrieved from /home/hectorv/.local/lib/python3.10/site-packages/airflow/example_dags/example_kubernetes_executor.py
[2024-06-13T23:40:40.888+0200] {processor.py:183} INFO - Processing /home/hectorv/.local/lib/python3.10/site-packages/airflow/example_dags/example_kubernetes_executor.py took 0.008 seconds
[2024-06-13T23:41:38.483+0200] {processor.py:161} INFO - Started process (PID=1931) to work on /home/hectorv/.local/lib/python3.10/site-packages/airflow/example_dags/example_kubernetes_executor.py
[2024-06-13T23:41:38.485+0200] {processor.py:830} INFO - Processing file /home/hectorv/.local/lib/python3.10/site-packages/airflow/example_dags/example_kubernetes_executor.py for tasks to queue
[2024-06-13T23:41:38.485+0200] {logging_mixin.py:188} INFO - [2024-06-13T23:41:38.485+0200] {dagbag.py:540} INFO - Filling up the DagBag from /home/hectorv/.local/lib/python3.10/site-packages/airflow/example_dags/example_kubernetes_executor.py
[2024-06-13T23:41:38.486+0200] {logging_mixin.py:188} INFO - [2024-06-13T23:41:38.486+0200] {example_kubernetes_executor.py:39} WARNING - The example_kubernetes_executor example DAG requires the kubernetes provider. Please install it with: pip install apache-airflow[cncf.kubernetes]
[2024-06-13T23:41:38.486+0200] {processor.py:842} WARNING - No viable dags retrieved from /home/hectorv/.local/lib/python3.10/site-packages/airflow/example_dags/example_kubernetes_executor.py
[2024-06-13T23:41:38.490+0200] {processor.py:183} INFO - Processing /home/hectorv/.local/lib/python3.10/site-packages/airflow/example_dags/example_kubernetes_executor.py took 0.008 seconds
[2024-06-13T23:42:35.997+0200] {processor.py:161} INFO - Started process (PID=1992) to work on /home/hectorv/.local/lib/python3.10/site-packages/airflow/example_dags/example_kubernetes_executor.py
[2024-06-13T23:42:35.999+0200] {processor.py:830} INFO - Processing file /home/hectorv/.local/lib/python3.10/site-packages/airflow/example_dags/example_kubernetes_executor.py for tasks to queue
[2024-06-13T23:42:35.999+0200] {logging_mixin.py:188} INFO - [2024-06-13T23:42:35.999+0200] {dagbag.py:540} INFO - Filling up the DagBag from /home/hectorv/.local/lib/python3.10/site-packages/airflow/example_dags/example_kubernetes_executor.py
[2024-06-13T23:42:36.000+0200] {logging_mixin.py:188} INFO - [2024-06-13T23:42:36.000+0200] {example_kubernetes_executor.py:39} WARNING - The example_kubernetes_executor example DAG requires the kubernetes provider. Please install it with: pip install apache-airflow[cncf.kubernetes]
[2024-06-13T23:42:36.000+0200] {processor.py:842} WARNING - No viable dags retrieved from /home/hectorv/.local/lib/python3.10/site-packages/airflow/example_dags/example_kubernetes_executor.py
[2024-06-13T23:42:36.004+0200] {processor.py:183} INFO - Processing /home/hectorv/.local/lib/python3.10/site-packages/airflow/example_dags/example_kubernetes_executor.py took 0.009 seconds
[2024-06-13T23:43:35.080+0200] {processor.py:161} INFO - Started process (PID=2055) to work on /home/hectorv/.local/lib/python3.10/site-packages/airflow/example_dags/example_kubernetes_executor.py
[2024-06-13T23:43:35.081+0200] {processor.py:830} INFO - Processing file /home/hectorv/.local/lib/python3.10/site-packages/airflow/example_dags/example_kubernetes_executor.py for tasks to queue
[2024-06-13T23:43:35.081+0200] {logging_mixin.py:188} INFO - [2024-06-13T23:43:35.081+0200] {dagbag.py:540} INFO - Filling up the DagBag from /home/hectorv/.local/lib/python3.10/site-packages/airflow/example_dags/example_kubernetes_executor.py
[2024-06-13T23:43:35.082+0200] {logging_mixin.py:188} INFO - [2024-06-13T23:43:35.082+0200] {example_kubernetes_executor.py:39} WARNING - The example_kubernetes_executor example DAG requires the kubernetes provider. Please install it with: pip install apache-airflow[cncf.kubernetes]
[2024-06-13T23:43:35.082+0200] {processor.py:842} WARNING - No viable dags retrieved from /home/hectorv/.local/lib/python3.10/site-packages/airflow/example_dags/example_kubernetes_executor.py
[2024-06-13T23:43:35.086+0200] {processor.py:183} INFO - Processing /home/hectorv/.local/lib/python3.10/site-packages/airflow/example_dags/example_kubernetes_executor.py took 0.008 seconds
[2024-06-13T23:44:33.699+0200] {processor.py:161} INFO - Started process (PID=2115) to work on /home/hectorv/.local/lib/python3.10/site-packages/airflow/example_dags/example_kubernetes_executor.py
[2024-06-13T23:44:33.701+0200] {processor.py:830} INFO - Processing file /home/hectorv/.local/lib/python3.10/site-packages/airflow/example_dags/example_kubernetes_executor.py for tasks to queue
[2024-06-13T23:44:33.702+0200] {logging_mixin.py:188} INFO - [2024-06-13T23:44:33.702+0200] {dagbag.py:540} INFO - Filling up the DagBag from /home/hectorv/.local/lib/python3.10/site-packages/airflow/example_dags/example_kubernetes_executor.py
[2024-06-13T23:44:33.703+0200] {logging_mixin.py:188} INFO - [2024-06-13T23:44:33.703+0200] {example_kubernetes_executor.py:39} WARNING - The example_kubernetes_executor example DAG requires the kubernetes provider. Please install it with: pip install apache-airflow[cncf.kubernetes]
[2024-06-13T23:44:33.703+0200] {processor.py:842} WARNING - No viable dags retrieved from /home/hectorv/.local/lib/python3.10/site-packages/airflow/example_dags/example_kubernetes_executor.py
[2024-06-13T23:44:33.706+0200] {processor.py:183} INFO - Processing /home/hectorv/.local/lib/python3.10/site-packages/airflow/example_dags/example_kubernetes_executor.py took 0.009 seconds
[2024-06-13T23:45:29.197+0200] {processor.py:161} INFO - Started process (PID=2174) to work on /home/hectorv/.local/lib/python3.10/site-packages/airflow/example_dags/example_kubernetes_executor.py
[2024-06-13T23:45:29.205+0200] {processor.py:830} INFO - Processing file /home/hectorv/.local/lib/python3.10/site-packages/airflow/example_dags/example_kubernetes_executor.py for tasks to queue
[2024-06-13T23:45:29.206+0200] {logging_mixin.py:188} INFO - [2024-06-13T23:45:29.206+0200] {dagbag.py:540} INFO - Filling up the DagBag from /home/hectorv/.local/lib/python3.10/site-packages/airflow/example_dags/example_kubernetes_executor.py
[2024-06-13T23:45:29.207+0200] {logging_mixin.py:188} INFO - [2024-06-13T23:45:29.207+0200] {example_kubernetes_executor.py:39} WARNING - The example_kubernetes_executor example DAG requires the kubernetes provider. Please install it with: pip install apache-airflow[cncf.kubernetes]
[2024-06-13T23:45:29.207+0200] {processor.py:842} WARNING - No viable dags retrieved from /home/hectorv/.local/lib/python3.10/site-packages/airflow/example_dags/example_kubernetes_executor.py
[2024-06-13T23:45:29.211+0200] {processor.py:183} INFO - Processing /home/hectorv/.local/lib/python3.10/site-packages/airflow/example_dags/example_kubernetes_executor.py took 0.015 seconds
[2024-06-13T23:46:32.217+0200] {processor.py:161} INFO - Started process (PID=2237) to work on /home/hectorv/.local/lib/python3.10/site-packages/airflow/example_dags/example_kubernetes_executor.py
[2024-06-13T23:46:32.219+0200] {processor.py:830} INFO - Processing file /home/hectorv/.local/lib/python3.10/site-packages/airflow/example_dags/example_kubernetes_executor.py for tasks to queue
[2024-06-13T23:46:32.219+0200] {logging_mixin.py:188} INFO - [2024-06-13T23:46:32.219+0200] {dagbag.py:540} INFO - Filling up the DagBag from /home/hectorv/.local/lib/python3.10/site-packages/airflow/example_dags/example_kubernetes_executor.py
[2024-06-13T23:46:32.220+0200] {logging_mixin.py:188} INFO - [2024-06-13T23:46:32.220+0200] {example_kubernetes_executor.py:39} WARNING - The example_kubernetes_executor example DAG requires the kubernetes provider. Please install it with: pip install apache-airflow[cncf.kubernetes]
[2024-06-13T23:46:32.221+0200] {processor.py:842} WARNING - No viable dags retrieved from /home/hectorv/.local/lib/python3.10/site-packages/airflow/example_dags/example_kubernetes_executor.py
[2024-06-13T23:46:32.224+0200] {processor.py:183} INFO - Processing /home/hectorv/.local/lib/python3.10/site-packages/airflow/example_dags/example_kubernetes_executor.py took 0.009 seconds
[2024-06-13T23:47:28.394+0200] {processor.py:161} INFO - Started process (PID=2297) to work on /home/hectorv/.local/lib/python3.10/site-packages/airflow/example_dags/example_kubernetes_executor.py
[2024-06-13T23:47:28.396+0200] {processor.py:830} INFO - Processing file /home/hectorv/.local/lib/python3.10/site-packages/airflow/example_dags/example_kubernetes_executor.py for tasks to queue
[2024-06-13T23:47:28.397+0200] {logging_mixin.py:188} INFO - [2024-06-13T23:47:28.396+0200] {dagbag.py:540} INFO - Filling up the DagBag from /home/hectorv/.local/lib/python3.10/site-packages/airflow/example_dags/example_kubernetes_executor.py
[2024-06-13T23:47:28.398+0200] {logging_mixin.py:188} INFO - [2024-06-13T23:47:28.398+0200] {example_kubernetes_executor.py:39} WARNING - The example_kubernetes_executor example DAG requires the kubernetes provider. Please install it with: pip install apache-airflow[cncf.kubernetes]
[2024-06-13T23:47:28.398+0200] {processor.py:842} WARNING - No viable dags retrieved from /home/hectorv/.local/lib/python3.10/site-packages/airflow/example_dags/example_kubernetes_executor.py
[2024-06-13T23:47:28.401+0200] {processor.py:183} INFO - Processing /home/hectorv/.local/lib/python3.10/site-packages/airflow/example_dags/example_kubernetes_executor.py took 0.009 seconds
[2024-06-13T23:48:25.094+0200] {processor.py:161} INFO - Started process (PID=2357) to work on /home/hectorv/.local/lib/python3.10/site-packages/airflow/example_dags/example_kubernetes_executor.py
[2024-06-13T23:48:25.096+0200] {processor.py:830} INFO - Processing file /home/hectorv/.local/lib/python3.10/site-packages/airflow/example_dags/example_kubernetes_executor.py for tasks to queue
[2024-06-13T23:48:25.096+0200] {logging_mixin.py:188} INFO - [2024-06-13T23:48:25.096+0200] {dagbag.py:540} INFO - Filling up the DagBag from /home/hectorv/.local/lib/python3.10/site-packages/airflow/example_dags/example_kubernetes_executor.py
[2024-06-13T23:48:25.097+0200] {logging_mixin.py:188} INFO - [2024-06-13T23:48:25.097+0200] {example_kubernetes_executor.py:39} WARNING - The example_kubernetes_executor example DAG requires the kubernetes provider. Please install it with: pip install apache-airflow[cncf.kubernetes]
[2024-06-13T23:48:25.098+0200] {processor.py:842} WARNING - No viable dags retrieved from /home/hectorv/.local/lib/python3.10/site-packages/airflow/example_dags/example_kubernetes_executor.py
[2024-06-13T23:48:25.101+0200] {processor.py:183} INFO - Processing /home/hectorv/.local/lib/python3.10/site-packages/airflow/example_dags/example_kubernetes_executor.py took 0.009 seconds
[2024-06-13T23:49:21.008+0200] {processor.py:161} INFO - Started process (PID=2417) to work on /home/hectorv/.local/lib/python3.10/site-packages/airflow/example_dags/example_kubernetes_executor.py
[2024-06-13T23:49:21.011+0200] {processor.py:830} INFO - Processing file /home/hectorv/.local/lib/python3.10/site-packages/airflow/example_dags/example_kubernetes_executor.py for tasks to queue
[2024-06-13T23:49:21.011+0200] {logging_mixin.py:188} INFO - [2024-06-13T23:49:21.011+0200] {dagbag.py:540} INFO - Filling up the DagBag from /home/hectorv/.local/lib/python3.10/site-packages/airflow/example_dags/example_kubernetes_executor.py
[2024-06-13T23:49:21.013+0200] {logging_mixin.py:188} INFO - [2024-06-13T23:49:21.013+0200] {example_kubernetes_executor.py:39} WARNING - The example_kubernetes_executor example DAG requires the kubernetes provider. Please install it with: pip install apache-airflow[cncf.kubernetes]
[2024-06-13T23:49:21.013+0200] {processor.py:842} WARNING - No viable dags retrieved from /home/hectorv/.local/lib/python3.10/site-packages/airflow/example_dags/example_kubernetes_executor.py
[2024-06-13T23:49:21.016+0200] {processor.py:183} INFO - Processing /home/hectorv/.local/lib/python3.10/site-packages/airflow/example_dags/example_kubernetes_executor.py took 0.010 seconds
[2024-06-13T23:55:35.514+0200] {processor.py:161} INFO - Started process (PID=2472) to work on /home/hectorv/.local/lib/python3.10/site-packages/airflow/example_dags/example_kubernetes_executor.py
[2024-06-13T23:55:35.516+0200] {processor.py:830} INFO - Processing file /home/hectorv/.local/lib/python3.10/site-packages/airflow/example_dags/example_kubernetes_executor.py for tasks to queue
[2024-06-13T23:55:35.517+0200] {logging_mixin.py:188} INFO - [2024-06-13T23:55:35.517+0200] {dagbag.py:540} INFO - Filling up the DagBag from /home/hectorv/.local/lib/python3.10/site-packages/airflow/example_dags/example_kubernetes_executor.py
[2024-06-13T23:55:35.518+0200] {logging_mixin.py:188} INFO - [2024-06-13T23:55:35.518+0200] {example_kubernetes_executor.py:39} WARNING - The example_kubernetes_executor example DAG requires the kubernetes provider. Please install it with: pip install apache-airflow[cncf.kubernetes]
[2024-06-13T23:55:35.518+0200] {processor.py:842} WARNING - No viable dags retrieved from /home/hectorv/.local/lib/python3.10/site-packages/airflow/example_dags/example_kubernetes_executor.py
[2024-06-13T23:55:35.521+0200] {processor.py:183} INFO - Processing /home/hectorv/.local/lib/python3.10/site-packages/airflow/example_dags/example_kubernetes_executor.py took 0.009 seconds
[2024-06-13T23:56:25.402+0200] {processor.py:161} INFO - Started process (PID=2523) to work on /home/hectorv/.local/lib/python3.10/site-packages/airflow/example_dags/example_kubernetes_executor.py
[2024-06-13T23:56:25.404+0200] {processor.py:830} INFO - Processing file /home/hectorv/.local/lib/python3.10/site-packages/airflow/example_dags/example_kubernetes_executor.py for tasks to queue
[2024-06-13T23:56:25.404+0200] {logging_mixin.py:188} INFO - [2024-06-13T23:56:25.404+0200] {dagbag.py:540} INFO - Filling up the DagBag from /home/hectorv/.local/lib/python3.10/site-packages/airflow/example_dags/example_kubernetes_executor.py
[2024-06-13T23:56:25.405+0200] {logging_mixin.py:188} INFO - [2024-06-13T23:56:25.405+0200] {example_kubernetes_executor.py:39} WARNING - The example_kubernetes_executor example DAG requires the kubernetes provider. Please install it with: pip install apache-airflow[cncf.kubernetes]
[2024-06-13T23:56:25.405+0200] {processor.py:842} WARNING - No viable dags retrieved from /home/hectorv/.local/lib/python3.10/site-packages/airflow/example_dags/example_kubernetes_executor.py
[2024-06-13T23:56:25.409+0200] {processor.py:183} INFO - Processing /home/hectorv/.local/lib/python3.10/site-packages/airflow/example_dags/example_kubernetes_executor.py took 0.009 seconds
[2024-06-13T23:57:21.784+0200] {processor.py:161} INFO - Started process (PID=2582) to work on /home/hectorv/.local/lib/python3.10/site-packages/airflow/example_dags/example_kubernetes_executor.py
[2024-06-13T23:57:21.785+0200] {processor.py:830} INFO - Processing file /home/hectorv/.local/lib/python3.10/site-packages/airflow/example_dags/example_kubernetes_executor.py for tasks to queue
[2024-06-13T23:57:21.786+0200] {logging_mixin.py:188} INFO - [2024-06-13T23:57:21.785+0200] {dagbag.py:540} INFO - Filling up the DagBag from /home/hectorv/.local/lib/python3.10/site-packages/airflow/example_dags/example_kubernetes_executor.py
[2024-06-13T23:57:21.787+0200] {logging_mixin.py:188} INFO - [2024-06-13T23:57:21.787+0200] {example_kubernetes_executor.py:39} WARNING - The example_kubernetes_executor example DAG requires the kubernetes provider. Please install it with: pip install apache-airflow[cncf.kubernetes]
[2024-06-13T23:57:21.787+0200] {processor.py:842} WARNING - No viable dags retrieved from /home/hectorv/.local/lib/python3.10/site-packages/airflow/example_dags/example_kubernetes_executor.py
[2024-06-13T23:57:21.790+0200] {processor.py:183} INFO - Processing /home/hectorv/.local/lib/python3.10/site-packages/airflow/example_dags/example_kubernetes_executor.py took 0.008 seconds
[2024-06-13T23:58:19.523+0200] {processor.py:161} INFO - Started process (PID=2642) to work on /home/hectorv/.local/lib/python3.10/site-packages/airflow/example_dags/example_kubernetes_executor.py
[2024-06-13T23:58:19.526+0200] {processor.py:830} INFO - Processing file /home/hectorv/.local/lib/python3.10/site-packages/airflow/example_dags/example_kubernetes_executor.py for tasks to queue
[2024-06-13T23:58:19.527+0200] {logging_mixin.py:188} INFO - [2024-06-13T23:58:19.526+0200] {dagbag.py:540} INFO - Filling up the DagBag from /home/hectorv/.local/lib/python3.10/site-packages/airflow/example_dags/example_kubernetes_executor.py
[2024-06-13T23:58:19.528+0200] {logging_mixin.py:188} INFO - [2024-06-13T23:58:19.528+0200] {example_kubernetes_executor.py:39} WARNING - The example_kubernetes_executor example DAG requires the kubernetes provider. Please install it with: pip install apache-airflow[cncf.kubernetes]
[2024-06-13T23:58:19.528+0200] {processor.py:842} WARNING - No viable dags retrieved from /home/hectorv/.local/lib/python3.10/site-packages/airflow/example_dags/example_kubernetes_executor.py
[2024-06-13T23:58:19.531+0200] {processor.py:183} INFO - Processing /home/hectorv/.local/lib/python3.10/site-packages/airflow/example_dags/example_kubernetes_executor.py took 0.010 seconds
[2024-06-13T23:59:14.327+0200] {processor.py:161} INFO - Started process (PID=2700) to work on /home/hectorv/.local/lib/python3.10/site-packages/airflow/example_dags/example_kubernetes_executor.py
[2024-06-13T23:59:14.330+0200] {processor.py:830} INFO - Processing file /home/hectorv/.local/lib/python3.10/site-packages/airflow/example_dags/example_kubernetes_executor.py for tasks to queue
[2024-06-13T23:59:14.330+0200] {logging_mixin.py:188} INFO - [2024-06-13T23:59:14.330+0200] {dagbag.py:540} INFO - Filling up the DagBag from /home/hectorv/.local/lib/python3.10/site-packages/airflow/example_dags/example_kubernetes_executor.py
[2024-06-13T23:59:14.332+0200] {logging_mixin.py:188} INFO - [2024-06-13T23:59:14.331+0200] {example_kubernetes_executor.py:39} WARNING - The example_kubernetes_executor example DAG requires the kubernetes provider. Please install it with: pip install apache-airflow[cncf.kubernetes]
[2024-06-13T23:59:14.332+0200] {processor.py:842} WARNING - No viable dags retrieved from /home/hectorv/.local/lib/python3.10/site-packages/airflow/example_dags/example_kubernetes_executor.py
[2024-06-13T23:59:14.335+0200] {processor.py:183} INFO - Processing /home/hectorv/.local/lib/python3.10/site-packages/airflow/example_dags/example_kubernetes_executor.py took 0.010 seconds
[2024-06-13T23:59:59.673+0200] {processor.py:161} INFO - Started process (PID=2749) to work on /home/hectorv/.local/lib/python3.10/site-packages/airflow/example_dags/example_kubernetes_executor.py
[2024-06-13T23:59:59.675+0200] {processor.py:830} INFO - Processing file /home/hectorv/.local/lib/python3.10/site-packages/airflow/example_dags/example_kubernetes_executor.py for tasks to queue
[2024-06-13T23:59:59.676+0200] {logging_mixin.py:188} INFO - [2024-06-13T23:59:59.675+0200] {dagbag.py:540} INFO - Filling up the DagBag from /home/hectorv/.local/lib/python3.10/site-packages/airflow/example_dags/example_kubernetes_executor.py
[2024-06-13T23:59:59.677+0200] {logging_mixin.py:188} INFO - [2024-06-13T23:59:59.677+0200] {example_kubernetes_executor.py:39} WARNING - The example_kubernetes_executor example DAG requires the kubernetes provider. Please install it with: pip install apache-airflow[cncf.kubernetes]
[2024-06-13T23:59:59.677+0200] {processor.py:842} WARNING - No viable dags retrieved from /home/hectorv/.local/lib/python3.10/site-packages/airflow/example_dags/example_kubernetes_executor.py
[2024-06-13T23:59:59.680+0200] {processor.py:183} INFO - Processing /home/hectorv/.local/lib/python3.10/site-packages/airflow/example_dags/example_kubernetes_executor.py took 0.009 seconds
[2024-06-14T00:00:52.759+0200] {processor.py:161} INFO - Started process (PID=2863) to work on /home/hectorv/.local/lib/python3.10/site-packages/airflow/example_dags/example_kubernetes_executor.py
[2024-06-14T00:00:52.761+0200] {processor.py:830} INFO - Processing file /home/hectorv/.local/lib/python3.10/site-packages/airflow/example_dags/example_kubernetes_executor.py for tasks to queue
[2024-06-14T00:00:52.762+0200] {logging_mixin.py:188} INFO - [2024-06-14T00:00:52.762+0200] {dagbag.py:540} INFO - Filling up the DagBag from /home/hectorv/.local/lib/python3.10/site-packages/airflow/example_dags/example_kubernetes_executor.py
[2024-06-14T00:00:52.763+0200] {logging_mixin.py:188} INFO - [2024-06-14T00:00:52.763+0200] {example_kubernetes_executor.py:39} WARNING - The example_kubernetes_executor example DAG requires the kubernetes provider. Please install it with: pip install apache-airflow[cncf.kubernetes]
[2024-06-14T00:00:52.763+0200] {processor.py:842} WARNING - No viable dags retrieved from /home/hectorv/.local/lib/python3.10/site-packages/airflow/example_dags/example_kubernetes_executor.py
[2024-06-14T00:00:52.766+0200] {processor.py:183} INFO - Processing /home/hectorv/.local/lib/python3.10/site-packages/airflow/example_dags/example_kubernetes_executor.py took 0.009 seconds
[2024-06-14T00:01:50.205+0200] {processor.py:161} INFO - Started process (PID=2922) to work on /home/hectorv/.local/lib/python3.10/site-packages/airflow/example_dags/example_kubernetes_executor.py
[2024-06-14T00:01:50.205+0200] {processor.py:830} INFO - Processing file /home/hectorv/.local/lib/python3.10/site-packages/airflow/example_dags/example_kubernetes_executor.py for tasks to queue
[2024-06-14T00:01:50.206+0200] {logging_mixin.py:188} INFO - [2024-06-14T00:01:50.206+0200] {dagbag.py:540} INFO - Filling up the DagBag from /home/hectorv/.local/lib/python3.10/site-packages/airflow/example_dags/example_kubernetes_executor.py
[2024-06-14T00:01:50.207+0200] {logging_mixin.py:188} INFO - [2024-06-14T00:01:50.207+0200] {example_kubernetes_executor.py:39} WARNING - The example_kubernetes_executor example DAG requires the kubernetes provider. Please install it with: pip install apache-airflow[cncf.kubernetes]
[2024-06-14T00:01:50.207+0200] {processor.py:842} WARNING - No viable dags retrieved from /home/hectorv/.local/lib/python3.10/site-packages/airflow/example_dags/example_kubernetes_executor.py
[2024-06-14T00:01:50.210+0200] {processor.py:183} INFO - Processing /home/hectorv/.local/lib/python3.10/site-packages/airflow/example_dags/example_kubernetes_executor.py took 0.008 seconds
[2024-06-14T00:02:47.788+0200] {processor.py:161} INFO - Started process (PID=2982) to work on /home/hectorv/.local/lib/python3.10/site-packages/airflow/example_dags/example_kubernetes_executor.py
[2024-06-14T00:02:47.789+0200] {processor.py:830} INFO - Processing file /home/hectorv/.local/lib/python3.10/site-packages/airflow/example_dags/example_kubernetes_executor.py for tasks to queue
[2024-06-14T00:02:47.790+0200] {logging_mixin.py:188} INFO - [2024-06-14T00:02:47.790+0200] {dagbag.py:540} INFO - Filling up the DagBag from /home/hectorv/.local/lib/python3.10/site-packages/airflow/example_dags/example_kubernetes_executor.py
[2024-06-14T00:02:47.791+0200] {logging_mixin.py:188} INFO - [2024-06-14T00:02:47.791+0200] {example_kubernetes_executor.py:39} WARNING - The example_kubernetes_executor example DAG requires the kubernetes provider. Please install it with: pip install apache-airflow[cncf.kubernetes]
[2024-06-14T00:02:47.791+0200] {processor.py:842} WARNING - No viable dags retrieved from /home/hectorv/.local/lib/python3.10/site-packages/airflow/example_dags/example_kubernetes_executor.py
[2024-06-14T00:02:47.795+0200] {processor.py:183} INFO - Processing /home/hectorv/.local/lib/python3.10/site-packages/airflow/example_dags/example_kubernetes_executor.py took 0.009 seconds
[2024-06-14T00:03:40.233+0200] {processor.py:161} INFO - Started process (PID=3040) to work on /home/hectorv/.local/lib/python3.10/site-packages/airflow/example_dags/example_kubernetes_executor.py
[2024-06-14T00:03:40.235+0200] {processor.py:830} INFO - Processing file /home/hectorv/.local/lib/python3.10/site-packages/airflow/example_dags/example_kubernetes_executor.py for tasks to queue
[2024-06-14T00:03:40.236+0200] {logging_mixin.py:188} INFO - [2024-06-14T00:03:40.236+0200] {dagbag.py:540} INFO - Filling up the DagBag from /home/hectorv/.local/lib/python3.10/site-packages/airflow/example_dags/example_kubernetes_executor.py
[2024-06-14T00:03:40.237+0200] {logging_mixin.py:188} INFO - [2024-06-14T00:03:40.237+0200] {example_kubernetes_executor.py:39} WARNING - The example_kubernetes_executor example DAG requires the kubernetes provider. Please install it with: pip install apache-airflow[cncf.kubernetes]
[2024-06-14T00:03:40.237+0200] {processor.py:842} WARNING - No viable dags retrieved from /home/hectorv/.local/lib/python3.10/site-packages/airflow/example_dags/example_kubernetes_executor.py
[2024-06-14T00:03:40.241+0200] {processor.py:183} INFO - Processing /home/hectorv/.local/lib/python3.10/site-packages/airflow/example_dags/example_kubernetes_executor.py took 0.009 seconds
[2024-06-14T00:04:37.093+0200] {processor.py:161} INFO - Started process (PID=3099) to work on /home/hectorv/.local/lib/python3.10/site-packages/airflow/example_dags/example_kubernetes_executor.py
[2024-06-14T00:04:37.099+0200] {processor.py:830} INFO - Processing file /home/hectorv/.local/lib/python3.10/site-packages/airflow/example_dags/example_kubernetes_executor.py for tasks to queue
[2024-06-14T00:04:37.100+0200] {logging_mixin.py:188} INFO - [2024-06-14T00:04:37.100+0200] {dagbag.py:540} INFO - Filling up the DagBag from /home/hectorv/.local/lib/python3.10/site-packages/airflow/example_dags/example_kubernetes_executor.py
[2024-06-14T00:04:37.101+0200] {logging_mixin.py:188} INFO - [2024-06-14T00:04:37.101+0200] {example_kubernetes_executor.py:39} WARNING - The example_kubernetes_executor example DAG requires the kubernetes provider. Please install it with: pip install apache-airflow[cncf.kubernetes]
[2024-06-14T00:04:37.101+0200] {processor.py:842} WARNING - No viable dags retrieved from /home/hectorv/.local/lib/python3.10/site-packages/airflow/example_dags/example_kubernetes_executor.py
[2024-06-14T00:04:37.104+0200] {processor.py:183} INFO - Processing /home/hectorv/.local/lib/python3.10/site-packages/airflow/example_dags/example_kubernetes_executor.py took 0.014 seconds
[2024-06-14T00:05:32.433+0200] {processor.py:161} INFO - Started process (PID=3159) to work on /home/hectorv/.local/lib/python3.10/site-packages/airflow/example_dags/example_kubernetes_executor.py
[2024-06-14T00:05:32.434+0200] {processor.py:830} INFO - Processing file /home/hectorv/.local/lib/python3.10/site-packages/airflow/example_dags/example_kubernetes_executor.py for tasks to queue
[2024-06-14T00:05:32.435+0200] {logging_mixin.py:188} INFO - [2024-06-14T00:05:32.434+0200] {dagbag.py:540} INFO - Filling up the DagBag from /home/hectorv/.local/lib/python3.10/site-packages/airflow/example_dags/example_kubernetes_executor.py
[2024-06-14T00:05:32.436+0200] {logging_mixin.py:188} INFO - [2024-06-14T00:05:32.435+0200] {example_kubernetes_executor.py:39} WARNING - The example_kubernetes_executor example DAG requires the kubernetes provider. Please install it with: pip install apache-airflow[cncf.kubernetes]
[2024-06-14T00:05:32.436+0200] {processor.py:842} WARNING - No viable dags retrieved from /home/hectorv/.local/lib/python3.10/site-packages/airflow/example_dags/example_kubernetes_executor.py
[2024-06-14T00:05:32.439+0200] {processor.py:183} INFO - Processing /home/hectorv/.local/lib/python3.10/site-packages/airflow/example_dags/example_kubernetes_executor.py took 0.008 seconds
[2024-06-14T00:06:24.751+0200] {processor.py:161} INFO - Started process (PID=3215) to work on /home/hectorv/.local/lib/python3.10/site-packages/airflow/example_dags/example_kubernetes_executor.py
[2024-06-14T00:06:24.753+0200] {processor.py:830} INFO - Processing file /home/hectorv/.local/lib/python3.10/site-packages/airflow/example_dags/example_kubernetes_executor.py for tasks to queue
[2024-06-14T00:06:24.753+0200] {logging_mixin.py:188} INFO - [2024-06-14T00:06:24.753+0200] {dagbag.py:540} INFO - Filling up the DagBag from /home/hectorv/.local/lib/python3.10/site-packages/airflow/example_dags/example_kubernetes_executor.py
[2024-06-14T00:06:24.754+0200] {logging_mixin.py:188} INFO - [2024-06-14T00:06:24.754+0200] {example_kubernetes_executor.py:39} WARNING - The example_kubernetes_executor example DAG requires the kubernetes provider. Please install it with: pip install apache-airflow[cncf.kubernetes]
[2024-06-14T00:06:24.754+0200] {processor.py:842} WARNING - No viable dags retrieved from /home/hectorv/.local/lib/python3.10/site-packages/airflow/example_dags/example_kubernetes_executor.py
[2024-06-14T00:06:24.758+0200] {processor.py:183} INFO - Processing /home/hectorv/.local/lib/python3.10/site-packages/airflow/example_dags/example_kubernetes_executor.py took 0.009 seconds
[2024-06-14T00:07:18.961+0200] {processor.py:161} INFO - Started process (PID=3272) to work on /home/hectorv/.local/lib/python3.10/site-packages/airflow/example_dags/example_kubernetes_executor.py
[2024-06-14T00:07:18.963+0200] {processor.py:830} INFO - Processing file /home/hectorv/.local/lib/python3.10/site-packages/airflow/example_dags/example_kubernetes_executor.py for tasks to queue
[2024-06-14T00:07:18.963+0200] {logging_mixin.py:188} INFO - [2024-06-14T00:07:18.963+0200] {dagbag.py:540} INFO - Filling up the DagBag from /home/hectorv/.local/lib/python3.10/site-packages/airflow/example_dags/example_kubernetes_executor.py
[2024-06-14T00:07:18.964+0200] {logging_mixin.py:188} INFO - [2024-06-14T00:07:18.964+0200] {example_kubernetes_executor.py:39} WARNING - The example_kubernetes_executor example DAG requires the kubernetes provider. Please install it with: pip install apache-airflow[cncf.kubernetes]
[2024-06-14T00:07:18.964+0200] {processor.py:842} WARNING - No viable dags retrieved from /home/hectorv/.local/lib/python3.10/site-packages/airflow/example_dags/example_kubernetes_executor.py
[2024-06-14T00:07:18.968+0200] {processor.py:183} INFO - Processing /home/hectorv/.local/lib/python3.10/site-packages/airflow/example_dags/example_kubernetes_executor.py took 0.009 seconds
[2024-06-14T00:08:16.584+0200] {processor.py:161} INFO - Started process (PID=3333) to work on /home/hectorv/.local/lib/python3.10/site-packages/airflow/example_dags/example_kubernetes_executor.py
[2024-06-14T00:08:16.586+0200] {processor.py:830} INFO - Processing file /home/hectorv/.local/lib/python3.10/site-packages/airflow/example_dags/example_kubernetes_executor.py for tasks to queue
[2024-06-14T00:08:16.587+0200] {logging_mixin.py:188} INFO - [2024-06-14T00:08:16.587+0200] {dagbag.py:540} INFO - Filling up the DagBag from /home/hectorv/.local/lib/python3.10/site-packages/airflow/example_dags/example_kubernetes_executor.py
[2024-06-14T00:08:16.588+0200] {logging_mixin.py:188} INFO - [2024-06-14T00:08:16.588+0200] {example_kubernetes_executor.py:39} WARNING - The example_kubernetes_executor example DAG requires the kubernetes provider. Please install it with: pip install apache-airflow[cncf.kubernetes]
[2024-06-14T00:08:16.588+0200] {processor.py:842} WARNING - No viable dags retrieved from /home/hectorv/.local/lib/python3.10/site-packages/airflow/example_dags/example_kubernetes_executor.py
[2024-06-14T00:08:16.592+0200] {processor.py:183} INFO - Processing /home/hectorv/.local/lib/python3.10/site-packages/airflow/example_dags/example_kubernetes_executor.py took 0.010 seconds
[2024-06-14T00:09:15.174+0200] {processor.py:161} INFO - Started process (PID=3394) to work on /home/hectorv/.local/lib/python3.10/site-packages/airflow/example_dags/example_kubernetes_executor.py
[2024-06-14T00:09:15.176+0200] {processor.py:830} INFO - Processing file /home/hectorv/.local/lib/python3.10/site-packages/airflow/example_dags/example_kubernetes_executor.py for tasks to queue
[2024-06-14T00:09:15.176+0200] {logging_mixin.py:188} INFO - [2024-06-14T00:09:15.176+0200] {dagbag.py:540} INFO - Filling up the DagBag from /home/hectorv/.local/lib/python3.10/site-packages/airflow/example_dags/example_kubernetes_executor.py
[2024-06-14T00:09:15.177+0200] {logging_mixin.py:188} INFO - [2024-06-14T00:09:15.177+0200] {example_kubernetes_executor.py:39} WARNING - The example_kubernetes_executor example DAG requires the kubernetes provider. Please install it with: pip install apache-airflow[cncf.kubernetes]
[2024-06-14T00:09:15.178+0200] {processor.py:842} WARNING - No viable dags retrieved from /home/hectorv/.local/lib/python3.10/site-packages/airflow/example_dags/example_kubernetes_executor.py
[2024-06-14T00:09:15.181+0200] {processor.py:183} INFO - Processing /home/hectorv/.local/lib/python3.10/site-packages/airflow/example_dags/example_kubernetes_executor.py took 0.009 seconds
[2024-06-14T00:10:16.688+0200] {processor.py:161} INFO - Started process (PID=3455) to work on /home/hectorv/.local/lib/python3.10/site-packages/airflow/example_dags/example_kubernetes_executor.py
[2024-06-14T00:10:16.694+0200] {processor.py:830} INFO - Processing file /home/hectorv/.local/lib/python3.10/site-packages/airflow/example_dags/example_kubernetes_executor.py for tasks to queue
[2024-06-14T00:10:16.695+0200] {logging_mixin.py:188} INFO - [2024-06-14T00:10:16.695+0200] {dagbag.py:540} INFO - Filling up the DagBag from /home/hectorv/.local/lib/python3.10/site-packages/airflow/example_dags/example_kubernetes_executor.py
[2024-06-14T00:10:16.696+0200] {logging_mixin.py:188} INFO - [2024-06-14T00:10:16.696+0200] {example_kubernetes_executor.py:39} WARNING - The example_kubernetes_executor example DAG requires the kubernetes provider. Please install it with: pip install apache-airflow[cncf.kubernetes]
[2024-06-14T00:10:16.696+0200] {processor.py:842} WARNING - No viable dags retrieved from /home/hectorv/.local/lib/python3.10/site-packages/airflow/example_dags/example_kubernetes_executor.py
[2024-06-14T00:10:16.700+0200] {processor.py:183} INFO - Processing /home/hectorv/.local/lib/python3.10/site-packages/airflow/example_dags/example_kubernetes_executor.py took 0.014 seconds
[2024-06-14T00:11:15.957+0200] {processor.py:161} INFO - Started process (PID=3516) to work on /home/hectorv/.local/lib/python3.10/site-packages/airflow/example_dags/example_kubernetes_executor.py
[2024-06-14T00:11:15.959+0200] {processor.py:830} INFO - Processing file /home/hectorv/.local/lib/python3.10/site-packages/airflow/example_dags/example_kubernetes_executor.py for tasks to queue
[2024-06-14T00:11:15.960+0200] {logging_mixin.py:188} INFO - [2024-06-14T00:11:15.959+0200] {dagbag.py:540} INFO - Filling up the DagBag from /home/hectorv/.local/lib/python3.10/site-packages/airflow/example_dags/example_kubernetes_executor.py
[2024-06-14T00:11:15.961+0200] {logging_mixin.py:188} INFO - [2024-06-14T00:11:15.960+0200] {example_kubernetes_executor.py:39} WARNING - The example_kubernetes_executor example DAG requires the kubernetes provider. Please install it with: pip install apache-airflow[cncf.kubernetes]
[2024-06-14T00:11:15.961+0200] {processor.py:842} WARNING - No viable dags retrieved from /home/hectorv/.local/lib/python3.10/site-packages/airflow/example_dags/example_kubernetes_executor.py
[2024-06-14T00:11:15.964+0200] {processor.py:183} INFO - Processing /home/hectorv/.local/lib/python3.10/site-packages/airflow/example_dags/example_kubernetes_executor.py took 0.009 seconds
[2024-06-14T00:12:09.899+0200] {processor.py:161} INFO - Started process (PID=3574) to work on /home/hectorv/.local/lib/python3.10/site-packages/airflow/example_dags/example_kubernetes_executor.py
[2024-06-14T00:12:09.900+0200] {processor.py:830} INFO - Processing file /home/hectorv/.local/lib/python3.10/site-packages/airflow/example_dags/example_kubernetes_executor.py for tasks to queue
[2024-06-14T00:12:09.901+0200] {logging_mixin.py:188} INFO - [2024-06-14T00:12:09.901+0200] {dagbag.py:540} INFO - Filling up the DagBag from /home/hectorv/.local/lib/python3.10/site-packages/airflow/example_dags/example_kubernetes_executor.py
[2024-06-14T00:12:09.902+0200] {logging_mixin.py:188} INFO - [2024-06-14T00:12:09.902+0200] {example_kubernetes_executor.py:39} WARNING - The example_kubernetes_executor example DAG requires the kubernetes provider. Please install it with: pip install apache-airflow[cncf.kubernetes]
[2024-06-14T00:12:09.902+0200] {processor.py:842} WARNING - No viable dags retrieved from /home/hectorv/.local/lib/python3.10/site-packages/airflow/example_dags/example_kubernetes_executor.py
[2024-06-14T00:12:09.906+0200] {processor.py:183} INFO - Processing /home/hectorv/.local/lib/python3.10/site-packages/airflow/example_dags/example_kubernetes_executor.py took 0.009 seconds
[2024-06-14T00:13:03.633+0200] {processor.py:161} INFO - Started process (PID=3632) to work on /home/hectorv/.local/lib/python3.10/site-packages/airflow/example_dags/example_kubernetes_executor.py
[2024-06-14T00:13:03.634+0200] {processor.py:830} INFO - Processing file /home/hectorv/.local/lib/python3.10/site-packages/airflow/example_dags/example_kubernetes_executor.py for tasks to queue
[2024-06-14T00:13:03.635+0200] {logging_mixin.py:188} INFO - [2024-06-14T00:13:03.635+0200] {dagbag.py:540} INFO - Filling up the DagBag from /home/hectorv/.local/lib/python3.10/site-packages/airflow/example_dags/example_kubernetes_executor.py
[2024-06-14T00:13:03.636+0200] {logging_mixin.py:188} INFO - [2024-06-14T00:13:03.636+0200] {example_kubernetes_executor.py:39} WARNING - The example_kubernetes_executor example DAG requires the kubernetes provider. Please install it with: pip install apache-airflow[cncf.kubernetes]
[2024-06-14T00:13:03.636+0200] {processor.py:842} WARNING - No viable dags retrieved from /home/hectorv/.local/lib/python3.10/site-packages/airflow/example_dags/example_kubernetes_executor.py
[2024-06-14T00:13:03.640+0200] {processor.py:183} INFO - Processing /home/hectorv/.local/lib/python3.10/site-packages/airflow/example_dags/example_kubernetes_executor.py took 0.009 seconds
[2024-06-14T00:14:04.078+0200] {processor.py:161} INFO - Started process (PID=3695) to work on /home/hectorv/.local/lib/python3.10/site-packages/airflow/example_dags/example_kubernetes_executor.py
[2024-06-14T00:14:04.080+0200] {processor.py:830} INFO - Processing file /home/hectorv/.local/lib/python3.10/site-packages/airflow/example_dags/example_kubernetes_executor.py for tasks to queue
[2024-06-14T00:14:04.080+0200] {logging_mixin.py:188} INFO - [2024-06-14T00:14:04.080+0200] {dagbag.py:540} INFO - Filling up the DagBag from /home/hectorv/.local/lib/python3.10/site-packages/airflow/example_dags/example_kubernetes_executor.py
[2024-06-14T00:14:04.082+0200] {logging_mixin.py:188} INFO - [2024-06-14T00:14:04.081+0200] {example_kubernetes_executor.py:39} WARNING - The example_kubernetes_executor example DAG requires the kubernetes provider. Please install it with: pip install apache-airflow[cncf.kubernetes]
[2024-06-14T00:14:04.082+0200] {processor.py:842} WARNING - No viable dags retrieved from /home/hectorv/.local/lib/python3.10/site-packages/airflow/example_dags/example_kubernetes_executor.py
[2024-06-14T00:14:04.085+0200] {processor.py:183} INFO - Processing /home/hectorv/.local/lib/python3.10/site-packages/airflow/example_dags/example_kubernetes_executor.py took 0.009 seconds
[2024-06-14T00:15:04.392+0200] {processor.py:161} INFO - Started process (PID=3758) to work on /home/hectorv/.local/lib/python3.10/site-packages/airflow/example_dags/example_kubernetes_executor.py
[2024-06-14T00:15:04.393+0200] {processor.py:830} INFO - Processing file /home/hectorv/.local/lib/python3.10/site-packages/airflow/example_dags/example_kubernetes_executor.py for tasks to queue
[2024-06-14T00:15:04.393+0200] {logging_mixin.py:188} INFO - [2024-06-14T00:15:04.393+0200] {dagbag.py:540} INFO - Filling up the DagBag from /home/hectorv/.local/lib/python3.10/site-packages/airflow/example_dags/example_kubernetes_executor.py
[2024-06-14T00:15:04.394+0200] {logging_mixin.py:188} INFO - [2024-06-14T00:15:04.394+0200] {example_kubernetes_executor.py:39} WARNING - The example_kubernetes_executor example DAG requires the kubernetes provider. Please install it with: pip install apache-airflow[cncf.kubernetes]
[2024-06-14T00:15:04.394+0200] {processor.py:842} WARNING - No viable dags retrieved from /home/hectorv/.local/lib/python3.10/site-packages/airflow/example_dags/example_kubernetes_executor.py
[2024-06-14T00:15:04.398+0200] {processor.py:183} INFO - Processing /home/hectorv/.local/lib/python3.10/site-packages/airflow/example_dags/example_kubernetes_executor.py took 0.008 seconds
[2024-06-14T00:16:01.896+0200] {processor.py:161} INFO - Started process (PID=3817) to work on /home/hectorv/.local/lib/python3.10/site-packages/airflow/example_dags/example_kubernetes_executor.py
[2024-06-14T00:16:01.897+0200] {processor.py:830} INFO - Processing file /home/hectorv/.local/lib/python3.10/site-packages/airflow/example_dags/example_kubernetes_executor.py for tasks to queue
[2024-06-14T00:16:01.898+0200] {logging_mixin.py:188} INFO - [2024-06-14T00:16:01.898+0200] {dagbag.py:540} INFO - Filling up the DagBag from /home/hectorv/.local/lib/python3.10/site-packages/airflow/example_dags/example_kubernetes_executor.py
[2024-06-14T00:16:01.899+0200] {logging_mixin.py:188} INFO - [2024-06-14T00:16:01.899+0200] {example_kubernetes_executor.py:39} WARNING - The example_kubernetes_executor example DAG requires the kubernetes provider. Please install it with: pip install apache-airflow[cncf.kubernetes]
[2024-06-14T00:16:01.899+0200] {processor.py:842} WARNING - No viable dags retrieved from /home/hectorv/.local/lib/python3.10/site-packages/airflow/example_dags/example_kubernetes_executor.py
[2024-06-14T00:16:01.903+0200] {processor.py:183} INFO - Processing /home/hectorv/.local/lib/python3.10/site-packages/airflow/example_dags/example_kubernetes_executor.py took 0.010 seconds
[2024-06-14T00:16:55.569+0200] {processor.py:161} INFO - Started process (PID=3876) to work on /home/hectorv/.local/lib/python3.10/site-packages/airflow/example_dags/example_kubernetes_executor.py
[2024-06-14T00:16:55.571+0200] {processor.py:830} INFO - Processing file /home/hectorv/.local/lib/python3.10/site-packages/airflow/example_dags/example_kubernetes_executor.py for tasks to queue
[2024-06-14T00:16:55.571+0200] {logging_mixin.py:188} INFO - [2024-06-14T00:16:55.571+0200] {dagbag.py:540} INFO - Filling up the DagBag from /home/hectorv/.local/lib/python3.10/site-packages/airflow/example_dags/example_kubernetes_executor.py
[2024-06-14T00:16:55.573+0200] {logging_mixin.py:188} INFO - [2024-06-14T00:16:55.572+0200] {example_kubernetes_executor.py:39} WARNING - The example_kubernetes_executor example DAG requires the kubernetes provider. Please install it with: pip install apache-airflow[cncf.kubernetes]
[2024-06-14T00:16:55.573+0200] {processor.py:842} WARNING - No viable dags retrieved from /home/hectorv/.local/lib/python3.10/site-packages/airflow/example_dags/example_kubernetes_executor.py
[2024-06-14T00:16:55.577+0200] {processor.py:183} INFO - Processing /home/hectorv/.local/lib/python3.10/site-packages/airflow/example_dags/example_kubernetes_executor.py took 0.010 seconds
[2024-06-14T00:17:50.804+0200] {processor.py:161} INFO - Started process (PID=3939) to work on /home/hectorv/.local/lib/python3.10/site-packages/airflow/example_dags/example_kubernetes_executor.py
[2024-06-14T00:17:50.806+0200] {processor.py:830} INFO - Processing file /home/hectorv/.local/lib/python3.10/site-packages/airflow/example_dags/example_kubernetes_executor.py for tasks to queue
[2024-06-14T00:17:50.807+0200] {logging_mixin.py:188} INFO - [2024-06-14T00:17:50.807+0200] {dagbag.py:540} INFO - Filling up the DagBag from /home/hectorv/.local/lib/python3.10/site-packages/airflow/example_dags/example_kubernetes_executor.py
[2024-06-14T00:17:50.808+0200] {logging_mixin.py:188} INFO - [2024-06-14T00:17:50.808+0200] {example_kubernetes_executor.py:39} WARNING - The example_kubernetes_executor example DAG requires the kubernetes provider. Please install it with: pip install apache-airflow[cncf.kubernetes]
[2024-06-14T00:17:50.808+0200] {processor.py:842} WARNING - No viable dags retrieved from /home/hectorv/.local/lib/python3.10/site-packages/airflow/example_dags/example_kubernetes_executor.py
[2024-06-14T00:17:50.812+0200] {processor.py:183} INFO - Processing /home/hectorv/.local/lib/python3.10/site-packages/airflow/example_dags/example_kubernetes_executor.py took 0.010 seconds
[2024-06-14T00:18:47.136+0200] {processor.py:161} INFO - Started process (PID=3999) to work on /home/hectorv/.local/lib/python3.10/site-packages/airflow/example_dags/example_kubernetes_executor.py
[2024-06-14T00:18:47.138+0200] {processor.py:830} INFO - Processing file /home/hectorv/.local/lib/python3.10/site-packages/airflow/example_dags/example_kubernetes_executor.py for tasks to queue
[2024-06-14T00:18:47.139+0200] {logging_mixin.py:188} INFO - [2024-06-14T00:18:47.139+0200] {dagbag.py:540} INFO - Filling up the DagBag from /home/hectorv/.local/lib/python3.10/site-packages/airflow/example_dags/example_kubernetes_executor.py
[2024-06-14T00:18:47.140+0200] {logging_mixin.py:188} INFO - [2024-06-14T00:18:47.140+0200] {example_kubernetes_executor.py:39} WARNING - The example_kubernetes_executor example DAG requires the kubernetes provider. Please install it with: pip install apache-airflow[cncf.kubernetes]
[2024-06-14T00:18:47.140+0200] {processor.py:842} WARNING - No viable dags retrieved from /home/hectorv/.local/lib/python3.10/site-packages/airflow/example_dags/example_kubernetes_executor.py
[2024-06-14T00:18:47.143+0200] {processor.py:183} INFO - Processing /home/hectorv/.local/lib/python3.10/site-packages/airflow/example_dags/example_kubernetes_executor.py took 0.009 seconds
[2024-06-14T00:20:11.370+0200] {processor.py:161} INFO - Started process (PID=4138) to work on /home/hectorv/.local/lib/python3.10/site-packages/airflow/example_dags/example_kubernetes_executor.py
[2024-06-14T00:20:11.371+0200] {processor.py:830} INFO - Processing file /home/hectorv/.local/lib/python3.10/site-packages/airflow/example_dags/example_kubernetes_executor.py for tasks to queue
[2024-06-14T00:20:11.372+0200] {logging_mixin.py:188} INFO - [2024-06-14T00:20:11.372+0200] {dagbag.py:540} INFO - Filling up the DagBag from /home/hectorv/.local/lib/python3.10/site-packages/airflow/example_dags/example_kubernetes_executor.py
[2024-06-14T00:20:11.373+0200] {logging_mixin.py:188} INFO - [2024-06-14T00:20:11.373+0200] {example_kubernetes_executor.py:39} WARNING - The example_kubernetes_executor example DAG requires the kubernetes provider. Please install it with: pip install apache-airflow[cncf.kubernetes]
[2024-06-14T00:20:11.373+0200] {processor.py:842} WARNING - No viable dags retrieved from /home/hectorv/.local/lib/python3.10/site-packages/airflow/example_dags/example_kubernetes_executor.py
[2024-06-14T00:20:11.376+0200] {processor.py:183} INFO - Processing /home/hectorv/.local/lib/python3.10/site-packages/airflow/example_dags/example_kubernetes_executor.py took 0.009 seconds
[2024-06-14T00:21:10.518+0200] {processor.py:161} INFO - Started process (PID=4216) to work on /home/hectorv/.local/lib/python3.10/site-packages/airflow/example_dags/example_kubernetes_executor.py
[2024-06-14T00:21:10.525+0200] {processor.py:830} INFO - Processing file /home/hectorv/.local/lib/python3.10/site-packages/airflow/example_dags/example_kubernetes_executor.py for tasks to queue
[2024-06-14T00:21:10.526+0200] {logging_mixin.py:188} INFO - [2024-06-14T00:21:10.525+0200] {dagbag.py:540} INFO - Filling up the DagBag from /home/hectorv/.local/lib/python3.10/site-packages/airflow/example_dags/example_kubernetes_executor.py
[2024-06-14T00:21:10.527+0200] {logging_mixin.py:188} INFO - [2024-06-14T00:21:10.527+0200] {example_kubernetes_executor.py:39} WARNING - The example_kubernetes_executor example DAG requires the kubernetes provider. Please install it with: pip install apache-airflow[cncf.kubernetes]
[2024-06-14T00:21:10.527+0200] {processor.py:842} WARNING - No viable dags retrieved from /home/hectorv/.local/lib/python3.10/site-packages/airflow/example_dags/example_kubernetes_executor.py
[2024-06-14T00:21:10.530+0200] {processor.py:183} INFO - Processing /home/hectorv/.local/lib/python3.10/site-packages/airflow/example_dags/example_kubernetes_executor.py took 0.014 seconds
[2024-06-14T00:21:57.974+0200] {processor.py:161} INFO - Started process (PID=4266) to work on /home/hectorv/.local/lib/python3.10/site-packages/airflow/example_dags/example_kubernetes_executor.py
[2024-06-14T00:21:57.976+0200] {processor.py:830} INFO - Processing file /home/hectorv/.local/lib/python3.10/site-packages/airflow/example_dags/example_kubernetes_executor.py for tasks to queue
[2024-06-14T00:21:57.976+0200] {logging_mixin.py:188} INFO - [2024-06-14T00:21:57.976+0200] {dagbag.py:540} INFO - Filling up the DagBag from /home/hectorv/.local/lib/python3.10/site-packages/airflow/example_dags/example_kubernetes_executor.py
[2024-06-14T00:21:57.977+0200] {logging_mixin.py:188} INFO - [2024-06-14T00:21:57.977+0200] {example_kubernetes_executor.py:39} WARNING - The example_kubernetes_executor example DAG requires the kubernetes provider. Please install it with: pip install apache-airflow[cncf.kubernetes]
[2024-06-14T00:21:57.977+0200] {processor.py:842} WARNING - No viable dags retrieved from /home/hectorv/.local/lib/python3.10/site-packages/airflow/example_dags/example_kubernetes_executor.py
[2024-06-14T00:21:57.981+0200] {processor.py:183} INFO - Processing /home/hectorv/.local/lib/python3.10/site-packages/airflow/example_dags/example_kubernetes_executor.py took 0.010 seconds
[2024-06-14T00:22:58.523+0200] {processor.py:161} INFO - Started process (PID=4330) to work on /home/hectorv/.local/lib/python3.10/site-packages/airflow/example_dags/example_kubernetes_executor.py
[2024-06-14T00:22:58.526+0200] {processor.py:830} INFO - Processing file /home/hectorv/.local/lib/python3.10/site-packages/airflow/example_dags/example_kubernetes_executor.py for tasks to queue
[2024-06-14T00:22:58.527+0200] {logging_mixin.py:188} INFO - [2024-06-14T00:22:58.526+0200] {dagbag.py:540} INFO - Filling up the DagBag from /home/hectorv/.local/lib/python3.10/site-packages/airflow/example_dags/example_kubernetes_executor.py
[2024-06-14T00:22:58.528+0200] {logging_mixin.py:188} INFO - [2024-06-14T00:22:58.528+0200] {example_kubernetes_executor.py:39} WARNING - The example_kubernetes_executor example DAG requires the kubernetes provider. Please install it with: pip install apache-airflow[cncf.kubernetes]
[2024-06-14T00:22:58.528+0200] {processor.py:842} WARNING - No viable dags retrieved from /home/hectorv/.local/lib/python3.10/site-packages/airflow/example_dags/example_kubernetes_executor.py
[2024-06-14T00:22:58.532+0200] {processor.py:183} INFO - Processing /home/hectorv/.local/lib/python3.10/site-packages/airflow/example_dags/example_kubernetes_executor.py took 0.011 seconds
[2024-06-14T00:23:56.659+0200] {processor.py:161} INFO - Started process (PID=4390) to work on /home/hectorv/.local/lib/python3.10/site-packages/airflow/example_dags/example_kubernetes_executor.py
[2024-06-14T00:23:56.661+0200] {processor.py:830} INFO - Processing file /home/hectorv/.local/lib/python3.10/site-packages/airflow/example_dags/example_kubernetes_executor.py for tasks to queue
[2024-06-14T00:23:56.661+0200] {logging_mixin.py:188} INFO - [2024-06-14T00:23:56.661+0200] {dagbag.py:540} INFO - Filling up the DagBag from /home/hectorv/.local/lib/python3.10/site-packages/airflow/example_dags/example_kubernetes_executor.py
[2024-06-14T00:23:56.662+0200] {logging_mixin.py:188} INFO - [2024-06-14T00:23:56.662+0200] {example_kubernetes_executor.py:39} WARNING - The example_kubernetes_executor example DAG requires the kubernetes provider. Please install it with: pip install apache-airflow[cncf.kubernetes]
[2024-06-14T00:23:56.662+0200] {processor.py:842} WARNING - No viable dags retrieved from /home/hectorv/.local/lib/python3.10/site-packages/airflow/example_dags/example_kubernetes_executor.py
[2024-06-14T00:23:56.666+0200] {processor.py:183} INFO - Processing /home/hectorv/.local/lib/python3.10/site-packages/airflow/example_dags/example_kubernetes_executor.py took 0.009 seconds
[2024-06-14T00:24:54.609+0200] {processor.py:161} INFO - Started process (PID=4452) to work on /home/hectorv/.local/lib/python3.10/site-packages/airflow/example_dags/example_kubernetes_executor.py
[2024-06-14T00:24:54.616+0200] {processor.py:830} INFO - Processing file /home/hectorv/.local/lib/python3.10/site-packages/airflow/example_dags/example_kubernetes_executor.py for tasks to queue
[2024-06-14T00:24:54.616+0200] {logging_mixin.py:188} INFO - [2024-06-14T00:24:54.616+0200] {dagbag.py:540} INFO - Filling up the DagBag from /home/hectorv/.local/lib/python3.10/site-packages/airflow/example_dags/example_kubernetes_executor.py
[2024-06-14T00:24:54.617+0200] {logging_mixin.py:188} INFO - [2024-06-14T00:24:54.617+0200] {example_kubernetes_executor.py:39} WARNING - The example_kubernetes_executor example DAG requires the kubernetes provider. Please install it with: pip install apache-airflow[cncf.kubernetes]
[2024-06-14T00:24:54.617+0200] {processor.py:842} WARNING - No viable dags retrieved from /home/hectorv/.local/lib/python3.10/site-packages/airflow/example_dags/example_kubernetes_executor.py
[2024-06-14T00:24:54.621+0200] {processor.py:183} INFO - Processing /home/hectorv/.local/lib/python3.10/site-packages/airflow/example_dags/example_kubernetes_executor.py took 0.014 seconds
[2024-06-14T00:48:48.600+0200] {processor.py:161} INFO - Started process (PID=4552) to work on /home/hectorv/.local/lib/python3.10/site-packages/airflow/example_dags/example_kubernetes_executor.py
[2024-06-14T00:48:48.601+0200] {processor.py:830} INFO - Processing file /home/hectorv/.local/lib/python3.10/site-packages/airflow/example_dags/example_kubernetes_executor.py for tasks to queue
[2024-06-14T00:48:48.601+0200] {logging_mixin.py:188} INFO - [2024-06-14T00:48:48.601+0200] {dagbag.py:540} INFO - Filling up the DagBag from /home/hectorv/.local/lib/python3.10/site-packages/airflow/example_dags/example_kubernetes_executor.py
[2024-06-14T00:48:48.602+0200] {logging_mixin.py:188} INFO - [2024-06-14T00:48:48.602+0200] {example_kubernetes_executor.py:39} WARNING - The example_kubernetes_executor example DAG requires the kubernetes provider. Please install it with: pip install apache-airflow[cncf.kubernetes]
[2024-06-14T00:48:48.603+0200] {processor.py:842} WARNING - No viable dags retrieved from /home/hectorv/.local/lib/python3.10/site-packages/airflow/example_dags/example_kubernetes_executor.py
[2024-06-14T00:48:48.606+0200] {processor.py:183} INFO - Processing /home/hectorv/.local/lib/python3.10/site-packages/airflow/example_dags/example_kubernetes_executor.py took 0.008 seconds
[2024-06-14T00:49:41.043+0200] {processor.py:161} INFO - Started process (PID=4603) to work on /home/hectorv/.local/lib/python3.10/site-packages/airflow/example_dags/example_kubernetes_executor.py
[2024-06-14T00:49:41.047+0200] {processor.py:830} INFO - Processing file /home/hectorv/.local/lib/python3.10/site-packages/airflow/example_dags/example_kubernetes_executor.py for tasks to queue
[2024-06-14T00:49:41.048+0200] {logging_mixin.py:188} INFO - [2024-06-14T00:49:41.048+0200] {dagbag.py:540} INFO - Filling up the DagBag from /home/hectorv/.local/lib/python3.10/site-packages/airflow/example_dags/example_kubernetes_executor.py
[2024-06-14T00:49:41.049+0200] {logging_mixin.py:188} INFO - [2024-06-14T00:49:41.049+0200] {example_kubernetes_executor.py:39} WARNING - The example_kubernetes_executor example DAG requires the kubernetes provider. Please install it with: pip install apache-airflow[cncf.kubernetes]
[2024-06-14T00:49:41.049+0200] {processor.py:842} WARNING - No viable dags retrieved from /home/hectorv/.local/lib/python3.10/site-packages/airflow/example_dags/example_kubernetes_executor.py
[2024-06-14T00:49:41.052+0200] {processor.py:183} INFO - Processing /home/hectorv/.local/lib/python3.10/site-packages/airflow/example_dags/example_kubernetes_executor.py took 0.011 seconds
[2024-06-14T00:50:29.766+0200] {processor.py:161} INFO - Started process (PID=4654) to work on /home/hectorv/.local/lib/python3.10/site-packages/airflow/example_dags/example_kubernetes_executor.py
[2024-06-14T00:50:29.768+0200] {processor.py:830} INFO - Processing file /home/hectorv/.local/lib/python3.10/site-packages/airflow/example_dags/example_kubernetes_executor.py for tasks to queue
[2024-06-14T00:50:29.768+0200] {logging_mixin.py:188} INFO - [2024-06-14T00:50:29.768+0200] {dagbag.py:540} INFO - Filling up the DagBag from /home/hectorv/.local/lib/python3.10/site-packages/airflow/example_dags/example_kubernetes_executor.py
[2024-06-14T00:50:29.769+0200] {logging_mixin.py:188} INFO - [2024-06-14T00:50:29.769+0200] {example_kubernetes_executor.py:39} WARNING - The example_kubernetes_executor example DAG requires the kubernetes provider. Please install it with: pip install apache-airflow[cncf.kubernetes]
[2024-06-14T00:50:29.769+0200] {processor.py:842} WARNING - No viable dags retrieved from /home/hectorv/.local/lib/python3.10/site-packages/airflow/example_dags/example_kubernetes_executor.py
[2024-06-14T00:50:29.773+0200] {processor.py:183} INFO - Processing /home/hectorv/.local/lib/python3.10/site-packages/airflow/example_dags/example_kubernetes_executor.py took 0.009 seconds
[2024-06-14T00:51:31.383+0200] {processor.py:161} INFO - Started process (PID=4748) to work on /home/hectorv/.local/lib/python3.10/site-packages/airflow/example_dags/example_kubernetes_executor.py
[2024-06-14T00:51:31.384+0200] {processor.py:830} INFO - Processing file /home/hectorv/.local/lib/python3.10/site-packages/airflow/example_dags/example_kubernetes_executor.py for tasks to queue
[2024-06-14T00:51:31.385+0200] {logging_mixin.py:188} INFO - [2024-06-14T00:51:31.385+0200] {dagbag.py:540} INFO - Filling up the DagBag from /home/hectorv/.local/lib/python3.10/site-packages/airflow/example_dags/example_kubernetes_executor.py
[2024-06-14T00:51:31.386+0200] {logging_mixin.py:188} INFO - [2024-06-14T00:51:31.386+0200] {example_kubernetes_executor.py:39} WARNING - The example_kubernetes_executor example DAG requires the kubernetes provider. Please install it with: pip install apache-airflow[cncf.kubernetes]
[2024-06-14T00:51:31.386+0200] {processor.py:842} WARNING - No viable dags retrieved from /home/hectorv/.local/lib/python3.10/site-packages/airflow/example_dags/example_kubernetes_executor.py
[2024-06-14T00:51:31.389+0200] {processor.py:183} INFO - Processing /home/hectorv/.local/lib/python3.10/site-packages/airflow/example_dags/example_kubernetes_executor.py took 0.009 seconds
[2024-06-14T00:52:26.299+0200] {processor.py:161} INFO - Started process (PID=4833) to work on /home/hectorv/.local/lib/python3.10/site-packages/airflow/example_dags/example_kubernetes_executor.py
[2024-06-14T00:52:26.301+0200] {processor.py:830} INFO - Processing file /home/hectorv/.local/lib/python3.10/site-packages/airflow/example_dags/example_kubernetes_executor.py for tasks to queue
[2024-06-14T00:52:26.302+0200] {logging_mixin.py:188} INFO - [2024-06-14T00:52:26.302+0200] {dagbag.py:540} INFO - Filling up the DagBag from /home/hectorv/.local/lib/python3.10/site-packages/airflow/example_dags/example_kubernetes_executor.py
[2024-06-14T00:52:26.303+0200] {logging_mixin.py:188} INFO - [2024-06-14T00:52:26.303+0200] {example_kubernetes_executor.py:39} WARNING - The example_kubernetes_executor example DAG requires the kubernetes provider. Please install it with: pip install apache-airflow[cncf.kubernetes]
[2024-06-14T00:52:26.303+0200] {processor.py:842} WARNING - No viable dags retrieved from /home/hectorv/.local/lib/python3.10/site-packages/airflow/example_dags/example_kubernetes_executor.py
[2024-06-14T00:52:26.306+0200] {processor.py:183} INFO - Processing /home/hectorv/.local/lib/python3.10/site-packages/airflow/example_dags/example_kubernetes_executor.py took 0.009 seconds
[2024-06-14T00:53:20.820+0200] {processor.py:161} INFO - Started process (PID=11565) to work on /home/hectorv/.local/lib/python3.10/site-packages/airflow/example_dags/example_kubernetes_executor.py
[2024-06-14T00:53:20.821+0200] {processor.py:830} INFO - Processing file /home/hectorv/.local/lib/python3.10/site-packages/airflow/example_dags/example_kubernetes_executor.py for tasks to queue
[2024-06-14T00:53:20.822+0200] {logging_mixin.py:188} INFO - [2024-06-14T00:53:20.822+0200] {dagbag.py:540} INFO - Filling up the DagBag from /home/hectorv/.local/lib/python3.10/site-packages/airflow/example_dags/example_kubernetes_executor.py
[2024-06-14T00:53:20.823+0200] {logging_mixin.py:188} INFO - [2024-06-14T00:53:20.823+0200] {example_kubernetes_executor.py:39} WARNING - The example_kubernetes_executor example DAG requires the kubernetes provider. Please install it with: pip install apache-airflow[cncf.kubernetes]
[2024-06-14T00:53:20.823+0200] {processor.py:842} WARNING - No viable dags retrieved from /home/hectorv/.local/lib/python3.10/site-packages/airflow/example_dags/example_kubernetes_executor.py
[2024-06-14T00:53:20.827+0200] {processor.py:183} INFO - Processing /home/hectorv/.local/lib/python3.10/site-packages/airflow/example_dags/example_kubernetes_executor.py took 0.009 seconds
[2024-06-14T00:54:15.423+0200] {processor.py:161} INFO - Started process (PID=11768) to work on /home/hectorv/.local/lib/python3.10/site-packages/airflow/example_dags/example_kubernetes_executor.py
[2024-06-14T00:54:15.424+0200] {processor.py:830} INFO - Processing file /home/hectorv/.local/lib/python3.10/site-packages/airflow/example_dags/example_kubernetes_executor.py for tasks to queue
[2024-06-14T00:54:15.425+0200] {logging_mixin.py:188} INFO - [2024-06-14T00:54:15.424+0200] {dagbag.py:540} INFO - Filling up the DagBag from /home/hectorv/.local/lib/python3.10/site-packages/airflow/example_dags/example_kubernetes_executor.py
[2024-06-14T00:54:15.426+0200] {logging_mixin.py:188} INFO - [2024-06-14T00:54:15.426+0200] {example_kubernetes_executor.py:39} WARNING - The example_kubernetes_executor example DAG requires the kubernetes provider. Please install it with: pip install apache-airflow[cncf.kubernetes]
[2024-06-14T00:54:15.426+0200] {processor.py:842} WARNING - No viable dags retrieved from /home/hectorv/.local/lib/python3.10/site-packages/airflow/example_dags/example_kubernetes_executor.py
[2024-06-14T00:54:15.430+0200] {processor.py:183} INFO - Processing /home/hectorv/.local/lib/python3.10/site-packages/airflow/example_dags/example_kubernetes_executor.py took 0.008 seconds
[2024-06-14T00:55:15.838+0200] {processor.py:161} INFO - Started process (PID=12066) to work on /home/hectorv/.local/lib/python3.10/site-packages/airflow/example_dags/example_kubernetes_executor.py
[2024-06-14T00:55:15.839+0200] {processor.py:830} INFO - Processing file /home/hectorv/.local/lib/python3.10/site-packages/airflow/example_dags/example_kubernetes_executor.py for tasks to queue
[2024-06-14T00:55:15.840+0200] {logging_mixin.py:188} INFO - [2024-06-14T00:55:15.840+0200] {dagbag.py:540} INFO - Filling up the DagBag from /home/hectorv/.local/lib/python3.10/site-packages/airflow/example_dags/example_kubernetes_executor.py
[2024-06-14T00:55:15.841+0200] {logging_mixin.py:188} INFO - [2024-06-14T00:55:15.841+0200] {example_kubernetes_executor.py:39} WARNING - The example_kubernetes_executor example DAG requires the kubernetes provider. Please install it with: pip install apache-airflow[cncf.kubernetes]
[2024-06-14T00:55:15.841+0200] {processor.py:842} WARNING - No viable dags retrieved from /home/hectorv/.local/lib/python3.10/site-packages/airflow/example_dags/example_kubernetes_executor.py
[2024-06-14T00:55:15.844+0200] {processor.py:183} INFO - Processing /home/hectorv/.local/lib/python3.10/site-packages/airflow/example_dags/example_kubernetes_executor.py took 0.008 seconds
[2024-06-14T00:56:16.253+0200] {processor.py:161} INFO - Started process (PID=15394) to work on /home/hectorv/.local/lib/python3.10/site-packages/airflow/example_dags/example_kubernetes_executor.py
[2024-06-14T00:56:16.254+0200] {processor.py:830} INFO - Processing file /home/hectorv/.local/lib/python3.10/site-packages/airflow/example_dags/example_kubernetes_executor.py for tasks to queue
[2024-06-14T00:56:16.254+0200] {logging_mixin.py:188} INFO - [2024-06-14T00:56:16.254+0200] {dagbag.py:540} INFO - Filling up the DagBag from /home/hectorv/.local/lib/python3.10/site-packages/airflow/example_dags/example_kubernetes_executor.py
[2024-06-14T00:56:16.255+0200] {logging_mixin.py:188} INFO - [2024-06-14T00:56:16.255+0200] {example_kubernetes_executor.py:39} WARNING - The example_kubernetes_executor example DAG requires the kubernetes provider. Please install it with: pip install apache-airflow[cncf.kubernetes]
[2024-06-14T00:56:16.255+0200] {processor.py:842} WARNING - No viable dags retrieved from /home/hectorv/.local/lib/python3.10/site-packages/airflow/example_dags/example_kubernetes_executor.py
[2024-06-14T00:56:16.259+0200] {processor.py:183} INFO - Processing /home/hectorv/.local/lib/python3.10/site-packages/airflow/example_dags/example_kubernetes_executor.py took 0.008 seconds
[2024-06-14T01:02:37.679+0200] {processor.py:161} INFO - Started process (PID=6173) to work on /home/hectorv/.local/lib/python3.10/site-packages/airflow/example_dags/example_kubernetes_executor.py
[2024-06-14T01:02:37.680+0200] {processor.py:830} INFO - Processing file /home/hectorv/.local/lib/python3.10/site-packages/airflow/example_dags/example_kubernetes_executor.py for tasks to queue
[2024-06-14T01:02:37.680+0200] {logging_mixin.py:188} INFO - [2024-06-14T01:02:37.680+0200] {dagbag.py:540} INFO - Filling up the DagBag from /home/hectorv/.local/lib/python3.10/site-packages/airflow/example_dags/example_kubernetes_executor.py
[2024-06-14T01:02:37.681+0200] {logging_mixin.py:188} INFO - [2024-06-14T01:02:37.681+0200] {example_kubernetes_executor.py:39} WARNING - The example_kubernetes_executor example DAG requires the kubernetes provider. Please install it with: pip install apache-airflow[cncf.kubernetes]
[2024-06-14T01:02:37.681+0200] {processor.py:842} WARNING - No viable dags retrieved from /home/hectorv/.local/lib/python3.10/site-packages/airflow/example_dags/example_kubernetes_executor.py
[2024-06-14T01:02:37.685+0200] {processor.py:183} INFO - Processing /home/hectorv/.local/lib/python3.10/site-packages/airflow/example_dags/example_kubernetes_executor.py took 0.009 seconds
[2024-06-14T01:03:29.576+0200] {processor.py:161} INFO - Started process (PID=6564) to work on /home/hectorv/.local/lib/python3.10/site-packages/airflow/example_dags/example_kubernetes_executor.py
[2024-06-14T01:03:29.577+0200] {processor.py:830} INFO - Processing file /home/hectorv/.local/lib/python3.10/site-packages/airflow/example_dags/example_kubernetes_executor.py for tasks to queue
[2024-06-14T01:03:29.578+0200] {logging_mixin.py:188} INFO - [2024-06-14T01:03:29.578+0200] {dagbag.py:540} INFO - Filling up the DagBag from /home/hectorv/.local/lib/python3.10/site-packages/airflow/example_dags/example_kubernetes_executor.py
[2024-06-14T01:03:29.579+0200] {logging_mixin.py:188} INFO - [2024-06-14T01:03:29.579+0200] {example_kubernetes_executor.py:39} WARNING - The example_kubernetes_executor example DAG requires the kubernetes provider. Please install it with: pip install apache-airflow[cncf.kubernetes]
[2024-06-14T01:03:29.579+0200] {processor.py:842} WARNING - No viable dags retrieved from /home/hectorv/.local/lib/python3.10/site-packages/airflow/example_dags/example_kubernetes_executor.py
[2024-06-14T01:03:29.582+0200] {processor.py:183} INFO - Processing /home/hectorv/.local/lib/python3.10/site-packages/airflow/example_dags/example_kubernetes_executor.py took 0.009 seconds
[2024-06-14T01:04:19.895+0200] {processor.py:161} INFO - Started process (PID=6952) to work on /home/hectorv/.local/lib/python3.10/site-packages/airflow/example_dags/example_kubernetes_executor.py
[2024-06-14T01:04:19.896+0200] {processor.py:830} INFO - Processing file /home/hectorv/.local/lib/python3.10/site-packages/airflow/example_dags/example_kubernetes_executor.py for tasks to queue
[2024-06-14T01:04:19.896+0200] {logging_mixin.py:188} INFO - [2024-06-14T01:04:19.896+0200] {dagbag.py:540} INFO - Filling up the DagBag from /home/hectorv/.local/lib/python3.10/site-packages/airflow/example_dags/example_kubernetes_executor.py
[2024-06-14T01:04:19.897+0200] {logging_mixin.py:188} INFO - [2024-06-14T01:04:19.897+0200] {example_kubernetes_executor.py:39} WARNING - The example_kubernetes_executor example DAG requires the kubernetes provider. Please install it with: pip install apache-airflow[cncf.kubernetes]
[2024-06-14T01:04:19.897+0200] {processor.py:842} WARNING - No viable dags retrieved from /home/hectorv/.local/lib/python3.10/site-packages/airflow/example_dags/example_kubernetes_executor.py
[2024-06-14T01:04:19.901+0200] {processor.py:183} INFO - Processing /home/hectorv/.local/lib/python3.10/site-packages/airflow/example_dags/example_kubernetes_executor.py took 0.008 seconds
