[2024-06-13T23:19:55.230+0200] {processor.py:161} INFO - Started process (PID=473) to work on /home/hectorv/.local/lib/python3.10/site-packages/airflow/example_dags/example_skip_dag.py
[2024-06-13T23:19:55.230+0200] {processor.py:830} INFO - Processing file /home/hectorv/.local/lib/python3.10/site-packages/airflow/example_dags/example_skip_dag.py for tasks to queue
[2024-06-13T23:19:55.231+0200] {logging_mixin.py:188} INFO - [2024-06-13T23:19:55.231+0200] {dagbag.py:540} INFO - Filling up the DagBag from /home/hectorv/.local/lib/python3.10/site-packages/airflow/example_dags/example_skip_dag.py
[2024-06-13T23:19:55.233+0200] {processor.py:840} INFO - DAG(s) 'example_skip_dag' retrieved from /home/hectorv/.local/lib/python3.10/site-packages/airflow/example_dags/example_skip_dag.py
[2024-06-13T23:19:55.283+0200] {logging_mixin.py:188} INFO - [2024-06-13T23:19:55.283+0200] {override.py:1829} INFO - Created Permission View: can delete on DAG:example_skip_dag
[2024-06-13T23:19:55.341+0200] {logging_mixin.py:188} INFO - [2024-06-13T23:19:55.341+0200] {override.py:1829} INFO - Created Permission View: can read on DAG:example_skip_dag
[2024-06-13T23:19:55.351+0200] {logging_mixin.py:188} INFO - [2024-06-13T23:19:55.351+0200] {override.py:1829} INFO - Created Permission View: can edit on DAG:example_skip_dag
[2024-06-13T23:19:55.351+0200] {logging_mixin.py:188} INFO - [2024-06-13T23:19:55.351+0200] {dag.py:3096} INFO - Sync 1 DAGs
[2024-06-13T23:19:55.355+0200] {logging_mixin.py:188} INFO - [2024-06-13T23:19:55.355+0200] {dag.py:3118} INFO - Creating ORM DAG for example_skip_dag
[2024-06-13T23:19:55.357+0200] {logging_mixin.py:188} INFO - [2024-06-13T23:19:55.357+0200] {dag.py:3954} INFO - Setting next_dagrun for example_skip_dag to 2024-06-12 00:00:00+00:00, run_after=2024-06-13 00:00:00+00:00
[2024-06-13T23:19:55.371+0200] {processor.py:183} INFO - Processing /home/hectorv/.local/lib/python3.10/site-packages/airflow/example_dags/example_skip_dag.py took 0.143 seconds
[2024-06-13T23:20:57.840+0200] {processor.py:161} INFO - Started process (PID=538) to work on /home/hectorv/.local/lib/python3.10/site-packages/airflow/example_dags/example_skip_dag.py
[2024-06-13T23:20:57.841+0200] {processor.py:830} INFO - Processing file /home/hectorv/.local/lib/python3.10/site-packages/airflow/example_dags/example_skip_dag.py for tasks to queue
[2024-06-13T23:20:57.842+0200] {logging_mixin.py:188} INFO - [2024-06-13T23:20:57.842+0200] {dagbag.py:540} INFO - Filling up the DagBag from /home/hectorv/.local/lib/python3.10/site-packages/airflow/example_dags/example_skip_dag.py
[2024-06-13T23:20:57.844+0200] {processor.py:840} INFO - DAG(s) 'example_skip_dag' retrieved from /home/hectorv/.local/lib/python3.10/site-packages/airflow/example_dags/example_skip_dag.py
[2024-06-13T23:20:57.850+0200] {logging_mixin.py:188} INFO - [2024-06-13T23:20:57.850+0200] {dag.py:3096} INFO - Sync 1 DAGs
[2024-06-13T23:20:57.900+0200] {logging_mixin.py:188} INFO - [2024-06-13T23:20:57.900+0200] {dag.py:3954} INFO - Setting next_dagrun for example_skip_dag to 2024-06-12 00:00:00+00:00, run_after=2024-06-13 00:00:00+00:00
[2024-06-13T23:20:57.921+0200] {processor.py:183} INFO - Processing /home/hectorv/.local/lib/python3.10/site-packages/airflow/example_dags/example_skip_dag.py took 0.082 seconds
[2024-06-13T23:21:56.052+0200] {processor.py:161} INFO - Started process (PID=598) to work on /home/hectorv/.local/lib/python3.10/site-packages/airflow/example_dags/example_skip_dag.py
[2024-06-13T23:21:56.054+0200] {processor.py:830} INFO - Processing file /home/hectorv/.local/lib/python3.10/site-packages/airflow/example_dags/example_skip_dag.py for tasks to queue
[2024-06-13T23:21:56.054+0200] {logging_mixin.py:188} INFO - [2024-06-13T23:21:56.054+0200] {dagbag.py:540} INFO - Filling up the DagBag from /home/hectorv/.local/lib/python3.10/site-packages/airflow/example_dags/example_skip_dag.py
[2024-06-13T23:21:56.057+0200] {processor.py:840} INFO - DAG(s) 'example_skip_dag' retrieved from /home/hectorv/.local/lib/python3.10/site-packages/airflow/example_dags/example_skip_dag.py
[2024-06-13T23:21:56.063+0200] {logging_mixin.py:188} INFO - [2024-06-13T23:21:56.063+0200] {dag.py:3096} INFO - Sync 1 DAGs
[2024-06-13T23:21:56.071+0200] {logging_mixin.py:188} INFO - [2024-06-13T23:21:56.070+0200] {dag.py:3954} INFO - Setting next_dagrun for example_skip_dag to 2024-06-12 00:00:00+00:00, run_after=2024-06-13 00:00:00+00:00
[2024-06-13T23:21:56.085+0200] {processor.py:183} INFO - Processing /home/hectorv/.local/lib/python3.10/site-packages/airflow/example_dags/example_skip_dag.py took 0.035 seconds
[2024-06-13T23:22:54.283+0200] {processor.py:161} INFO - Started process (PID=659) to work on /home/hectorv/.local/lib/python3.10/site-packages/airflow/example_dags/example_skip_dag.py
[2024-06-13T23:22:54.284+0200] {processor.py:830} INFO - Processing file /home/hectorv/.local/lib/python3.10/site-packages/airflow/example_dags/example_skip_dag.py for tasks to queue
[2024-06-13T23:22:54.285+0200] {logging_mixin.py:188} INFO - [2024-06-13T23:22:54.285+0200] {dagbag.py:540} INFO - Filling up the DagBag from /home/hectorv/.local/lib/python3.10/site-packages/airflow/example_dags/example_skip_dag.py
[2024-06-13T23:22:54.287+0200] {processor.py:840} INFO - DAG(s) 'example_skip_dag' retrieved from /home/hectorv/.local/lib/python3.10/site-packages/airflow/example_dags/example_skip_dag.py
[2024-06-13T23:22:54.293+0200] {logging_mixin.py:188} INFO - [2024-06-13T23:22:54.292+0200] {dag.py:3096} INFO - Sync 1 DAGs
[2024-06-13T23:22:54.299+0200] {logging_mixin.py:188} INFO - [2024-06-13T23:22:54.298+0200] {dag.py:3954} INFO - Setting next_dagrun for example_skip_dag to 2024-06-12 00:00:00+00:00, run_after=2024-06-13 00:00:00+00:00
[2024-06-13T23:22:54.314+0200] {processor.py:183} INFO - Processing /home/hectorv/.local/lib/python3.10/site-packages/airflow/example_dags/example_skip_dag.py took 0.033 seconds
[2024-06-13T23:23:52.033+0200] {processor.py:161} INFO - Started process (PID=720) to work on /home/hectorv/.local/lib/python3.10/site-packages/airflow/example_dags/example_skip_dag.py
[2024-06-13T23:23:52.035+0200] {processor.py:830} INFO - Processing file /home/hectorv/.local/lib/python3.10/site-packages/airflow/example_dags/example_skip_dag.py for tasks to queue
[2024-06-13T23:23:52.035+0200] {logging_mixin.py:188} INFO - [2024-06-13T23:23:52.035+0200] {dagbag.py:540} INFO - Filling up the DagBag from /home/hectorv/.local/lib/python3.10/site-packages/airflow/example_dags/example_skip_dag.py
[2024-06-13T23:23:52.038+0200] {processor.py:840} INFO - DAG(s) 'example_skip_dag' retrieved from /home/hectorv/.local/lib/python3.10/site-packages/airflow/example_dags/example_skip_dag.py
[2024-06-13T23:23:52.043+0200] {logging_mixin.py:188} INFO - [2024-06-13T23:23:52.043+0200] {dag.py:3096} INFO - Sync 1 DAGs
[2024-06-13T23:23:52.049+0200] {logging_mixin.py:188} INFO - [2024-06-13T23:23:52.049+0200] {dag.py:3954} INFO - Setting next_dagrun for example_skip_dag to 2024-06-12 00:00:00+00:00, run_after=2024-06-13 00:00:00+00:00
[2024-06-13T23:23:52.064+0200] {processor.py:183} INFO - Processing /home/hectorv/.local/lib/python3.10/site-packages/airflow/example_dags/example_skip_dag.py took 0.033 seconds
[2024-06-13T23:24:47.517+0200] {processor.py:161} INFO - Started process (PID=784) to work on /home/hectorv/.local/lib/python3.10/site-packages/airflow/example_dags/example_skip_dag.py
[2024-06-13T23:24:47.518+0200] {processor.py:830} INFO - Processing file /home/hectorv/.local/lib/python3.10/site-packages/airflow/example_dags/example_skip_dag.py for tasks to queue
[2024-06-13T23:24:47.519+0200] {logging_mixin.py:188} INFO - [2024-06-13T23:24:47.519+0200] {dagbag.py:540} INFO - Filling up the DagBag from /home/hectorv/.local/lib/python3.10/site-packages/airflow/example_dags/example_skip_dag.py
[2024-06-13T23:24:47.521+0200] {processor.py:840} INFO - DAG(s) 'example_skip_dag' retrieved from /home/hectorv/.local/lib/python3.10/site-packages/airflow/example_dags/example_skip_dag.py
[2024-06-13T23:24:47.527+0200] {logging_mixin.py:188} INFO - [2024-06-13T23:24:47.527+0200] {dag.py:3096} INFO - Sync 1 DAGs
[2024-06-13T23:24:47.534+0200] {logging_mixin.py:188} INFO - [2024-06-13T23:24:47.534+0200] {dag.py:3954} INFO - Setting next_dagrun for example_skip_dag to 2024-06-12 00:00:00+00:00, run_after=2024-06-13 00:00:00+00:00
[2024-06-13T23:24:47.550+0200] {processor.py:183} INFO - Processing /home/hectorv/.local/lib/python3.10/site-packages/airflow/example_dags/example_skip_dag.py took 0.036 seconds
[2024-06-13T23:25:40.622+0200] {processor.py:161} INFO - Started process (PID=841) to work on /home/hectorv/.local/lib/python3.10/site-packages/airflow/example_dags/example_skip_dag.py
[2024-06-13T23:25:40.624+0200] {processor.py:830} INFO - Processing file /home/hectorv/.local/lib/python3.10/site-packages/airflow/example_dags/example_skip_dag.py for tasks to queue
[2024-06-13T23:25:40.624+0200] {logging_mixin.py:188} INFO - [2024-06-13T23:25:40.624+0200] {dagbag.py:540} INFO - Filling up the DagBag from /home/hectorv/.local/lib/python3.10/site-packages/airflow/example_dags/example_skip_dag.py
[2024-06-13T23:25:40.627+0200] {processor.py:840} INFO - DAG(s) 'example_skip_dag' retrieved from /home/hectorv/.local/lib/python3.10/site-packages/airflow/example_dags/example_skip_dag.py
[2024-06-13T23:25:40.632+0200] {logging_mixin.py:188} INFO - [2024-06-13T23:25:40.632+0200] {dag.py:3096} INFO - Sync 1 DAGs
[2024-06-13T23:25:40.638+0200] {logging_mixin.py:188} INFO - [2024-06-13T23:25:40.638+0200] {dag.py:3954} INFO - Setting next_dagrun for example_skip_dag to 2024-06-12 00:00:00+00:00, run_after=2024-06-13 00:00:00+00:00
[2024-06-13T23:25:40.654+0200] {processor.py:183} INFO - Processing /home/hectorv/.local/lib/python3.10/site-packages/airflow/example_dags/example_skip_dag.py took 0.034 seconds
[2024-06-13T23:26:39.227+0200] {processor.py:161} INFO - Started process (PID=903) to work on /home/hectorv/.local/lib/python3.10/site-packages/airflow/example_dags/example_skip_dag.py
[2024-06-13T23:26:39.228+0200] {processor.py:830} INFO - Processing file /home/hectorv/.local/lib/python3.10/site-packages/airflow/example_dags/example_skip_dag.py for tasks to queue
[2024-06-13T23:26:39.229+0200] {logging_mixin.py:188} INFO - [2024-06-13T23:26:39.229+0200] {dagbag.py:540} INFO - Filling up the DagBag from /home/hectorv/.local/lib/python3.10/site-packages/airflow/example_dags/example_skip_dag.py
[2024-06-13T23:26:39.231+0200] {processor.py:840} INFO - DAG(s) 'example_skip_dag' retrieved from /home/hectorv/.local/lib/python3.10/site-packages/airflow/example_dags/example_skip_dag.py
[2024-06-13T23:26:39.237+0200] {logging_mixin.py:188} INFO - [2024-06-13T23:26:39.237+0200] {dag.py:3096} INFO - Sync 1 DAGs
[2024-06-13T23:26:39.244+0200] {logging_mixin.py:188} INFO - [2024-06-13T23:26:39.244+0200] {dag.py:3954} INFO - Setting next_dagrun for example_skip_dag to 2024-06-12 00:00:00+00:00, run_after=2024-06-13 00:00:00+00:00
[2024-06-13T23:26:39.258+0200] {processor.py:183} INFO - Processing /home/hectorv/.local/lib/python3.10/site-packages/airflow/example_dags/example_skip_dag.py took 0.033 seconds
[2024-06-13T23:27:36.754+0200] {processor.py:161} INFO - Started process (PID=962) to work on /home/hectorv/.local/lib/python3.10/site-packages/airflow/example_dags/example_skip_dag.py
[2024-06-13T23:27:36.755+0200] {processor.py:830} INFO - Processing file /home/hectorv/.local/lib/python3.10/site-packages/airflow/example_dags/example_skip_dag.py for tasks to queue
[2024-06-13T23:27:36.756+0200] {logging_mixin.py:188} INFO - [2024-06-13T23:27:36.756+0200] {dagbag.py:540} INFO - Filling up the DagBag from /home/hectorv/.local/lib/python3.10/site-packages/airflow/example_dags/example_skip_dag.py
[2024-06-13T23:27:36.758+0200] {processor.py:840} INFO - DAG(s) 'example_skip_dag' retrieved from /home/hectorv/.local/lib/python3.10/site-packages/airflow/example_dags/example_skip_dag.py
[2024-06-13T23:27:36.764+0200] {logging_mixin.py:188} INFO - [2024-06-13T23:27:36.764+0200] {dag.py:3096} INFO - Sync 1 DAGs
[2024-06-13T23:27:36.770+0200] {logging_mixin.py:188} INFO - [2024-06-13T23:27:36.770+0200] {dag.py:3954} INFO - Setting next_dagrun for example_skip_dag to 2024-06-12 00:00:00+00:00, run_after=2024-06-13 00:00:00+00:00
[2024-06-13T23:27:36.785+0200] {processor.py:183} INFO - Processing /home/hectorv/.local/lib/python3.10/site-packages/airflow/example_dags/example_skip_dag.py took 0.034 seconds
[2024-06-13T23:28:34.055+0200] {processor.py:161} INFO - Started process (PID=1023) to work on /home/hectorv/.local/lib/python3.10/site-packages/airflow/example_dags/example_skip_dag.py
[2024-06-13T23:28:34.057+0200] {processor.py:830} INFO - Processing file /home/hectorv/.local/lib/python3.10/site-packages/airflow/example_dags/example_skip_dag.py for tasks to queue
[2024-06-13T23:28:34.058+0200] {logging_mixin.py:188} INFO - [2024-06-13T23:28:34.058+0200] {dagbag.py:540} INFO - Filling up the DagBag from /home/hectorv/.local/lib/python3.10/site-packages/airflow/example_dags/example_skip_dag.py
[2024-06-13T23:28:34.060+0200] {processor.py:840} INFO - DAG(s) 'example_skip_dag' retrieved from /home/hectorv/.local/lib/python3.10/site-packages/airflow/example_dags/example_skip_dag.py
[2024-06-13T23:28:34.066+0200] {logging_mixin.py:188} INFO - [2024-06-13T23:28:34.065+0200] {dag.py:3096} INFO - Sync 1 DAGs
[2024-06-13T23:28:34.072+0200] {logging_mixin.py:188} INFO - [2024-06-13T23:28:34.072+0200] {dag.py:3954} INFO - Setting next_dagrun for example_skip_dag to 2024-06-12 00:00:00+00:00, run_after=2024-06-13 00:00:00+00:00
[2024-06-13T23:28:34.086+0200] {processor.py:183} INFO - Processing /home/hectorv/.local/lib/python3.10/site-packages/airflow/example_dags/example_skip_dag.py took 0.033 seconds
[2024-06-13T23:29:33.620+0200] {processor.py:161} INFO - Started process (PID=1164) to work on /home/hectorv/.local/lib/python3.10/site-packages/airflow/example_dags/example_skip_dag.py
[2024-06-13T23:29:33.621+0200] {processor.py:830} INFO - Processing file /home/hectorv/.local/lib/python3.10/site-packages/airflow/example_dags/example_skip_dag.py for tasks to queue
[2024-06-13T23:29:33.622+0200] {logging_mixin.py:188} INFO - [2024-06-13T23:29:33.622+0200] {dagbag.py:540} INFO - Filling up the DagBag from /home/hectorv/.local/lib/python3.10/site-packages/airflow/example_dags/example_skip_dag.py
[2024-06-13T23:29:33.624+0200] {processor.py:840} INFO - DAG(s) 'example_skip_dag' retrieved from /home/hectorv/.local/lib/python3.10/site-packages/airflow/example_dags/example_skip_dag.py
[2024-06-13T23:29:33.630+0200] {logging_mixin.py:188} INFO - [2024-06-13T23:29:33.630+0200] {dag.py:3096} INFO - Sync 1 DAGs
[2024-06-13T23:29:33.636+0200] {logging_mixin.py:188} INFO - [2024-06-13T23:29:33.636+0200] {dag.py:3954} INFO - Setting next_dagrun for example_skip_dag to 2024-06-12 00:00:00+00:00, run_after=2024-06-13 00:00:00+00:00
[2024-06-13T23:29:33.652+0200] {processor.py:183} INFO - Processing /home/hectorv/.local/lib/python3.10/site-packages/airflow/example_dags/example_skip_dag.py took 0.034 seconds
[2024-06-13T23:30:35.495+0200] {processor.py:161} INFO - Started process (PID=1227) to work on /home/hectorv/.local/lib/python3.10/site-packages/airflow/example_dags/example_skip_dag.py
[2024-06-13T23:30:35.496+0200] {processor.py:830} INFO - Processing file /home/hectorv/.local/lib/python3.10/site-packages/airflow/example_dags/example_skip_dag.py for tasks to queue
[2024-06-13T23:30:35.497+0200] {logging_mixin.py:188} INFO - [2024-06-13T23:30:35.497+0200] {dagbag.py:540} INFO - Filling up the DagBag from /home/hectorv/.local/lib/python3.10/site-packages/airflow/example_dags/example_skip_dag.py
[2024-06-13T23:30:35.499+0200] {processor.py:840} INFO - DAG(s) 'example_skip_dag' retrieved from /home/hectorv/.local/lib/python3.10/site-packages/airflow/example_dags/example_skip_dag.py
[2024-06-13T23:30:35.505+0200] {logging_mixin.py:188} INFO - [2024-06-13T23:30:35.505+0200] {dag.py:3096} INFO - Sync 1 DAGs
[2024-06-13T23:30:35.513+0200] {logging_mixin.py:188} INFO - [2024-06-13T23:30:35.513+0200] {dag.py:3954} INFO - Setting next_dagrun for example_skip_dag to 2024-06-12 00:00:00+00:00, run_after=2024-06-13 00:00:00+00:00
[2024-06-13T23:30:35.529+0200] {processor.py:183} INFO - Processing /home/hectorv/.local/lib/python3.10/site-packages/airflow/example_dags/example_skip_dag.py took 0.035 seconds
[2024-06-13T23:31:32.739+0200] {processor.py:161} INFO - Started process (PID=1288) to work on /home/hectorv/.local/lib/python3.10/site-packages/airflow/example_dags/example_skip_dag.py
[2024-06-13T23:31:32.741+0200] {processor.py:830} INFO - Processing file /home/hectorv/.local/lib/python3.10/site-packages/airflow/example_dags/example_skip_dag.py for tasks to queue
[2024-06-13T23:31:32.742+0200] {logging_mixin.py:188} INFO - [2024-06-13T23:31:32.742+0200] {dagbag.py:540} INFO - Filling up the DagBag from /home/hectorv/.local/lib/python3.10/site-packages/airflow/example_dags/example_skip_dag.py
[2024-06-13T23:31:32.744+0200] {processor.py:840} INFO - DAG(s) 'example_skip_dag' retrieved from /home/hectorv/.local/lib/python3.10/site-packages/airflow/example_dags/example_skip_dag.py
[2024-06-13T23:31:32.749+0200] {logging_mixin.py:188} INFO - [2024-06-13T23:31:32.749+0200] {dag.py:3096} INFO - Sync 1 DAGs
[2024-06-13T23:31:32.755+0200] {logging_mixin.py:188} INFO - [2024-06-13T23:31:32.755+0200] {dag.py:3954} INFO - Setting next_dagrun for example_skip_dag to 2024-06-12 00:00:00+00:00, run_after=2024-06-13 00:00:00+00:00
[2024-06-13T23:31:32.770+0200] {processor.py:183} INFO - Processing /home/hectorv/.local/lib/python3.10/site-packages/airflow/example_dags/example_skip_dag.py took 0.033 seconds
[2024-06-13T23:32:34.254+0200] {processor.py:161} INFO - Started process (PID=1351) to work on /home/hectorv/.local/lib/python3.10/site-packages/airflow/example_dags/example_skip_dag.py
[2024-06-13T23:32:34.255+0200] {processor.py:830} INFO - Processing file /home/hectorv/.local/lib/python3.10/site-packages/airflow/example_dags/example_skip_dag.py for tasks to queue
[2024-06-13T23:32:34.256+0200] {logging_mixin.py:188} INFO - [2024-06-13T23:32:34.256+0200] {dagbag.py:540} INFO - Filling up the DagBag from /home/hectorv/.local/lib/python3.10/site-packages/airflow/example_dags/example_skip_dag.py
[2024-06-13T23:32:34.258+0200] {processor.py:840} INFO - DAG(s) 'example_skip_dag' retrieved from /home/hectorv/.local/lib/python3.10/site-packages/airflow/example_dags/example_skip_dag.py
[2024-06-13T23:32:34.264+0200] {logging_mixin.py:188} INFO - [2024-06-13T23:32:34.264+0200] {dag.py:3096} INFO - Sync 1 DAGs
[2024-06-13T23:32:34.270+0200] {logging_mixin.py:188} INFO - [2024-06-13T23:32:34.270+0200] {dag.py:3954} INFO - Setting next_dagrun for example_skip_dag to 2024-06-12 00:00:00+00:00, run_after=2024-06-13 00:00:00+00:00
[2024-06-13T23:32:34.285+0200] {processor.py:183} INFO - Processing /home/hectorv/.local/lib/python3.10/site-packages/airflow/example_dags/example_skip_dag.py took 0.032 seconds
[2024-06-13T23:33:31.911+0200] {processor.py:161} INFO - Started process (PID=1415) to work on /home/hectorv/.local/lib/python3.10/site-packages/airflow/example_dags/example_skip_dag.py
[2024-06-13T23:33:31.913+0200] {processor.py:830} INFO - Processing file /home/hectorv/.local/lib/python3.10/site-packages/airflow/example_dags/example_skip_dag.py for tasks to queue
[2024-06-13T23:33:31.913+0200] {logging_mixin.py:188} INFO - [2024-06-13T23:33:31.913+0200] {dagbag.py:540} INFO - Filling up the DagBag from /home/hectorv/.local/lib/python3.10/site-packages/airflow/example_dags/example_skip_dag.py
[2024-06-13T23:33:31.916+0200] {processor.py:840} INFO - DAG(s) 'example_skip_dag' retrieved from /home/hectorv/.local/lib/python3.10/site-packages/airflow/example_dags/example_skip_dag.py
[2024-06-13T23:33:31.921+0200] {logging_mixin.py:188} INFO - [2024-06-13T23:33:31.921+0200] {dag.py:3096} INFO - Sync 1 DAGs
[2024-06-13T23:33:31.928+0200] {logging_mixin.py:188} INFO - [2024-06-13T23:33:31.928+0200] {dag.py:3954} INFO - Setting next_dagrun for example_skip_dag to 2024-06-12 00:00:00+00:00, run_after=2024-06-13 00:00:00+00:00
[2024-06-13T23:33:31.942+0200] {processor.py:183} INFO - Processing /home/hectorv/.local/lib/python3.10/site-packages/airflow/example_dags/example_skip_dag.py took 0.034 seconds
[2024-06-13T23:34:27.133+0200] {processor.py:161} INFO - Started process (PID=1481) to work on /home/hectorv/.local/lib/python3.10/site-packages/airflow/example_dags/example_skip_dag.py
[2024-06-13T23:34:27.133+0200] {processor.py:830} INFO - Processing file /home/hectorv/.local/lib/python3.10/site-packages/airflow/example_dags/example_skip_dag.py for tasks to queue
[2024-06-13T23:34:27.134+0200] {logging_mixin.py:188} INFO - [2024-06-13T23:34:27.134+0200] {dagbag.py:540} INFO - Filling up the DagBag from /home/hectorv/.local/lib/python3.10/site-packages/airflow/example_dags/example_skip_dag.py
[2024-06-13T23:34:27.136+0200] {processor.py:840} INFO - DAG(s) 'example_skip_dag' retrieved from /home/hectorv/.local/lib/python3.10/site-packages/airflow/example_dags/example_skip_dag.py
[2024-06-13T23:34:27.142+0200] {logging_mixin.py:188} INFO - [2024-06-13T23:34:27.142+0200] {dag.py:3096} INFO - Sync 1 DAGs
[2024-06-13T23:34:27.148+0200] {logging_mixin.py:188} INFO - [2024-06-13T23:34:27.148+0200] {dag.py:3954} INFO - Setting next_dagrun for example_skip_dag to 2024-06-12 00:00:00+00:00, run_after=2024-06-13 00:00:00+00:00
[2024-06-13T23:34:27.162+0200] {processor.py:183} INFO - Processing /home/hectorv/.local/lib/python3.10/site-packages/airflow/example_dags/example_skip_dag.py took 0.032 seconds
[2024-06-13T23:35:29.593+0200] {processor.py:161} INFO - Started process (PID=1546) to work on /home/hectorv/.local/lib/python3.10/site-packages/airflow/example_dags/example_skip_dag.py
[2024-06-13T23:35:29.595+0200] {processor.py:830} INFO - Processing file /home/hectorv/.local/lib/python3.10/site-packages/airflow/example_dags/example_skip_dag.py for tasks to queue
[2024-06-13T23:35:29.595+0200] {logging_mixin.py:188} INFO - [2024-06-13T23:35:29.595+0200] {dagbag.py:540} INFO - Filling up the DagBag from /home/hectorv/.local/lib/python3.10/site-packages/airflow/example_dags/example_skip_dag.py
[2024-06-13T23:35:29.598+0200] {processor.py:840} INFO - DAG(s) 'example_skip_dag' retrieved from /home/hectorv/.local/lib/python3.10/site-packages/airflow/example_dags/example_skip_dag.py
[2024-06-13T23:35:29.603+0200] {logging_mixin.py:188} INFO - [2024-06-13T23:35:29.603+0200] {dag.py:3096} INFO - Sync 1 DAGs
[2024-06-13T23:35:29.610+0200] {logging_mixin.py:188} INFO - [2024-06-13T23:35:29.610+0200] {dag.py:3954} INFO - Setting next_dagrun for example_skip_dag to 2024-06-12 00:00:00+00:00, run_after=2024-06-13 00:00:00+00:00
[2024-06-13T23:35:29.665+0200] {processor.py:183} INFO - Processing /home/hectorv/.local/lib/python3.10/site-packages/airflow/example_dags/example_skip_dag.py took 0.074 seconds
[2024-06-13T23:36:30.183+0200] {processor.py:161} INFO - Started process (PID=1609) to work on /home/hectorv/.local/lib/python3.10/site-packages/airflow/example_dags/example_skip_dag.py
[2024-06-13T23:36:30.185+0200] {processor.py:830} INFO - Processing file /home/hectorv/.local/lib/python3.10/site-packages/airflow/example_dags/example_skip_dag.py for tasks to queue
[2024-06-13T23:36:30.185+0200] {logging_mixin.py:188} INFO - [2024-06-13T23:36:30.185+0200] {dagbag.py:540} INFO - Filling up the DagBag from /home/hectorv/.local/lib/python3.10/site-packages/airflow/example_dags/example_skip_dag.py
[2024-06-13T23:36:30.188+0200] {processor.py:840} INFO - DAG(s) 'example_skip_dag' retrieved from /home/hectorv/.local/lib/python3.10/site-packages/airflow/example_dags/example_skip_dag.py
[2024-06-13T23:36:30.193+0200] {logging_mixin.py:188} INFO - [2024-06-13T23:36:30.193+0200] {dag.py:3096} INFO - Sync 1 DAGs
[2024-06-13T23:36:30.200+0200] {logging_mixin.py:188} INFO - [2024-06-13T23:36:30.200+0200] {dag.py:3954} INFO - Setting next_dagrun for example_skip_dag to 2024-06-12 00:00:00+00:00, run_after=2024-06-13 00:00:00+00:00
[2024-06-13T23:36:30.215+0200] {processor.py:183} INFO - Processing /home/hectorv/.local/lib/python3.10/site-packages/airflow/example_dags/example_skip_dag.py took 0.034 seconds
[2024-06-13T23:37:27.120+0200] {processor.py:161} INFO - Started process (PID=1669) to work on /home/hectorv/.local/lib/python3.10/site-packages/airflow/example_dags/example_skip_dag.py
[2024-06-13T23:37:27.121+0200] {processor.py:830} INFO - Processing file /home/hectorv/.local/lib/python3.10/site-packages/airflow/example_dags/example_skip_dag.py for tasks to queue
[2024-06-13T23:37:27.122+0200] {logging_mixin.py:188} INFO - [2024-06-13T23:37:27.122+0200] {dagbag.py:540} INFO - Filling up the DagBag from /home/hectorv/.local/lib/python3.10/site-packages/airflow/example_dags/example_skip_dag.py
[2024-06-13T23:37:27.125+0200] {processor.py:840} INFO - DAG(s) 'example_skip_dag' retrieved from /home/hectorv/.local/lib/python3.10/site-packages/airflow/example_dags/example_skip_dag.py
[2024-06-13T23:37:27.132+0200] {logging_mixin.py:188} INFO - [2024-06-13T23:37:27.132+0200] {dag.py:3096} INFO - Sync 1 DAGs
[2024-06-13T23:37:27.140+0200] {logging_mixin.py:188} INFO - [2024-06-13T23:37:27.140+0200] {dag.py:3954} INFO - Setting next_dagrun for example_skip_dag to 2024-06-12 00:00:00+00:00, run_after=2024-06-13 00:00:00+00:00
[2024-06-13T23:37:27.154+0200] {processor.py:183} INFO - Processing /home/hectorv/.local/lib/python3.10/site-packages/airflow/example_dags/example_skip_dag.py took 0.038 seconds
[2024-06-13T23:38:23.578+0200] {processor.py:161} INFO - Started process (PID=1729) to work on /home/hectorv/.local/lib/python3.10/site-packages/airflow/example_dags/example_skip_dag.py
[2024-06-13T23:38:23.580+0200] {processor.py:830} INFO - Processing file /home/hectorv/.local/lib/python3.10/site-packages/airflow/example_dags/example_skip_dag.py for tasks to queue
[2024-06-13T23:38:23.580+0200] {logging_mixin.py:188} INFO - [2024-06-13T23:38:23.580+0200] {dagbag.py:540} INFO - Filling up the DagBag from /home/hectorv/.local/lib/python3.10/site-packages/airflow/example_dags/example_skip_dag.py
[2024-06-13T23:38:23.582+0200] {processor.py:840} INFO - DAG(s) 'example_skip_dag' retrieved from /home/hectorv/.local/lib/python3.10/site-packages/airflow/example_dags/example_skip_dag.py
[2024-06-13T23:38:23.588+0200] {logging_mixin.py:188} INFO - [2024-06-13T23:38:23.588+0200] {dag.py:3096} INFO - Sync 1 DAGs
[2024-06-13T23:38:23.594+0200] {logging_mixin.py:188} INFO - [2024-06-13T23:38:23.594+0200] {dag.py:3954} INFO - Setting next_dagrun for example_skip_dag to 2024-06-12 00:00:00+00:00, run_after=2024-06-13 00:00:00+00:00
[2024-06-13T23:38:23.609+0200] {processor.py:183} INFO - Processing /home/hectorv/.local/lib/python3.10/site-packages/airflow/example_dags/example_skip_dag.py took 0.033 seconds
[2024-06-13T23:39:25.096+0200] {processor.py:161} INFO - Started process (PID=1792) to work on /home/hectorv/.local/lib/python3.10/site-packages/airflow/example_dags/example_skip_dag.py
[2024-06-13T23:39:25.097+0200] {processor.py:830} INFO - Processing file /home/hectorv/.local/lib/python3.10/site-packages/airflow/example_dags/example_skip_dag.py for tasks to queue
[2024-06-13T23:39:25.098+0200] {logging_mixin.py:188} INFO - [2024-06-13T23:39:25.098+0200] {dagbag.py:540} INFO - Filling up the DagBag from /home/hectorv/.local/lib/python3.10/site-packages/airflow/example_dags/example_skip_dag.py
[2024-06-13T23:39:25.100+0200] {processor.py:840} INFO - DAG(s) 'example_skip_dag' retrieved from /home/hectorv/.local/lib/python3.10/site-packages/airflow/example_dags/example_skip_dag.py
[2024-06-13T23:39:25.106+0200] {logging_mixin.py:188} INFO - [2024-06-13T23:39:25.106+0200] {dag.py:3096} INFO - Sync 1 DAGs
[2024-06-13T23:39:25.112+0200] {logging_mixin.py:188} INFO - [2024-06-13T23:39:25.112+0200] {dag.py:3954} INFO - Setting next_dagrun for example_skip_dag to 2024-06-12 00:00:00+00:00, run_after=2024-06-13 00:00:00+00:00
[2024-06-13T23:39:25.127+0200] {processor.py:183} INFO - Processing /home/hectorv/.local/lib/python3.10/site-packages/airflow/example_dags/example_skip_dag.py took 0.033 seconds
[2024-06-13T23:40:21.565+0200] {processor.py:161} INFO - Started process (PID=1852) to work on /home/hectorv/.local/lib/python3.10/site-packages/airflow/example_dags/example_skip_dag.py
[2024-06-13T23:40:21.567+0200] {processor.py:830} INFO - Processing file /home/hectorv/.local/lib/python3.10/site-packages/airflow/example_dags/example_skip_dag.py for tasks to queue
[2024-06-13T23:40:21.568+0200] {logging_mixin.py:188} INFO - [2024-06-13T23:40:21.568+0200] {dagbag.py:540} INFO - Filling up the DagBag from /home/hectorv/.local/lib/python3.10/site-packages/airflow/example_dags/example_skip_dag.py
[2024-06-13T23:40:21.570+0200] {processor.py:840} INFO - DAG(s) 'example_skip_dag' retrieved from /home/hectorv/.local/lib/python3.10/site-packages/airflow/example_dags/example_skip_dag.py
[2024-06-13T23:40:21.575+0200] {logging_mixin.py:188} INFO - [2024-06-13T23:40:21.575+0200] {dag.py:3096} INFO - Sync 1 DAGs
[2024-06-13T23:40:21.581+0200] {logging_mixin.py:188} INFO - [2024-06-13T23:40:21.581+0200] {dag.py:3954} INFO - Setting next_dagrun for example_skip_dag to 2024-06-12 00:00:00+00:00, run_after=2024-06-13 00:00:00+00:00
[2024-06-13T23:40:21.595+0200] {processor.py:183} INFO - Processing /home/hectorv/.local/lib/python3.10/site-packages/airflow/example_dags/example_skip_dag.py took 0.032 seconds
[2024-06-13T23:41:18.324+0200] {processor.py:161} INFO - Started process (PID=1911) to work on /home/hectorv/.local/lib/python3.10/site-packages/airflow/example_dags/example_skip_dag.py
[2024-06-13T23:41:18.325+0200] {processor.py:830} INFO - Processing file /home/hectorv/.local/lib/python3.10/site-packages/airflow/example_dags/example_skip_dag.py for tasks to queue
[2024-06-13T23:41:18.326+0200] {logging_mixin.py:188} INFO - [2024-06-13T23:41:18.326+0200] {dagbag.py:540} INFO - Filling up the DagBag from /home/hectorv/.local/lib/python3.10/site-packages/airflow/example_dags/example_skip_dag.py
[2024-06-13T23:41:18.328+0200] {processor.py:840} INFO - DAG(s) 'example_skip_dag' retrieved from /home/hectorv/.local/lib/python3.10/site-packages/airflow/example_dags/example_skip_dag.py
[2024-06-13T23:41:18.333+0200] {logging_mixin.py:188} INFO - [2024-06-13T23:41:18.333+0200] {dag.py:3096} INFO - Sync 1 DAGs
[2024-06-13T23:41:18.339+0200] {logging_mixin.py:188} INFO - [2024-06-13T23:41:18.339+0200] {dag.py:3954} INFO - Setting next_dagrun for example_skip_dag to 2024-06-12 00:00:00+00:00, run_after=2024-06-13 00:00:00+00:00
[2024-06-13T23:41:18.354+0200] {processor.py:183} INFO - Processing /home/hectorv/.local/lib/python3.10/site-packages/airflow/example_dags/example_skip_dag.py took 0.031 seconds
[2024-06-13T23:42:16.926+0200] {processor.py:161} INFO - Started process (PID=1972) to work on /home/hectorv/.local/lib/python3.10/site-packages/airflow/example_dags/example_skip_dag.py
[2024-06-13T23:42:16.928+0200] {processor.py:830} INFO - Processing file /home/hectorv/.local/lib/python3.10/site-packages/airflow/example_dags/example_skip_dag.py for tasks to queue
[2024-06-13T23:42:16.929+0200] {logging_mixin.py:188} INFO - [2024-06-13T23:42:16.929+0200] {dagbag.py:540} INFO - Filling up the DagBag from /home/hectorv/.local/lib/python3.10/site-packages/airflow/example_dags/example_skip_dag.py
[2024-06-13T23:42:16.931+0200] {processor.py:840} INFO - DAG(s) 'example_skip_dag' retrieved from /home/hectorv/.local/lib/python3.10/site-packages/airflow/example_dags/example_skip_dag.py
[2024-06-13T23:42:16.936+0200] {logging_mixin.py:188} INFO - [2024-06-13T23:42:16.936+0200] {dag.py:3096} INFO - Sync 1 DAGs
[2024-06-13T23:42:16.943+0200] {logging_mixin.py:188} INFO - [2024-06-13T23:42:16.943+0200] {dag.py:3954} INFO - Setting next_dagrun for example_skip_dag to 2024-06-12 00:00:00+00:00, run_after=2024-06-13 00:00:00+00:00
[2024-06-13T23:42:16.958+0200] {processor.py:183} INFO - Processing /home/hectorv/.local/lib/python3.10/site-packages/airflow/example_dags/example_skip_dag.py took 0.033 seconds
[2024-06-13T23:43:17.927+0200] {processor.py:161} INFO - Started process (PID=2035) to work on /home/hectorv/.local/lib/python3.10/site-packages/airflow/example_dags/example_skip_dag.py
[2024-06-13T23:43:17.929+0200] {processor.py:830} INFO - Processing file /home/hectorv/.local/lib/python3.10/site-packages/airflow/example_dags/example_skip_dag.py for tasks to queue
[2024-06-13T23:43:17.929+0200] {logging_mixin.py:188} INFO - [2024-06-13T23:43:17.929+0200] {dagbag.py:540} INFO - Filling up the DagBag from /home/hectorv/.local/lib/python3.10/site-packages/airflow/example_dags/example_skip_dag.py
[2024-06-13T23:43:17.931+0200] {processor.py:840} INFO - DAG(s) 'example_skip_dag' retrieved from /home/hectorv/.local/lib/python3.10/site-packages/airflow/example_dags/example_skip_dag.py
[2024-06-13T23:43:17.937+0200] {logging_mixin.py:188} INFO - [2024-06-13T23:43:17.937+0200] {dag.py:3096} INFO - Sync 1 DAGs
[2024-06-13T23:43:17.943+0200] {logging_mixin.py:188} INFO - [2024-06-13T23:43:17.943+0200] {dag.py:3954} INFO - Setting next_dagrun for example_skip_dag to 2024-06-12 00:00:00+00:00, run_after=2024-06-13 00:00:00+00:00
[2024-06-13T23:43:17.957+0200] {processor.py:183} INFO - Processing /home/hectorv/.local/lib/python3.10/site-packages/airflow/example_dags/example_skip_dag.py took 0.033 seconds
[2024-06-13T23:44:14.397+0200] {processor.py:161} INFO - Started process (PID=2094) to work on /home/hectorv/.local/lib/python3.10/site-packages/airflow/example_dags/example_skip_dag.py
[2024-06-13T23:44:14.398+0200] {processor.py:830} INFO - Processing file /home/hectorv/.local/lib/python3.10/site-packages/airflow/example_dags/example_skip_dag.py for tasks to queue
[2024-06-13T23:44:14.399+0200] {logging_mixin.py:188} INFO - [2024-06-13T23:44:14.399+0200] {dagbag.py:540} INFO - Filling up the DagBag from /home/hectorv/.local/lib/python3.10/site-packages/airflow/example_dags/example_skip_dag.py
[2024-06-13T23:44:14.401+0200] {processor.py:840} INFO - DAG(s) 'example_skip_dag' retrieved from /home/hectorv/.local/lib/python3.10/site-packages/airflow/example_dags/example_skip_dag.py
[2024-06-13T23:44:14.407+0200] {logging_mixin.py:188} INFO - [2024-06-13T23:44:14.407+0200] {dag.py:3096} INFO - Sync 1 DAGs
[2024-06-13T23:44:14.413+0200] {logging_mixin.py:188} INFO - [2024-06-13T23:44:14.413+0200] {dag.py:3954} INFO - Setting next_dagrun for example_skip_dag to 2024-06-12 00:00:00+00:00, run_after=2024-06-13 00:00:00+00:00
[2024-06-13T23:44:14.427+0200] {processor.py:183} INFO - Processing /home/hectorv/.local/lib/python3.10/site-packages/airflow/example_dags/example_skip_dag.py took 0.032 seconds
[2024-06-13T23:45:10.025+0200] {processor.py:161} INFO - Started process (PID=2154) to work on /home/hectorv/.local/lib/python3.10/site-packages/airflow/example_dags/example_skip_dag.py
[2024-06-13T23:45:10.027+0200] {processor.py:830} INFO - Processing file /home/hectorv/.local/lib/python3.10/site-packages/airflow/example_dags/example_skip_dag.py for tasks to queue
[2024-06-13T23:45:10.028+0200] {logging_mixin.py:188} INFO - [2024-06-13T23:45:10.027+0200] {dagbag.py:540} INFO - Filling up the DagBag from /home/hectorv/.local/lib/python3.10/site-packages/airflow/example_dags/example_skip_dag.py
[2024-06-13T23:45:10.030+0200] {processor.py:840} INFO - DAG(s) 'example_skip_dag' retrieved from /home/hectorv/.local/lib/python3.10/site-packages/airflow/example_dags/example_skip_dag.py
[2024-06-13T23:45:10.035+0200] {logging_mixin.py:188} INFO - [2024-06-13T23:45:10.035+0200] {dag.py:3096} INFO - Sync 1 DAGs
[2024-06-13T23:45:10.042+0200] {logging_mixin.py:188} INFO - [2024-06-13T23:45:10.041+0200] {dag.py:3954} INFO - Setting next_dagrun for example_skip_dag to 2024-06-12 00:00:00+00:00, run_after=2024-06-13 00:00:00+00:00
[2024-06-13T23:45:10.056+0200] {processor.py:183} INFO - Processing /home/hectorv/.local/lib/python3.10/site-packages/airflow/example_dags/example_skip_dag.py took 0.033 seconds
[2024-06-13T23:46:10.489+0200] {processor.py:161} INFO - Started process (PID=2216) to work on /home/hectorv/.local/lib/python3.10/site-packages/airflow/example_dags/example_skip_dag.py
[2024-06-13T23:46:10.495+0200] {processor.py:830} INFO - Processing file /home/hectorv/.local/lib/python3.10/site-packages/airflow/example_dags/example_skip_dag.py for tasks to queue
[2024-06-13T23:46:10.496+0200] {logging_mixin.py:188} INFO - [2024-06-13T23:46:10.496+0200] {dagbag.py:540} INFO - Filling up the DagBag from /home/hectorv/.local/lib/python3.10/site-packages/airflow/example_dags/example_skip_dag.py
[2024-06-13T23:46:10.498+0200] {processor.py:840} INFO - DAG(s) 'example_skip_dag' retrieved from /home/hectorv/.local/lib/python3.10/site-packages/airflow/example_dags/example_skip_dag.py
[2024-06-13T23:46:10.503+0200] {logging_mixin.py:188} INFO - [2024-06-13T23:46:10.503+0200] {dag.py:3096} INFO - Sync 1 DAGs
[2024-06-13T23:46:10.509+0200] {logging_mixin.py:188} INFO - [2024-06-13T23:46:10.509+0200] {dag.py:3954} INFO - Setting next_dagrun for example_skip_dag to 2024-06-12 00:00:00+00:00, run_after=2024-06-13 00:00:00+00:00
[2024-06-13T23:46:10.562+0200] {processor.py:183} INFO - Processing /home/hectorv/.local/lib/python3.10/site-packages/airflow/example_dags/example_skip_dag.py took 0.075 seconds
[2024-06-13T23:47:09.025+0200] {processor.py:161} INFO - Started process (PID=2277) to work on /home/hectorv/.local/lib/python3.10/site-packages/airflow/example_dags/example_skip_dag.py
[2024-06-13T23:47:09.026+0200] {processor.py:830} INFO - Processing file /home/hectorv/.local/lib/python3.10/site-packages/airflow/example_dags/example_skip_dag.py for tasks to queue
[2024-06-13T23:47:09.027+0200] {logging_mixin.py:188} INFO - [2024-06-13T23:47:09.027+0200] {dagbag.py:540} INFO - Filling up the DagBag from /home/hectorv/.local/lib/python3.10/site-packages/airflow/example_dags/example_skip_dag.py
[2024-06-13T23:47:09.029+0200] {processor.py:840} INFO - DAG(s) 'example_skip_dag' retrieved from /home/hectorv/.local/lib/python3.10/site-packages/airflow/example_dags/example_skip_dag.py
[2024-06-13T23:47:09.035+0200] {logging_mixin.py:188} INFO - [2024-06-13T23:47:09.035+0200] {dag.py:3096} INFO - Sync 1 DAGs
[2024-06-13T23:47:09.041+0200] {logging_mixin.py:188} INFO - [2024-06-13T23:47:09.041+0200] {dag.py:3954} INFO - Setting next_dagrun for example_skip_dag to 2024-06-12 00:00:00+00:00, run_after=2024-06-13 00:00:00+00:00
[2024-06-13T23:47:09.055+0200] {processor.py:183} INFO - Processing /home/hectorv/.local/lib/python3.10/site-packages/airflow/example_dags/example_skip_dag.py took 0.032 seconds
[2024-06-13T23:48:07.446+0200] {processor.py:161} INFO - Started process (PID=2338) to work on /home/hectorv/.local/lib/python3.10/site-packages/airflow/example_dags/example_skip_dag.py
[2024-06-13T23:48:07.447+0200] {processor.py:830} INFO - Processing file /home/hectorv/.local/lib/python3.10/site-packages/airflow/example_dags/example_skip_dag.py for tasks to queue
[2024-06-13T23:48:07.447+0200] {logging_mixin.py:188} INFO - [2024-06-13T23:48:07.447+0200] {dagbag.py:540} INFO - Filling up the DagBag from /home/hectorv/.local/lib/python3.10/site-packages/airflow/example_dags/example_skip_dag.py
[2024-06-13T23:48:07.450+0200] {processor.py:840} INFO - DAG(s) 'example_skip_dag' retrieved from /home/hectorv/.local/lib/python3.10/site-packages/airflow/example_dags/example_skip_dag.py
[2024-06-13T23:48:07.455+0200] {logging_mixin.py:188} INFO - [2024-06-13T23:48:07.455+0200] {dag.py:3096} INFO - Sync 1 DAGs
[2024-06-13T23:48:07.461+0200] {logging_mixin.py:188} INFO - [2024-06-13T23:48:07.461+0200] {dag.py:3954} INFO - Setting next_dagrun for example_skip_dag to 2024-06-12 00:00:00+00:00, run_after=2024-06-13 00:00:00+00:00
[2024-06-13T23:48:07.477+0200] {processor.py:183} INFO - Processing /home/hectorv/.local/lib/python3.10/site-packages/airflow/example_dags/example_skip_dag.py took 0.033 seconds
[2024-06-13T23:49:03.275+0200] {processor.py:161} INFO - Started process (PID=2398) to work on /home/hectorv/.local/lib/python3.10/site-packages/airflow/example_dags/example_skip_dag.py
[2024-06-13T23:49:03.276+0200] {processor.py:830} INFO - Processing file /home/hectorv/.local/lib/python3.10/site-packages/airflow/example_dags/example_skip_dag.py for tasks to queue
[2024-06-13T23:49:03.277+0200] {logging_mixin.py:188} INFO - [2024-06-13T23:49:03.277+0200] {dagbag.py:540} INFO - Filling up the DagBag from /home/hectorv/.local/lib/python3.10/site-packages/airflow/example_dags/example_skip_dag.py
[2024-06-13T23:49:03.279+0200] {processor.py:840} INFO - DAG(s) 'example_skip_dag' retrieved from /home/hectorv/.local/lib/python3.10/site-packages/airflow/example_dags/example_skip_dag.py
[2024-06-13T23:49:03.285+0200] {logging_mixin.py:188} INFO - [2024-06-13T23:49:03.285+0200] {dag.py:3096} INFO - Sync 1 DAGs
[2024-06-13T23:49:03.291+0200] {logging_mixin.py:188} INFO - [2024-06-13T23:49:03.291+0200] {dag.py:3954} INFO - Setting next_dagrun for example_skip_dag to 2024-06-12 00:00:00+00:00, run_after=2024-06-13 00:00:00+00:00
[2024-06-13T23:49:03.305+0200] {processor.py:183} INFO - Processing /home/hectorv/.local/lib/python3.10/site-packages/airflow/example_dags/example_skip_dag.py took 0.032 seconds
[2024-06-13T23:55:48.495+0200] {processor.py:161} INFO - Started process (PID=2485) to work on /home/hectorv/.local/lib/python3.10/site-packages/airflow/example_dags/example_skip_dag.py
[2024-06-13T23:55:48.497+0200] {processor.py:830} INFO - Processing file /home/hectorv/.local/lib/python3.10/site-packages/airflow/example_dags/example_skip_dag.py for tasks to queue
[2024-06-13T23:55:48.497+0200] {logging_mixin.py:188} INFO - [2024-06-13T23:55:48.497+0200] {dagbag.py:540} INFO - Filling up the DagBag from /home/hectorv/.local/lib/python3.10/site-packages/airflow/example_dags/example_skip_dag.py
[2024-06-13T23:55:48.499+0200] {processor.py:840} INFO - DAG(s) 'example_skip_dag' retrieved from /home/hectorv/.local/lib/python3.10/site-packages/airflow/example_dags/example_skip_dag.py
[2024-06-13T23:55:48.505+0200] {logging_mixin.py:188} INFO - [2024-06-13T23:55:48.505+0200] {dag.py:3096} INFO - Sync 1 DAGs
[2024-06-13T23:55:48.511+0200] {logging_mixin.py:188} INFO - [2024-06-13T23:55:48.511+0200] {dag.py:3954} INFO - Setting next_dagrun for example_skip_dag to 2024-06-12 00:00:00+00:00, run_after=2024-06-13 00:00:00+00:00
[2024-06-13T23:55:48.527+0200] {processor.py:183} INFO - Processing /home/hectorv/.local/lib/python3.10/site-packages/airflow/example_dags/example_skip_dag.py took 0.034 seconds
[2024-06-13T23:56:46.128+0200] {processor.py:161} INFO - Started process (PID=2546) to work on /home/hectorv/.local/lib/python3.10/site-packages/airflow/example_dags/example_skip_dag.py
[2024-06-13T23:56:46.129+0200] {processor.py:830} INFO - Processing file /home/hectorv/.local/lib/python3.10/site-packages/airflow/example_dags/example_skip_dag.py for tasks to queue
[2024-06-13T23:56:46.129+0200] {logging_mixin.py:188} INFO - [2024-06-13T23:56:46.129+0200] {dagbag.py:540} INFO - Filling up the DagBag from /home/hectorv/.local/lib/python3.10/site-packages/airflow/example_dags/example_skip_dag.py
[2024-06-13T23:56:46.132+0200] {processor.py:840} INFO - DAG(s) 'example_skip_dag' retrieved from /home/hectorv/.local/lib/python3.10/site-packages/airflow/example_dags/example_skip_dag.py
[2024-06-13T23:56:46.137+0200] {logging_mixin.py:188} INFO - [2024-06-13T23:56:46.137+0200] {dag.py:3096} INFO - Sync 1 DAGs
[2024-06-13T23:56:46.143+0200] {logging_mixin.py:188} INFO - [2024-06-13T23:56:46.143+0200] {dag.py:3954} INFO - Setting next_dagrun for example_skip_dag to 2024-06-12 00:00:00+00:00, run_after=2024-06-13 00:00:00+00:00
[2024-06-13T23:56:46.158+0200] {processor.py:183} INFO - Processing /home/hectorv/.local/lib/python3.10/site-packages/airflow/example_dags/example_skip_dag.py took 0.032 seconds
[2024-06-13T23:57:44.568+0200] {processor.py:161} INFO - Started process (PID=2606) to work on /home/hectorv/.local/lib/python3.10/site-packages/airflow/example_dags/example_skip_dag.py
[2024-06-13T23:57:44.570+0200] {processor.py:830} INFO - Processing file /home/hectorv/.local/lib/python3.10/site-packages/airflow/example_dags/example_skip_dag.py for tasks to queue
[2024-06-13T23:57:44.570+0200] {logging_mixin.py:188} INFO - [2024-06-13T23:57:44.570+0200] {dagbag.py:540} INFO - Filling up the DagBag from /home/hectorv/.local/lib/python3.10/site-packages/airflow/example_dags/example_skip_dag.py
[2024-06-13T23:57:44.573+0200] {processor.py:840} INFO - DAG(s) 'example_skip_dag' retrieved from /home/hectorv/.local/lib/python3.10/site-packages/airflow/example_dags/example_skip_dag.py
[2024-06-13T23:57:44.578+0200] {logging_mixin.py:188} INFO - [2024-06-13T23:57:44.578+0200] {dag.py:3096} INFO - Sync 1 DAGs
[2024-06-13T23:57:44.585+0200] {logging_mixin.py:188} INFO - [2024-06-13T23:57:44.585+0200] {dag.py:3954} INFO - Setting next_dagrun for example_skip_dag to 2024-06-12 00:00:00+00:00, run_after=2024-06-13 00:00:00+00:00
[2024-06-13T23:57:44.600+0200] {processor.py:183} INFO - Processing /home/hectorv/.local/lib/python3.10/site-packages/airflow/example_dags/example_skip_dag.py took 0.034 seconds
[2024-06-13T23:58:43.994+0200] {processor.py:161} INFO - Started process (PID=2667) to work on /home/hectorv/.local/lib/python3.10/site-packages/airflow/example_dags/example_skip_dag.py
[2024-06-13T23:58:43.997+0200] {processor.py:830} INFO - Processing file /home/hectorv/.local/lib/python3.10/site-packages/airflow/example_dags/example_skip_dag.py for tasks to queue
[2024-06-13T23:58:43.997+0200] {logging_mixin.py:188} INFO - [2024-06-13T23:58:43.997+0200] {dagbag.py:540} INFO - Filling up the DagBag from /home/hectorv/.local/lib/python3.10/site-packages/airflow/example_dags/example_skip_dag.py
[2024-06-13T23:58:44.000+0200] {processor.py:840} INFO - DAG(s) 'example_skip_dag' retrieved from /home/hectorv/.local/lib/python3.10/site-packages/airflow/example_dags/example_skip_dag.py
[2024-06-13T23:58:44.006+0200] {logging_mixin.py:188} INFO - [2024-06-13T23:58:44.006+0200] {dag.py:3096} INFO - Sync 1 DAGs
[2024-06-13T23:58:44.013+0200] {logging_mixin.py:188} INFO - [2024-06-13T23:58:44.013+0200] {dag.py:3954} INFO - Setting next_dagrun for example_skip_dag to 2024-06-12 00:00:00+00:00, run_after=2024-06-13 00:00:00+00:00
[2024-06-13T23:58:44.056+0200] {processor.py:183} INFO - Processing /home/hectorv/.local/lib/python3.10/site-packages/airflow/example_dags/example_skip_dag.py took 0.064 seconds
[2024-06-13T23:59:39.144+0200] {processor.py:161} INFO - Started process (PID=2725) to work on /home/hectorv/.local/lib/python3.10/site-packages/airflow/example_dags/example_skip_dag.py
[2024-06-13T23:59:39.145+0200] {processor.py:830} INFO - Processing file /home/hectorv/.local/lib/python3.10/site-packages/airflow/example_dags/example_skip_dag.py for tasks to queue
[2024-06-13T23:59:39.146+0200] {logging_mixin.py:188} INFO - [2024-06-13T23:59:39.146+0200] {dagbag.py:540} INFO - Filling up the DagBag from /home/hectorv/.local/lib/python3.10/site-packages/airflow/example_dags/example_skip_dag.py
[2024-06-13T23:59:39.149+0200] {processor.py:840} INFO - DAG(s) 'example_skip_dag' retrieved from /home/hectorv/.local/lib/python3.10/site-packages/airflow/example_dags/example_skip_dag.py
[2024-06-13T23:59:39.154+0200] {logging_mixin.py:188} INFO - [2024-06-13T23:59:39.154+0200] {dag.py:3096} INFO - Sync 1 DAGs
[2024-06-13T23:59:39.180+0200] {logging_mixin.py:188} INFO - [2024-06-13T23:59:39.179+0200] {dag.py:3954} INFO - Setting next_dagrun for example_skip_dag to 2024-06-12 00:00:00+00:00, run_after=2024-06-13 00:00:00+00:00
[2024-06-13T23:59:39.194+0200] {processor.py:183} INFO - Processing /home/hectorv/.local/lib/python3.10/site-packages/airflow/example_dags/example_skip_dag.py took 0.053 seconds
[2024-06-14T00:00:32.226+0200] {processor.py:161} INFO - Started process (PID=2840) to work on /home/hectorv/.local/lib/python3.10/site-packages/airflow/example_dags/example_skip_dag.py
[2024-06-14T00:00:32.228+0200] {processor.py:830} INFO - Processing file /home/hectorv/.local/lib/python3.10/site-packages/airflow/example_dags/example_skip_dag.py for tasks to queue
[2024-06-14T00:00:32.229+0200] {logging_mixin.py:188} INFO - [2024-06-14T00:00:32.229+0200] {dagbag.py:540} INFO - Filling up the DagBag from /home/hectorv/.local/lib/python3.10/site-packages/airflow/example_dags/example_skip_dag.py
[2024-06-14T00:00:32.231+0200] {processor.py:840} INFO - DAG(s) 'example_skip_dag' retrieved from /home/hectorv/.local/lib/python3.10/site-packages/airflow/example_dags/example_skip_dag.py
[2024-06-14T00:00:32.237+0200] {logging_mixin.py:188} INFO - [2024-06-14T00:00:32.236+0200] {dag.py:3096} INFO - Sync 1 DAGs
[2024-06-14T00:00:32.243+0200] {logging_mixin.py:188} INFO - [2024-06-14T00:00:32.243+0200] {dag.py:3954} INFO - Setting next_dagrun for example_skip_dag to 2024-06-12 00:00:00+00:00, run_after=2024-06-13 00:00:00+00:00
[2024-06-14T00:00:32.258+0200] {processor.py:183} INFO - Processing /home/hectorv/.local/lib/python3.10/site-packages/airflow/example_dags/example_skip_dag.py took 0.033 seconds
[2024-06-14T00:01:27.937+0200] {processor.py:161} INFO - Started process (PID=2898) to work on /home/hectorv/.local/lib/python3.10/site-packages/airflow/example_dags/example_skip_dag.py
[2024-06-14T00:01:27.939+0200] {processor.py:830} INFO - Processing file /home/hectorv/.local/lib/python3.10/site-packages/airflow/example_dags/example_skip_dag.py for tasks to queue
[2024-06-14T00:01:27.940+0200] {logging_mixin.py:188} INFO - [2024-06-14T00:01:27.940+0200] {dagbag.py:540} INFO - Filling up the DagBag from /home/hectorv/.local/lib/python3.10/site-packages/airflow/example_dags/example_skip_dag.py
[2024-06-14T00:01:27.942+0200] {processor.py:840} INFO - DAG(s) 'example_skip_dag' retrieved from /home/hectorv/.local/lib/python3.10/site-packages/airflow/example_dags/example_skip_dag.py
[2024-06-14T00:01:27.948+0200] {logging_mixin.py:188} INFO - [2024-06-14T00:01:27.947+0200] {dag.py:3096} INFO - Sync 1 DAGs
[2024-06-14T00:01:27.954+0200] {logging_mixin.py:188} INFO - [2024-06-14T00:01:27.954+0200] {dag.py:3954} INFO - Setting next_dagrun for example_skip_dag to 2024-06-12 00:00:00+00:00, run_after=2024-06-13 00:00:00+00:00
[2024-06-14T00:01:27.969+0200] {processor.py:183} INFO - Processing /home/hectorv/.local/lib/python3.10/site-packages/airflow/example_dags/example_skip_dag.py took 0.034 seconds
[2024-06-14T00:02:25.001+0200] {processor.py:161} INFO - Started process (PID=2959) to work on /home/hectorv/.local/lib/python3.10/site-packages/airflow/example_dags/example_skip_dag.py
[2024-06-14T00:02:25.003+0200] {processor.py:830} INFO - Processing file /home/hectorv/.local/lib/python3.10/site-packages/airflow/example_dags/example_skip_dag.py for tasks to queue
[2024-06-14T00:02:25.004+0200] {logging_mixin.py:188} INFO - [2024-06-14T00:02:25.004+0200] {dagbag.py:540} INFO - Filling up the DagBag from /home/hectorv/.local/lib/python3.10/site-packages/airflow/example_dags/example_skip_dag.py
[2024-06-14T00:02:25.007+0200] {processor.py:840} INFO - DAG(s) 'example_skip_dag' retrieved from /home/hectorv/.local/lib/python3.10/site-packages/airflow/example_dags/example_skip_dag.py
[2024-06-14T00:02:25.013+0200] {logging_mixin.py:188} INFO - [2024-06-14T00:02:25.013+0200] {dag.py:3096} INFO - Sync 1 DAGs
[2024-06-14T00:02:25.020+0200] {logging_mixin.py:188} INFO - [2024-06-14T00:02:25.020+0200] {dag.py:3954} INFO - Setting next_dagrun for example_skip_dag to 2024-06-12 00:00:00+00:00, run_after=2024-06-13 00:00:00+00:00
[2024-06-14T00:02:25.035+0200] {processor.py:183} INFO - Processing /home/hectorv/.local/lib/python3.10/site-packages/airflow/example_dags/example_skip_dag.py took 0.036 seconds
[2024-06-14T00:03:20.415+0200] {processor.py:161} INFO - Started process (PID=3018) to work on /home/hectorv/.local/lib/python3.10/site-packages/airflow/example_dags/example_skip_dag.py
[2024-06-14T00:03:20.417+0200] {processor.py:830} INFO - Processing file /home/hectorv/.local/lib/python3.10/site-packages/airflow/example_dags/example_skip_dag.py for tasks to queue
[2024-06-14T00:03:20.417+0200] {logging_mixin.py:188} INFO - [2024-06-14T00:03:20.417+0200] {dagbag.py:540} INFO - Filling up the DagBag from /home/hectorv/.local/lib/python3.10/site-packages/airflow/example_dags/example_skip_dag.py
[2024-06-14T00:03:20.419+0200] {processor.py:840} INFO - DAG(s) 'example_skip_dag' retrieved from /home/hectorv/.local/lib/python3.10/site-packages/airflow/example_dags/example_skip_dag.py
[2024-06-14T00:03:20.425+0200] {logging_mixin.py:188} INFO - [2024-06-14T00:03:20.425+0200] {dag.py:3096} INFO - Sync 1 DAGs
[2024-06-14T00:03:20.431+0200] {logging_mixin.py:188} INFO - [2024-06-14T00:03:20.431+0200] {dag.py:3954} INFO - Setting next_dagrun for example_skip_dag to 2024-06-12 00:00:00+00:00, run_after=2024-06-13 00:00:00+00:00
[2024-06-14T00:03:20.446+0200] {processor.py:183} INFO - Processing /home/hectorv/.local/lib/python3.10/site-packages/airflow/example_dags/example_skip_dag.py took 0.034 seconds
[2024-06-14T00:04:13.933+0200] {processor.py:161} INFO - Started process (PID=3075) to work on /home/hectorv/.local/lib/python3.10/site-packages/airflow/example_dags/example_skip_dag.py
[2024-06-14T00:04:13.936+0200] {processor.py:830} INFO - Processing file /home/hectorv/.local/lib/python3.10/site-packages/airflow/example_dags/example_skip_dag.py for tasks to queue
[2024-06-14T00:04:13.936+0200] {logging_mixin.py:188} INFO - [2024-06-14T00:04:13.936+0200] {dagbag.py:540} INFO - Filling up the DagBag from /home/hectorv/.local/lib/python3.10/site-packages/airflow/example_dags/example_skip_dag.py
[2024-06-14T00:04:13.938+0200] {processor.py:840} INFO - DAG(s) 'example_skip_dag' retrieved from /home/hectorv/.local/lib/python3.10/site-packages/airflow/example_dags/example_skip_dag.py
[2024-06-14T00:04:13.944+0200] {logging_mixin.py:188} INFO - [2024-06-14T00:04:13.944+0200] {dag.py:3096} INFO - Sync 1 DAGs
[2024-06-14T00:04:13.951+0200] {logging_mixin.py:188} INFO - [2024-06-14T00:04:13.951+0200] {dag.py:3954} INFO - Setting next_dagrun for example_skip_dag to 2024-06-12 00:00:00+00:00, run_after=2024-06-13 00:00:00+00:00
[2024-06-14T00:04:14.001+0200] {processor.py:183} INFO - Processing /home/hectorv/.local/lib/python3.10/site-packages/airflow/example_dags/example_skip_dag.py took 0.069 seconds
[2024-06-14T00:05:11.872+0200] {processor.py:161} INFO - Started process (PID=3136) to work on /home/hectorv/.local/lib/python3.10/site-packages/airflow/example_dags/example_skip_dag.py
[2024-06-14T00:05:11.883+0200] {processor.py:830} INFO - Processing file /home/hectorv/.local/lib/python3.10/site-packages/airflow/example_dags/example_skip_dag.py for tasks to queue
[2024-06-14T00:05:11.884+0200] {logging_mixin.py:188} INFO - [2024-06-14T00:05:11.884+0200] {dagbag.py:540} INFO - Filling up the DagBag from /home/hectorv/.local/lib/python3.10/site-packages/airflow/example_dags/example_skip_dag.py
[2024-06-14T00:05:11.886+0200] {processor.py:840} INFO - DAG(s) 'example_skip_dag' retrieved from /home/hectorv/.local/lib/python3.10/site-packages/airflow/example_dags/example_skip_dag.py
[2024-06-14T00:05:11.892+0200] {logging_mixin.py:188} INFO - [2024-06-14T00:05:11.892+0200] {dag.py:3096} INFO - Sync 1 DAGs
[2024-06-14T00:05:11.898+0200] {logging_mixin.py:188} INFO - [2024-06-14T00:05:11.898+0200] {dag.py:3954} INFO - Setting next_dagrun for example_skip_dag to 2024-06-12 00:00:00+00:00, run_after=2024-06-13 00:00:00+00:00
[2024-06-14T00:05:11.941+0200] {processor.py:183} INFO - Processing /home/hectorv/.local/lib/python3.10/site-packages/airflow/example_dags/example_skip_dag.py took 0.071 seconds
[2024-06-14T00:06:05.344+0200] {processor.py:161} INFO - Started process (PID=3193) to work on /home/hectorv/.local/lib/python3.10/site-packages/airflow/example_dags/example_skip_dag.py
[2024-06-14T00:06:05.345+0200] {processor.py:830} INFO - Processing file /home/hectorv/.local/lib/python3.10/site-packages/airflow/example_dags/example_skip_dag.py for tasks to queue
[2024-06-14T00:06:05.346+0200] {logging_mixin.py:188} INFO - [2024-06-14T00:06:05.345+0200] {dagbag.py:540} INFO - Filling up the DagBag from /home/hectorv/.local/lib/python3.10/site-packages/airflow/example_dags/example_skip_dag.py
[2024-06-14T00:06:05.348+0200] {processor.py:840} INFO - DAG(s) 'example_skip_dag' retrieved from /home/hectorv/.local/lib/python3.10/site-packages/airflow/example_dags/example_skip_dag.py
[2024-06-14T00:06:05.354+0200] {logging_mixin.py:188} INFO - [2024-06-14T00:06:05.353+0200] {dag.py:3096} INFO - Sync 1 DAGs
[2024-06-14T00:06:05.360+0200] {logging_mixin.py:188} INFO - [2024-06-14T00:06:05.360+0200] {dag.py:3954} INFO - Setting next_dagrun for example_skip_dag to 2024-06-12 00:00:00+00:00, run_after=2024-06-13 00:00:00+00:00
[2024-06-14T00:06:05.375+0200] {processor.py:183} INFO - Processing /home/hectorv/.local/lib/python3.10/site-packages/airflow/example_dags/example_skip_dag.py took 0.034 seconds
[2024-06-14T00:06:56.458+0200] {processor.py:161} INFO - Started process (PID=3249) to work on /home/hectorv/.local/lib/python3.10/site-packages/airflow/example_dags/example_skip_dag.py
[2024-06-14T00:06:56.459+0200] {processor.py:830} INFO - Processing file /home/hectorv/.local/lib/python3.10/site-packages/airflow/example_dags/example_skip_dag.py for tasks to queue
[2024-06-14T00:06:56.460+0200] {logging_mixin.py:188} INFO - [2024-06-14T00:06:56.460+0200] {dagbag.py:540} INFO - Filling up the DagBag from /home/hectorv/.local/lib/python3.10/site-packages/airflow/example_dags/example_skip_dag.py
[2024-06-14T00:06:56.462+0200] {processor.py:840} INFO - DAG(s) 'example_skip_dag' retrieved from /home/hectorv/.local/lib/python3.10/site-packages/airflow/example_dags/example_skip_dag.py
[2024-06-14T00:06:56.468+0200] {logging_mixin.py:188} INFO - [2024-06-14T00:06:56.468+0200] {dag.py:3096} INFO - Sync 1 DAGs
[2024-06-14T00:06:56.474+0200] {logging_mixin.py:188} INFO - [2024-06-14T00:06:56.474+0200] {dag.py:3954} INFO - Setting next_dagrun for example_skip_dag to 2024-06-12 00:00:00+00:00, run_after=2024-06-13 00:00:00+00:00
[2024-06-14T00:06:56.489+0200] {processor.py:183} INFO - Processing /home/hectorv/.local/lib/python3.10/site-packages/airflow/example_dags/example_skip_dag.py took 0.033 seconds
[2024-06-14T00:07:54.910+0200] {processor.py:161} INFO - Started process (PID=3311) to work on /home/hectorv/.local/lib/python3.10/site-packages/airflow/example_dags/example_skip_dag.py
[2024-06-14T00:07:54.911+0200] {processor.py:830} INFO - Processing file /home/hectorv/.local/lib/python3.10/site-packages/airflow/example_dags/example_skip_dag.py for tasks to queue
[2024-06-14T00:07:54.912+0200] {logging_mixin.py:188} INFO - [2024-06-14T00:07:54.911+0200] {dagbag.py:540} INFO - Filling up the DagBag from /home/hectorv/.local/lib/python3.10/site-packages/airflow/example_dags/example_skip_dag.py
[2024-06-14T00:07:54.914+0200] {processor.py:840} INFO - DAG(s) 'example_skip_dag' retrieved from /home/hectorv/.local/lib/python3.10/site-packages/airflow/example_dags/example_skip_dag.py
[2024-06-14T00:07:54.920+0200] {logging_mixin.py:188} INFO - [2024-06-14T00:07:54.920+0200] {dag.py:3096} INFO - Sync 1 DAGs
[2024-06-14T00:07:54.927+0200] {logging_mixin.py:188} INFO - [2024-06-14T00:07:54.927+0200] {dag.py:3954} INFO - Setting next_dagrun for example_skip_dag to 2024-06-12 00:00:00+00:00, run_after=2024-06-13 00:00:00+00:00
[2024-06-14T00:07:54.942+0200] {processor.py:183} INFO - Processing /home/hectorv/.local/lib/python3.10/site-packages/airflow/example_dags/example_skip_dag.py took 0.034 seconds
[2024-06-14T00:08:54.157+0200] {processor.py:161} INFO - Started process (PID=3372) to work on /home/hectorv/.local/lib/python3.10/site-packages/airflow/example_dags/example_skip_dag.py
[2024-06-14T00:08:54.158+0200] {processor.py:830} INFO - Processing file /home/hectorv/.local/lib/python3.10/site-packages/airflow/example_dags/example_skip_dag.py for tasks to queue
[2024-06-14T00:08:54.159+0200] {logging_mixin.py:188} INFO - [2024-06-14T00:08:54.158+0200] {dagbag.py:540} INFO - Filling up the DagBag from /home/hectorv/.local/lib/python3.10/site-packages/airflow/example_dags/example_skip_dag.py
[2024-06-14T00:08:54.161+0200] {processor.py:840} INFO - DAG(s) 'example_skip_dag' retrieved from /home/hectorv/.local/lib/python3.10/site-packages/airflow/example_dags/example_skip_dag.py
[2024-06-14T00:08:54.166+0200] {logging_mixin.py:188} INFO - [2024-06-14T00:08:54.166+0200] {dag.py:3096} INFO - Sync 1 DAGs
[2024-06-14T00:08:54.173+0200] {logging_mixin.py:188} INFO - [2024-06-14T00:08:54.173+0200] {dag.py:3954} INFO - Setting next_dagrun for example_skip_dag to 2024-06-12 00:00:00+00:00, run_after=2024-06-13 00:00:00+00:00
[2024-06-14T00:08:54.188+0200] {processor.py:183} INFO - Processing /home/hectorv/.local/lib/python3.10/site-packages/airflow/example_dags/example_skip_dag.py took 0.033 seconds
[2024-06-14T00:09:53.440+0200] {processor.py:161} INFO - Started process (PID=3432) to work on /home/hectorv/.local/lib/python3.10/site-packages/airflow/example_dags/example_skip_dag.py
[2024-06-14T00:09:53.440+0200] {processor.py:830} INFO - Processing file /home/hectorv/.local/lib/python3.10/site-packages/airflow/example_dags/example_skip_dag.py for tasks to queue
[2024-06-14T00:09:53.441+0200] {logging_mixin.py:188} INFO - [2024-06-14T00:09:53.441+0200] {dagbag.py:540} INFO - Filling up the DagBag from /home/hectorv/.local/lib/python3.10/site-packages/airflow/example_dags/example_skip_dag.py
[2024-06-14T00:09:53.443+0200] {processor.py:840} INFO - DAG(s) 'example_skip_dag' retrieved from /home/hectorv/.local/lib/python3.10/site-packages/airflow/example_dags/example_skip_dag.py
[2024-06-14T00:09:53.449+0200] {logging_mixin.py:188} INFO - [2024-06-14T00:09:53.449+0200] {dag.py:3096} INFO - Sync 1 DAGs
[2024-06-14T00:09:53.455+0200] {logging_mixin.py:188} INFO - [2024-06-14T00:09:53.455+0200] {dag.py:3954} INFO - Setting next_dagrun for example_skip_dag to 2024-06-12 00:00:00+00:00, run_after=2024-06-13 00:00:00+00:00
[2024-06-14T00:09:53.470+0200] {processor.py:183} INFO - Processing /home/hectorv/.local/lib/python3.10/site-packages/airflow/example_dags/example_skip_dag.py took 0.032 seconds
[2024-06-14T00:10:54.385+0200] {processor.py:161} INFO - Started process (PID=3495) to work on /home/hectorv/.local/lib/python3.10/site-packages/airflow/example_dags/example_skip_dag.py
[2024-06-14T00:10:54.387+0200] {processor.py:830} INFO - Processing file /home/hectorv/.local/lib/python3.10/site-packages/airflow/example_dags/example_skip_dag.py for tasks to queue
[2024-06-14T00:10:54.388+0200] {logging_mixin.py:188} INFO - [2024-06-14T00:10:54.387+0200] {dagbag.py:540} INFO - Filling up the DagBag from /home/hectorv/.local/lib/python3.10/site-packages/airflow/example_dags/example_skip_dag.py
[2024-06-14T00:10:54.390+0200] {processor.py:840} INFO - DAG(s) 'example_skip_dag' retrieved from /home/hectorv/.local/lib/python3.10/site-packages/airflow/example_dags/example_skip_dag.py
[2024-06-14T00:10:54.395+0200] {logging_mixin.py:188} INFO - [2024-06-14T00:10:54.395+0200] {dag.py:3096} INFO - Sync 1 DAGs
[2024-06-14T00:10:54.402+0200] {logging_mixin.py:188} INFO - [2024-06-14T00:10:54.402+0200] {dag.py:3954} INFO - Setting next_dagrun for example_skip_dag to 2024-06-12 00:00:00+00:00, run_after=2024-06-13 00:00:00+00:00
[2024-06-14T00:10:54.417+0200] {processor.py:183} INFO - Processing /home/hectorv/.local/lib/python3.10/site-packages/airflow/example_dags/example_skip_dag.py took 0.034 seconds
[2024-06-14T00:11:51.888+0200] {processor.py:161} INFO - Started process (PID=3555) to work on /home/hectorv/.local/lib/python3.10/site-packages/airflow/example_dags/example_skip_dag.py
[2024-06-14T00:11:51.890+0200] {processor.py:830} INFO - Processing file /home/hectorv/.local/lib/python3.10/site-packages/airflow/example_dags/example_skip_dag.py for tasks to queue
[2024-06-14T00:11:51.891+0200] {logging_mixin.py:188} INFO - [2024-06-14T00:11:51.891+0200] {dagbag.py:540} INFO - Filling up the DagBag from /home/hectorv/.local/lib/python3.10/site-packages/airflow/example_dags/example_skip_dag.py
[2024-06-14T00:11:51.893+0200] {processor.py:840} INFO - DAG(s) 'example_skip_dag' retrieved from /home/hectorv/.local/lib/python3.10/site-packages/airflow/example_dags/example_skip_dag.py
[2024-06-14T00:11:51.899+0200] {logging_mixin.py:188} INFO - [2024-06-14T00:11:51.899+0200] {dag.py:3096} INFO - Sync 1 DAGs
[2024-06-14T00:11:51.905+0200] {logging_mixin.py:188} INFO - [2024-06-14T00:11:51.905+0200] {dag.py:3954} INFO - Setting next_dagrun for example_skip_dag to 2024-06-12 00:00:00+00:00, run_after=2024-06-13 00:00:00+00:00
[2024-06-14T00:11:51.920+0200] {processor.py:183} INFO - Processing /home/hectorv/.local/lib/python3.10/site-packages/airflow/example_dags/example_skip_dag.py took 0.034 seconds
[2024-06-14T00:12:45.344+0200] {processor.py:161} INFO - Started process (PID=3612) to work on /home/hectorv/.local/lib/python3.10/site-packages/airflow/example_dags/example_skip_dag.py
[2024-06-14T00:12:45.346+0200] {processor.py:830} INFO - Processing file /home/hectorv/.local/lib/python3.10/site-packages/airflow/example_dags/example_skip_dag.py for tasks to queue
[2024-06-14T00:12:45.346+0200] {logging_mixin.py:188} INFO - [2024-06-14T00:12:45.346+0200] {dagbag.py:540} INFO - Filling up the DagBag from /home/hectorv/.local/lib/python3.10/site-packages/airflow/example_dags/example_skip_dag.py
[2024-06-14T00:12:45.349+0200] {processor.py:840} INFO - DAG(s) 'example_skip_dag' retrieved from /home/hectorv/.local/lib/python3.10/site-packages/airflow/example_dags/example_skip_dag.py
[2024-06-14T00:12:45.354+0200] {logging_mixin.py:188} INFO - [2024-06-14T00:12:45.354+0200] {dag.py:3096} INFO - Sync 1 DAGs
[2024-06-14T00:12:45.360+0200] {logging_mixin.py:188} INFO - [2024-06-14T00:12:45.360+0200] {dag.py:3954} INFO - Setting next_dagrun for example_skip_dag to 2024-06-12 00:00:00+00:00, run_after=2024-06-13 00:00:00+00:00
[2024-06-14T00:12:45.376+0200] {processor.py:183} INFO - Processing /home/hectorv/.local/lib/python3.10/site-packages/airflow/example_dags/example_skip_dag.py took 0.034 seconds
[2024-06-14T00:13:43.544+0200] {processor.py:161} INFO - Started process (PID=3673) to work on /home/hectorv/.local/lib/python3.10/site-packages/airflow/example_dags/example_skip_dag.py
[2024-06-14T00:13:43.545+0200] {processor.py:830} INFO - Processing file /home/hectorv/.local/lib/python3.10/site-packages/airflow/example_dags/example_skip_dag.py for tasks to queue
[2024-06-14T00:13:43.546+0200] {logging_mixin.py:188} INFO - [2024-06-14T00:13:43.546+0200] {dagbag.py:540} INFO - Filling up the DagBag from /home/hectorv/.local/lib/python3.10/site-packages/airflow/example_dags/example_skip_dag.py
[2024-06-14T00:13:43.548+0200] {processor.py:840} INFO - DAG(s) 'example_skip_dag' retrieved from /home/hectorv/.local/lib/python3.10/site-packages/airflow/example_dags/example_skip_dag.py
[2024-06-14T00:13:43.554+0200] {logging_mixin.py:188} INFO - [2024-06-14T00:13:43.554+0200] {dag.py:3096} INFO - Sync 1 DAGs
[2024-06-14T00:13:43.560+0200] {logging_mixin.py:188} INFO - [2024-06-14T00:13:43.560+0200] {dag.py:3954} INFO - Setting next_dagrun for example_skip_dag to 2024-06-12 00:00:00+00:00, run_after=2024-06-13 00:00:00+00:00
[2024-06-14T00:13:43.575+0200] {processor.py:183} INFO - Processing /home/hectorv/.local/lib/python3.10/site-packages/airflow/example_dags/example_skip_dag.py took 0.033 seconds
[2024-06-14T00:14:46.201+0200] {processor.py:161} INFO - Started process (PID=3736) to work on /home/hectorv/.local/lib/python3.10/site-packages/airflow/example_dags/example_skip_dag.py
[2024-06-14T00:14:46.203+0200] {processor.py:830} INFO - Processing file /home/hectorv/.local/lib/python3.10/site-packages/airflow/example_dags/example_skip_dag.py for tasks to queue
[2024-06-14T00:14:46.204+0200] {logging_mixin.py:188} INFO - [2024-06-14T00:14:46.204+0200] {dagbag.py:540} INFO - Filling up the DagBag from /home/hectorv/.local/lib/python3.10/site-packages/airflow/example_dags/example_skip_dag.py
[2024-06-14T00:14:46.207+0200] {processor.py:840} INFO - DAG(s) 'example_skip_dag' retrieved from /home/hectorv/.local/lib/python3.10/site-packages/airflow/example_dags/example_skip_dag.py
[2024-06-14T00:14:46.215+0200] {logging_mixin.py:188} INFO - [2024-06-14T00:14:46.215+0200] {dag.py:3096} INFO - Sync 1 DAGs
[2024-06-14T00:14:46.224+0200] {logging_mixin.py:188} INFO - [2024-06-14T00:14:46.223+0200] {dag.py:3954} INFO - Setting next_dagrun for example_skip_dag to 2024-06-12 00:00:00+00:00, run_after=2024-06-13 00:00:00+00:00
[2024-06-14T00:14:46.241+0200] {processor.py:183} INFO - Processing /home/hectorv/.local/lib/python3.10/site-packages/airflow/example_dags/example_skip_dag.py took 0.043 seconds
[2024-06-14T00:15:40.226+0200] {processor.py:161} INFO - Started process (PID=3795) to work on /home/hectorv/.local/lib/python3.10/site-packages/airflow/example_dags/example_skip_dag.py
[2024-06-14T00:15:40.228+0200] {processor.py:830} INFO - Processing file /home/hectorv/.local/lib/python3.10/site-packages/airflow/example_dags/example_skip_dag.py for tasks to queue
[2024-06-14T00:15:40.229+0200] {logging_mixin.py:188} INFO - [2024-06-14T00:15:40.229+0200] {dagbag.py:540} INFO - Filling up the DagBag from /home/hectorv/.local/lib/python3.10/site-packages/airflow/example_dags/example_skip_dag.py
[2024-06-14T00:15:40.232+0200] {processor.py:840} INFO - DAG(s) 'example_skip_dag' retrieved from /home/hectorv/.local/lib/python3.10/site-packages/airflow/example_dags/example_skip_dag.py
[2024-06-14T00:15:40.239+0200] {logging_mixin.py:188} INFO - [2024-06-14T00:15:40.239+0200] {dag.py:3096} INFO - Sync 1 DAGs
[2024-06-14T00:15:40.247+0200] {logging_mixin.py:188} INFO - [2024-06-14T00:15:40.247+0200] {dag.py:3954} INFO - Setting next_dagrun for example_skip_dag to 2024-06-12 00:00:00+00:00, run_after=2024-06-13 00:00:00+00:00
[2024-06-14T00:15:40.263+0200] {processor.py:183} INFO - Processing /home/hectorv/.local/lib/python3.10/site-packages/airflow/example_dags/example_skip_dag.py took 0.039 seconds
[2024-06-14T00:16:38.927+0200] {processor.py:161} INFO - Started process (PID=3856) to work on /home/hectorv/.local/lib/python3.10/site-packages/airflow/example_dags/example_skip_dag.py
[2024-06-14T00:16:38.928+0200] {processor.py:830} INFO - Processing file /home/hectorv/.local/lib/python3.10/site-packages/airflow/example_dags/example_skip_dag.py for tasks to queue
[2024-06-14T00:16:38.929+0200] {logging_mixin.py:188} INFO - [2024-06-14T00:16:38.929+0200] {dagbag.py:540} INFO - Filling up the DagBag from /home/hectorv/.local/lib/python3.10/site-packages/airflow/example_dags/example_skip_dag.py
[2024-06-14T00:16:38.931+0200] {processor.py:840} INFO - DAG(s) 'example_skip_dag' retrieved from /home/hectorv/.local/lib/python3.10/site-packages/airflow/example_dags/example_skip_dag.py
[2024-06-14T00:16:38.937+0200] {logging_mixin.py:188} INFO - [2024-06-14T00:16:38.937+0200] {dag.py:3096} INFO - Sync 1 DAGs
[2024-06-14T00:16:38.944+0200] {logging_mixin.py:188} INFO - [2024-06-14T00:16:38.944+0200] {dag.py:3954} INFO - Setting next_dagrun for example_skip_dag to 2024-06-12 00:00:00+00:00, run_after=2024-06-13 00:00:00+00:00
[2024-06-14T00:16:38.959+0200] {processor.py:183} INFO - Processing /home/hectorv/.local/lib/python3.10/site-packages/airflow/example_dags/example_skip_dag.py took 0.035 seconds
[2024-06-14T00:17:32.517+0200] {processor.py:161} INFO - Started process (PID=3916) to work on /home/hectorv/.local/lib/python3.10/site-packages/airflow/example_dags/example_skip_dag.py
[2024-06-14T00:17:32.518+0200] {processor.py:830} INFO - Processing file /home/hectorv/.local/lib/python3.10/site-packages/airflow/example_dags/example_skip_dag.py for tasks to queue
[2024-06-14T00:17:32.519+0200] {logging_mixin.py:188} INFO - [2024-06-14T00:17:32.519+0200] {dagbag.py:540} INFO - Filling up the DagBag from /home/hectorv/.local/lib/python3.10/site-packages/airflow/example_dags/example_skip_dag.py
[2024-06-14T00:17:32.521+0200] {processor.py:840} INFO - DAG(s) 'example_skip_dag' retrieved from /home/hectorv/.local/lib/python3.10/site-packages/airflow/example_dags/example_skip_dag.py
[2024-06-14T00:17:32.527+0200] {logging_mixin.py:188} INFO - [2024-06-14T00:17:32.527+0200] {dag.py:3096} INFO - Sync 1 DAGs
[2024-06-14T00:17:32.533+0200] {logging_mixin.py:188} INFO - [2024-06-14T00:17:32.533+0200] {dag.py:3954} INFO - Setting next_dagrun for example_skip_dag to 2024-06-12 00:00:00+00:00, run_after=2024-06-13 00:00:00+00:00
[2024-06-14T00:17:32.549+0200] {processor.py:183} INFO - Processing /home/hectorv/.local/lib/python3.10/site-packages/airflow/example_dags/example_skip_dag.py took 0.034 seconds
[2024-06-14T00:18:26.326+0200] {processor.py:161} INFO - Started process (PID=3977) to work on /home/hectorv/.local/lib/python3.10/site-packages/airflow/example_dags/example_skip_dag.py
[2024-06-14T00:18:26.327+0200] {processor.py:830} INFO - Processing file /home/hectorv/.local/lib/python3.10/site-packages/airflow/example_dags/example_skip_dag.py for tasks to queue
[2024-06-14T00:18:26.327+0200] {logging_mixin.py:188} INFO - [2024-06-14T00:18:26.327+0200] {dagbag.py:540} INFO - Filling up the DagBag from /home/hectorv/.local/lib/python3.10/site-packages/airflow/example_dags/example_skip_dag.py
[2024-06-14T00:18:26.330+0200] {processor.py:840} INFO - DAG(s) 'example_skip_dag' retrieved from /home/hectorv/.local/lib/python3.10/site-packages/airflow/example_dags/example_skip_dag.py
[2024-06-14T00:18:26.335+0200] {logging_mixin.py:188} INFO - [2024-06-14T00:18:26.335+0200] {dag.py:3096} INFO - Sync 1 DAGs
[2024-06-14T00:18:26.341+0200] {logging_mixin.py:188} INFO - [2024-06-14T00:18:26.341+0200] {dag.py:3954} INFO - Setting next_dagrun for example_skip_dag to 2024-06-12 00:00:00+00:00, run_after=2024-06-13 00:00:00+00:00
[2024-06-14T00:18:26.356+0200] {processor.py:183} INFO - Processing /home/hectorv/.local/lib/python3.10/site-packages/airflow/example_dags/example_skip_dag.py took 0.032 seconds
[2024-06-14T00:19:29.936+0200] {processor.py:161} INFO - Started process (PID=4062) to work on /home/hectorv/.local/lib/python3.10/site-packages/airflow/example_dags/example_skip_dag.py
[2024-06-14T00:19:29.937+0200] {processor.py:830} INFO - Processing file /home/hectorv/.local/lib/python3.10/site-packages/airflow/example_dags/example_skip_dag.py for tasks to queue
[2024-06-14T00:19:29.937+0200] {logging_mixin.py:188} INFO - [2024-06-14T00:19:29.937+0200] {dagbag.py:540} INFO - Filling up the DagBag from /home/hectorv/.local/lib/python3.10/site-packages/airflow/example_dags/example_skip_dag.py
[2024-06-14T00:19:29.940+0200] {processor.py:840} INFO - DAG(s) 'example_skip_dag' retrieved from /home/hectorv/.local/lib/python3.10/site-packages/airflow/example_dags/example_skip_dag.py
[2024-06-14T00:19:29.946+0200] {logging_mixin.py:188} INFO - [2024-06-14T00:19:29.946+0200] {dag.py:3096} INFO - Sync 1 DAGs
[2024-06-14T00:19:29.963+0200] {logging_mixin.py:188} INFO - [2024-06-14T00:19:29.963+0200] {dag.py:3954} INFO - Setting next_dagrun for example_skip_dag to 2024-06-12 00:00:00+00:00, run_after=2024-06-13 00:00:00+00:00
[2024-06-14T00:19:29.979+0200] {processor.py:183} INFO - Processing /home/hectorv/.local/lib/python3.10/site-packages/airflow/example_dags/example_skip_dag.py took 0.045 seconds
[2024-06-14T00:20:51.524+0200] {processor.py:161} INFO - Started process (PID=4195) to work on /home/hectorv/.local/lib/python3.10/site-packages/airflow/example_dags/example_skip_dag.py
[2024-06-14T00:20:51.526+0200] {processor.py:830} INFO - Processing file /home/hectorv/.local/lib/python3.10/site-packages/airflow/example_dags/example_skip_dag.py for tasks to queue
[2024-06-14T00:20:51.527+0200] {logging_mixin.py:188} INFO - [2024-06-14T00:20:51.527+0200] {dagbag.py:540} INFO - Filling up the DagBag from /home/hectorv/.local/lib/python3.10/site-packages/airflow/example_dags/example_skip_dag.py
[2024-06-14T00:20:51.529+0200] {processor.py:840} INFO - DAG(s) 'example_skip_dag' retrieved from /home/hectorv/.local/lib/python3.10/site-packages/airflow/example_dags/example_skip_dag.py
[2024-06-14T00:20:51.536+0200] {logging_mixin.py:188} INFO - [2024-06-14T00:20:51.536+0200] {dag.py:3096} INFO - Sync 1 DAGs
[2024-06-14T00:20:51.543+0200] {logging_mixin.py:188} INFO - [2024-06-14T00:20:51.543+0200] {dag.py:3954} INFO - Setting next_dagrun for example_skip_dag to 2024-06-12 00:00:00+00:00, run_after=2024-06-13 00:00:00+00:00
[2024-06-14T00:20:51.559+0200] {processor.py:183} INFO - Processing /home/hectorv/.local/lib/python3.10/site-packages/airflow/example_dags/example_skip_dag.py took 0.037 seconds
[2024-06-14T00:21:39.962+0200] {processor.py:161} INFO - Started process (PID=4248) to work on /home/hectorv/.local/lib/python3.10/site-packages/airflow/example_dags/example_skip_dag.py
[2024-06-14T00:21:39.964+0200] {processor.py:830} INFO - Processing file /home/hectorv/.local/lib/python3.10/site-packages/airflow/example_dags/example_skip_dag.py for tasks to queue
[2024-06-14T00:21:39.965+0200] {logging_mixin.py:188} INFO - [2024-06-14T00:21:39.965+0200] {dagbag.py:540} INFO - Filling up the DagBag from /home/hectorv/.local/lib/python3.10/site-packages/airflow/example_dags/example_skip_dag.py
[2024-06-14T00:21:39.967+0200] {processor.py:840} INFO - DAG(s) 'example_skip_dag' retrieved from /home/hectorv/.local/lib/python3.10/site-packages/airflow/example_dags/example_skip_dag.py
[2024-06-14T00:21:39.973+0200] {logging_mixin.py:188} INFO - [2024-06-14T00:21:39.973+0200] {dag.py:3096} INFO - Sync 1 DAGs
[2024-06-14T00:21:39.980+0200] {logging_mixin.py:188} INFO - [2024-06-14T00:21:39.980+0200] {dag.py:3954} INFO - Setting next_dagrun for example_skip_dag to 2024-06-12 00:00:00+00:00, run_after=2024-06-13 00:00:00+00:00
[2024-06-14T00:21:39.994+0200] {processor.py:183} INFO - Processing /home/hectorv/.local/lib/python3.10/site-packages/airflow/example_dags/example_skip_dag.py took 0.034 seconds
[2024-06-14T00:22:42.655+0200] {processor.py:161} INFO - Started process (PID=4313) to work on /home/hectorv/.local/lib/python3.10/site-packages/airflow/example_dags/example_skip_dag.py
[2024-06-14T00:22:42.664+0200] {processor.py:830} INFO - Processing file /home/hectorv/.local/lib/python3.10/site-packages/airflow/example_dags/example_skip_dag.py for tasks to queue
[2024-06-14T00:22:42.665+0200] {logging_mixin.py:188} INFO - [2024-06-14T00:22:42.664+0200] {dagbag.py:540} INFO - Filling up the DagBag from /home/hectorv/.local/lib/python3.10/site-packages/airflow/example_dags/example_skip_dag.py
[2024-06-14T00:22:42.667+0200] {processor.py:840} INFO - DAG(s) 'example_skip_dag' retrieved from /home/hectorv/.local/lib/python3.10/site-packages/airflow/example_dags/example_skip_dag.py
[2024-06-14T00:22:42.672+0200] {logging_mixin.py:188} INFO - [2024-06-14T00:22:42.672+0200] {dag.py:3096} INFO - Sync 1 DAGs
[2024-06-14T00:22:42.679+0200] {logging_mixin.py:188} INFO - [2024-06-14T00:22:42.678+0200] {dag.py:3954} INFO - Setting next_dagrun for example_skip_dag to 2024-06-12 00:00:00+00:00, run_after=2024-06-13 00:00:00+00:00
[2024-06-14T00:22:42.731+0200] {processor.py:183} INFO - Processing /home/hectorv/.local/lib/python3.10/site-packages/airflow/example_dags/example_skip_dag.py took 0.078 seconds
[2024-06-14T00:23:40.127+0200] {processor.py:161} INFO - Started process (PID=4373) to work on /home/hectorv/.local/lib/python3.10/site-packages/airflow/example_dags/example_skip_dag.py
[2024-06-14T00:23:40.128+0200] {processor.py:830} INFO - Processing file /home/hectorv/.local/lib/python3.10/site-packages/airflow/example_dags/example_skip_dag.py for tasks to queue
[2024-06-14T00:23:40.129+0200] {logging_mixin.py:188} INFO - [2024-06-14T00:23:40.129+0200] {dagbag.py:540} INFO - Filling up the DagBag from /home/hectorv/.local/lib/python3.10/site-packages/airflow/example_dags/example_skip_dag.py
[2024-06-14T00:23:40.131+0200] {processor.py:840} INFO - DAG(s) 'example_skip_dag' retrieved from /home/hectorv/.local/lib/python3.10/site-packages/airflow/example_dags/example_skip_dag.py
[2024-06-14T00:23:40.137+0200] {logging_mixin.py:188} INFO - [2024-06-14T00:23:40.137+0200] {dag.py:3096} INFO - Sync 1 DAGs
[2024-06-14T00:23:40.144+0200] {logging_mixin.py:188} INFO - [2024-06-14T00:23:40.144+0200] {dag.py:3954} INFO - Setting next_dagrun for example_skip_dag to 2024-06-12 00:00:00+00:00, run_after=2024-06-13 00:00:00+00:00
[2024-06-14T00:23:40.158+0200] {processor.py:183} INFO - Processing /home/hectorv/.local/lib/python3.10/site-packages/airflow/example_dags/example_skip_dag.py took 0.033 seconds
[2024-06-14T00:24:41.087+0200] {processor.py:161} INFO - Started process (PID=4436) to work on /home/hectorv/.local/lib/python3.10/site-packages/airflow/example_dags/example_skip_dag.py
[2024-06-14T00:24:41.088+0200] {processor.py:830} INFO - Processing file /home/hectorv/.local/lib/python3.10/site-packages/airflow/example_dags/example_skip_dag.py for tasks to queue
[2024-06-14T00:24:41.089+0200] {logging_mixin.py:188} INFO - [2024-06-14T00:24:41.089+0200] {dagbag.py:540} INFO - Filling up the DagBag from /home/hectorv/.local/lib/python3.10/site-packages/airflow/example_dags/example_skip_dag.py
[2024-06-14T00:24:41.091+0200] {processor.py:840} INFO - DAG(s) 'example_skip_dag' retrieved from /home/hectorv/.local/lib/python3.10/site-packages/airflow/example_dags/example_skip_dag.py
[2024-06-14T00:24:41.097+0200] {logging_mixin.py:188} INFO - [2024-06-14T00:24:41.097+0200] {dag.py:3096} INFO - Sync 1 DAGs
[2024-06-14T00:24:41.103+0200] {logging_mixin.py:188} INFO - [2024-06-14T00:24:41.103+0200] {dag.py:3954} INFO - Setting next_dagrun for example_skip_dag to 2024-06-12 00:00:00+00:00, run_after=2024-06-13 00:00:00+00:00
[2024-06-14T00:24:41.117+0200] {processor.py:183} INFO - Processing /home/hectorv/.local/lib/python3.10/site-packages/airflow/example_dags/example_skip_dag.py took 0.033 seconds
[2024-06-14T00:25:36.832+0200] {processor.py:161} INFO - Started process (PID=4495) to work on /home/hectorv/.local/lib/python3.10/site-packages/airflow/example_dags/example_skip_dag.py
[2024-06-14T00:25:36.833+0200] {processor.py:830} INFO - Processing file /home/hectorv/.local/lib/python3.10/site-packages/airflow/example_dags/example_skip_dag.py for tasks to queue
[2024-06-14T00:25:36.834+0200] {logging_mixin.py:188} INFO - [2024-06-14T00:25:36.833+0200] {dagbag.py:540} INFO - Filling up the DagBag from /home/hectorv/.local/lib/python3.10/site-packages/airflow/example_dags/example_skip_dag.py
[2024-06-14T00:25:36.836+0200] {processor.py:840} INFO - DAG(s) 'example_skip_dag' retrieved from /home/hectorv/.local/lib/python3.10/site-packages/airflow/example_dags/example_skip_dag.py
[2024-06-14T00:25:36.842+0200] {logging_mixin.py:188} INFO - [2024-06-14T00:25:36.842+0200] {dag.py:3096} INFO - Sync 1 DAGs
[2024-06-14T00:25:36.849+0200] {logging_mixin.py:188} INFO - [2024-06-14T00:25:36.848+0200] {dag.py:3954} INFO - Setting next_dagrun for example_skip_dag to 2024-06-12 00:00:00+00:00, run_after=2024-06-13 00:00:00+00:00
[2024-06-14T00:25:36.863+0200] {processor.py:183} INFO - Processing /home/hectorv/.local/lib/python3.10/site-packages/airflow/example_dags/example_skip_dag.py took 0.034 seconds
[2024-06-14T00:49:04.264+0200] {processor.py:161} INFO - Started process (PID=4567) to work on /home/hectorv/.local/lib/python3.10/site-packages/airflow/example_dags/example_skip_dag.py
[2024-06-14T00:49:04.268+0200] {processor.py:830} INFO - Processing file /home/hectorv/.local/lib/python3.10/site-packages/airflow/example_dags/example_skip_dag.py for tasks to queue
[2024-06-14T00:49:04.269+0200] {logging_mixin.py:188} INFO - [2024-06-14T00:49:04.268+0200] {dagbag.py:540} INFO - Filling up the DagBag from /home/hectorv/.local/lib/python3.10/site-packages/airflow/example_dags/example_skip_dag.py
[2024-06-14T00:49:04.271+0200] {processor.py:840} INFO - DAG(s) 'example_skip_dag' retrieved from /home/hectorv/.local/lib/python3.10/site-packages/airflow/example_dags/example_skip_dag.py
[2024-06-14T00:49:04.302+0200] {logging_mixin.py:188} INFO - [2024-06-14T00:49:04.302+0200] {dag.py:3096} INFO - Sync 1 DAGs
[2024-06-14T00:49:04.355+0200] {logging_mixin.py:188} INFO - [2024-06-14T00:49:04.355+0200] {dag.py:3954} INFO - Setting next_dagrun for example_skip_dag to 2024-06-12 00:00:00+00:00, run_after=2024-06-13 00:00:00+00:00
[2024-06-14T00:49:04.414+0200] {processor.py:183} INFO - Processing /home/hectorv/.local/lib/python3.10/site-packages/airflow/example_dags/example_skip_dag.py took 0.152 seconds
[2024-06-14T00:50:10.148+0200] {processor.py:161} INFO - Started process (PID=4632) to work on /home/hectorv/.local/lib/python3.10/site-packages/airflow/example_dags/example_skip_dag.py
[2024-06-14T00:50:10.149+0200] {processor.py:830} INFO - Processing file /home/hectorv/.local/lib/python3.10/site-packages/airflow/example_dags/example_skip_dag.py for tasks to queue
[2024-06-14T00:50:10.150+0200] {logging_mixin.py:188} INFO - [2024-06-14T00:50:10.150+0200] {dagbag.py:540} INFO - Filling up the DagBag from /home/hectorv/.local/lib/python3.10/site-packages/airflow/example_dags/example_skip_dag.py
[2024-06-14T00:50:10.152+0200] {processor.py:840} INFO - DAG(s) 'example_skip_dag' retrieved from /home/hectorv/.local/lib/python3.10/site-packages/airflow/example_dags/example_skip_dag.py
[2024-06-14T00:50:10.158+0200] {logging_mixin.py:188} INFO - [2024-06-14T00:50:10.158+0200] {dag.py:3096} INFO - Sync 1 DAGs
[2024-06-14T00:50:10.211+0200] {logging_mixin.py:188} INFO - [2024-06-14T00:50:10.211+0200] {dag.py:3954} INFO - Setting next_dagrun for example_skip_dag to 2024-06-12 00:00:00+00:00, run_after=2024-06-13 00:00:00+00:00
[2024-06-14T00:50:10.228+0200] {processor.py:183} INFO - Processing /home/hectorv/.local/lib/python3.10/site-packages/airflow/example_dags/example_skip_dag.py took 0.083 seconds
[2024-06-14T00:51:08.401+0200] {processor.py:161} INFO - Started process (PID=4693) to work on /home/hectorv/.local/lib/python3.10/site-packages/airflow/example_dags/example_skip_dag.py
[2024-06-14T00:51:08.403+0200] {processor.py:830} INFO - Processing file /home/hectorv/.local/lib/python3.10/site-packages/airflow/example_dags/example_skip_dag.py for tasks to queue
[2024-06-14T00:51:08.403+0200] {logging_mixin.py:188} INFO - [2024-06-14T00:51:08.403+0200] {dagbag.py:540} INFO - Filling up the DagBag from /home/hectorv/.local/lib/python3.10/site-packages/airflow/example_dags/example_skip_dag.py
[2024-06-14T00:51:08.406+0200] {processor.py:840} INFO - DAG(s) 'example_skip_dag' retrieved from /home/hectorv/.local/lib/python3.10/site-packages/airflow/example_dags/example_skip_dag.py
[2024-06-14T00:51:08.412+0200] {logging_mixin.py:188} INFO - [2024-06-14T00:51:08.412+0200] {dag.py:3096} INFO - Sync 1 DAGs
[2024-06-14T00:51:08.418+0200] {logging_mixin.py:188} INFO - [2024-06-14T00:51:08.418+0200] {dag.py:3954} INFO - Setting next_dagrun for example_skip_dag to 2024-06-12 00:00:00+00:00, run_after=2024-06-13 00:00:00+00:00
[2024-06-14T00:51:08.434+0200] {processor.py:183} INFO - Processing /home/hectorv/.local/lib/python3.10/site-packages/airflow/example_dags/example_skip_dag.py took 0.036 seconds
[2024-06-14T00:52:08.298+0200] {processor.py:161} INFO - Started process (PID=4812) to work on /home/hectorv/.local/lib/python3.10/site-packages/airflow/example_dags/example_skip_dag.py
[2024-06-14T00:52:08.300+0200] {processor.py:830} INFO - Processing file /home/hectorv/.local/lib/python3.10/site-packages/airflow/example_dags/example_skip_dag.py for tasks to queue
[2024-06-14T00:52:08.301+0200] {logging_mixin.py:188} INFO - [2024-06-14T00:52:08.301+0200] {dagbag.py:540} INFO - Filling up the DagBag from /home/hectorv/.local/lib/python3.10/site-packages/airflow/example_dags/example_skip_dag.py
[2024-06-14T00:52:08.303+0200] {processor.py:840} INFO - DAG(s) 'example_skip_dag' retrieved from /home/hectorv/.local/lib/python3.10/site-packages/airflow/example_dags/example_skip_dag.py
[2024-06-14T00:52:08.309+0200] {logging_mixin.py:188} INFO - [2024-06-14T00:52:08.309+0200] {dag.py:3096} INFO - Sync 1 DAGs
[2024-06-14T00:52:08.315+0200] {logging_mixin.py:188} INFO - [2024-06-14T00:52:08.315+0200] {dag.py:3954} INFO - Setting next_dagrun for example_skip_dag to 2024-06-12 00:00:00+00:00, run_after=2024-06-13 00:00:00+00:00
[2024-06-14T00:52:08.330+0200] {processor.py:183} INFO - Processing /home/hectorv/.local/lib/python3.10/site-packages/airflow/example_dags/example_skip_dag.py took 0.034 seconds
[2024-06-14T00:53:00.410+0200] {processor.py:161} INFO - Started process (PID=5586) to work on /home/hectorv/.local/lib/python3.10/site-packages/airflow/example_dags/example_skip_dag.py
[2024-06-14T00:53:00.411+0200] {processor.py:830} INFO - Processing file /home/hectorv/.local/lib/python3.10/site-packages/airflow/example_dags/example_skip_dag.py for tasks to queue
[2024-06-14T00:53:00.412+0200] {logging_mixin.py:188} INFO - [2024-06-14T00:53:00.412+0200] {dagbag.py:540} INFO - Filling up the DagBag from /home/hectorv/.local/lib/python3.10/site-packages/airflow/example_dags/example_skip_dag.py
[2024-06-14T00:53:00.414+0200] {processor.py:840} INFO - DAG(s) 'example_skip_dag' retrieved from /home/hectorv/.local/lib/python3.10/site-packages/airflow/example_dags/example_skip_dag.py
[2024-06-14T00:53:00.420+0200] {logging_mixin.py:188} INFO - [2024-06-14T00:53:00.420+0200] {dag.py:3096} INFO - Sync 1 DAGs
[2024-06-14T00:53:00.427+0200] {logging_mixin.py:188} INFO - [2024-06-14T00:53:00.427+0200] {dag.py:3954} INFO - Setting next_dagrun for example_skip_dag to 2024-06-12 00:00:00+00:00, run_after=2024-06-13 00:00:00+00:00
[2024-06-14T00:53:00.442+0200] {processor.py:183} INFO - Processing /home/hectorv/.local/lib/python3.10/site-packages/airflow/example_dags/example_skip_dag.py took 0.034 seconds
[2024-06-14T00:53:55.802+0200] {processor.py:161} INFO - Started process (PID=11700) to work on /home/hectorv/.local/lib/python3.10/site-packages/airflow/example_dags/example_skip_dag.py
[2024-06-14T00:53:55.803+0200] {processor.py:830} INFO - Processing file /home/hectorv/.local/lib/python3.10/site-packages/airflow/example_dags/example_skip_dag.py for tasks to queue
[2024-06-14T00:53:55.804+0200] {logging_mixin.py:188} INFO - [2024-06-14T00:53:55.804+0200] {dagbag.py:540} INFO - Filling up the DagBag from /home/hectorv/.local/lib/python3.10/site-packages/airflow/example_dags/example_skip_dag.py
[2024-06-14T00:53:55.806+0200] {processor.py:840} INFO - DAG(s) 'example_skip_dag' retrieved from /home/hectorv/.local/lib/python3.10/site-packages/airflow/example_dags/example_skip_dag.py
[2024-06-14T00:53:55.812+0200] {logging_mixin.py:188} INFO - [2024-06-14T00:53:55.812+0200] {dag.py:3096} INFO - Sync 1 DAGs
[2024-06-14T00:53:55.819+0200] {logging_mixin.py:188} INFO - [2024-06-14T00:53:55.819+0200] {dag.py:3954} INFO - Setting next_dagrun for example_skip_dag to 2024-06-12 00:00:00+00:00, run_after=2024-06-13 00:00:00+00:00
[2024-06-14T00:53:55.834+0200] {processor.py:183} INFO - Processing /home/hectorv/.local/lib/python3.10/site-packages/airflow/example_dags/example_skip_dag.py took 0.034 seconds
[2024-06-14T00:54:55.090+0200] {processor.py:161} INFO - Started process (PID=11990) to work on /home/hectorv/.local/lib/python3.10/site-packages/airflow/example_dags/example_skip_dag.py
[2024-06-14T00:54:55.091+0200] {processor.py:830} INFO - Processing file /home/hectorv/.local/lib/python3.10/site-packages/airflow/example_dags/example_skip_dag.py for tasks to queue
[2024-06-14T00:54:55.092+0200] {logging_mixin.py:188} INFO - [2024-06-14T00:54:55.092+0200] {dagbag.py:540} INFO - Filling up the DagBag from /home/hectorv/.local/lib/python3.10/site-packages/airflow/example_dags/example_skip_dag.py
[2024-06-14T00:54:55.095+0200] {processor.py:840} INFO - DAG(s) 'example_skip_dag' retrieved from /home/hectorv/.local/lib/python3.10/site-packages/airflow/example_dags/example_skip_dag.py
[2024-06-14T00:54:55.100+0200] {logging_mixin.py:188} INFO - [2024-06-14T00:54:55.100+0200] {dag.py:3096} INFO - Sync 1 DAGs
[2024-06-14T00:54:55.106+0200] {logging_mixin.py:188} INFO - [2024-06-14T00:54:55.106+0200] {dag.py:3954} INFO - Setting next_dagrun for example_skip_dag to 2024-06-12 00:00:00+00:00, run_after=2024-06-13 00:00:00+00:00
[2024-06-14T00:54:55.122+0200] {processor.py:183} INFO - Processing /home/hectorv/.local/lib/python3.10/site-packages/airflow/example_dags/example_skip_dag.py took 0.034 seconds
[2024-06-14T00:55:52.896+0200] {processor.py:161} INFO - Started process (PID=14931) to work on /home/hectorv/.local/lib/python3.10/site-packages/airflow/example_dags/example_skip_dag.py
[2024-06-14T00:55:52.897+0200] {processor.py:830} INFO - Processing file /home/hectorv/.local/lib/python3.10/site-packages/airflow/example_dags/example_skip_dag.py for tasks to queue
[2024-06-14T00:55:52.898+0200] {logging_mixin.py:188} INFO - [2024-06-14T00:55:52.898+0200] {dagbag.py:540} INFO - Filling up the DagBag from /home/hectorv/.local/lib/python3.10/site-packages/airflow/example_dags/example_skip_dag.py
[2024-06-14T00:55:52.902+0200] {processor.py:840} INFO - DAG(s) 'example_skip_dag' retrieved from /home/hectorv/.local/lib/python3.10/site-packages/airflow/example_dags/example_skip_dag.py
[2024-06-14T00:55:52.914+0200] {logging_mixin.py:188} INFO - [2024-06-14T00:55:52.914+0200] {dag.py:3096} INFO - Sync 1 DAGs
[2024-06-14T00:55:52.926+0200] {logging_mixin.py:188} INFO - [2024-06-14T00:55:52.925+0200] {dag.py:3954} INFO - Setting next_dagrun for example_skip_dag to 2024-06-12 00:00:00+00:00, run_after=2024-06-13 00:00:00+00:00
[2024-06-14T00:55:52.947+0200] {processor.py:183} INFO - Processing /home/hectorv/.local/lib/python3.10/site-packages/airflow/example_dags/example_skip_dag.py took 0.054 seconds
[2024-06-14T00:56:52.103+0200] {processor.py:161} INFO - Started process (PID=15535) to work on /home/hectorv/.local/lib/python3.10/site-packages/airflow/example_dags/example_skip_dag.py
[2024-06-14T00:56:52.104+0200] {processor.py:830} INFO - Processing file /home/hectorv/.local/lib/python3.10/site-packages/airflow/example_dags/example_skip_dag.py for tasks to queue
[2024-06-14T00:56:52.105+0200] {logging_mixin.py:188} INFO - [2024-06-14T00:56:52.105+0200] {dagbag.py:540} INFO - Filling up the DagBag from /home/hectorv/.local/lib/python3.10/site-packages/airflow/example_dags/example_skip_dag.py
[2024-06-14T00:56:52.107+0200] {processor.py:840} INFO - DAG(s) 'example_skip_dag' retrieved from /home/hectorv/.local/lib/python3.10/site-packages/airflow/example_dags/example_skip_dag.py
[2024-06-14T00:56:52.113+0200] {logging_mixin.py:188} INFO - [2024-06-14T00:56:52.113+0200] {dag.py:3096} INFO - Sync 1 DAGs
[2024-06-14T00:56:52.120+0200] {logging_mixin.py:188} INFO - [2024-06-14T00:56:52.120+0200] {dag.py:3954} INFO - Setting next_dagrun for example_skip_dag to 2024-06-12 00:00:00+00:00, run_after=2024-06-13 00:00:00+00:00
[2024-06-14T00:56:52.136+0200] {processor.py:183} INFO - Processing /home/hectorv/.local/lib/python3.10/site-packages/airflow/example_dags/example_skip_dag.py took 0.036 seconds
[2024-06-14T01:02:53.279+0200] {processor.py:161} INFO - Started process (PID=6281) to work on /home/hectorv/.local/lib/python3.10/site-packages/airflow/example_dags/example_skip_dag.py
[2024-06-14T01:02:53.280+0200] {processor.py:830} INFO - Processing file /home/hectorv/.local/lib/python3.10/site-packages/airflow/example_dags/example_skip_dag.py for tasks to queue
[2024-06-14T01:02:53.281+0200] {logging_mixin.py:188} INFO - [2024-06-14T01:02:53.281+0200] {dagbag.py:540} INFO - Filling up the DagBag from /home/hectorv/.local/lib/python3.10/site-packages/airflow/example_dags/example_skip_dag.py
[2024-06-14T01:02:53.284+0200] {processor.py:840} INFO - DAG(s) 'example_skip_dag' retrieved from /home/hectorv/.local/lib/python3.10/site-packages/airflow/example_dags/example_skip_dag.py
[2024-06-14T01:02:53.318+0200] {logging_mixin.py:188} INFO - [2024-06-14T01:02:53.318+0200] {dag.py:3096} INFO - Sync 1 DAGs
[2024-06-14T01:02:53.375+0200] {logging_mixin.py:188} INFO - [2024-06-14T01:02:53.375+0200] {dag.py:3954} INFO - Setting next_dagrun for example_skip_dag to 2024-06-12 00:00:00+00:00, run_after=2024-06-13 00:00:00+00:00
[2024-06-14T01:02:53.390+0200] {processor.py:183} INFO - Processing /home/hectorv/.local/lib/python3.10/site-packages/airflow/example_dags/example_skip_dag.py took 0.114 seconds
[2024-06-14T01:03:57.933+0200] {processor.py:161} INFO - Started process (PID=6795) to work on /home/hectorv/.local/lib/python3.10/site-packages/airflow/example_dags/example_skip_dag.py
[2024-06-14T01:03:57.934+0200] {processor.py:830} INFO - Processing file /home/hectorv/.local/lib/python3.10/site-packages/airflow/example_dags/example_skip_dag.py for tasks to queue
[2024-06-14T01:03:57.935+0200] {logging_mixin.py:188} INFO - [2024-06-14T01:03:57.935+0200] {dagbag.py:540} INFO - Filling up the DagBag from /home/hectorv/.local/lib/python3.10/site-packages/airflow/example_dags/example_skip_dag.py
[2024-06-14T01:03:57.937+0200] {processor.py:840} INFO - DAG(s) 'example_skip_dag' retrieved from /home/hectorv/.local/lib/python3.10/site-packages/airflow/example_dags/example_skip_dag.py
[2024-06-14T01:03:57.943+0200] {logging_mixin.py:188} INFO - [2024-06-14T01:03:57.943+0200] {dag.py:3096} INFO - Sync 1 DAGs
[2024-06-14T01:03:58.008+0200] {logging_mixin.py:188} INFO - [2024-06-14T01:03:58.008+0200] {dag.py:3954} INFO - Setting next_dagrun for example_skip_dag to 2024-06-12 00:00:00+00:00, run_after=2024-06-13 00:00:00+00:00
[2024-06-14T01:03:58.048+0200] {processor.py:183} INFO - Processing /home/hectorv/.local/lib/python3.10/site-packages/airflow/example_dags/example_skip_dag.py took 0.118 seconds
