[2024-06-13T23:19:43.824+0200] {processor.py:161} INFO - Started process (PID=462) to work on /home/hectorv/.local/lib/python3.10/site-packages/airflow/example_dags/example_sensors.py
[2024-06-13T23:19:43.824+0200] {processor.py:830} INFO - Processing file /home/hectorv/.local/lib/python3.10/site-packages/airflow/example_dags/example_sensors.py for tasks to queue
[2024-06-13T23:19:43.825+0200] {logging_mixin.py:188} INFO - [2024-06-13T23:19:43.824+0200] {dagbag.py:540} INFO - Filling up the DagBag from /home/hectorv/.local/lib/python3.10/site-packages/airflow/example_dags/example_sensors.py
[2024-06-13T23:19:43.828+0200] {processor.py:840} INFO - DAG(s) 'example_sensors' retrieved from /home/hectorv/.local/lib/python3.10/site-packages/airflow/example_dags/example_sensors.py
[2024-06-13T23:19:43.877+0200] {logging_mixin.py:188} INFO - [2024-06-13T23:19:43.877+0200] {override.py:1829} INFO - Created Permission View: can delete on DAG:example_sensors
[2024-06-13T23:19:43.936+0200] {logging_mixin.py:188} INFO - [2024-06-13T23:19:43.936+0200] {override.py:1829} INFO - Created Permission View: can read on DAG:example_sensors
[2024-06-13T23:19:43.946+0200] {logging_mixin.py:188} INFO - [2024-06-13T23:19:43.946+0200] {override.py:1829} INFO - Created Permission View: can edit on DAG:example_sensors
[2024-06-13T23:19:43.946+0200] {logging_mixin.py:188} INFO - [2024-06-13T23:19:43.946+0200] {dag.py:3096} INFO - Sync 1 DAGs
[2024-06-13T23:19:43.950+0200] {logging_mixin.py:188} INFO - [2024-06-13T23:19:43.950+0200] {dag.py:3118} INFO - Creating ORM DAG for example_sensors
[2024-06-13T23:19:43.950+0200] {logging_mixin.py:188} INFO - [2024-06-13T23:19:43.950+0200] {dag.py:3954} INFO - Setting next_dagrun for example_sensors to None, run_after=None
[2024-06-13T23:19:43.966+0200] {processor.py:183} INFO - Processing /home/hectorv/.local/lib/python3.10/site-packages/airflow/example_dags/example_sensors.py took 0.144 seconds
[2024-06-13T23:20:34.485+0200] {processor.py:161} INFO - Started process (PID=513) to work on /home/hectorv/.local/lib/python3.10/site-packages/airflow/example_dags/example_sensors.py
[2024-06-13T23:20:34.487+0200] {processor.py:830} INFO - Processing file /home/hectorv/.local/lib/python3.10/site-packages/airflow/example_dags/example_sensors.py for tasks to queue
[2024-06-13T23:20:34.488+0200] {logging_mixin.py:188} INFO - [2024-06-13T23:20:34.487+0200] {dagbag.py:540} INFO - Filling up the DagBag from /home/hectorv/.local/lib/python3.10/site-packages/airflow/example_dags/example_sensors.py
[2024-06-13T23:20:34.491+0200] {processor.py:840} INFO - DAG(s) 'example_sensors' retrieved from /home/hectorv/.local/lib/python3.10/site-packages/airflow/example_dags/example_sensors.py
[2024-06-13T23:20:34.497+0200] {logging_mixin.py:188} INFO - [2024-06-13T23:20:34.497+0200] {dag.py:3096} INFO - Sync 1 DAGs
[2024-06-13T23:20:34.501+0200] {logging_mixin.py:188} INFO - [2024-06-13T23:20:34.501+0200] {dag.py:3954} INFO - Setting next_dagrun for example_sensors to None, run_after=None
[2024-06-13T23:20:34.515+0200] {processor.py:183} INFO - Processing /home/hectorv/.local/lib/python3.10/site-packages/airflow/example_dags/example_sensors.py took 0.032 seconds
[2024-06-13T23:21:29.462+0200] {processor.py:161} INFO - Started process (PID=572) to work on /home/hectorv/.local/lib/python3.10/site-packages/airflow/example_dags/example_sensors.py
[2024-06-13T23:21:29.462+0200] {processor.py:830} INFO - Processing file /home/hectorv/.local/lib/python3.10/site-packages/airflow/example_dags/example_sensors.py for tasks to queue
[2024-06-13T23:21:29.463+0200] {logging_mixin.py:188} INFO - [2024-06-13T23:21:29.463+0200] {dagbag.py:540} INFO - Filling up the DagBag from /home/hectorv/.local/lib/python3.10/site-packages/airflow/example_dags/example_sensors.py
[2024-06-13T23:21:29.466+0200] {processor.py:840} INFO - DAG(s) 'example_sensors' retrieved from /home/hectorv/.local/lib/python3.10/site-packages/airflow/example_dags/example_sensors.py
[2024-06-13T23:21:29.473+0200] {logging_mixin.py:188} INFO - [2024-06-13T23:21:29.473+0200] {dag.py:3096} INFO - Sync 1 DAGs
[2024-06-13T23:21:29.476+0200] {logging_mixin.py:188} INFO - [2024-06-13T23:21:29.476+0200] {dag.py:3954} INFO - Setting next_dagrun for example_sensors to None, run_after=None
[2024-06-13T23:21:29.491+0200] {processor.py:183} INFO - Processing /home/hectorv/.local/lib/python3.10/site-packages/airflow/example_dags/example_sensors.py took 0.031 seconds
[2024-06-13T23:22:19.872+0200] {processor.py:161} INFO - Started process (PID=623) to work on /home/hectorv/.local/lib/python3.10/site-packages/airflow/example_dags/example_sensors.py
[2024-06-13T23:22:19.874+0200] {processor.py:830} INFO - Processing file /home/hectorv/.local/lib/python3.10/site-packages/airflow/example_dags/example_sensors.py for tasks to queue
[2024-06-13T23:22:19.875+0200] {logging_mixin.py:188} INFO - [2024-06-13T23:22:19.875+0200] {dagbag.py:540} INFO - Filling up the DagBag from /home/hectorv/.local/lib/python3.10/site-packages/airflow/example_dags/example_sensors.py
[2024-06-13T23:22:19.878+0200] {processor.py:840} INFO - DAG(s) 'example_sensors' retrieved from /home/hectorv/.local/lib/python3.10/site-packages/airflow/example_dags/example_sensors.py
[2024-06-13T23:22:19.885+0200] {logging_mixin.py:188} INFO - [2024-06-13T23:22:19.885+0200] {dag.py:3096} INFO - Sync 1 DAGs
[2024-06-13T23:22:19.888+0200] {logging_mixin.py:188} INFO - [2024-06-13T23:22:19.888+0200] {dag.py:3954} INFO - Setting next_dagrun for example_sensors to None, run_after=None
[2024-06-13T23:22:19.903+0200] {processor.py:183} INFO - Processing /home/hectorv/.local/lib/python3.10/site-packages/airflow/example_dags/example_sensors.py took 0.033 seconds
[2024-06-13T23:23:19.214+0200] {processor.py:161} INFO - Started process (PID=685) to work on /home/hectorv/.local/lib/python3.10/site-packages/airflow/example_dags/example_sensors.py
[2024-06-13T23:23:19.214+0200] {processor.py:830} INFO - Processing file /home/hectorv/.local/lib/python3.10/site-packages/airflow/example_dags/example_sensors.py for tasks to queue
[2024-06-13T23:23:19.215+0200] {logging_mixin.py:188} INFO - [2024-06-13T23:23:19.215+0200] {dagbag.py:540} INFO - Filling up the DagBag from /home/hectorv/.local/lib/python3.10/site-packages/airflow/example_dags/example_sensors.py
[2024-06-13T23:23:19.218+0200] {processor.py:840} INFO - DAG(s) 'example_sensors' retrieved from /home/hectorv/.local/lib/python3.10/site-packages/airflow/example_dags/example_sensors.py
[2024-06-13T23:23:19.226+0200] {logging_mixin.py:188} INFO - [2024-06-13T23:23:19.226+0200] {dag.py:3096} INFO - Sync 1 DAGs
[2024-06-13T23:23:19.229+0200] {logging_mixin.py:188} INFO - [2024-06-13T23:23:19.229+0200] {dag.py:3954} INFO - Setting next_dagrun for example_sensors to None, run_after=None
[2024-06-13T23:23:19.245+0200] {processor.py:183} INFO - Processing /home/hectorv/.local/lib/python3.10/site-packages/airflow/example_dags/example_sensors.py took 0.033 seconds
[2024-06-13T23:24:14.525+0200] {processor.py:161} INFO - Started process (PID=747) to work on /home/hectorv/.local/lib/python3.10/site-packages/airflow/example_dags/example_sensors.py
[2024-06-13T23:24:14.527+0200] {processor.py:830} INFO - Processing file /home/hectorv/.local/lib/python3.10/site-packages/airflow/example_dags/example_sensors.py for tasks to queue
[2024-06-13T23:24:14.528+0200] {logging_mixin.py:188} INFO - [2024-06-13T23:24:14.528+0200] {dagbag.py:540} INFO - Filling up the DagBag from /home/hectorv/.local/lib/python3.10/site-packages/airflow/example_dags/example_sensors.py
[2024-06-13T23:24:14.531+0200] {processor.py:840} INFO - DAG(s) 'example_sensors' retrieved from /home/hectorv/.local/lib/python3.10/site-packages/airflow/example_dags/example_sensors.py
[2024-06-13T23:24:14.538+0200] {logging_mixin.py:188} INFO - [2024-06-13T23:24:14.538+0200] {dag.py:3096} INFO - Sync 1 DAGs
[2024-06-13T23:24:14.541+0200] {logging_mixin.py:188} INFO - [2024-06-13T23:24:14.541+0200] {dag.py:3954} INFO - Setting next_dagrun for example_sensors to None, run_after=None
[2024-06-13T23:24:14.556+0200] {processor.py:183} INFO - Processing /home/hectorv/.local/lib/python3.10/site-packages/airflow/example_dags/example_sensors.py took 0.033 seconds
[2024-06-13T23:25:09.255+0200] {processor.py:161} INFO - Started process (PID=808) to work on /home/hectorv/.local/lib/python3.10/site-packages/airflow/example_dags/example_sensors.py
[2024-06-13T23:25:09.257+0200] {processor.py:830} INFO - Processing file /home/hectorv/.local/lib/python3.10/site-packages/airflow/example_dags/example_sensors.py for tasks to queue
[2024-06-13T23:25:09.258+0200] {logging_mixin.py:188} INFO - [2024-06-13T23:25:09.257+0200] {dagbag.py:540} INFO - Filling up the DagBag from /home/hectorv/.local/lib/python3.10/site-packages/airflow/example_dags/example_sensors.py
[2024-06-13T23:25:09.261+0200] {processor.py:840} INFO - DAG(s) 'example_sensors' retrieved from /home/hectorv/.local/lib/python3.10/site-packages/airflow/example_dags/example_sensors.py
[2024-06-13T23:25:09.270+0200] {logging_mixin.py:188} INFO - [2024-06-13T23:25:09.270+0200] {dag.py:3096} INFO - Sync 1 DAGs
[2024-06-13T23:25:09.274+0200] {logging_mixin.py:188} INFO - [2024-06-13T23:25:09.274+0200] {dag.py:3954} INFO - Setting next_dagrun for example_sensors to None, run_after=None
[2024-06-13T23:25:09.289+0200] {processor.py:183} INFO - Processing /home/hectorv/.local/lib/python3.10/site-packages/airflow/example_dags/example_sensors.py took 0.036 seconds
[2024-06-13T23:26:04.509+0200] {processor.py:161} INFO - Started process (PID=866) to work on /home/hectorv/.local/lib/python3.10/site-packages/airflow/example_dags/example_sensors.py
[2024-06-13T23:26:04.509+0200] {processor.py:830} INFO - Processing file /home/hectorv/.local/lib/python3.10/site-packages/airflow/example_dags/example_sensors.py for tasks to queue
[2024-06-13T23:26:04.510+0200] {logging_mixin.py:188} INFO - [2024-06-13T23:26:04.510+0200] {dagbag.py:540} INFO - Filling up the DagBag from /home/hectorv/.local/lib/python3.10/site-packages/airflow/example_dags/example_sensors.py
[2024-06-13T23:26:04.513+0200] {processor.py:840} INFO - DAG(s) 'example_sensors' retrieved from /home/hectorv/.local/lib/python3.10/site-packages/airflow/example_dags/example_sensors.py
[2024-06-13T23:26:04.520+0200] {logging_mixin.py:188} INFO - [2024-06-13T23:26:04.520+0200] {dag.py:3096} INFO - Sync 1 DAGs
[2024-06-13T23:26:04.524+0200] {logging_mixin.py:188} INFO - [2024-06-13T23:26:04.524+0200] {dag.py:3954} INFO - Setting next_dagrun for example_sensors to None, run_after=None
[2024-06-13T23:26:04.540+0200] {processor.py:183} INFO - Processing /home/hectorv/.local/lib/python3.10/site-packages/airflow/example_dags/example_sensors.py took 0.033 seconds
[2024-06-13T23:27:00.904+0200] {processor.py:161} INFO - Started process (PID=926) to work on /home/hectorv/.local/lib/python3.10/site-packages/airflow/example_dags/example_sensors.py
[2024-06-13T23:27:00.906+0200] {processor.py:830} INFO - Processing file /home/hectorv/.local/lib/python3.10/site-packages/airflow/example_dags/example_sensors.py for tasks to queue
[2024-06-13T23:27:00.907+0200] {logging_mixin.py:188} INFO - [2024-06-13T23:27:00.907+0200] {dagbag.py:540} INFO - Filling up the DagBag from /home/hectorv/.local/lib/python3.10/site-packages/airflow/example_dags/example_sensors.py
[2024-06-13T23:27:00.910+0200] {processor.py:840} INFO - DAG(s) 'example_sensors' retrieved from /home/hectorv/.local/lib/python3.10/site-packages/airflow/example_dags/example_sensors.py
[2024-06-13T23:27:00.917+0200] {logging_mixin.py:188} INFO - [2024-06-13T23:27:00.917+0200] {dag.py:3096} INFO - Sync 1 DAGs
[2024-06-13T23:27:00.921+0200] {logging_mixin.py:188} INFO - [2024-06-13T23:27:00.921+0200] {dag.py:3954} INFO - Setting next_dagrun for example_sensors to None, run_after=None
[2024-06-13T23:27:00.936+0200] {processor.py:183} INFO - Processing /home/hectorv/.local/lib/python3.10/site-packages/airflow/example_dags/example_sensors.py took 0.033 seconds
[2024-06-13T23:28:01.027+0200] {processor.py:161} INFO - Started process (PID=988) to work on /home/hectorv/.local/lib/python3.10/site-packages/airflow/example_dags/example_sensors.py
[2024-06-13T23:28:01.029+0200] {processor.py:830} INFO - Processing file /home/hectorv/.local/lib/python3.10/site-packages/airflow/example_dags/example_sensors.py for tasks to queue
[2024-06-13T23:28:01.029+0200] {logging_mixin.py:188} INFO - [2024-06-13T23:28:01.029+0200] {dagbag.py:540} INFO - Filling up the DagBag from /home/hectorv/.local/lib/python3.10/site-packages/airflow/example_dags/example_sensors.py
[2024-06-13T23:28:01.032+0200] {processor.py:840} INFO - DAG(s) 'example_sensors' retrieved from /home/hectorv/.local/lib/python3.10/site-packages/airflow/example_dags/example_sensors.py
[2024-06-13T23:28:01.039+0200] {logging_mixin.py:188} INFO - [2024-06-13T23:28:01.039+0200] {dag.py:3096} INFO - Sync 1 DAGs
[2024-06-13T23:28:01.043+0200] {logging_mixin.py:188} INFO - [2024-06-13T23:28:01.043+0200] {dag.py:3954} INFO - Setting next_dagrun for example_sensors to None, run_after=None
[2024-06-13T23:28:01.057+0200] {processor.py:183} INFO - Processing /home/hectorv/.local/lib/python3.10/site-packages/airflow/example_dags/example_sensors.py took 0.032 seconds
[2024-06-13T23:29:00.005+0200] {processor.py:161} INFO - Started process (PID=1127) to work on /home/hectorv/.local/lib/python3.10/site-packages/airflow/example_dags/example_sensors.py
[2024-06-13T23:29:00.007+0200] {processor.py:830} INFO - Processing file /home/hectorv/.local/lib/python3.10/site-packages/airflow/example_dags/example_sensors.py for tasks to queue
[2024-06-13T23:29:00.007+0200] {logging_mixin.py:188} INFO - [2024-06-13T23:29:00.007+0200] {dagbag.py:540} INFO - Filling up the DagBag from /home/hectorv/.local/lib/python3.10/site-packages/airflow/example_dags/example_sensors.py
[2024-06-13T23:29:00.011+0200] {processor.py:840} INFO - DAG(s) 'example_sensors' retrieved from /home/hectorv/.local/lib/python3.10/site-packages/airflow/example_dags/example_sensors.py
[2024-06-13T23:29:00.018+0200] {logging_mixin.py:188} INFO - [2024-06-13T23:29:00.018+0200] {dag.py:3096} INFO - Sync 1 DAGs
[2024-06-13T23:29:00.022+0200] {logging_mixin.py:188} INFO - [2024-06-13T23:29:00.022+0200] {dag.py:3954} INFO - Setting next_dagrun for example_sensors to None, run_after=None
[2024-06-13T23:29:00.037+0200] {processor.py:183} INFO - Processing /home/hectorv/.local/lib/python3.10/site-packages/airflow/example_dags/example_sensors.py took 0.034 seconds
[2024-06-13T23:29:58.373+0200] {processor.py:161} INFO - Started process (PID=1188) to work on /home/hectorv/.local/lib/python3.10/site-packages/airflow/example_dags/example_sensors.py
[2024-06-13T23:29:58.374+0200] {processor.py:830} INFO - Processing file /home/hectorv/.local/lib/python3.10/site-packages/airflow/example_dags/example_sensors.py for tasks to queue
[2024-06-13T23:29:58.375+0200] {logging_mixin.py:188} INFO - [2024-06-13T23:29:58.375+0200] {dagbag.py:540} INFO - Filling up the DagBag from /home/hectorv/.local/lib/python3.10/site-packages/airflow/example_dags/example_sensors.py
[2024-06-13T23:29:58.378+0200] {processor.py:840} INFO - DAG(s) 'example_sensors' retrieved from /home/hectorv/.local/lib/python3.10/site-packages/airflow/example_dags/example_sensors.py
[2024-06-13T23:29:58.387+0200] {logging_mixin.py:188} INFO - [2024-06-13T23:29:58.387+0200] {dag.py:3096} INFO - Sync 1 DAGs
[2024-06-13T23:29:58.392+0200] {logging_mixin.py:188} INFO - [2024-06-13T23:29:58.392+0200] {dag.py:3954} INFO - Setting next_dagrun for example_sensors to None, run_after=None
[2024-06-13T23:29:58.411+0200] {processor.py:183} INFO - Processing /home/hectorv/.local/lib/python3.10/site-packages/airflow/example_dags/example_sensors.py took 0.041 seconds
[2024-06-13T23:30:59.896+0200] {processor.py:161} INFO - Started process (PID=1252) to work on /home/hectorv/.local/lib/python3.10/site-packages/airflow/example_dags/example_sensors.py
[2024-06-13T23:30:59.898+0200] {processor.py:830} INFO - Processing file /home/hectorv/.local/lib/python3.10/site-packages/airflow/example_dags/example_sensors.py for tasks to queue
[2024-06-13T23:30:59.898+0200] {logging_mixin.py:188} INFO - [2024-06-13T23:30:59.898+0200] {dagbag.py:540} INFO - Filling up the DagBag from /home/hectorv/.local/lib/python3.10/site-packages/airflow/example_dags/example_sensors.py
[2024-06-13T23:30:59.902+0200] {processor.py:840} INFO - DAG(s) 'example_sensors' retrieved from /home/hectorv/.local/lib/python3.10/site-packages/airflow/example_dags/example_sensors.py
[2024-06-13T23:30:59.908+0200] {logging_mixin.py:188} INFO - [2024-06-13T23:30:59.908+0200] {dag.py:3096} INFO - Sync 1 DAGs
[2024-06-13T23:30:59.912+0200] {logging_mixin.py:188} INFO - [2024-06-13T23:30:59.912+0200] {dag.py:3954} INFO - Setting next_dagrun for example_sensors to None, run_after=None
[2024-06-13T23:30:59.926+0200] {processor.py:183} INFO - Processing /home/hectorv/.local/lib/python3.10/site-packages/airflow/example_dags/example_sensors.py took 0.032 seconds
[2024-06-13T23:31:57.271+0200] {processor.py:161} INFO - Started process (PID=1312) to work on /home/hectorv/.local/lib/python3.10/site-packages/airflow/example_dags/example_sensors.py
[2024-06-13T23:31:57.273+0200] {processor.py:830} INFO - Processing file /home/hectorv/.local/lib/python3.10/site-packages/airflow/example_dags/example_sensors.py for tasks to queue
[2024-06-13T23:31:57.273+0200] {logging_mixin.py:188} INFO - [2024-06-13T23:31:57.273+0200] {dagbag.py:540} INFO - Filling up the DagBag from /home/hectorv/.local/lib/python3.10/site-packages/airflow/example_dags/example_sensors.py
[2024-06-13T23:31:57.276+0200] {processor.py:840} INFO - DAG(s) 'example_sensors' retrieved from /home/hectorv/.local/lib/python3.10/site-packages/airflow/example_dags/example_sensors.py
[2024-06-13T23:31:57.283+0200] {logging_mixin.py:188} INFO - [2024-06-13T23:31:57.283+0200] {dag.py:3096} INFO - Sync 1 DAGs
[2024-06-13T23:31:57.287+0200] {logging_mixin.py:188} INFO - [2024-06-13T23:31:57.287+0200] {dag.py:3954} INFO - Setting next_dagrun for example_sensors to None, run_after=None
[2024-06-13T23:31:57.301+0200] {processor.py:183} INFO - Processing /home/hectorv/.local/lib/python3.10/site-packages/airflow/example_dags/example_sensors.py took 0.033 seconds
[2024-06-13T23:32:55.909+0200] {processor.py:161} INFO - Started process (PID=1374) to work on /home/hectorv/.local/lib/python3.10/site-packages/airflow/example_dags/example_sensors.py
[2024-06-13T23:32:55.910+0200] {processor.py:830} INFO - Processing file /home/hectorv/.local/lib/python3.10/site-packages/airflow/example_dags/example_sensors.py for tasks to queue
[2024-06-13T23:32:55.911+0200] {logging_mixin.py:188} INFO - [2024-06-13T23:32:55.911+0200] {dagbag.py:540} INFO - Filling up the DagBag from /home/hectorv/.local/lib/python3.10/site-packages/airflow/example_dags/example_sensors.py
[2024-06-13T23:32:55.914+0200] {processor.py:840} INFO - DAG(s) 'example_sensors' retrieved from /home/hectorv/.local/lib/python3.10/site-packages/airflow/example_dags/example_sensors.py
[2024-06-13T23:32:55.922+0200] {logging_mixin.py:188} INFO - [2024-06-13T23:32:55.922+0200] {dag.py:3096} INFO - Sync 1 DAGs
[2024-06-13T23:32:55.925+0200] {logging_mixin.py:188} INFO - [2024-06-13T23:32:55.925+0200] {dag.py:3954} INFO - Setting next_dagrun for example_sensors to None, run_after=None
[2024-06-13T23:32:55.941+0200] {processor.py:183} INFO - Processing /home/hectorv/.local/lib/python3.10/site-packages/airflow/example_dags/example_sensors.py took 0.034 seconds
[2024-06-13T23:33:55.200+0200] {processor.py:161} INFO - Started process (PID=1446) to work on /home/hectorv/.local/lib/python3.10/site-packages/airflow/example_dags/example_sensors.py
[2024-06-13T23:33:55.202+0200] {processor.py:830} INFO - Processing file /home/hectorv/.local/lib/python3.10/site-packages/airflow/example_dags/example_sensors.py for tasks to queue
[2024-06-13T23:33:55.202+0200] {logging_mixin.py:188} INFO - [2024-06-13T23:33:55.202+0200] {dagbag.py:540} INFO - Filling up the DagBag from /home/hectorv/.local/lib/python3.10/site-packages/airflow/example_dags/example_sensors.py
[2024-06-13T23:33:55.205+0200] {processor.py:840} INFO - DAG(s) 'example_sensors' retrieved from /home/hectorv/.local/lib/python3.10/site-packages/airflow/example_dags/example_sensors.py
[2024-06-13T23:33:55.213+0200] {logging_mixin.py:188} INFO - [2024-06-13T23:33:55.212+0200] {dag.py:3096} INFO - Sync 1 DAGs
[2024-06-13T23:33:55.216+0200] {logging_mixin.py:188} INFO - [2024-06-13T23:33:55.216+0200] {dag.py:3954} INFO - Setting next_dagrun for example_sensors to None, run_after=None
[2024-06-13T23:33:55.231+0200] {processor.py:183} INFO - Processing /home/hectorv/.local/lib/python3.10/site-packages/airflow/example_dags/example_sensors.py took 0.033 seconds
[2024-06-13T23:34:51.649+0200] {processor.py:161} INFO - Started process (PID=1505) to work on /home/hectorv/.local/lib/python3.10/site-packages/airflow/example_dags/example_sensors.py
[2024-06-13T23:34:51.651+0200] {processor.py:830} INFO - Processing file /home/hectorv/.local/lib/python3.10/site-packages/airflow/example_dags/example_sensors.py for tasks to queue
[2024-06-13T23:34:51.652+0200] {logging_mixin.py:188} INFO - [2024-06-13T23:34:51.651+0200] {dagbag.py:540} INFO - Filling up the DagBag from /home/hectorv/.local/lib/python3.10/site-packages/airflow/example_dags/example_sensors.py
[2024-06-13T23:34:51.655+0200] {processor.py:840} INFO - DAG(s) 'example_sensors' retrieved from /home/hectorv/.local/lib/python3.10/site-packages/airflow/example_dags/example_sensors.py
[2024-06-13T23:34:51.662+0200] {logging_mixin.py:188} INFO - [2024-06-13T23:34:51.662+0200] {dag.py:3096} INFO - Sync 1 DAGs
[2024-06-13T23:34:51.666+0200] {logging_mixin.py:188} INFO - [2024-06-13T23:34:51.666+0200] {dag.py:3954} INFO - Setting next_dagrun for example_sensors to None, run_after=None
[2024-06-13T23:34:51.716+0200] {processor.py:183} INFO - Processing /home/hectorv/.local/lib/python3.10/site-packages/airflow/example_dags/example_sensors.py took 0.069 seconds
[2024-06-13T23:35:55.851+0200] {processor.py:161} INFO - Started process (PID=1572) to work on /home/hectorv/.local/lib/python3.10/site-packages/airflow/example_dags/example_sensors.py
[2024-06-13T23:35:55.853+0200] {processor.py:830} INFO - Processing file /home/hectorv/.local/lib/python3.10/site-packages/airflow/example_dags/example_sensors.py for tasks to queue
[2024-06-13T23:35:55.854+0200] {logging_mixin.py:188} INFO - [2024-06-13T23:35:55.853+0200] {dagbag.py:540} INFO - Filling up the DagBag from /home/hectorv/.local/lib/python3.10/site-packages/airflow/example_dags/example_sensors.py
[2024-06-13T23:35:55.857+0200] {processor.py:840} INFO - DAG(s) 'example_sensors' retrieved from /home/hectorv/.local/lib/python3.10/site-packages/airflow/example_dags/example_sensors.py
[2024-06-13T23:35:55.864+0200] {logging_mixin.py:188} INFO - [2024-06-13T23:35:55.864+0200] {dag.py:3096} INFO - Sync 1 DAGs
[2024-06-13T23:35:55.867+0200] {logging_mixin.py:188} INFO - [2024-06-13T23:35:55.867+0200] {dag.py:3954} INFO - Setting next_dagrun for example_sensors to None, run_after=None
[2024-06-13T23:35:55.882+0200] {processor.py:183} INFO - Processing /home/hectorv/.local/lib/python3.10/site-packages/airflow/example_dags/example_sensors.py took 0.033 seconds
[2024-06-13T23:36:53.435+0200] {processor.py:161} INFO - Started process (PID=1633) to work on /home/hectorv/.local/lib/python3.10/site-packages/airflow/example_dags/example_sensors.py
[2024-06-13T23:36:53.436+0200] {processor.py:830} INFO - Processing file /home/hectorv/.local/lib/python3.10/site-packages/airflow/example_dags/example_sensors.py for tasks to queue
[2024-06-13T23:36:53.437+0200] {logging_mixin.py:188} INFO - [2024-06-13T23:36:53.436+0200] {dagbag.py:540} INFO - Filling up the DagBag from /home/hectorv/.local/lib/python3.10/site-packages/airflow/example_dags/example_sensors.py
[2024-06-13T23:36:53.440+0200] {processor.py:840} INFO - DAG(s) 'example_sensors' retrieved from /home/hectorv/.local/lib/python3.10/site-packages/airflow/example_dags/example_sensors.py
[2024-06-13T23:36:53.447+0200] {logging_mixin.py:188} INFO - [2024-06-13T23:36:53.447+0200] {dag.py:3096} INFO - Sync 1 DAGs
[2024-06-13T23:36:53.450+0200] {logging_mixin.py:188} INFO - [2024-06-13T23:36:53.450+0200] {dag.py:3954} INFO - Setting next_dagrun for example_sensors to None, run_after=None
[2024-06-13T23:36:53.465+0200] {processor.py:183} INFO - Processing /home/hectorv/.local/lib/python3.10/site-packages/airflow/example_dags/example_sensors.py took 0.032 seconds
[2024-06-13T23:37:49.895+0200] {processor.py:161} INFO - Started process (PID=1692) to work on /home/hectorv/.local/lib/python3.10/site-packages/airflow/example_dags/example_sensors.py
[2024-06-13T23:37:49.897+0200] {processor.py:830} INFO - Processing file /home/hectorv/.local/lib/python3.10/site-packages/airflow/example_dags/example_sensors.py for tasks to queue
[2024-06-13T23:37:49.897+0200] {logging_mixin.py:188} INFO - [2024-06-13T23:37:49.897+0200] {dagbag.py:540} INFO - Filling up the DagBag from /home/hectorv/.local/lib/python3.10/site-packages/airflow/example_dags/example_sensors.py
[2024-06-13T23:37:49.901+0200] {processor.py:840} INFO - DAG(s) 'example_sensors' retrieved from /home/hectorv/.local/lib/python3.10/site-packages/airflow/example_dags/example_sensors.py
[2024-06-13T23:37:49.909+0200] {logging_mixin.py:188} INFO - [2024-06-13T23:37:49.909+0200] {dag.py:3096} INFO - Sync 1 DAGs
[2024-06-13T23:37:49.914+0200] {logging_mixin.py:188} INFO - [2024-06-13T23:37:49.914+0200] {dag.py:3954} INFO - Setting next_dagrun for example_sensors to None, run_after=None
[2024-06-13T23:37:49.929+0200] {processor.py:183} INFO - Processing /home/hectorv/.local/lib/python3.10/site-packages/airflow/example_dags/example_sensors.py took 0.036 seconds
[2024-06-13T23:38:48.112+0200] {processor.py:161} INFO - Started process (PID=1753) to work on /home/hectorv/.local/lib/python3.10/site-packages/airflow/example_dags/example_sensors.py
[2024-06-13T23:38:48.113+0200] {processor.py:830} INFO - Processing file /home/hectorv/.local/lib/python3.10/site-packages/airflow/example_dags/example_sensors.py for tasks to queue
[2024-06-13T23:38:48.114+0200] {logging_mixin.py:188} INFO - [2024-06-13T23:38:48.114+0200] {dagbag.py:540} INFO - Filling up the DagBag from /home/hectorv/.local/lib/python3.10/site-packages/airflow/example_dags/example_sensors.py
[2024-06-13T23:38:48.117+0200] {processor.py:840} INFO - DAG(s) 'example_sensors' retrieved from /home/hectorv/.local/lib/python3.10/site-packages/airflow/example_dags/example_sensors.py
[2024-06-13T23:38:48.124+0200] {logging_mixin.py:188} INFO - [2024-06-13T23:38:48.124+0200] {dag.py:3096} INFO - Sync 1 DAGs
[2024-06-13T23:38:48.128+0200] {logging_mixin.py:188} INFO - [2024-06-13T23:38:48.128+0200] {dag.py:3954} INFO - Setting next_dagrun for example_sensors to None, run_after=None
[2024-06-13T23:38:48.142+0200] {processor.py:183} INFO - Processing /home/hectorv/.local/lib/python3.10/site-packages/airflow/example_dags/example_sensors.py took 0.032 seconds
[2024-06-13T23:39:47.598+0200] {processor.py:161} INFO - Started process (PID=1816) to work on /home/hectorv/.local/lib/python3.10/site-packages/airflow/example_dags/example_sensors.py
[2024-06-13T23:39:47.600+0200] {processor.py:830} INFO - Processing file /home/hectorv/.local/lib/python3.10/site-packages/airflow/example_dags/example_sensors.py for tasks to queue
[2024-06-13T23:39:47.600+0200] {logging_mixin.py:188} INFO - [2024-06-13T23:39:47.600+0200] {dagbag.py:540} INFO - Filling up the DagBag from /home/hectorv/.local/lib/python3.10/site-packages/airflow/example_dags/example_sensors.py
[2024-06-13T23:39:47.603+0200] {processor.py:840} INFO - DAG(s) 'example_sensors' retrieved from /home/hectorv/.local/lib/python3.10/site-packages/airflow/example_dags/example_sensors.py
[2024-06-13T23:39:47.610+0200] {logging_mixin.py:188} INFO - [2024-06-13T23:39:47.610+0200] {dag.py:3096} INFO - Sync 1 DAGs
[2024-06-13T23:39:47.614+0200] {logging_mixin.py:188} INFO - [2024-06-13T23:39:47.614+0200] {dag.py:3954} INFO - Setting next_dagrun for example_sensors to None, run_after=None
[2024-06-13T23:39:47.628+0200] {processor.py:183} INFO - Processing /home/hectorv/.local/lib/python3.10/site-packages/airflow/example_dags/example_sensors.py took 0.032 seconds
[2024-06-13T23:40:44.752+0200] {processor.py:161} INFO - Started process (PID=1875) to work on /home/hectorv/.local/lib/python3.10/site-packages/airflow/example_dags/example_sensors.py
[2024-06-13T23:40:44.753+0200] {processor.py:830} INFO - Processing file /home/hectorv/.local/lib/python3.10/site-packages/airflow/example_dags/example_sensors.py for tasks to queue
[2024-06-13T23:40:44.753+0200] {logging_mixin.py:188} INFO - [2024-06-13T23:40:44.753+0200] {dagbag.py:540} INFO - Filling up the DagBag from /home/hectorv/.local/lib/python3.10/site-packages/airflow/example_dags/example_sensors.py
[2024-06-13T23:40:44.756+0200] {processor.py:840} INFO - DAG(s) 'example_sensors' retrieved from /home/hectorv/.local/lib/python3.10/site-packages/airflow/example_dags/example_sensors.py
[2024-06-13T23:40:44.763+0200] {logging_mixin.py:188} INFO - [2024-06-13T23:40:44.763+0200] {dag.py:3096} INFO - Sync 1 DAGs
[2024-06-13T23:40:44.767+0200] {logging_mixin.py:188} INFO - [2024-06-13T23:40:44.767+0200] {dag.py:3954} INFO - Setting next_dagrun for example_sensors to None, run_after=None
[2024-06-13T23:40:44.782+0200] {processor.py:183} INFO - Processing /home/hectorv/.local/lib/python3.10/site-packages/airflow/example_dags/example_sensors.py took 0.032 seconds
[2024-06-13T23:41:42.483+0200] {processor.py:161} INFO - Started process (PID=1935) to work on /home/hectorv/.local/lib/python3.10/site-packages/airflow/example_dags/example_sensors.py
[2024-06-13T23:41:42.483+0200] {processor.py:830} INFO - Processing file /home/hectorv/.local/lib/python3.10/site-packages/airflow/example_dags/example_sensors.py for tasks to queue
[2024-06-13T23:41:42.484+0200] {logging_mixin.py:188} INFO - [2024-06-13T23:41:42.484+0200] {dagbag.py:540} INFO - Filling up the DagBag from /home/hectorv/.local/lib/python3.10/site-packages/airflow/example_dags/example_sensors.py
[2024-06-13T23:41:42.487+0200] {processor.py:840} INFO - DAG(s) 'example_sensors' retrieved from /home/hectorv/.local/lib/python3.10/site-packages/airflow/example_dags/example_sensors.py
[2024-06-13T23:41:42.494+0200] {logging_mixin.py:188} INFO - [2024-06-13T23:41:42.494+0200] {dag.py:3096} INFO - Sync 1 DAGs
[2024-06-13T23:41:42.497+0200] {logging_mixin.py:188} INFO - [2024-06-13T23:41:42.497+0200] {dag.py:3954} INFO - Setting next_dagrun for example_sensors to None, run_after=None
[2024-06-13T23:41:42.512+0200] {processor.py:183} INFO - Processing /home/hectorv/.local/lib/python3.10/site-packages/airflow/example_dags/example_sensors.py took 0.032 seconds
[2024-06-13T23:42:40.008+0200] {processor.py:161} INFO - Started process (PID=1996) to work on /home/hectorv/.local/lib/python3.10/site-packages/airflow/example_dags/example_sensors.py
[2024-06-13T23:42:40.008+0200] {processor.py:830} INFO - Processing file /home/hectorv/.local/lib/python3.10/site-packages/airflow/example_dags/example_sensors.py for tasks to queue
[2024-06-13T23:42:40.009+0200] {logging_mixin.py:188} INFO - [2024-06-13T23:42:40.009+0200] {dagbag.py:540} INFO - Filling up the DagBag from /home/hectorv/.local/lib/python3.10/site-packages/airflow/example_dags/example_sensors.py
[2024-06-13T23:42:40.012+0200] {processor.py:840} INFO - DAG(s) 'example_sensors' retrieved from /home/hectorv/.local/lib/python3.10/site-packages/airflow/example_dags/example_sensors.py
[2024-06-13T23:42:40.019+0200] {logging_mixin.py:188} INFO - [2024-06-13T23:42:40.019+0200] {dag.py:3096} INFO - Sync 1 DAGs
[2024-06-13T23:42:40.022+0200] {logging_mixin.py:188} INFO - [2024-06-13T23:42:40.022+0200] {dag.py:3954} INFO - Setting next_dagrun for example_sensors to None, run_after=None
[2024-06-13T23:42:40.038+0200] {processor.py:183} INFO - Processing /home/hectorv/.local/lib/python3.10/site-packages/airflow/example_dags/example_sensors.py took 0.032 seconds
[2024-06-13T23:43:39.582+0200] {processor.py:161} INFO - Started process (PID=2059) to work on /home/hectorv/.local/lib/python3.10/site-packages/airflow/example_dags/example_sensors.py
[2024-06-13T23:43:39.584+0200] {processor.py:830} INFO - Processing file /home/hectorv/.local/lib/python3.10/site-packages/airflow/example_dags/example_sensors.py for tasks to queue
[2024-06-13T23:43:39.584+0200] {logging_mixin.py:188} INFO - [2024-06-13T23:43:39.584+0200] {dagbag.py:540} INFO - Filling up the DagBag from /home/hectorv/.local/lib/python3.10/site-packages/airflow/example_dags/example_sensors.py
[2024-06-13T23:43:39.587+0200] {processor.py:840} INFO - DAG(s) 'example_sensors' retrieved from /home/hectorv/.local/lib/python3.10/site-packages/airflow/example_dags/example_sensors.py
[2024-06-13T23:43:39.594+0200] {logging_mixin.py:188} INFO - [2024-06-13T23:43:39.594+0200] {dag.py:3096} INFO - Sync 1 DAGs
[2024-06-13T23:43:39.597+0200] {logging_mixin.py:188} INFO - [2024-06-13T23:43:39.597+0200] {dag.py:3954} INFO - Setting next_dagrun for example_sensors to None, run_after=None
[2024-06-13T23:43:39.612+0200] {processor.py:183} INFO - Processing /home/hectorv/.local/lib/python3.10/site-packages/airflow/example_dags/example_sensors.py took 0.032 seconds
[2024-06-13T23:44:36.640+0200] {processor.py:161} INFO - Started process (PID=2119) to work on /home/hectorv/.local/lib/python3.10/site-packages/airflow/example_dags/example_sensors.py
[2024-06-13T23:44:36.641+0200] {processor.py:830} INFO - Processing file /home/hectorv/.local/lib/python3.10/site-packages/airflow/example_dags/example_sensors.py for tasks to queue
[2024-06-13T23:44:36.642+0200] {logging_mixin.py:188} INFO - [2024-06-13T23:44:36.641+0200] {dagbag.py:540} INFO - Filling up the DagBag from /home/hectorv/.local/lib/python3.10/site-packages/airflow/example_dags/example_sensors.py
[2024-06-13T23:44:36.645+0200] {processor.py:840} INFO - DAG(s) 'example_sensors' retrieved from /home/hectorv/.local/lib/python3.10/site-packages/airflow/example_dags/example_sensors.py
[2024-06-13T23:44:36.651+0200] {logging_mixin.py:188} INFO - [2024-06-13T23:44:36.651+0200] {dag.py:3096} INFO - Sync 1 DAGs
[2024-06-13T23:44:36.655+0200] {logging_mixin.py:188} INFO - [2024-06-13T23:44:36.655+0200] {dag.py:3954} INFO - Setting next_dagrun for example_sensors to None, run_after=None
[2024-06-13T23:44:36.670+0200] {processor.py:183} INFO - Processing /home/hectorv/.local/lib/python3.10/site-packages/airflow/example_dags/example_sensors.py took 0.032 seconds
[2024-06-13T23:45:33.197+0200] {processor.py:161} INFO - Started process (PID=2178) to work on /home/hectorv/.local/lib/python3.10/site-packages/airflow/example_dags/example_sensors.py
[2024-06-13T23:45:33.200+0200] {processor.py:830} INFO - Processing file /home/hectorv/.local/lib/python3.10/site-packages/airflow/example_dags/example_sensors.py for tasks to queue
[2024-06-13T23:45:33.201+0200] {logging_mixin.py:188} INFO - [2024-06-13T23:45:33.201+0200] {dagbag.py:540} INFO - Filling up the DagBag from /home/hectorv/.local/lib/python3.10/site-packages/airflow/example_dags/example_sensors.py
[2024-06-13T23:45:33.204+0200] {processor.py:840} INFO - DAG(s) 'example_sensors' retrieved from /home/hectorv/.local/lib/python3.10/site-packages/airflow/example_dags/example_sensors.py
[2024-06-13T23:45:33.211+0200] {logging_mixin.py:188} INFO - [2024-06-13T23:45:33.211+0200] {dag.py:3096} INFO - Sync 1 DAGs
[2024-06-13T23:45:33.215+0200] {logging_mixin.py:188} INFO - [2024-06-13T23:45:33.215+0200] {dag.py:3954} INFO - Setting next_dagrun for example_sensors to None, run_after=None
[2024-06-13T23:45:33.267+0200] {processor.py:183} INFO - Processing /home/hectorv/.local/lib/python3.10/site-packages/airflow/example_dags/example_sensors.py took 0.072 seconds
[2024-06-13T23:46:35.095+0200] {processor.py:161} INFO - Started process (PID=2241) to work on /home/hectorv/.local/lib/python3.10/site-packages/airflow/example_dags/example_sensors.py
[2024-06-13T23:46:35.096+0200] {processor.py:830} INFO - Processing file /home/hectorv/.local/lib/python3.10/site-packages/airflow/example_dags/example_sensors.py for tasks to queue
[2024-06-13T23:46:35.096+0200] {logging_mixin.py:188} INFO - [2024-06-13T23:46:35.096+0200] {dagbag.py:540} INFO - Filling up the DagBag from /home/hectorv/.local/lib/python3.10/site-packages/airflow/example_dags/example_sensors.py
[2024-06-13T23:46:35.099+0200] {processor.py:840} INFO - DAG(s) 'example_sensors' retrieved from /home/hectorv/.local/lib/python3.10/site-packages/airflow/example_dags/example_sensors.py
[2024-06-13T23:46:35.106+0200] {logging_mixin.py:188} INFO - [2024-06-13T23:46:35.106+0200] {dag.py:3096} INFO - Sync 1 DAGs
[2024-06-13T23:46:35.110+0200] {logging_mixin.py:188} INFO - [2024-06-13T23:46:35.110+0200] {dag.py:3954} INFO - Setting next_dagrun for example_sensors to None, run_after=None
[2024-06-13T23:46:35.125+0200] {processor.py:183} INFO - Processing /home/hectorv/.local/lib/python3.10/site-packages/airflow/example_dags/example_sensors.py took 0.032 seconds
[2024-06-13T23:47:32.626+0200] {processor.py:161} INFO - Started process (PID=2301) to work on /home/hectorv/.local/lib/python3.10/site-packages/airflow/example_dags/example_sensors.py
[2024-06-13T23:47:32.628+0200] {processor.py:830} INFO - Processing file /home/hectorv/.local/lib/python3.10/site-packages/airflow/example_dags/example_sensors.py for tasks to queue
[2024-06-13T23:47:32.629+0200] {logging_mixin.py:188} INFO - [2024-06-13T23:47:32.629+0200] {dagbag.py:540} INFO - Filling up the DagBag from /home/hectorv/.local/lib/python3.10/site-packages/airflow/example_dags/example_sensors.py
[2024-06-13T23:47:32.632+0200] {processor.py:840} INFO - DAG(s) 'example_sensors' retrieved from /home/hectorv/.local/lib/python3.10/site-packages/airflow/example_dags/example_sensors.py
[2024-06-13T23:47:32.638+0200] {logging_mixin.py:188} INFO - [2024-06-13T23:47:32.638+0200] {dag.py:3096} INFO - Sync 1 DAGs
[2024-06-13T23:47:32.642+0200] {logging_mixin.py:188} INFO - [2024-06-13T23:47:32.642+0200] {dag.py:3954} INFO - Setting next_dagrun for example_sensors to None, run_after=None
[2024-06-13T23:47:32.657+0200] {processor.py:183} INFO - Processing /home/hectorv/.local/lib/python3.10/site-packages/airflow/example_dags/example_sensors.py took 0.032 seconds
[2024-06-13T23:48:29.109+0200] {processor.py:161} INFO - Started process (PID=2361) to work on /home/hectorv/.local/lib/python3.10/site-packages/airflow/example_dags/example_sensors.py
[2024-06-13T23:48:29.111+0200] {processor.py:830} INFO - Processing file /home/hectorv/.local/lib/python3.10/site-packages/airflow/example_dags/example_sensors.py for tasks to queue
[2024-06-13T23:48:29.112+0200] {logging_mixin.py:188} INFO - [2024-06-13T23:48:29.112+0200] {dagbag.py:540} INFO - Filling up the DagBag from /home/hectorv/.local/lib/python3.10/site-packages/airflow/example_dags/example_sensors.py
[2024-06-13T23:48:29.115+0200] {processor.py:840} INFO - DAG(s) 'example_sensors' retrieved from /home/hectorv/.local/lib/python3.10/site-packages/airflow/example_dags/example_sensors.py
[2024-06-13T23:48:29.121+0200] {logging_mixin.py:188} INFO - [2024-06-13T23:48:29.121+0200] {dag.py:3096} INFO - Sync 1 DAGs
[2024-06-13T23:48:29.125+0200] {logging_mixin.py:188} INFO - [2024-06-13T23:48:29.125+0200] {dag.py:3954} INFO - Setting next_dagrun for example_sensors to None, run_after=None
[2024-06-13T23:48:29.140+0200] {processor.py:183} INFO - Processing /home/hectorv/.local/lib/python3.10/site-packages/airflow/example_dags/example_sensors.py took 0.032 seconds
[2024-06-13T23:49:25.512+0200] {processor.py:161} INFO - Started process (PID=2421) to work on /home/hectorv/.local/lib/python3.10/site-packages/airflow/example_dags/example_sensors.py
[2024-06-13T23:49:25.512+0200] {processor.py:830} INFO - Processing file /home/hectorv/.local/lib/python3.10/site-packages/airflow/example_dags/example_sensors.py for tasks to queue
[2024-06-13T23:49:25.513+0200] {logging_mixin.py:188} INFO - [2024-06-13T23:49:25.513+0200] {dagbag.py:540} INFO - Filling up the DagBag from /home/hectorv/.local/lib/python3.10/site-packages/airflow/example_dags/example_sensors.py
[2024-06-13T23:49:25.516+0200] {processor.py:840} INFO - DAG(s) 'example_sensors' retrieved from /home/hectorv/.local/lib/python3.10/site-packages/airflow/example_dags/example_sensors.py
[2024-06-13T23:49:25.523+0200] {logging_mixin.py:188} INFO - [2024-06-13T23:49:25.523+0200] {dag.py:3096} INFO - Sync 1 DAGs
[2024-06-13T23:49:25.527+0200] {logging_mixin.py:188} INFO - [2024-06-13T23:49:25.527+0200] {dag.py:3954} INFO - Setting next_dagrun for example_sensors to None, run_after=None
[2024-06-13T23:49:25.543+0200] {processor.py:183} INFO - Processing /home/hectorv/.local/lib/python3.10/site-packages/airflow/example_dags/example_sensors.py took 0.034 seconds
[2024-06-13T23:55:39.496+0200] {processor.py:161} INFO - Started process (PID=2476) to work on /home/hectorv/.local/lib/python3.10/site-packages/airflow/example_dags/example_sensors.py
[2024-06-13T23:55:39.496+0200] {processor.py:830} INFO - Processing file /home/hectorv/.local/lib/python3.10/site-packages/airflow/example_dags/example_sensors.py for tasks to queue
[2024-06-13T23:55:39.497+0200] {logging_mixin.py:188} INFO - [2024-06-13T23:55:39.497+0200] {dagbag.py:540} INFO - Filling up the DagBag from /home/hectorv/.local/lib/python3.10/site-packages/airflow/example_dags/example_sensors.py
[2024-06-13T23:55:39.500+0200] {processor.py:840} INFO - DAG(s) 'example_sensors' retrieved from /home/hectorv/.local/lib/python3.10/site-packages/airflow/example_dags/example_sensors.py
[2024-06-13T23:55:39.507+0200] {logging_mixin.py:188} INFO - [2024-06-13T23:55:39.507+0200] {dag.py:3096} INFO - Sync 1 DAGs
[2024-06-13T23:55:39.510+0200] {logging_mixin.py:188} INFO - [2024-06-13T23:55:39.510+0200] {dag.py:3954} INFO - Setting next_dagrun for example_sensors to None, run_after=None
[2024-06-13T23:55:39.527+0200] {processor.py:183} INFO - Processing /home/hectorv/.local/lib/python3.10/site-packages/airflow/example_dags/example_sensors.py took 0.033 seconds
[2024-06-13T23:56:28.987+0200] {processor.py:161} INFO - Started process (PID=2527) to work on /home/hectorv/.local/lib/python3.10/site-packages/airflow/example_dags/example_sensors.py
[2024-06-13T23:56:28.988+0200] {processor.py:830} INFO - Processing file /home/hectorv/.local/lib/python3.10/site-packages/airflow/example_dags/example_sensors.py for tasks to queue
[2024-06-13T23:56:28.989+0200] {logging_mixin.py:188} INFO - [2024-06-13T23:56:28.988+0200] {dagbag.py:540} INFO - Filling up the DagBag from /home/hectorv/.local/lib/python3.10/site-packages/airflow/example_dags/example_sensors.py
[2024-06-13T23:56:28.992+0200] {processor.py:840} INFO - DAG(s) 'example_sensors' retrieved from /home/hectorv/.local/lib/python3.10/site-packages/airflow/example_dags/example_sensors.py
[2024-06-13T23:56:28.998+0200] {logging_mixin.py:188} INFO - [2024-06-13T23:56:28.998+0200] {dag.py:3096} INFO - Sync 1 DAGs
[2024-06-13T23:56:29.002+0200] {logging_mixin.py:188} INFO - [2024-06-13T23:56:29.002+0200] {dag.py:3954} INFO - Setting next_dagrun for example_sensors to None, run_after=None
[2024-06-13T23:56:29.017+0200] {processor.py:183} INFO - Processing /home/hectorv/.local/lib/python3.10/site-packages/airflow/example_dags/example_sensors.py took 0.032 seconds
[2024-06-13T23:57:26.283+0200] {processor.py:161} INFO - Started process (PID=2586) to work on /home/hectorv/.local/lib/python3.10/site-packages/airflow/example_dags/example_sensors.py
[2024-06-13T23:57:26.285+0200] {processor.py:830} INFO - Processing file /home/hectorv/.local/lib/python3.10/site-packages/airflow/example_dags/example_sensors.py for tasks to queue
[2024-06-13T23:57:26.285+0200] {logging_mixin.py:188} INFO - [2024-06-13T23:57:26.285+0200] {dagbag.py:540} INFO - Filling up the DagBag from /home/hectorv/.local/lib/python3.10/site-packages/airflow/example_dags/example_sensors.py
[2024-06-13T23:57:26.289+0200] {processor.py:840} INFO - DAG(s) 'example_sensors' retrieved from /home/hectorv/.local/lib/python3.10/site-packages/airflow/example_dags/example_sensors.py
[2024-06-13T23:57:26.296+0200] {logging_mixin.py:188} INFO - [2024-06-13T23:57:26.296+0200] {dag.py:3096} INFO - Sync 1 DAGs
[2024-06-13T23:57:26.300+0200] {logging_mixin.py:188} INFO - [2024-06-13T23:57:26.300+0200] {dag.py:3954} INFO - Setting next_dagrun for example_sensors to None, run_after=None
[2024-06-13T23:57:26.315+0200] {processor.py:183} INFO - Processing /home/hectorv/.local/lib/python3.10/site-packages/airflow/example_dags/example_sensors.py took 0.034 seconds
[2024-06-13T23:58:23.523+0200] {processor.py:161} INFO - Started process (PID=2646) to work on /home/hectorv/.local/lib/python3.10/site-packages/airflow/example_dags/example_sensors.py
[2024-06-13T23:58:23.532+0200] {processor.py:830} INFO - Processing file /home/hectorv/.local/lib/python3.10/site-packages/airflow/example_dags/example_sensors.py for tasks to queue
[2024-06-13T23:58:23.533+0200] {logging_mixin.py:188} INFO - [2024-06-13T23:58:23.533+0200] {dagbag.py:540} INFO - Filling up the DagBag from /home/hectorv/.local/lib/python3.10/site-packages/airflow/example_dags/example_sensors.py
[2024-06-13T23:58:23.536+0200] {processor.py:840} INFO - DAG(s) 'example_sensors' retrieved from /home/hectorv/.local/lib/python3.10/site-packages/airflow/example_dags/example_sensors.py
[2024-06-13T23:58:23.543+0200] {logging_mixin.py:188} INFO - [2024-06-13T23:58:23.543+0200] {dag.py:3096} INFO - Sync 1 DAGs
[2024-06-13T23:58:23.547+0200] {logging_mixin.py:188} INFO - [2024-06-13T23:58:23.547+0200] {dag.py:3954} INFO - Setting next_dagrun for example_sensors to None, run_after=None
[2024-06-13T23:58:23.593+0200] {processor.py:183} INFO - Processing /home/hectorv/.local/lib/python3.10/site-packages/airflow/example_dags/example_sensors.py took 0.072 seconds
[2024-06-13T23:59:18.565+0200] {processor.py:161} INFO - Started process (PID=2704) to work on /home/hectorv/.local/lib/python3.10/site-packages/airflow/example_dags/example_sensors.py
[2024-06-13T23:59:18.570+0200] {processor.py:830} INFO - Processing file /home/hectorv/.local/lib/python3.10/site-packages/airflow/example_dags/example_sensors.py for tasks to queue
[2024-06-13T23:59:18.571+0200] {logging_mixin.py:188} INFO - [2024-06-13T23:59:18.570+0200] {dagbag.py:540} INFO - Filling up the DagBag from /home/hectorv/.local/lib/python3.10/site-packages/airflow/example_dags/example_sensors.py
[2024-06-13T23:59:18.574+0200] {processor.py:840} INFO - DAG(s) 'example_sensors' retrieved from /home/hectorv/.local/lib/python3.10/site-packages/airflow/example_dags/example_sensors.py
[2024-06-13T23:59:18.581+0200] {logging_mixin.py:188} INFO - [2024-06-13T23:59:18.581+0200] {dag.py:3096} INFO - Sync 1 DAGs
[2024-06-13T23:59:18.585+0200] {logging_mixin.py:188} INFO - [2024-06-13T23:59:18.585+0200] {dag.py:3954} INFO - Setting next_dagrun for example_sensors to None, run_after=None
[2024-06-13T23:59:18.629+0200] {processor.py:183} INFO - Processing /home/hectorv/.local/lib/python3.10/site-packages/airflow/example_dags/example_sensors.py took 0.066 seconds
[2024-06-14T00:00:13.954+0200] {processor.py:161} INFO - Started process (PID=2820) to work on /home/hectorv/.local/lib/python3.10/site-packages/airflow/example_dags/example_sensors.py
[2024-06-14T00:00:13.956+0200] {processor.py:830} INFO - Processing file /home/hectorv/.local/lib/python3.10/site-packages/airflow/example_dags/example_sensors.py for tasks to queue
[2024-06-14T00:00:13.957+0200] {logging_mixin.py:188} INFO - [2024-06-14T00:00:13.957+0200] {dagbag.py:540} INFO - Filling up the DagBag from /home/hectorv/.local/lib/python3.10/site-packages/airflow/example_dags/example_sensors.py
[2024-06-14T00:00:13.960+0200] {processor.py:840} INFO - DAG(s) 'example_sensors' retrieved from /home/hectorv/.local/lib/python3.10/site-packages/airflow/example_dags/example_sensors.py
[2024-06-14T00:00:13.967+0200] {logging_mixin.py:188} INFO - [2024-06-14T00:00:13.967+0200] {dag.py:3096} INFO - Sync 1 DAGs
[2024-06-14T00:00:13.971+0200] {logging_mixin.py:188} INFO - [2024-06-14T00:00:13.971+0200] {dag.py:3954} INFO - Setting next_dagrun for example_sensors to None, run_after=None
[2024-06-14T00:00:13.985+0200] {processor.py:183} INFO - Processing /home/hectorv/.local/lib/python3.10/site-packages/airflow/example_dags/example_sensors.py took 0.033 seconds
[2024-06-14T00:01:08.160+0200] {processor.py:161} INFO - Started process (PID=2879) to work on /home/hectorv/.local/lib/python3.10/site-packages/airflow/example_dags/example_sensors.py
[2024-06-14T00:01:08.161+0200] {processor.py:830} INFO - Processing file /home/hectorv/.local/lib/python3.10/site-packages/airflow/example_dags/example_sensors.py for tasks to queue
[2024-06-14T00:01:08.162+0200] {logging_mixin.py:188} INFO - [2024-06-14T00:01:08.162+0200] {dagbag.py:540} INFO - Filling up the DagBag from /home/hectorv/.local/lib/python3.10/site-packages/airflow/example_dags/example_sensors.py
[2024-06-14T00:01:08.165+0200] {processor.py:840} INFO - DAG(s) 'example_sensors' retrieved from /home/hectorv/.local/lib/python3.10/site-packages/airflow/example_dags/example_sensors.py
[2024-06-14T00:01:08.172+0200] {logging_mixin.py:188} INFO - [2024-06-14T00:01:08.172+0200] {dag.py:3096} INFO - Sync 1 DAGs
[2024-06-14T00:01:08.176+0200] {logging_mixin.py:188} INFO - [2024-06-14T00:01:08.175+0200] {dag.py:3954} INFO - Setting next_dagrun for example_sensors to None, run_after=None
[2024-06-14T00:01:08.191+0200] {processor.py:183} INFO - Processing /home/hectorv/.local/lib/python3.10/site-packages/airflow/example_dags/example_sensors.py took 0.034 seconds
[2024-06-14T00:02:05.602+0200] {processor.py:161} INFO - Started process (PID=2939) to work on /home/hectorv/.local/lib/python3.10/site-packages/airflow/example_dags/example_sensors.py
[2024-06-14T00:02:05.604+0200] {processor.py:830} INFO - Processing file /home/hectorv/.local/lib/python3.10/site-packages/airflow/example_dags/example_sensors.py for tasks to queue
[2024-06-14T00:02:05.604+0200] {logging_mixin.py:188} INFO - [2024-06-14T00:02:05.604+0200] {dagbag.py:540} INFO - Filling up the DagBag from /home/hectorv/.local/lib/python3.10/site-packages/airflow/example_dags/example_sensors.py
[2024-06-14T00:02:05.607+0200] {processor.py:840} INFO - DAG(s) 'example_sensors' retrieved from /home/hectorv/.local/lib/python3.10/site-packages/airflow/example_dags/example_sensors.py
[2024-06-14T00:02:05.614+0200] {logging_mixin.py:188} INFO - [2024-06-14T00:02:05.614+0200] {dag.py:3096} INFO - Sync 1 DAGs
[2024-06-14T00:02:05.618+0200] {logging_mixin.py:188} INFO - [2024-06-14T00:02:05.618+0200] {dag.py:3954} INFO - Setting next_dagrun for example_sensors to None, run_after=None
[2024-06-14T00:02:05.633+0200] {processor.py:183} INFO - Processing /home/hectorv/.local/lib/python3.10/site-packages/airflow/example_dags/example_sensors.py took 0.033 seconds
[2024-06-14T00:03:03.185+0200] {processor.py:161} INFO - Started process (PID=2999) to work on /home/hectorv/.local/lib/python3.10/site-packages/airflow/example_dags/example_sensors.py
[2024-06-14T00:03:03.186+0200] {processor.py:830} INFO - Processing file /home/hectorv/.local/lib/python3.10/site-packages/airflow/example_dags/example_sensors.py for tasks to queue
[2024-06-14T00:03:03.187+0200] {logging_mixin.py:188} INFO - [2024-06-14T00:03:03.187+0200] {dagbag.py:540} INFO - Filling up the DagBag from /home/hectorv/.local/lib/python3.10/site-packages/airflow/example_dags/example_sensors.py
[2024-06-14T00:03:03.190+0200] {processor.py:840} INFO - DAG(s) 'example_sensors' retrieved from /home/hectorv/.local/lib/python3.10/site-packages/airflow/example_dags/example_sensors.py
[2024-06-14T00:03:03.197+0200] {logging_mixin.py:188} INFO - [2024-06-14T00:03:03.197+0200] {dag.py:3096} INFO - Sync 1 DAGs
[2024-06-14T00:03:03.200+0200] {logging_mixin.py:188} INFO - [2024-06-14T00:03:03.200+0200] {dag.py:3954} INFO - Setting next_dagrun for example_sensors to None, run_after=None
[2024-06-14T00:03:03.215+0200] {processor.py:183} INFO - Processing /home/hectorv/.local/lib/python3.10/site-packages/airflow/example_dags/example_sensors.py took 0.032 seconds
[2024-06-14T00:03:55.479+0200] {processor.py:161} INFO - Started process (PID=3056) to work on /home/hectorv/.local/lib/python3.10/site-packages/airflow/example_dags/example_sensors.py
[2024-06-14T00:03:55.480+0200] {processor.py:830} INFO - Processing file /home/hectorv/.local/lib/python3.10/site-packages/airflow/example_dags/example_sensors.py for tasks to queue
[2024-06-14T00:03:55.481+0200] {logging_mixin.py:188} INFO - [2024-06-14T00:03:55.481+0200] {dagbag.py:540} INFO - Filling up the DagBag from /home/hectorv/.local/lib/python3.10/site-packages/airflow/example_dags/example_sensors.py
[2024-06-14T00:03:55.484+0200] {processor.py:840} INFO - DAG(s) 'example_sensors' retrieved from /home/hectorv/.local/lib/python3.10/site-packages/airflow/example_dags/example_sensors.py
[2024-06-14T00:03:55.491+0200] {logging_mixin.py:188} INFO - [2024-06-14T00:03:55.491+0200] {dag.py:3096} INFO - Sync 1 DAGs
[2024-06-14T00:03:55.495+0200] {logging_mixin.py:188} INFO - [2024-06-14T00:03:55.495+0200] {dag.py:3954} INFO - Setting next_dagrun for example_sensors to None, run_after=None
[2024-06-14T00:03:55.510+0200] {processor.py:183} INFO - Processing /home/hectorv/.local/lib/python3.10/site-packages/airflow/example_dags/example_sensors.py took 0.034 seconds
[2024-06-14T00:04:52.363+0200] {processor.py:161} INFO - Started process (PID=3116) to work on /home/hectorv/.local/lib/python3.10/site-packages/airflow/example_dags/example_sensors.py
[2024-06-14T00:04:52.365+0200] {processor.py:830} INFO - Processing file /home/hectorv/.local/lib/python3.10/site-packages/airflow/example_dags/example_sensors.py for tasks to queue
[2024-06-14T00:04:52.366+0200] {logging_mixin.py:188} INFO - [2024-06-14T00:04:52.366+0200] {dagbag.py:540} INFO - Filling up the DagBag from /home/hectorv/.local/lib/python3.10/site-packages/airflow/example_dags/example_sensors.py
[2024-06-14T00:04:52.369+0200] {processor.py:840} INFO - DAG(s) 'example_sensors' retrieved from /home/hectorv/.local/lib/python3.10/site-packages/airflow/example_dags/example_sensors.py
[2024-06-14T00:04:52.376+0200] {logging_mixin.py:188} INFO - [2024-06-14T00:04:52.376+0200] {dag.py:3096} INFO - Sync 1 DAGs
[2024-06-14T00:04:52.380+0200] {logging_mixin.py:188} INFO - [2024-06-14T00:04:52.380+0200] {dag.py:3954} INFO - Setting next_dagrun for example_sensors to None, run_after=None
[2024-06-14T00:04:52.426+0200] {processor.py:183} INFO - Processing /home/hectorv/.local/lib/python3.10/site-packages/airflow/example_dags/example_sensors.py took 0.065 seconds
[2024-06-14T00:05:47.836+0200] {processor.py:161} INFO - Started process (PID=3175) to work on /home/hectorv/.local/lib/python3.10/site-packages/airflow/example_dags/example_sensors.py
[2024-06-14T00:05:47.838+0200] {processor.py:830} INFO - Processing file /home/hectorv/.local/lib/python3.10/site-packages/airflow/example_dags/example_sensors.py for tasks to queue
[2024-06-14T00:05:47.838+0200] {logging_mixin.py:188} INFO - [2024-06-14T00:05:47.838+0200] {dagbag.py:540} INFO - Filling up the DagBag from /home/hectorv/.local/lib/python3.10/site-packages/airflow/example_dags/example_sensors.py
[2024-06-14T00:05:47.842+0200] {processor.py:840} INFO - DAG(s) 'example_sensors' retrieved from /home/hectorv/.local/lib/python3.10/site-packages/airflow/example_dags/example_sensors.py
[2024-06-14T00:05:47.849+0200] {logging_mixin.py:188} INFO - [2024-06-14T00:05:47.849+0200] {dag.py:3096} INFO - Sync 1 DAGs
[2024-06-14T00:05:47.852+0200] {logging_mixin.py:188} INFO - [2024-06-14T00:05:47.852+0200] {dag.py:3954} INFO - Setting next_dagrun for example_sensors to None, run_after=None
[2024-06-14T00:05:47.868+0200] {processor.py:183} INFO - Processing /home/hectorv/.local/lib/python3.10/site-packages/airflow/example_dags/example_sensors.py took 0.034 seconds
[2024-06-14T00:06:37.907+0200] {processor.py:161} INFO - Started process (PID=3230) to work on /home/hectorv/.local/lib/python3.10/site-packages/airflow/example_dags/example_sensors.py
[2024-06-14T00:06:37.907+0200] {processor.py:830} INFO - Processing file /home/hectorv/.local/lib/python3.10/site-packages/airflow/example_dags/example_sensors.py for tasks to queue
[2024-06-14T00:06:37.908+0200] {logging_mixin.py:188} INFO - [2024-06-14T00:06:37.908+0200] {dagbag.py:540} INFO - Filling up the DagBag from /home/hectorv/.local/lib/python3.10/site-packages/airflow/example_dags/example_sensors.py
[2024-06-14T00:06:37.911+0200] {processor.py:840} INFO - DAG(s) 'example_sensors' retrieved from /home/hectorv/.local/lib/python3.10/site-packages/airflow/example_dags/example_sensors.py
[2024-06-14T00:06:37.918+0200] {logging_mixin.py:188} INFO - [2024-06-14T00:06:37.918+0200] {dag.py:3096} INFO - Sync 1 DAGs
[2024-06-14T00:06:37.922+0200] {logging_mixin.py:188} INFO - [2024-06-14T00:06:37.922+0200] {dag.py:3954} INFO - Setting next_dagrun for example_sensors to None, run_after=None
[2024-06-14T00:06:37.937+0200] {processor.py:183} INFO - Processing /home/hectorv/.local/lib/python3.10/site-packages/airflow/example_dags/example_sensors.py took 0.032 seconds
[2024-06-14T00:07:36.301+0200] {processor.py:161} INFO - Started process (PID=3290) to work on /home/hectorv/.local/lib/python3.10/site-packages/airflow/example_dags/example_sensors.py
[2024-06-14T00:07:36.306+0200] {processor.py:830} INFO - Processing file /home/hectorv/.local/lib/python3.10/site-packages/airflow/example_dags/example_sensors.py for tasks to queue
[2024-06-14T00:07:36.307+0200] {logging_mixin.py:188} INFO - [2024-06-14T00:07:36.307+0200] {dagbag.py:540} INFO - Filling up the DagBag from /home/hectorv/.local/lib/python3.10/site-packages/airflow/example_dags/example_sensors.py
[2024-06-14T00:07:36.310+0200] {processor.py:840} INFO - DAG(s) 'example_sensors' retrieved from /home/hectorv/.local/lib/python3.10/site-packages/airflow/example_dags/example_sensors.py
[2024-06-14T00:07:36.317+0200] {logging_mixin.py:188} INFO - [2024-06-14T00:07:36.317+0200] {dag.py:3096} INFO - Sync 1 DAGs
[2024-06-14T00:07:36.321+0200] {logging_mixin.py:188} INFO - [2024-06-14T00:07:36.321+0200] {dag.py:3954} INFO - Setting next_dagrun for example_sensors to None, run_after=None
[2024-06-14T00:07:36.339+0200] {processor.py:183} INFO - Processing /home/hectorv/.local/lib/python3.10/site-packages/airflow/example_dags/example_sensors.py took 0.040 seconds
[2024-06-14T00:08:34.227+0200] {processor.py:161} INFO - Started process (PID=3350) to work on /home/hectorv/.local/lib/python3.10/site-packages/airflow/example_dags/example_sensors.py
[2024-06-14T00:08:34.229+0200] {processor.py:830} INFO - Processing file /home/hectorv/.local/lib/python3.10/site-packages/airflow/example_dags/example_sensors.py for tasks to queue
[2024-06-14T00:08:34.229+0200] {logging_mixin.py:188} INFO - [2024-06-14T00:08:34.229+0200] {dagbag.py:540} INFO - Filling up the DagBag from /home/hectorv/.local/lib/python3.10/site-packages/airflow/example_dags/example_sensors.py
[2024-06-14T00:08:34.233+0200] {processor.py:840} INFO - DAG(s) 'example_sensors' retrieved from /home/hectorv/.local/lib/python3.10/site-packages/airflow/example_dags/example_sensors.py
[2024-06-14T00:08:34.240+0200] {logging_mixin.py:188} INFO - [2024-06-14T00:08:34.240+0200] {dag.py:3096} INFO - Sync 1 DAGs
[2024-06-14T00:08:34.243+0200] {logging_mixin.py:188} INFO - [2024-06-14T00:08:34.243+0200] {dag.py:3954} INFO - Setting next_dagrun for example_sensors to None, run_after=None
[2024-06-14T00:08:34.258+0200] {processor.py:183} INFO - Processing /home/hectorv/.local/lib/python3.10/site-packages/airflow/example_dags/example_sensors.py took 0.033 seconds
[2024-06-14T00:09:31.207+0200] {processor.py:161} INFO - Started process (PID=3410) to work on /home/hectorv/.local/lib/python3.10/site-packages/airflow/example_dags/example_sensors.py
[2024-06-14T00:09:31.207+0200] {processor.py:830} INFO - Processing file /home/hectorv/.local/lib/python3.10/site-packages/airflow/example_dags/example_sensors.py for tasks to queue
[2024-06-14T00:09:31.208+0200] {logging_mixin.py:188} INFO - [2024-06-14T00:09:31.208+0200] {dagbag.py:540} INFO - Filling up the DagBag from /home/hectorv/.local/lib/python3.10/site-packages/airflow/example_dags/example_sensors.py
[2024-06-14T00:09:31.211+0200] {processor.py:840} INFO - DAG(s) 'example_sensors' retrieved from /home/hectorv/.local/lib/python3.10/site-packages/airflow/example_dags/example_sensors.py
[2024-06-14T00:09:31.218+0200] {logging_mixin.py:188} INFO - [2024-06-14T00:09:31.218+0200] {dag.py:3096} INFO - Sync 1 DAGs
[2024-06-14T00:09:31.222+0200] {logging_mixin.py:188} INFO - [2024-06-14T00:09:31.222+0200] {dag.py:3954} INFO - Setting next_dagrun for example_sensors to None, run_after=None
[2024-06-14T00:09:31.237+0200] {processor.py:183} INFO - Processing /home/hectorv/.local/lib/python3.10/site-packages/airflow/example_dags/example_sensors.py took 0.033 seconds
[2024-06-14T00:10:34.974+0200] {processor.py:161} INFO - Started process (PID=3474) to work on /home/hectorv/.local/lib/python3.10/site-packages/airflow/example_dags/example_sensors.py
[2024-06-14T00:10:34.975+0200] {processor.py:830} INFO - Processing file /home/hectorv/.local/lib/python3.10/site-packages/airflow/example_dags/example_sensors.py for tasks to queue
[2024-06-14T00:10:34.976+0200] {logging_mixin.py:188} INFO - [2024-06-14T00:10:34.976+0200] {dagbag.py:540} INFO - Filling up the DagBag from /home/hectorv/.local/lib/python3.10/site-packages/airflow/example_dags/example_sensors.py
[2024-06-14T00:10:34.979+0200] {processor.py:840} INFO - DAG(s) 'example_sensors' retrieved from /home/hectorv/.local/lib/python3.10/site-packages/airflow/example_dags/example_sensors.py
[2024-06-14T00:10:34.986+0200] {logging_mixin.py:188} INFO - [2024-06-14T00:10:34.986+0200] {dag.py:3096} INFO - Sync 1 DAGs
[2024-06-14T00:10:34.990+0200] {logging_mixin.py:188} INFO - [2024-06-14T00:10:34.990+0200] {dag.py:3954} INFO - Setting next_dagrun for example_sensors to None, run_after=None
[2024-06-14T00:10:35.005+0200] {processor.py:183} INFO - Processing /home/hectorv/.local/lib/python3.10/site-packages/airflow/example_dags/example_sensors.py took 0.033 seconds
[2024-06-14T00:11:33.950+0200] {processor.py:161} INFO - Started process (PID=3535) to work on /home/hectorv/.local/lib/python3.10/site-packages/airflow/example_dags/example_sensors.py
[2024-06-14T00:11:33.952+0200] {processor.py:830} INFO - Processing file /home/hectorv/.local/lib/python3.10/site-packages/airflow/example_dags/example_sensors.py for tasks to queue
[2024-06-14T00:11:33.953+0200] {logging_mixin.py:188} INFO - [2024-06-14T00:11:33.953+0200] {dagbag.py:540} INFO - Filling up the DagBag from /home/hectorv/.local/lib/python3.10/site-packages/airflow/example_dags/example_sensors.py
[2024-06-14T00:11:33.956+0200] {processor.py:840} INFO - DAG(s) 'example_sensors' retrieved from /home/hectorv/.local/lib/python3.10/site-packages/airflow/example_dags/example_sensors.py
[2024-06-14T00:11:33.963+0200] {logging_mixin.py:188} INFO - [2024-06-14T00:11:33.963+0200] {dag.py:3096} INFO - Sync 1 DAGs
[2024-06-14T00:11:33.967+0200] {logging_mixin.py:188} INFO - [2024-06-14T00:11:33.966+0200] {dag.py:3954} INFO - Setting next_dagrun for example_sensors to None, run_after=None
[2024-06-14T00:11:33.981+0200] {processor.py:183} INFO - Processing /home/hectorv/.local/lib/python3.10/site-packages/airflow/example_dags/example_sensors.py took 0.033 seconds
[2024-06-14T00:12:26.568+0200] {processor.py:161} INFO - Started process (PID=3592) to work on /home/hectorv/.local/lib/python3.10/site-packages/airflow/example_dags/example_sensors.py
[2024-06-14T00:12:26.570+0200] {processor.py:830} INFO - Processing file /home/hectorv/.local/lib/python3.10/site-packages/airflow/example_dags/example_sensors.py for tasks to queue
[2024-06-14T00:12:26.571+0200] {logging_mixin.py:188} INFO - [2024-06-14T00:12:26.571+0200] {dagbag.py:540} INFO - Filling up the DagBag from /home/hectorv/.local/lib/python3.10/site-packages/airflow/example_dags/example_sensors.py
[2024-06-14T00:12:26.574+0200] {processor.py:840} INFO - DAG(s) 'example_sensors' retrieved from /home/hectorv/.local/lib/python3.10/site-packages/airflow/example_dags/example_sensors.py
[2024-06-14T00:12:26.581+0200] {logging_mixin.py:188} INFO - [2024-06-14T00:12:26.581+0200] {dag.py:3096} INFO - Sync 1 DAGs
[2024-06-14T00:12:26.585+0200] {logging_mixin.py:188} INFO - [2024-06-14T00:12:26.585+0200] {dag.py:3954} INFO - Setting next_dagrun for example_sensors to None, run_after=None
[2024-06-14T00:12:26.600+0200] {processor.py:183} INFO - Processing /home/hectorv/.local/lib/python3.10/site-packages/airflow/example_dags/example_sensors.py took 0.034 seconds
[2024-06-14T00:13:21.881+0200] {processor.py:161} INFO - Started process (PID=3650) to work on /home/hectorv/.local/lib/python3.10/site-packages/airflow/example_dags/example_sensors.py
[2024-06-14T00:13:21.882+0200] {processor.py:830} INFO - Processing file /home/hectorv/.local/lib/python3.10/site-packages/airflow/example_dags/example_sensors.py for tasks to queue
[2024-06-14T00:13:21.883+0200] {logging_mixin.py:188} INFO - [2024-06-14T00:13:21.883+0200] {dagbag.py:540} INFO - Filling up the DagBag from /home/hectorv/.local/lib/python3.10/site-packages/airflow/example_dags/example_sensors.py
[2024-06-14T00:13:21.886+0200] {processor.py:840} INFO - DAG(s) 'example_sensors' retrieved from /home/hectorv/.local/lib/python3.10/site-packages/airflow/example_dags/example_sensors.py
[2024-06-14T00:13:21.893+0200] {logging_mixin.py:188} INFO - [2024-06-14T00:13:21.893+0200] {dag.py:3096} INFO - Sync 1 DAGs
[2024-06-14T00:13:21.897+0200] {logging_mixin.py:188} INFO - [2024-06-14T00:13:21.897+0200] {dag.py:3954} INFO - Setting next_dagrun for example_sensors to None, run_after=None
[2024-06-14T00:13:21.911+0200] {processor.py:183} INFO - Processing /home/hectorv/.local/lib/python3.10/site-packages/airflow/example_dags/example_sensors.py took 0.033 seconds
[2024-06-14T00:14:22.559+0200] {processor.py:161} INFO - Started process (PID=3713) to work on /home/hectorv/.local/lib/python3.10/site-packages/airflow/example_dags/example_sensors.py
[2024-06-14T00:14:22.561+0200] {processor.py:830} INFO - Processing file /home/hectorv/.local/lib/python3.10/site-packages/airflow/example_dags/example_sensors.py for tasks to queue
[2024-06-14T00:14:22.562+0200] {logging_mixin.py:188} INFO - [2024-06-14T00:14:22.562+0200] {dagbag.py:540} INFO - Filling up the DagBag from /home/hectorv/.local/lib/python3.10/site-packages/airflow/example_dags/example_sensors.py
[2024-06-14T00:14:22.565+0200] {processor.py:840} INFO - DAG(s) 'example_sensors' retrieved from /home/hectorv/.local/lib/python3.10/site-packages/airflow/example_dags/example_sensors.py
[2024-06-14T00:14:22.572+0200] {logging_mixin.py:188} INFO - [2024-06-14T00:14:22.572+0200] {dag.py:3096} INFO - Sync 1 DAGs
[2024-06-14T00:14:22.576+0200] {logging_mixin.py:188} INFO - [2024-06-14T00:14:22.576+0200] {dag.py:3954} INFO - Setting next_dagrun for example_sensors to None, run_after=None
[2024-06-14T00:14:22.591+0200] {processor.py:183} INFO - Processing /home/hectorv/.local/lib/python3.10/site-packages/airflow/example_dags/example_sensors.py took 0.034 seconds
[2024-06-14T00:15:19.798+0200] {processor.py:161} INFO - Started process (PID=3774) to work on /home/hectorv/.local/lib/python3.10/site-packages/airflow/example_dags/example_sensors.py
[2024-06-14T00:15:19.799+0200] {processor.py:830} INFO - Processing file /home/hectorv/.local/lib/python3.10/site-packages/airflow/example_dags/example_sensors.py for tasks to queue
[2024-06-14T00:15:19.800+0200] {logging_mixin.py:188} INFO - [2024-06-14T00:15:19.800+0200] {dagbag.py:540} INFO - Filling up the DagBag from /home/hectorv/.local/lib/python3.10/site-packages/airflow/example_dags/example_sensors.py
[2024-06-14T00:15:19.803+0200] {processor.py:840} INFO - DAG(s) 'example_sensors' retrieved from /home/hectorv/.local/lib/python3.10/site-packages/airflow/example_dags/example_sensors.py
[2024-06-14T00:15:19.811+0200] {logging_mixin.py:188} INFO - [2024-06-14T00:15:19.811+0200] {dag.py:3096} INFO - Sync 1 DAGs
[2024-06-14T00:15:19.814+0200] {logging_mixin.py:188} INFO - [2024-06-14T00:15:19.814+0200] {dag.py:3954} INFO - Setting next_dagrun for example_sensors to None, run_after=None
[2024-06-14T00:15:19.830+0200] {processor.py:183} INFO - Processing /home/hectorv/.local/lib/python3.10/site-packages/airflow/example_dags/example_sensors.py took 0.035 seconds
[2024-06-14T00:16:19.518+0200] {processor.py:161} INFO - Started process (PID=3835) to work on /home/hectorv/.local/lib/python3.10/site-packages/airflow/example_dags/example_sensors.py
[2024-06-14T00:16:19.519+0200] {processor.py:830} INFO - Processing file /home/hectorv/.local/lib/python3.10/site-packages/airflow/example_dags/example_sensors.py for tasks to queue
[2024-06-14T00:16:19.520+0200] {logging_mixin.py:188} INFO - [2024-06-14T00:16:19.520+0200] {dagbag.py:540} INFO - Filling up the DagBag from /home/hectorv/.local/lib/python3.10/site-packages/airflow/example_dags/example_sensors.py
[2024-06-14T00:16:19.523+0200] {processor.py:840} INFO - DAG(s) 'example_sensors' retrieved from /home/hectorv/.local/lib/python3.10/site-packages/airflow/example_dags/example_sensors.py
[2024-06-14T00:16:19.531+0200] {logging_mixin.py:188} INFO - [2024-06-14T00:16:19.531+0200] {dag.py:3096} INFO - Sync 1 DAGs
[2024-06-14T00:16:19.535+0200] {logging_mixin.py:188} INFO - [2024-06-14T00:16:19.535+0200] {dag.py:3954} INFO - Setting next_dagrun for example_sensors to None, run_after=None
[2024-06-14T00:16:19.551+0200] {processor.py:183} INFO - Processing /home/hectorv/.local/lib/python3.10/site-packages/airflow/example_dags/example_sensors.py took 0.036 seconds
[2024-06-14T00:17:11.814+0200] {processor.py:161} INFO - Started process (PID=3895) to work on /home/hectorv/.local/lib/python3.10/site-packages/airflow/example_dags/example_sensors.py
[2024-06-14T00:17:11.816+0200] {processor.py:830} INFO - Processing file /home/hectorv/.local/lib/python3.10/site-packages/airflow/example_dags/example_sensors.py for tasks to queue
[2024-06-14T00:17:11.816+0200] {logging_mixin.py:188} INFO - [2024-06-14T00:17:11.816+0200] {dagbag.py:540} INFO - Filling up the DagBag from /home/hectorv/.local/lib/python3.10/site-packages/airflow/example_dags/example_sensors.py
[2024-06-14T00:17:11.820+0200] {processor.py:840} INFO - DAG(s) 'example_sensors' retrieved from /home/hectorv/.local/lib/python3.10/site-packages/airflow/example_dags/example_sensors.py
[2024-06-14T00:17:11.827+0200] {logging_mixin.py:188} INFO - [2024-06-14T00:17:11.826+0200] {dag.py:3096} INFO - Sync 1 DAGs
[2024-06-14T00:17:11.830+0200] {logging_mixin.py:188} INFO - [2024-06-14T00:17:11.830+0200] {dag.py:3954} INFO - Setting next_dagrun for example_sensors to None, run_after=None
[2024-06-14T00:17:11.845+0200] {processor.py:183} INFO - Processing /home/hectorv/.local/lib/python3.10/site-packages/airflow/example_dags/example_sensors.py took 0.033 seconds
[2024-06-14T00:18:07.194+0200] {processor.py:161} INFO - Started process (PID=3956) to work on /home/hectorv/.local/lib/python3.10/site-packages/airflow/example_dags/example_sensors.py
[2024-06-14T00:18:07.195+0200] {processor.py:830} INFO - Processing file /home/hectorv/.local/lib/python3.10/site-packages/airflow/example_dags/example_sensors.py for tasks to queue
[2024-06-14T00:18:07.196+0200] {logging_mixin.py:188} INFO - [2024-06-14T00:18:07.196+0200] {dagbag.py:540} INFO - Filling up the DagBag from /home/hectorv/.local/lib/python3.10/site-packages/airflow/example_dags/example_sensors.py
[2024-06-14T00:18:07.199+0200] {processor.py:840} INFO - DAG(s) 'example_sensors' retrieved from /home/hectorv/.local/lib/python3.10/site-packages/airflow/example_dags/example_sensors.py
[2024-06-14T00:18:07.206+0200] {logging_mixin.py:188} INFO - [2024-06-14T00:18:07.206+0200] {dag.py:3096} INFO - Sync 1 DAGs
[2024-06-14T00:18:07.210+0200] {logging_mixin.py:188} INFO - [2024-06-14T00:18:07.210+0200] {dag.py:3954} INFO - Setting next_dagrun for example_sensors to None, run_after=None
[2024-06-14T00:18:07.225+0200] {processor.py:183} INFO - Processing /home/hectorv/.local/lib/python3.10/site-packages/airflow/example_dags/example_sensors.py took 0.034 seconds
[2024-06-14T00:19:02.534+0200] {processor.py:161} INFO - Started process (PID=4016) to work on /home/hectorv/.local/lib/python3.10/site-packages/airflow/example_dags/example_sensors.py
[2024-06-14T00:19:02.536+0200] {processor.py:830} INFO - Processing file /home/hectorv/.local/lib/python3.10/site-packages/airflow/example_dags/example_sensors.py for tasks to queue
[2024-06-14T00:19:02.537+0200] {logging_mixin.py:188} INFO - [2024-06-14T00:19:02.537+0200] {dagbag.py:540} INFO - Filling up the DagBag from /home/hectorv/.local/lib/python3.10/site-packages/airflow/example_dags/example_sensors.py
[2024-06-14T00:19:02.540+0200] {processor.py:840} INFO - DAG(s) 'example_sensors' retrieved from /home/hectorv/.local/lib/python3.10/site-packages/airflow/example_dags/example_sensors.py
[2024-06-14T00:19:02.549+0200] {logging_mixin.py:188} INFO - [2024-06-14T00:19:02.548+0200] {dag.py:3096} INFO - Sync 1 DAGs
[2024-06-14T00:19:02.553+0200] {logging_mixin.py:188} INFO - [2024-06-14T00:19:02.553+0200] {dag.py:3954} INFO - Setting next_dagrun for example_sensors to None, run_after=None
[2024-06-14T00:19:02.570+0200] {processor.py:183} INFO - Processing /home/hectorv/.local/lib/python3.10/site-packages/airflow/example_dags/example_sensors.py took 0.038 seconds
[2024-06-14T00:20:15.592+0200] {processor.py:161} INFO - Started process (PID=4142) to work on /home/hectorv/.local/lib/python3.10/site-packages/airflow/example_dags/example_sensors.py
[2024-06-14T00:20:15.593+0200] {processor.py:830} INFO - Processing file /home/hectorv/.local/lib/python3.10/site-packages/airflow/example_dags/example_sensors.py for tasks to queue
[2024-06-14T00:20:15.594+0200] {logging_mixin.py:188} INFO - [2024-06-14T00:20:15.594+0200] {dagbag.py:540} INFO - Filling up the DagBag from /home/hectorv/.local/lib/python3.10/site-packages/airflow/example_dags/example_sensors.py
[2024-06-14T00:20:15.597+0200] {processor.py:840} INFO - DAG(s) 'example_sensors' retrieved from /home/hectorv/.local/lib/python3.10/site-packages/airflow/example_dags/example_sensors.py
[2024-06-14T00:20:15.605+0200] {logging_mixin.py:188} INFO - [2024-06-14T00:20:15.605+0200] {dag.py:3096} INFO - Sync 1 DAGs
[2024-06-14T00:20:15.608+0200] {logging_mixin.py:188} INFO - [2024-06-14T00:20:15.608+0200] {dag.py:3954} INFO - Setting next_dagrun for example_sensors to None, run_after=None
[2024-06-14T00:20:15.624+0200] {processor.py:183} INFO - Processing /home/hectorv/.local/lib/python3.10/site-packages/airflow/example_dags/example_sensors.py took 0.035 seconds
[2024-06-14T00:21:13.838+0200] {processor.py:161} INFO - Started process (PID=4220) to work on /home/hectorv/.local/lib/python3.10/site-packages/airflow/example_dags/example_sensors.py
[2024-06-14T00:21:13.840+0200] {processor.py:830} INFO - Processing file /home/hectorv/.local/lib/python3.10/site-packages/airflow/example_dags/example_sensors.py for tasks to queue
[2024-06-14T00:21:13.840+0200] {logging_mixin.py:188} INFO - [2024-06-14T00:21:13.840+0200] {dagbag.py:540} INFO - Filling up the DagBag from /home/hectorv/.local/lib/python3.10/site-packages/airflow/example_dags/example_sensors.py
[2024-06-14T00:21:13.843+0200] {processor.py:840} INFO - DAG(s) 'example_sensors' retrieved from /home/hectorv/.local/lib/python3.10/site-packages/airflow/example_dags/example_sensors.py
[2024-06-14T00:21:13.850+0200] {logging_mixin.py:188} INFO - [2024-06-14T00:21:13.850+0200] {dag.py:3096} INFO - Sync 1 DAGs
[2024-06-14T00:21:13.854+0200] {logging_mixin.py:188} INFO - [2024-06-14T00:21:13.854+0200] {dag.py:3954} INFO - Setting next_dagrun for example_sensors to None, run_after=None
[2024-06-14T00:21:13.869+0200] {processor.py:183} INFO - Processing /home/hectorv/.local/lib/python3.10/site-packages/airflow/example_dags/example_sensors.py took 0.033 seconds
[2024-06-14T00:22:02.168+0200] {processor.py:161} INFO - Started process (PID=4271) to work on /home/hectorv/.local/lib/python3.10/site-packages/airflow/example_dags/example_sensors.py
[2024-06-14T00:22:02.169+0200] {processor.py:830} INFO - Processing file /home/hectorv/.local/lib/python3.10/site-packages/airflow/example_dags/example_sensors.py for tasks to queue
[2024-06-14T00:22:02.170+0200] {logging_mixin.py:188} INFO - [2024-06-14T00:22:02.170+0200] {dagbag.py:540} INFO - Filling up the DagBag from /home/hectorv/.local/lib/python3.10/site-packages/airflow/example_dags/example_sensors.py
[2024-06-14T00:22:02.173+0200] {processor.py:840} INFO - DAG(s) 'example_sensors' retrieved from /home/hectorv/.local/lib/python3.10/site-packages/airflow/example_dags/example_sensors.py
[2024-06-14T00:22:02.181+0200] {logging_mixin.py:188} INFO - [2024-06-14T00:22:02.181+0200] {dag.py:3096} INFO - Sync 1 DAGs
[2024-06-14T00:22:02.185+0200] {logging_mixin.py:188} INFO - [2024-06-14T00:22:02.185+0200] {dag.py:3954} INFO - Setting next_dagrun for example_sensors to None, run_after=None
[2024-06-14T00:22:02.201+0200] {processor.py:183} INFO - Processing /home/hectorv/.local/lib/python3.10/site-packages/airflow/example_dags/example_sensors.py took 0.036 seconds
[2024-06-14T00:23:01.778+0200] {processor.py:161} INFO - Started process (PID=4334) to work on /home/hectorv/.local/lib/python3.10/site-packages/airflow/example_dags/example_sensors.py
[2024-06-14T00:23:01.785+0200] {processor.py:830} INFO - Processing file /home/hectorv/.local/lib/python3.10/site-packages/airflow/example_dags/example_sensors.py for tasks to queue
[2024-06-14T00:23:01.785+0200] {logging_mixin.py:188} INFO - [2024-06-14T00:23:01.785+0200] {dagbag.py:540} INFO - Filling up the DagBag from /home/hectorv/.local/lib/python3.10/site-packages/airflow/example_dags/example_sensors.py
[2024-06-14T00:23:01.789+0200] {processor.py:840} INFO - DAG(s) 'example_sensors' retrieved from /home/hectorv/.local/lib/python3.10/site-packages/airflow/example_dags/example_sensors.py
[2024-06-14T00:23:01.796+0200] {logging_mixin.py:188} INFO - [2024-06-14T00:23:01.796+0200] {dag.py:3096} INFO - Sync 1 DAGs
[2024-06-14T00:23:01.800+0200] {logging_mixin.py:188} INFO - [2024-06-14T00:23:01.800+0200] {dag.py:3954} INFO - Setting next_dagrun for example_sensors to None, run_after=None
[2024-06-14T00:23:01.846+0200] {processor.py:183} INFO - Processing /home/hectorv/.local/lib/python3.10/site-packages/airflow/example_dags/example_sensors.py took 0.070 seconds
[2024-06-14T00:24:00.658+0200] {processor.py:161} INFO - Started process (PID=4394) to work on /home/hectorv/.local/lib/python3.10/site-packages/airflow/example_dags/example_sensors.py
[2024-06-14T00:24:00.659+0200] {processor.py:830} INFO - Processing file /home/hectorv/.local/lib/python3.10/site-packages/airflow/example_dags/example_sensors.py for tasks to queue
[2024-06-14T00:24:00.660+0200] {logging_mixin.py:188} INFO - [2024-06-14T00:24:00.660+0200] {dagbag.py:540} INFO - Filling up the DagBag from /home/hectorv/.local/lib/python3.10/site-packages/airflow/example_dags/example_sensors.py
[2024-06-14T00:24:00.663+0200] {processor.py:840} INFO - DAG(s) 'example_sensors' retrieved from /home/hectorv/.local/lib/python3.10/site-packages/airflow/example_dags/example_sensors.py
[2024-06-14T00:24:00.670+0200] {logging_mixin.py:188} INFO - [2024-06-14T00:24:00.670+0200] {dag.py:3096} INFO - Sync 1 DAGs
[2024-06-14T00:24:00.674+0200] {logging_mixin.py:188} INFO - [2024-06-14T00:24:00.674+0200] {dag.py:3954} INFO - Setting next_dagrun for example_sensors to None, run_after=None
[2024-06-14T00:24:00.691+0200] {processor.py:183} INFO - Processing /home/hectorv/.local/lib/python3.10/site-packages/airflow/example_dags/example_sensors.py took 0.035 seconds
[2024-06-14T00:24:58.257+0200] {processor.py:161} INFO - Started process (PID=4456) to work on /home/hectorv/.local/lib/python3.10/site-packages/airflow/example_dags/example_sensors.py
[2024-06-14T00:24:58.259+0200] {processor.py:830} INFO - Processing file /home/hectorv/.local/lib/python3.10/site-packages/airflow/example_dags/example_sensors.py for tasks to queue
[2024-06-14T00:24:58.259+0200] {logging_mixin.py:188} INFO - [2024-06-14T00:24:58.259+0200] {dagbag.py:540} INFO - Filling up the DagBag from /home/hectorv/.local/lib/python3.10/site-packages/airflow/example_dags/example_sensors.py
[2024-06-14T00:24:58.262+0200] {processor.py:840} INFO - DAG(s) 'example_sensors' retrieved from /home/hectorv/.local/lib/python3.10/site-packages/airflow/example_dags/example_sensors.py
[2024-06-14T00:24:58.269+0200] {logging_mixin.py:188} INFO - [2024-06-14T00:24:58.269+0200] {dag.py:3096} INFO - Sync 1 DAGs
[2024-06-14T00:24:58.273+0200] {logging_mixin.py:188} INFO - [2024-06-14T00:24:58.273+0200] {dag.py:3954} INFO - Setting next_dagrun for example_sensors to None, run_after=None
[2024-06-14T00:24:58.289+0200] {processor.py:183} INFO - Processing /home/hectorv/.local/lib/python3.10/site-packages/airflow/example_dags/example_sensors.py took 0.034 seconds
[2024-06-14T00:48:52.600+0200] {processor.py:161} INFO - Started process (PID=4556) to work on /home/hectorv/.local/lib/python3.10/site-packages/airflow/example_dags/example_sensors.py
[2024-06-14T00:48:52.601+0200] {processor.py:830} INFO - Processing file /home/hectorv/.local/lib/python3.10/site-packages/airflow/example_dags/example_sensors.py for tasks to queue
[2024-06-14T00:48:52.602+0200] {logging_mixin.py:188} INFO - [2024-06-14T00:48:52.601+0200] {dagbag.py:540} INFO - Filling up the DagBag from /home/hectorv/.local/lib/python3.10/site-packages/airflow/example_dags/example_sensors.py
[2024-06-14T00:48:52.604+0200] {processor.py:840} INFO - DAG(s) 'example_sensors' retrieved from /home/hectorv/.local/lib/python3.10/site-packages/airflow/example_dags/example_sensors.py
[2024-06-14T00:48:52.683+0200] {logging_mixin.py:188} INFO - [2024-06-14T00:48:52.683+0200] {dag.py:3096} INFO - Sync 1 DAGs
[2024-06-14T00:48:52.687+0200] {logging_mixin.py:188} INFO - [2024-06-14T00:48:52.687+0200] {dag.py:3954} INFO - Setting next_dagrun for example_sensors to None, run_after=None
[2024-06-14T00:48:52.702+0200] {processor.py:183} INFO - Processing /home/hectorv/.local/lib/python3.10/site-packages/airflow/example_dags/example_sensors.py took 0.104 seconds
[2024-06-14T00:49:45.043+0200] {processor.py:161} INFO - Started process (PID=4607) to work on /home/hectorv/.local/lib/python3.10/site-packages/airflow/example_dags/example_sensors.py
[2024-06-14T00:49:45.049+0200] {processor.py:830} INFO - Processing file /home/hectorv/.local/lib/python3.10/site-packages/airflow/example_dags/example_sensors.py for tasks to queue
[2024-06-14T00:49:45.049+0200] {logging_mixin.py:188} INFO - [2024-06-14T00:49:45.049+0200] {dagbag.py:540} INFO - Filling up the DagBag from /home/hectorv/.local/lib/python3.10/site-packages/airflow/example_dags/example_sensors.py
[2024-06-14T00:49:45.053+0200] {processor.py:840} INFO - DAG(s) 'example_sensors' retrieved from /home/hectorv/.local/lib/python3.10/site-packages/airflow/example_dags/example_sensors.py
[2024-06-14T00:49:45.059+0200] {logging_mixin.py:188} INFO - [2024-06-14T00:49:45.059+0200] {dag.py:3096} INFO - Sync 1 DAGs
[2024-06-14T00:49:45.063+0200] {logging_mixin.py:188} INFO - [2024-06-14T00:49:45.063+0200] {dag.py:3954} INFO - Setting next_dagrun for example_sensors to None, run_after=None
[2024-06-14T00:49:45.111+0200] {processor.py:183} INFO - Processing /home/hectorv/.local/lib/python3.10/site-packages/airflow/example_dags/example_sensors.py took 0.070 seconds
[2024-06-14T00:50:33.879+0200] {processor.py:161} INFO - Started process (PID=4658) to work on /home/hectorv/.local/lib/python3.10/site-packages/airflow/example_dags/example_sensors.py
[2024-06-14T00:50:33.881+0200] {processor.py:830} INFO - Processing file /home/hectorv/.local/lib/python3.10/site-packages/airflow/example_dags/example_sensors.py for tasks to queue
[2024-06-14T00:50:33.881+0200] {logging_mixin.py:188} INFO - [2024-06-14T00:50:33.881+0200] {dagbag.py:540} INFO - Filling up the DagBag from /home/hectorv/.local/lib/python3.10/site-packages/airflow/example_dags/example_sensors.py
[2024-06-14T00:50:33.930+0200] {processor.py:840} INFO - DAG(s) 'example_sensors' retrieved from /home/hectorv/.local/lib/python3.10/site-packages/airflow/example_dags/example_sensors.py
[2024-06-14T00:50:33.936+0200] {logging_mixin.py:188} INFO - [2024-06-14T00:50:33.936+0200] {dag.py:3096} INFO - Sync 1 DAGs
[2024-06-14T00:50:33.940+0200] {logging_mixin.py:188} INFO - [2024-06-14T00:50:33.940+0200] {dag.py:3954} INFO - Setting next_dagrun for example_sensors to None, run_after=None
[2024-06-14T00:50:33.960+0200] {processor.py:183} INFO - Processing /home/hectorv/.local/lib/python3.10/site-packages/airflow/example_dags/example_sensors.py took 0.083 seconds
[2024-06-14T00:51:34.615+0200] {processor.py:161} INFO - Started process (PID=4758) to work on /home/hectorv/.local/lib/python3.10/site-packages/airflow/example_dags/example_sensors.py
[2024-06-14T00:51:34.616+0200] {processor.py:830} INFO - Processing file /home/hectorv/.local/lib/python3.10/site-packages/airflow/example_dags/example_sensors.py for tasks to queue
[2024-06-14T00:51:34.617+0200] {logging_mixin.py:188} INFO - [2024-06-14T00:51:34.617+0200] {dagbag.py:540} INFO - Filling up the DagBag from /home/hectorv/.local/lib/python3.10/site-packages/airflow/example_dags/example_sensors.py
[2024-06-14T00:51:34.620+0200] {processor.py:840} INFO - DAG(s) 'example_sensors' retrieved from /home/hectorv/.local/lib/python3.10/site-packages/airflow/example_dags/example_sensors.py
[2024-06-14T00:51:34.627+0200] {logging_mixin.py:188} INFO - [2024-06-14T00:51:34.627+0200] {dag.py:3096} INFO - Sync 1 DAGs
[2024-06-14T00:51:34.631+0200] {logging_mixin.py:188} INFO - [2024-06-14T00:51:34.631+0200] {dag.py:3954} INFO - Setting next_dagrun for example_sensors to None, run_after=None
[2024-06-14T00:51:34.646+0200] {processor.py:183} INFO - Processing /home/hectorv/.local/lib/python3.10/site-packages/airflow/example_dags/example_sensors.py took 0.032 seconds
[2024-06-14T00:52:30.743+0200] {processor.py:161} INFO - Started process (PID=4837) to work on /home/hectorv/.local/lib/python3.10/site-packages/airflow/example_dags/example_sensors.py
[2024-06-14T00:52:30.743+0200] {processor.py:830} INFO - Processing file /home/hectorv/.local/lib/python3.10/site-packages/airflow/example_dags/example_sensors.py for tasks to queue
[2024-06-14T00:52:30.744+0200] {logging_mixin.py:188} INFO - [2024-06-14T00:52:30.744+0200] {dagbag.py:540} INFO - Filling up the DagBag from /home/hectorv/.local/lib/python3.10/site-packages/airflow/example_dags/example_sensors.py
[2024-06-14T00:52:30.747+0200] {processor.py:840} INFO - DAG(s) 'example_sensors' retrieved from /home/hectorv/.local/lib/python3.10/site-packages/airflow/example_dags/example_sensors.py
[2024-06-14T00:52:30.754+0200] {logging_mixin.py:188} INFO - [2024-06-14T00:52:30.754+0200] {dag.py:3096} INFO - Sync 1 DAGs
[2024-06-14T00:52:30.758+0200] {logging_mixin.py:188} INFO - [2024-06-14T00:52:30.758+0200] {dag.py:3954} INFO - Setting next_dagrun for example_sensors to None, run_after=None
[2024-06-14T00:52:30.772+0200] {processor.py:183} INFO - Processing /home/hectorv/.local/lib/python3.10/site-packages/airflow/example_dags/example_sensors.py took 0.031 seconds
[2024-06-14T00:53:24.426+0200] {processor.py:161} INFO - Started process (PID=11593) to work on /home/hectorv/.local/lib/python3.10/site-packages/airflow/example_dags/example_sensors.py
[2024-06-14T00:53:24.428+0200] {processor.py:830} INFO - Processing file /home/hectorv/.local/lib/python3.10/site-packages/airflow/example_dags/example_sensors.py for tasks to queue
[2024-06-14T00:53:24.429+0200] {logging_mixin.py:188} INFO - [2024-06-14T00:53:24.429+0200] {dagbag.py:540} INFO - Filling up the DagBag from /home/hectorv/.local/lib/python3.10/site-packages/airflow/example_dags/example_sensors.py
[2024-06-14T00:53:24.432+0200] {processor.py:840} INFO - DAG(s) 'example_sensors' retrieved from /home/hectorv/.local/lib/python3.10/site-packages/airflow/example_dags/example_sensors.py
[2024-06-14T00:53:24.439+0200] {logging_mixin.py:188} INFO - [2024-06-14T00:53:24.439+0200] {dag.py:3096} INFO - Sync 1 DAGs
[2024-06-14T00:53:24.443+0200] {logging_mixin.py:188} INFO - [2024-06-14T00:53:24.443+0200] {dag.py:3954} INFO - Setting next_dagrun for example_sensors to None, run_after=None
[2024-06-14T00:53:24.458+0200] {processor.py:183} INFO - Processing /home/hectorv/.local/lib/python3.10/site-packages/airflow/example_dags/example_sensors.py took 0.034 seconds
[2024-06-14T00:54:19.436+0200] {processor.py:161} INFO - Started process (PID=11772) to work on /home/hectorv/.local/lib/python3.10/site-packages/airflow/example_dags/example_sensors.py
[2024-06-14T00:54:19.438+0200] {processor.py:830} INFO - Processing file /home/hectorv/.local/lib/python3.10/site-packages/airflow/example_dags/example_sensors.py for tasks to queue
[2024-06-14T00:54:19.439+0200] {logging_mixin.py:188} INFO - [2024-06-14T00:54:19.438+0200] {dagbag.py:540} INFO - Filling up the DagBag from /home/hectorv/.local/lib/python3.10/site-packages/airflow/example_dags/example_sensors.py
[2024-06-14T00:54:19.442+0200] {processor.py:840} INFO - DAG(s) 'example_sensors' retrieved from /home/hectorv/.local/lib/python3.10/site-packages/airflow/example_dags/example_sensors.py
[2024-06-14T00:54:19.449+0200] {logging_mixin.py:188} INFO - [2024-06-14T00:54:19.449+0200] {dag.py:3096} INFO - Sync 1 DAGs
[2024-06-14T00:54:19.453+0200] {logging_mixin.py:188} INFO - [2024-06-14T00:54:19.453+0200] {dag.py:3954} INFO - Setting next_dagrun for example_sensors to None, run_after=None
[2024-06-14T00:54:19.467+0200] {processor.py:183} INFO - Processing /home/hectorv/.local/lib/python3.10/site-packages/airflow/example_dags/example_sensors.py took 0.034 seconds
[2024-06-14T00:55:18.716+0200] {processor.py:161} INFO - Started process (PID=12070) to work on /home/hectorv/.local/lib/python3.10/site-packages/airflow/example_dags/example_sensors.py
[2024-06-14T00:55:18.716+0200] {processor.py:830} INFO - Processing file /home/hectorv/.local/lib/python3.10/site-packages/airflow/example_dags/example_sensors.py for tasks to queue
[2024-06-14T00:55:18.717+0200] {logging_mixin.py:188} INFO - [2024-06-14T00:55:18.717+0200] {dagbag.py:540} INFO - Filling up the DagBag from /home/hectorv/.local/lib/python3.10/site-packages/airflow/example_dags/example_sensors.py
[2024-06-14T00:55:18.720+0200] {processor.py:840} INFO - DAG(s) 'example_sensors' retrieved from /home/hectorv/.local/lib/python3.10/site-packages/airflow/example_dags/example_sensors.py
[2024-06-14T00:55:18.727+0200] {logging_mixin.py:188} INFO - [2024-06-14T00:55:18.727+0200] {dag.py:3096} INFO - Sync 1 DAGs
[2024-06-14T00:55:18.731+0200] {logging_mixin.py:188} INFO - [2024-06-14T00:55:18.731+0200] {dag.py:3954} INFO - Setting next_dagrun for example_sensors to None, run_after=None
[2024-06-14T00:55:18.747+0200] {processor.py:183} INFO - Processing /home/hectorv/.local/lib/python3.10/site-packages/airflow/example_dags/example_sensors.py took 0.033 seconds
[2024-06-14T00:56:20.164+0200] {processor.py:161} INFO - Started process (PID=15398) to work on /home/hectorv/.local/lib/python3.10/site-packages/airflow/example_dags/example_sensors.py
[2024-06-14T00:56:20.166+0200] {processor.py:830} INFO - Processing file /home/hectorv/.local/lib/python3.10/site-packages/airflow/example_dags/example_sensors.py for tasks to queue
[2024-06-14T00:56:20.166+0200] {logging_mixin.py:188} INFO - [2024-06-14T00:56:20.166+0200] {dagbag.py:540} INFO - Filling up the DagBag from /home/hectorv/.local/lib/python3.10/site-packages/airflow/example_dags/example_sensors.py
[2024-06-14T00:56:20.170+0200] {processor.py:840} INFO - DAG(s) 'example_sensors' retrieved from /home/hectorv/.local/lib/python3.10/site-packages/airflow/example_dags/example_sensors.py
[2024-06-14T00:56:20.177+0200] {logging_mixin.py:188} INFO - [2024-06-14T00:56:20.176+0200] {dag.py:3096} INFO - Sync 1 DAGs
[2024-06-14T00:56:20.180+0200] {logging_mixin.py:188} INFO - [2024-06-14T00:56:20.180+0200] {dag.py:3954} INFO - Setting next_dagrun for example_sensors to None, run_after=None
[2024-06-14T00:56:20.195+0200] {processor.py:183} INFO - Processing /home/hectorv/.local/lib/python3.10/site-packages/airflow/example_dags/example_sensors.py took 0.033 seconds
[2024-06-14T01:02:41.678+0200] {processor.py:161} INFO - Started process (PID=6193) to work on /home/hectorv/.local/lib/python3.10/site-packages/airflow/example_dags/example_sensors.py
[2024-06-14T01:02:41.679+0200] {processor.py:830} INFO - Processing file /home/hectorv/.local/lib/python3.10/site-packages/airflow/example_dags/example_sensors.py for tasks to queue
[2024-06-14T01:02:41.679+0200] {logging_mixin.py:188} INFO - [2024-06-14T01:02:41.679+0200] {dagbag.py:540} INFO - Filling up the DagBag from /home/hectorv/.local/lib/python3.10/site-packages/airflow/example_dags/example_sensors.py
[2024-06-14T01:02:41.682+0200] {processor.py:840} INFO - DAG(s) 'example_sensors' retrieved from /home/hectorv/.local/lib/python3.10/site-packages/airflow/example_dags/example_sensors.py
[2024-06-14T01:02:41.758+0200] {logging_mixin.py:188} INFO - [2024-06-14T01:02:41.758+0200] {dag.py:3096} INFO - Sync 1 DAGs
[2024-06-14T01:02:41.761+0200] {logging_mixin.py:188} INFO - [2024-06-14T01:02:41.761+0200] {dag.py:3954} INFO - Setting next_dagrun for example_sensors to None, run_after=None
[2024-06-14T01:02:41.776+0200] {processor.py:183} INFO - Processing /home/hectorv/.local/lib/python3.10/site-packages/airflow/example_dags/example_sensors.py took 0.101 seconds
[2024-06-14T01:03:33.574+0200] {processor.py:161} INFO - Started process (PID=6584) to work on /home/hectorv/.local/lib/python3.10/site-packages/airflow/example_dags/example_sensors.py
[2024-06-14T01:03:33.575+0200] {processor.py:830} INFO - Processing file /home/hectorv/.local/lib/python3.10/site-packages/airflow/example_dags/example_sensors.py for tasks to queue
[2024-06-14T01:03:33.576+0200] {logging_mixin.py:188} INFO - [2024-06-14T01:03:33.576+0200] {dagbag.py:540} INFO - Filling up the DagBag from /home/hectorv/.local/lib/python3.10/site-packages/airflow/example_dags/example_sensors.py
[2024-06-14T01:03:33.579+0200] {processor.py:840} INFO - DAG(s) 'example_sensors' retrieved from /home/hectorv/.local/lib/python3.10/site-packages/airflow/example_dags/example_sensors.py
[2024-06-14T01:03:33.586+0200] {logging_mixin.py:188} INFO - [2024-06-14T01:03:33.586+0200] {dag.py:3096} INFO - Sync 1 DAGs
[2024-06-14T01:03:33.589+0200] {logging_mixin.py:188} INFO - [2024-06-14T01:03:33.589+0200] {dag.py:3954} INFO - Setting next_dagrun for example_sensors to None, run_after=None
[2024-06-14T01:03:33.604+0200] {processor.py:183} INFO - Processing /home/hectorv/.local/lib/python3.10/site-packages/airflow/example_dags/example_sensors.py took 0.032 seconds
[2024-06-14T01:04:23.757+0200] {processor.py:161} INFO - Started process (PID=6971) to work on /home/hectorv/.local/lib/python3.10/site-packages/airflow/example_dags/example_sensors.py
[2024-06-14T01:04:23.759+0200] {processor.py:830} INFO - Processing file /home/hectorv/.local/lib/python3.10/site-packages/airflow/example_dags/example_sensors.py for tasks to queue
[2024-06-14T01:04:23.759+0200] {logging_mixin.py:188} INFO - [2024-06-14T01:04:23.759+0200] {dagbag.py:540} INFO - Filling up the DagBag from /home/hectorv/.local/lib/python3.10/site-packages/airflow/example_dags/example_sensors.py
[2024-06-14T01:04:23.807+0200] {processor.py:840} INFO - DAG(s) 'example_sensors' retrieved from /home/hectorv/.local/lib/python3.10/site-packages/airflow/example_dags/example_sensors.py
[2024-06-14T01:04:23.813+0200] {logging_mixin.py:188} INFO - [2024-06-14T01:04:23.813+0200] {dag.py:3096} INFO - Sync 1 DAGs
[2024-06-14T01:04:23.816+0200] {logging_mixin.py:188} INFO - [2024-06-14T01:04:23.816+0200] {dag.py:3954} INFO - Setting next_dagrun for example_sensors to None, run_after=None
[2024-06-14T01:04:23.837+0200] {processor.py:183} INFO - Processing /home/hectorv/.local/lib/python3.10/site-packages/airflow/example_dags/example_sensors.py took 0.082 seconds
