[2024-06-13T23:19:52.774+0200] {processor.py:161} INFO - Started process (PID=471) to work on /home/hectorv/.local/lib/python3.10/site-packages/airflow/example_dags/example_xcom.py
[2024-06-13T23:19:52.775+0200] {processor.py:830} INFO - Processing file /home/hectorv/.local/lib/python3.10/site-packages/airflow/example_dags/example_xcom.py for tasks to queue
[2024-06-13T23:19:52.775+0200] {logging_mixin.py:188} INFO - [2024-06-13T23:19:52.775+0200] {dagbag.py:540} INFO - Filling up the DagBag from /home/hectorv/.local/lib/python3.10/site-packages/airflow/example_dags/example_xcom.py
[2024-06-13T23:19:52.778+0200] {processor.py:840} INFO - DAG(s) 'example_xcom' retrieved from /home/hectorv/.local/lib/python3.10/site-packages/airflow/example_dags/example_xcom.py
[2024-06-13T23:19:52.830+0200] {logging_mixin.py:188} INFO - [2024-06-13T23:19:52.830+0200] {override.py:1829} INFO - Created Permission View: can delete on DAG:example_xcom
[2024-06-13T23:19:52.888+0200] {logging_mixin.py:188} INFO - [2024-06-13T23:19:52.888+0200] {override.py:1829} INFO - Created Permission View: can read on DAG:example_xcom
[2024-06-13T23:19:52.899+0200] {logging_mixin.py:188} INFO - [2024-06-13T23:19:52.899+0200] {override.py:1829} INFO - Created Permission View: can edit on DAG:example_xcom
[2024-06-13T23:19:52.899+0200] {logging_mixin.py:188} INFO - [2024-06-13T23:19:52.899+0200] {dag.py:3096} INFO - Sync 1 DAGs
[2024-06-13T23:19:52.903+0200] {logging_mixin.py:188} INFO - [2024-06-13T23:19:52.903+0200] {dag.py:3118} INFO - Creating ORM DAG for example_xcom
[2024-06-13T23:19:52.906+0200] {logging_mixin.py:188} INFO - [2024-06-13T23:19:52.906+0200] {dag.py:3954} INFO - Setting next_dagrun for example_xcom to 2021-01-01 00:00:00+00:00, run_after=2021-01-01 00:00:00+00:00
[2024-06-13T23:19:52.940+0200] {processor.py:183} INFO - Processing /home/hectorv/.local/lib/python3.10/site-packages/airflow/example_dags/example_xcom.py took 0.168 seconds
[2024-06-13T23:20:42.508+0200] {processor.py:161} INFO - Started process (PID=522) to work on /home/hectorv/.local/lib/python3.10/site-packages/airflow/example_dags/example_xcom.py
[2024-06-13T23:20:42.510+0200] {processor.py:830} INFO - Processing file /home/hectorv/.local/lib/python3.10/site-packages/airflow/example_dags/example_xcom.py for tasks to queue
[2024-06-13T23:20:42.510+0200] {logging_mixin.py:188} INFO - [2024-06-13T23:20:42.510+0200] {dagbag.py:540} INFO - Filling up the DagBag from /home/hectorv/.local/lib/python3.10/site-packages/airflow/example_dags/example_xcom.py
[2024-06-13T23:20:42.513+0200] {processor.py:840} INFO - DAG(s) 'example_xcom' retrieved from /home/hectorv/.local/lib/python3.10/site-packages/airflow/example_dags/example_xcom.py
[2024-06-13T23:20:42.518+0200] {logging_mixin.py:188} INFO - [2024-06-13T23:20:42.518+0200] {dag.py:3096} INFO - Sync 1 DAGs
[2024-06-13T23:20:42.524+0200] {logging_mixin.py:188} INFO - [2024-06-13T23:20:42.524+0200] {dag.py:3954} INFO - Setting next_dagrun for example_xcom to 2021-01-01 00:00:00+00:00, run_after=2021-01-01 00:00:00+00:00
[2024-06-13T23:20:42.584+0200] {processor.py:183} INFO - Processing /home/hectorv/.local/lib/python3.10/site-packages/airflow/example_dags/example_xcom.py took 0.078 seconds
[2024-06-13T23:21:38.675+0200] {processor.py:161} INFO - Started process (PID=581) to work on /home/hectorv/.local/lib/python3.10/site-packages/airflow/example_dags/example_xcom.py
[2024-06-13T23:21:38.676+0200] {processor.py:830} INFO - Processing file /home/hectorv/.local/lib/python3.10/site-packages/airflow/example_dags/example_xcom.py for tasks to queue
[2024-06-13T23:21:38.677+0200] {logging_mixin.py:188} INFO - [2024-06-13T23:21:38.676+0200] {dagbag.py:540} INFO - Filling up the DagBag from /home/hectorv/.local/lib/python3.10/site-packages/airflow/example_dags/example_xcom.py
[2024-06-13T23:21:38.679+0200] {processor.py:840} INFO - DAG(s) 'example_xcom' retrieved from /home/hectorv/.local/lib/python3.10/site-packages/airflow/example_dags/example_xcom.py
[2024-06-13T23:21:38.685+0200] {logging_mixin.py:188} INFO - [2024-06-13T23:21:38.685+0200] {dag.py:3096} INFO - Sync 1 DAGs
[2024-06-13T23:21:38.690+0200] {logging_mixin.py:188} INFO - [2024-06-13T23:21:38.690+0200] {dag.py:3954} INFO - Setting next_dagrun for example_xcom to 2021-01-01 00:00:00+00:00, run_after=2021-01-01 00:00:00+00:00
[2024-06-13T23:21:38.706+0200] {processor.py:183} INFO - Processing /home/hectorv/.local/lib/python3.10/site-packages/airflow/example_dags/example_xcom.py took 0.032 seconds
[2024-06-13T23:22:39.152+0200] {processor.py:161} INFO - Started process (PID=644) to work on /home/hectorv/.local/lib/python3.10/site-packages/airflow/example_dags/example_xcom.py
[2024-06-13T23:22:39.153+0200] {processor.py:830} INFO - Processing file /home/hectorv/.local/lib/python3.10/site-packages/airflow/example_dags/example_xcom.py for tasks to queue
[2024-06-13T23:22:39.154+0200] {logging_mixin.py:188} INFO - [2024-06-13T23:22:39.154+0200] {dagbag.py:540} INFO - Filling up the DagBag from /home/hectorv/.local/lib/python3.10/site-packages/airflow/example_dags/example_xcom.py
[2024-06-13T23:22:39.157+0200] {processor.py:840} INFO - DAG(s) 'example_xcom' retrieved from /home/hectorv/.local/lib/python3.10/site-packages/airflow/example_dags/example_xcom.py
[2024-06-13T23:22:39.162+0200] {logging_mixin.py:188} INFO - [2024-06-13T23:22:39.162+0200] {dag.py:3096} INFO - Sync 1 DAGs
[2024-06-13T23:22:39.168+0200] {logging_mixin.py:188} INFO - [2024-06-13T23:22:39.168+0200] {dag.py:3954} INFO - Setting next_dagrun for example_xcom to 2021-01-01 00:00:00+00:00, run_after=2021-01-01 00:00:00+00:00
[2024-06-13T23:22:39.182+0200] {processor.py:183} INFO - Processing /home/hectorv/.local/lib/python3.10/site-packages/airflow/example_dags/example_xcom.py took 0.033 seconds
[2024-06-13T23:23:37.989+0200] {processor.py:161} INFO - Started process (PID=706) to work on /home/hectorv/.local/lib/python3.10/site-packages/airflow/example_dags/example_xcom.py
[2024-06-13T23:23:37.990+0200] {processor.py:830} INFO - Processing file /home/hectorv/.local/lib/python3.10/site-packages/airflow/example_dags/example_xcom.py for tasks to queue
[2024-06-13T23:23:37.991+0200] {logging_mixin.py:188} INFO - [2024-06-13T23:23:37.991+0200] {dagbag.py:540} INFO - Filling up the DagBag from /home/hectorv/.local/lib/python3.10/site-packages/airflow/example_dags/example_xcom.py
[2024-06-13T23:23:37.994+0200] {processor.py:840} INFO - DAG(s) 'example_xcom' retrieved from /home/hectorv/.local/lib/python3.10/site-packages/airflow/example_dags/example_xcom.py
[2024-06-13T23:23:38.000+0200] {logging_mixin.py:188} INFO - [2024-06-13T23:23:37.999+0200] {dag.py:3096} INFO - Sync 1 DAGs
[2024-06-13T23:23:38.006+0200] {logging_mixin.py:188} INFO - [2024-06-13T23:23:38.006+0200] {dag.py:3954} INFO - Setting next_dagrun for example_xcom to 2021-01-01 00:00:00+00:00, run_after=2021-01-01 00:00:00+00:00
[2024-06-13T23:23:38.022+0200] {processor.py:183} INFO - Processing /home/hectorv/.local/lib/python3.10/site-packages/airflow/example_dags/example_xcom.py took 0.035 seconds
[2024-06-13T23:24:34.770+0200] {processor.py:161} INFO - Started process (PID=770) to work on /home/hectorv/.local/lib/python3.10/site-packages/airflow/example_dags/example_xcom.py
[2024-06-13T23:24:34.772+0200] {processor.py:830} INFO - Processing file /home/hectorv/.local/lib/python3.10/site-packages/airflow/example_dags/example_xcom.py for tasks to queue
[2024-06-13T23:24:34.773+0200] {logging_mixin.py:188} INFO - [2024-06-13T23:24:34.773+0200] {dagbag.py:540} INFO - Filling up the DagBag from /home/hectorv/.local/lib/python3.10/site-packages/airflow/example_dags/example_xcom.py
[2024-06-13T23:24:34.776+0200] {processor.py:840} INFO - DAG(s) 'example_xcom' retrieved from /home/hectorv/.local/lib/python3.10/site-packages/airflow/example_dags/example_xcom.py
[2024-06-13T23:24:34.781+0200] {logging_mixin.py:188} INFO - [2024-06-13T23:24:34.781+0200] {dag.py:3096} INFO - Sync 1 DAGs
[2024-06-13T23:24:34.787+0200] {logging_mixin.py:188} INFO - [2024-06-13T23:24:34.787+0200] {dag.py:3954} INFO - Setting next_dagrun for example_xcom to 2021-01-01 00:00:00+00:00, run_after=2021-01-01 00:00:00+00:00
[2024-06-13T23:24:34.801+0200] {processor.py:183} INFO - Processing /home/hectorv/.local/lib/python3.10/site-packages/airflow/example_dags/example_xcom.py took 0.033 seconds
[2024-06-13T23:25:27.445+0200] {processor.py:161} INFO - Started process (PID=828) to work on /home/hectorv/.local/lib/python3.10/site-packages/airflow/example_dags/example_xcom.py
[2024-06-13T23:25:27.446+0200] {processor.py:830} INFO - Processing file /home/hectorv/.local/lib/python3.10/site-packages/airflow/example_dags/example_xcom.py for tasks to queue
[2024-06-13T23:25:27.447+0200] {logging_mixin.py:188} INFO - [2024-06-13T23:25:27.447+0200] {dagbag.py:540} INFO - Filling up the DagBag from /home/hectorv/.local/lib/python3.10/site-packages/airflow/example_dags/example_xcom.py
[2024-06-13T23:25:27.450+0200] {processor.py:840} INFO - DAG(s) 'example_xcom' retrieved from /home/hectorv/.local/lib/python3.10/site-packages/airflow/example_dags/example_xcom.py
[2024-06-13T23:25:27.455+0200] {logging_mixin.py:188} INFO - [2024-06-13T23:25:27.455+0200] {dag.py:3096} INFO - Sync 1 DAGs
[2024-06-13T23:25:27.461+0200] {logging_mixin.py:188} INFO - [2024-06-13T23:25:27.461+0200] {dag.py:3954} INFO - Setting next_dagrun for example_xcom to 2021-01-01 00:00:00+00:00, run_after=2021-01-01 00:00:00+00:00
[2024-06-13T23:25:27.476+0200] {processor.py:183} INFO - Processing /home/hectorv/.local/lib/python3.10/site-packages/airflow/example_dags/example_xcom.py took 0.032 seconds
[2024-06-13T23:26:24.961+0200] {processor.py:161} INFO - Started process (PID=888) to work on /home/hectorv/.local/lib/python3.10/site-packages/airflow/example_dags/example_xcom.py
[2024-06-13T23:26:24.962+0200] {processor.py:830} INFO - Processing file /home/hectorv/.local/lib/python3.10/site-packages/airflow/example_dags/example_xcom.py for tasks to queue
[2024-06-13T23:26:24.962+0200] {logging_mixin.py:188} INFO - [2024-06-13T23:26:24.962+0200] {dagbag.py:540} INFO - Filling up the DagBag from /home/hectorv/.local/lib/python3.10/site-packages/airflow/example_dags/example_xcom.py
[2024-06-13T23:26:24.965+0200] {processor.py:840} INFO - DAG(s) 'example_xcom' retrieved from /home/hectorv/.local/lib/python3.10/site-packages/airflow/example_dags/example_xcom.py
[2024-06-13T23:26:24.970+0200] {logging_mixin.py:188} INFO - [2024-06-13T23:26:24.970+0200] {dag.py:3096} INFO - Sync 1 DAGs
[2024-06-13T23:26:24.976+0200] {logging_mixin.py:188} INFO - [2024-06-13T23:26:24.976+0200] {dag.py:3954} INFO - Setting next_dagrun for example_xcom to 2021-01-01 00:00:00+00:00, run_after=2021-01-01 00:00:00+00:00
[2024-06-13T23:26:24.991+0200] {processor.py:183} INFO - Processing /home/hectorv/.local/lib/python3.10/site-packages/airflow/example_dags/example_xcom.py took 0.032 seconds
[2024-06-13T23:27:21.437+0200] {processor.py:161} INFO - Started process (PID=947) to work on /home/hectorv/.local/lib/python3.10/site-packages/airflow/example_dags/example_xcom.py
[2024-06-13T23:27:21.438+0200] {processor.py:830} INFO - Processing file /home/hectorv/.local/lib/python3.10/site-packages/airflow/example_dags/example_xcom.py for tasks to queue
[2024-06-13T23:27:21.439+0200] {logging_mixin.py:188} INFO - [2024-06-13T23:27:21.438+0200] {dagbag.py:540} INFO - Filling up the DagBag from /home/hectorv/.local/lib/python3.10/site-packages/airflow/example_dags/example_xcom.py
[2024-06-13T23:27:21.441+0200] {processor.py:840} INFO - DAG(s) 'example_xcom' retrieved from /home/hectorv/.local/lib/python3.10/site-packages/airflow/example_dags/example_xcom.py
[2024-06-13T23:27:21.447+0200] {logging_mixin.py:188} INFO - [2024-06-13T23:27:21.447+0200] {dag.py:3096} INFO - Sync 1 DAGs
[2024-06-13T23:27:21.454+0200] {logging_mixin.py:188} INFO - [2024-06-13T23:27:21.454+0200] {dag.py:3954} INFO - Setting next_dagrun for example_xcom to 2021-01-01 00:00:00+00:00, run_after=2021-01-01 00:00:00+00:00
[2024-06-13T23:27:21.469+0200] {processor.py:183} INFO - Processing /home/hectorv/.local/lib/python3.10/site-packages/airflow/example_dags/example_xcom.py took 0.034 seconds
[2024-06-13T23:28:21.185+0200] {processor.py:161} INFO - Started process (PID=1009) to work on /home/hectorv/.local/lib/python3.10/site-packages/airflow/example_dags/example_xcom.py
[2024-06-13T23:28:21.186+0200] {processor.py:830} INFO - Processing file /home/hectorv/.local/lib/python3.10/site-packages/airflow/example_dags/example_xcom.py for tasks to queue
[2024-06-13T23:28:21.187+0200] {logging_mixin.py:188} INFO - [2024-06-13T23:28:21.187+0200] {dagbag.py:540} INFO - Filling up the DagBag from /home/hectorv/.local/lib/python3.10/site-packages/airflow/example_dags/example_xcom.py
[2024-06-13T23:28:21.190+0200] {processor.py:840} INFO - DAG(s) 'example_xcom' retrieved from /home/hectorv/.local/lib/python3.10/site-packages/airflow/example_dags/example_xcom.py
[2024-06-13T23:28:21.195+0200] {logging_mixin.py:188} INFO - [2024-06-13T23:28:21.195+0200] {dag.py:3096} INFO - Sync 1 DAGs
[2024-06-13T23:28:21.201+0200] {logging_mixin.py:188} INFO - [2024-06-13T23:28:21.201+0200] {dag.py:3954} INFO - Setting next_dagrun for example_xcom to 2021-01-01 00:00:00+00:00, run_after=2021-01-01 00:00:00+00:00
[2024-06-13T23:28:21.216+0200] {processor.py:183} INFO - Processing /home/hectorv/.local/lib/python3.10/site-packages/airflow/example_dags/example_xcom.py took 0.033 seconds
[2024-06-13T23:29:20.477+0200] {processor.py:161} INFO - Started process (PID=1149) to work on /home/hectorv/.local/lib/python3.10/site-packages/airflow/example_dags/example_xcom.py
[2024-06-13T23:29:20.479+0200] {processor.py:830} INFO - Processing file /home/hectorv/.local/lib/python3.10/site-packages/airflow/example_dags/example_xcom.py for tasks to queue
[2024-06-13T23:29:20.479+0200] {logging_mixin.py:188} INFO - [2024-06-13T23:29:20.479+0200] {dagbag.py:540} INFO - Filling up the DagBag from /home/hectorv/.local/lib/python3.10/site-packages/airflow/example_dags/example_xcom.py
[2024-06-13T23:29:20.482+0200] {processor.py:840} INFO - DAG(s) 'example_xcom' retrieved from /home/hectorv/.local/lib/python3.10/site-packages/airflow/example_dags/example_xcom.py
[2024-06-13T23:29:20.487+0200] {logging_mixin.py:188} INFO - [2024-06-13T23:29:20.487+0200] {dag.py:3096} INFO - Sync 1 DAGs
[2024-06-13T23:29:20.494+0200] {logging_mixin.py:188} INFO - [2024-06-13T23:29:20.494+0200] {dag.py:3954} INFO - Setting next_dagrun for example_xcom to 2021-01-01 00:00:00+00:00, run_after=2021-01-01 00:00:00+00:00
[2024-06-13T23:29:20.509+0200] {processor.py:183} INFO - Processing /home/hectorv/.local/lib/python3.10/site-packages/airflow/example_dags/example_xcom.py took 0.034 seconds
[2024-06-13T23:30:20.873+0200] {processor.py:161} INFO - Started process (PID=1211) to work on /home/hectorv/.local/lib/python3.10/site-packages/airflow/example_dags/example_xcom.py
[2024-06-13T23:30:20.874+0200] {processor.py:830} INFO - Processing file /home/hectorv/.local/lib/python3.10/site-packages/airflow/example_dags/example_xcom.py for tasks to queue
[2024-06-13T23:30:20.875+0200] {logging_mixin.py:188} INFO - [2024-06-13T23:30:20.875+0200] {dagbag.py:540} INFO - Filling up the DagBag from /home/hectorv/.local/lib/python3.10/site-packages/airflow/example_dags/example_xcom.py
[2024-06-13T23:30:20.877+0200] {processor.py:840} INFO - DAG(s) 'example_xcom' retrieved from /home/hectorv/.local/lib/python3.10/site-packages/airflow/example_dags/example_xcom.py
[2024-06-13T23:30:20.883+0200] {logging_mixin.py:188} INFO - [2024-06-13T23:30:20.883+0200] {dag.py:3096} INFO - Sync 1 DAGs
[2024-06-13T23:30:20.890+0200] {logging_mixin.py:188} INFO - [2024-06-13T23:30:20.889+0200] {dag.py:3954} INFO - Setting next_dagrun for example_xcom to 2021-01-01 00:00:00+00:00, run_after=2021-01-01 00:00:00+00:00
[2024-06-13T23:30:20.904+0200] {processor.py:183} INFO - Processing /home/hectorv/.local/lib/python3.10/site-packages/airflow/example_dags/example_xcom.py took 0.033 seconds
[2024-06-13T23:31:19.583+0200] {processor.py:161} INFO - Started process (PID=1273) to work on /home/hectorv/.local/lib/python3.10/site-packages/airflow/example_dags/example_xcom.py
[2024-06-13T23:31:19.585+0200] {processor.py:830} INFO - Processing file /home/hectorv/.local/lib/python3.10/site-packages/airflow/example_dags/example_xcom.py for tasks to queue
[2024-06-13T23:31:19.585+0200] {logging_mixin.py:188} INFO - [2024-06-13T23:31:19.585+0200] {dagbag.py:540} INFO - Filling up the DagBag from /home/hectorv/.local/lib/python3.10/site-packages/airflow/example_dags/example_xcom.py
[2024-06-13T23:31:19.588+0200] {processor.py:840} INFO - DAG(s) 'example_xcom' retrieved from /home/hectorv/.local/lib/python3.10/site-packages/airflow/example_dags/example_xcom.py
[2024-06-13T23:31:19.593+0200] {logging_mixin.py:188} INFO - [2024-06-13T23:31:19.593+0200] {dag.py:3096} INFO - Sync 1 DAGs
[2024-06-13T23:31:19.599+0200] {logging_mixin.py:188} INFO - [2024-06-13T23:31:19.599+0200] {dag.py:3954} INFO - Setting next_dagrun for example_xcom to 2021-01-01 00:00:00+00:00, run_after=2021-01-01 00:00:00+00:00
[2024-06-13T23:31:19.614+0200] {processor.py:183} INFO - Processing /home/hectorv/.local/lib/python3.10/site-packages/airflow/example_dags/example_xcom.py took 0.033 seconds
[2024-06-13T23:32:19.981+0200] {processor.py:161} INFO - Started process (PID=1335) to work on /home/hectorv/.local/lib/python3.10/site-packages/airflow/example_dags/example_xcom.py
[2024-06-13T23:32:19.983+0200] {processor.py:830} INFO - Processing file /home/hectorv/.local/lib/python3.10/site-packages/airflow/example_dags/example_xcom.py for tasks to queue
[2024-06-13T23:32:19.984+0200] {logging_mixin.py:188} INFO - [2024-06-13T23:32:19.984+0200] {dagbag.py:540} INFO - Filling up the DagBag from /home/hectorv/.local/lib/python3.10/site-packages/airflow/example_dags/example_xcom.py
[2024-06-13T23:32:19.986+0200] {processor.py:840} INFO - DAG(s) 'example_xcom' retrieved from /home/hectorv/.local/lib/python3.10/site-packages/airflow/example_dags/example_xcom.py
[2024-06-13T23:32:19.992+0200] {logging_mixin.py:188} INFO - [2024-06-13T23:32:19.992+0200] {dag.py:3096} INFO - Sync 1 DAGs
[2024-06-13T23:32:19.998+0200] {logging_mixin.py:188} INFO - [2024-06-13T23:32:19.998+0200] {dag.py:3954} INFO - Setting next_dagrun for example_xcom to 2021-01-01 00:00:00+00:00, run_after=2021-01-01 00:00:00+00:00
[2024-06-13T23:32:20.013+0200] {processor.py:183} INFO - Processing /home/hectorv/.local/lib/python3.10/site-packages/airflow/example_dags/example_xcom.py took 0.034 seconds
[2024-06-13T23:33:16.458+0200] {processor.py:161} INFO - Started process (PID=1395) to work on /home/hectorv/.local/lib/python3.10/site-packages/airflow/example_dags/example_xcom.py
[2024-06-13T23:33:16.460+0200] {processor.py:830} INFO - Processing file /home/hectorv/.local/lib/python3.10/site-packages/airflow/example_dags/example_xcom.py for tasks to queue
[2024-06-13T23:33:16.460+0200] {logging_mixin.py:188} INFO - [2024-06-13T23:33:16.460+0200] {dagbag.py:540} INFO - Filling up the DagBag from /home/hectorv/.local/lib/python3.10/site-packages/airflow/example_dags/example_xcom.py
[2024-06-13T23:33:16.463+0200] {processor.py:840} INFO - DAG(s) 'example_xcom' retrieved from /home/hectorv/.local/lib/python3.10/site-packages/airflow/example_dags/example_xcom.py
[2024-06-13T23:33:16.469+0200] {logging_mixin.py:188} INFO - [2024-06-13T23:33:16.469+0200] {dag.py:3096} INFO - Sync 1 DAGs
[2024-06-13T23:33:16.475+0200] {logging_mixin.py:188} INFO - [2024-06-13T23:33:16.475+0200] {dag.py:3954} INFO - Setting next_dagrun for example_xcom to 2021-01-01 00:00:00+00:00, run_after=2021-01-01 00:00:00+00:00
[2024-06-13T23:33:16.490+0200] {processor.py:183} INFO - Processing /home/hectorv/.local/lib/python3.10/site-packages/airflow/example_dags/example_xcom.py took 0.034 seconds
[2024-06-13T23:34:12.858+0200] {processor.py:161} INFO - Started process (PID=1467) to work on /home/hectorv/.local/lib/python3.10/site-packages/airflow/example_dags/example_xcom.py
[2024-06-13T23:34:12.859+0200] {processor.py:830} INFO - Processing file /home/hectorv/.local/lib/python3.10/site-packages/airflow/example_dags/example_xcom.py for tasks to queue
[2024-06-13T23:34:12.859+0200] {logging_mixin.py:188} INFO - [2024-06-13T23:34:12.859+0200] {dagbag.py:540} INFO - Filling up the DagBag from /home/hectorv/.local/lib/python3.10/site-packages/airflow/example_dags/example_xcom.py
[2024-06-13T23:34:12.862+0200] {processor.py:840} INFO - DAG(s) 'example_xcom' retrieved from /home/hectorv/.local/lib/python3.10/site-packages/airflow/example_dags/example_xcom.py
[2024-06-13T23:34:12.868+0200] {logging_mixin.py:188} INFO - [2024-06-13T23:34:12.868+0200] {dag.py:3096} INFO - Sync 1 DAGs
[2024-06-13T23:34:12.874+0200] {logging_mixin.py:188} INFO - [2024-06-13T23:34:12.874+0200] {dag.py:3954} INFO - Setting next_dagrun for example_xcom to 2021-01-01 00:00:00+00:00, run_after=2021-01-01 00:00:00+00:00
[2024-06-13T23:34:12.890+0200] {processor.py:183} INFO - Processing /home/hectorv/.local/lib/python3.10/site-packages/airflow/example_dags/example_xcom.py took 0.034 seconds
[2024-06-13T23:35:13.621+0200] {processor.py:161} INFO - Started process (PID=1528) to work on /home/hectorv/.local/lib/python3.10/site-packages/airflow/example_dags/example_xcom.py
[2024-06-13T23:35:13.623+0200] {processor.py:830} INFO - Processing file /home/hectorv/.local/lib/python3.10/site-packages/airflow/example_dags/example_xcom.py for tasks to queue
[2024-06-13T23:35:13.624+0200] {logging_mixin.py:188} INFO - [2024-06-13T23:35:13.624+0200] {dagbag.py:540} INFO - Filling up the DagBag from /home/hectorv/.local/lib/python3.10/site-packages/airflow/example_dags/example_xcom.py
[2024-06-13T23:35:13.627+0200] {processor.py:840} INFO - DAG(s) 'example_xcom' retrieved from /home/hectorv/.local/lib/python3.10/site-packages/airflow/example_dags/example_xcom.py
[2024-06-13T23:35:13.632+0200] {logging_mixin.py:188} INFO - [2024-06-13T23:35:13.632+0200] {dag.py:3096} INFO - Sync 1 DAGs
[2024-06-13T23:35:13.639+0200] {logging_mixin.py:188} INFO - [2024-06-13T23:35:13.639+0200] {dag.py:3954} INFO - Setting next_dagrun for example_xcom to 2021-01-01 00:00:00+00:00, run_after=2021-01-01 00:00:00+00:00
[2024-06-13T23:35:13.689+0200] {processor.py:183} INFO - Processing /home/hectorv/.local/lib/python3.10/site-packages/airflow/example_dags/example_xcom.py took 0.071 seconds
[2024-06-13T23:36:16.184+0200] {processor.py:161} INFO - Started process (PID=1594) to work on /home/hectorv/.local/lib/python3.10/site-packages/airflow/example_dags/example_xcom.py
[2024-06-13T23:36:16.185+0200] {processor.py:830} INFO - Processing file /home/hectorv/.local/lib/python3.10/site-packages/airflow/example_dags/example_xcom.py for tasks to queue
[2024-06-13T23:36:16.186+0200] {logging_mixin.py:188} INFO - [2024-06-13T23:36:16.186+0200] {dagbag.py:540} INFO - Filling up the DagBag from /home/hectorv/.local/lib/python3.10/site-packages/airflow/example_dags/example_xcom.py
[2024-06-13T23:36:16.189+0200] {processor.py:840} INFO - DAG(s) 'example_xcom' retrieved from /home/hectorv/.local/lib/python3.10/site-packages/airflow/example_dags/example_xcom.py
[2024-06-13T23:36:16.194+0200] {logging_mixin.py:188} INFO - [2024-06-13T23:36:16.194+0200] {dag.py:3096} INFO - Sync 1 DAGs
[2024-06-13T23:36:16.200+0200] {logging_mixin.py:188} INFO - [2024-06-13T23:36:16.200+0200] {dag.py:3954} INFO - Setting next_dagrun for example_xcom to 2021-01-01 00:00:00+00:00, run_after=2021-01-01 00:00:00+00:00
[2024-06-13T23:36:16.234+0200] {processor.py:183} INFO - Processing /home/hectorv/.local/lib/python3.10/site-packages/airflow/example_dags/example_xcom.py took 0.053 seconds
[2024-06-13T23:37:12.844+0200] {processor.py:161} INFO - Started process (PID=1654) to work on /home/hectorv/.local/lib/python3.10/site-packages/airflow/example_dags/example_xcom.py
[2024-06-13T23:37:12.846+0200] {processor.py:830} INFO - Processing file /home/hectorv/.local/lib/python3.10/site-packages/airflow/example_dags/example_xcom.py for tasks to queue
[2024-06-13T23:37:12.847+0200] {logging_mixin.py:188} INFO - [2024-06-13T23:37:12.847+0200] {dagbag.py:540} INFO - Filling up the DagBag from /home/hectorv/.local/lib/python3.10/site-packages/airflow/example_dags/example_xcom.py
[2024-06-13T23:37:12.849+0200] {processor.py:840} INFO - DAG(s) 'example_xcom' retrieved from /home/hectorv/.local/lib/python3.10/site-packages/airflow/example_dags/example_xcom.py
[2024-06-13T23:37:12.855+0200] {logging_mixin.py:188} INFO - [2024-06-13T23:37:12.855+0200] {dag.py:3096} INFO - Sync 1 DAGs
[2024-06-13T23:37:12.861+0200] {logging_mixin.py:188} INFO - [2024-06-13T23:37:12.861+0200] {dag.py:3954} INFO - Setting next_dagrun for example_xcom to 2021-01-01 00:00:00+00:00, run_after=2021-01-01 00:00:00+00:00
[2024-06-13T23:37:12.875+0200] {processor.py:183} INFO - Processing /home/hectorv/.local/lib/python3.10/site-packages/airflow/example_dags/example_xcom.py took 0.033 seconds
[2024-06-13T23:38:10.722+0200] {processor.py:161} INFO - Started process (PID=1714) to work on /home/hectorv/.local/lib/python3.10/site-packages/airflow/example_dags/example_xcom.py
[2024-06-13T23:38:10.724+0200] {processor.py:830} INFO - Processing file /home/hectorv/.local/lib/python3.10/site-packages/airflow/example_dags/example_xcom.py for tasks to queue
[2024-06-13T23:38:10.724+0200] {logging_mixin.py:188} INFO - [2024-06-13T23:38:10.724+0200] {dagbag.py:540} INFO - Filling up the DagBag from /home/hectorv/.local/lib/python3.10/site-packages/airflow/example_dags/example_xcom.py
[2024-06-13T23:38:10.727+0200] {processor.py:840} INFO - DAG(s) 'example_xcom' retrieved from /home/hectorv/.local/lib/python3.10/site-packages/airflow/example_dags/example_xcom.py
[2024-06-13T23:38:10.732+0200] {logging_mixin.py:188} INFO - [2024-06-13T23:38:10.732+0200] {dag.py:3096} INFO - Sync 1 DAGs
[2024-06-13T23:38:10.738+0200] {logging_mixin.py:188} INFO - [2024-06-13T23:38:10.738+0200] {dag.py:3954} INFO - Setting next_dagrun for example_xcom to 2021-01-01 00:00:00+00:00, run_after=2021-01-01 00:00:00+00:00
[2024-06-13T23:38:10.754+0200] {processor.py:183} INFO - Processing /home/hectorv/.local/lib/python3.10/site-packages/airflow/example_dags/example_xcom.py took 0.034 seconds
[2024-06-13T23:39:10.845+0200] {processor.py:161} INFO - Started process (PID=1776) to work on /home/hectorv/.local/lib/python3.10/site-packages/airflow/example_dags/example_xcom.py
[2024-06-13T23:39:10.847+0200] {processor.py:830} INFO - Processing file /home/hectorv/.local/lib/python3.10/site-packages/airflow/example_dags/example_xcom.py for tasks to queue
[2024-06-13T23:39:10.848+0200] {logging_mixin.py:188} INFO - [2024-06-13T23:39:10.847+0200] {dagbag.py:540} INFO - Filling up the DagBag from /home/hectorv/.local/lib/python3.10/site-packages/airflow/example_dags/example_xcom.py
[2024-06-13T23:39:10.850+0200] {processor.py:840} INFO - DAG(s) 'example_xcom' retrieved from /home/hectorv/.local/lib/python3.10/site-packages/airflow/example_dags/example_xcom.py
[2024-06-13T23:39:10.856+0200] {logging_mixin.py:188} INFO - [2024-06-13T23:39:10.856+0200] {dag.py:3096} INFO - Sync 1 DAGs
[2024-06-13T23:39:10.862+0200] {logging_mixin.py:188} INFO - [2024-06-13T23:39:10.861+0200] {dag.py:3954} INFO - Setting next_dagrun for example_xcom to 2021-01-01 00:00:00+00:00, run_after=2021-01-01 00:00:00+00:00
[2024-06-13T23:39:10.876+0200] {processor.py:183} INFO - Processing /home/hectorv/.local/lib/python3.10/site-packages/airflow/example_dags/example_xcom.py took 0.033 seconds
[2024-06-13T23:40:07.287+0200] {processor.py:161} INFO - Started process (PID=1836) to work on /home/hectorv/.local/lib/python3.10/site-packages/airflow/example_dags/example_xcom.py
[2024-06-13T23:40:07.289+0200] {processor.py:830} INFO - Processing file /home/hectorv/.local/lib/python3.10/site-packages/airflow/example_dags/example_xcom.py for tasks to queue
[2024-06-13T23:40:07.290+0200] {logging_mixin.py:188} INFO - [2024-06-13T23:40:07.289+0200] {dagbag.py:540} INFO - Filling up the DagBag from /home/hectorv/.local/lib/python3.10/site-packages/airflow/example_dags/example_xcom.py
[2024-06-13T23:40:07.292+0200] {processor.py:840} INFO - DAG(s) 'example_xcom' retrieved from /home/hectorv/.local/lib/python3.10/site-packages/airflow/example_dags/example_xcom.py
[2024-06-13T23:40:07.297+0200] {logging_mixin.py:188} INFO - [2024-06-13T23:40:07.297+0200] {dag.py:3096} INFO - Sync 1 DAGs
[2024-06-13T23:40:07.303+0200] {logging_mixin.py:188} INFO - [2024-06-13T23:40:07.303+0200] {dag.py:3954} INFO - Setting next_dagrun for example_xcom to 2021-01-01 00:00:00+00:00, run_after=2021-01-01 00:00:00+00:00
[2024-06-13T23:40:07.318+0200] {processor.py:183} INFO - Processing /home/hectorv/.local/lib/python3.10/site-packages/airflow/example_dags/example_xcom.py took 0.032 seconds
[2024-06-13T23:41:04.998+0200] {processor.py:161} INFO - Started process (PID=1897) to work on /home/hectorv/.local/lib/python3.10/site-packages/airflow/example_dags/example_xcom.py
[2024-06-13T23:41:05.000+0200] {processor.py:830} INFO - Processing file /home/hectorv/.local/lib/python3.10/site-packages/airflow/example_dags/example_xcom.py for tasks to queue
[2024-06-13T23:41:05.001+0200] {logging_mixin.py:188} INFO - [2024-06-13T23:41:05.001+0200] {dagbag.py:540} INFO - Filling up the DagBag from /home/hectorv/.local/lib/python3.10/site-packages/airflow/example_dags/example_xcom.py
[2024-06-13T23:41:05.003+0200] {processor.py:840} INFO - DAG(s) 'example_xcom' retrieved from /home/hectorv/.local/lib/python3.10/site-packages/airflow/example_dags/example_xcom.py
[2024-06-13T23:41:05.009+0200] {logging_mixin.py:188} INFO - [2024-06-13T23:41:05.009+0200] {dag.py:3096} INFO - Sync 1 DAGs
[2024-06-13T23:41:05.015+0200] {logging_mixin.py:188} INFO - [2024-06-13T23:41:05.014+0200] {dag.py:3954} INFO - Setting next_dagrun for example_xcom to 2021-01-01 00:00:00+00:00, run_after=2021-01-01 00:00:00+00:00
[2024-06-13T23:41:05.030+0200] {processor.py:183} INFO - Processing /home/hectorv/.local/lib/python3.10/site-packages/airflow/example_dags/example_xcom.py took 0.034 seconds
[2024-06-13T23:42:02.935+0200] {processor.py:161} INFO - Started process (PID=1957) to work on /home/hectorv/.local/lib/python3.10/site-packages/airflow/example_dags/example_xcom.py
[2024-06-13T23:42:02.936+0200] {processor.py:830} INFO - Processing file /home/hectorv/.local/lib/python3.10/site-packages/airflow/example_dags/example_xcom.py for tasks to queue
[2024-06-13T23:42:02.936+0200] {logging_mixin.py:188} INFO - [2024-06-13T23:42:02.936+0200] {dagbag.py:540} INFO - Filling up the DagBag from /home/hectorv/.local/lib/python3.10/site-packages/airflow/example_dags/example_xcom.py
[2024-06-13T23:42:02.939+0200] {processor.py:840} INFO - DAG(s) 'example_xcom' retrieved from /home/hectorv/.local/lib/python3.10/site-packages/airflow/example_dags/example_xcom.py
[2024-06-13T23:42:02.944+0200] {logging_mixin.py:188} INFO - [2024-06-13T23:42:02.944+0200] {dag.py:3096} INFO - Sync 1 DAGs
[2024-06-13T23:42:02.950+0200] {logging_mixin.py:188} INFO - [2024-06-13T23:42:02.950+0200] {dag.py:3954} INFO - Setting next_dagrun for example_xcom to 2021-01-01 00:00:00+00:00, run_after=2021-01-01 00:00:00+00:00
[2024-06-13T23:42:02.965+0200] {processor.py:183} INFO - Processing /home/hectorv/.local/lib/python3.10/site-packages/airflow/example_dags/example_xcom.py took 0.033 seconds
[2024-06-13T23:43:02.525+0200] {processor.py:161} INFO - Started process (PID=2018) to work on /home/hectorv/.local/lib/python3.10/site-packages/airflow/example_dags/example_xcom.py
[2024-06-13T23:43:02.527+0200] {processor.py:830} INFO - Processing file /home/hectorv/.local/lib/python3.10/site-packages/airflow/example_dags/example_xcom.py for tasks to queue
[2024-06-13T23:43:02.527+0200] {logging_mixin.py:188} INFO - [2024-06-13T23:43:02.527+0200] {dagbag.py:540} INFO - Filling up the DagBag from /home/hectorv/.local/lib/python3.10/site-packages/airflow/example_dags/example_xcom.py
[2024-06-13T23:43:02.530+0200] {processor.py:840} INFO - DAG(s) 'example_xcom' retrieved from /home/hectorv/.local/lib/python3.10/site-packages/airflow/example_dags/example_xcom.py
[2024-06-13T23:43:02.535+0200] {logging_mixin.py:188} INFO - [2024-06-13T23:43:02.535+0200] {dag.py:3096} INFO - Sync 1 DAGs
[2024-06-13T23:43:02.541+0200] {logging_mixin.py:188} INFO - [2024-06-13T23:43:02.541+0200] {dag.py:3954} INFO - Setting next_dagrun for example_xcom to 2021-01-01 00:00:00+00:00, run_after=2021-01-01 00:00:00+00:00
[2024-06-13T23:43:02.556+0200] {processor.py:183} INFO - Processing /home/hectorv/.local/lib/python3.10/site-packages/airflow/example_dags/example_xcom.py took 0.033 seconds
[2024-06-13T23:43:58.996+0200] {processor.py:161} INFO - Started process (PID=2078) to work on /home/hectorv/.local/lib/python3.10/site-packages/airflow/example_dags/example_xcom.py
[2024-06-13T23:43:58.998+0200] {processor.py:830} INFO - Processing file /home/hectorv/.local/lib/python3.10/site-packages/airflow/example_dags/example_xcom.py for tasks to queue
[2024-06-13T23:43:58.998+0200] {logging_mixin.py:188} INFO - [2024-06-13T23:43:58.998+0200] {dagbag.py:540} INFO - Filling up the DagBag from /home/hectorv/.local/lib/python3.10/site-packages/airflow/example_dags/example_xcom.py
[2024-06-13T23:43:59.001+0200] {processor.py:840} INFO - DAG(s) 'example_xcom' retrieved from /home/hectorv/.local/lib/python3.10/site-packages/airflow/example_dags/example_xcom.py
[2024-06-13T23:43:59.006+0200] {logging_mixin.py:188} INFO - [2024-06-13T23:43:59.006+0200] {dag.py:3096} INFO - Sync 1 DAGs
[2024-06-13T23:43:59.012+0200] {logging_mixin.py:188} INFO - [2024-06-13T23:43:59.012+0200] {dag.py:3954} INFO - Setting next_dagrun for example_xcom to 2021-01-01 00:00:00+00:00, run_after=2021-01-01 00:00:00+00:00
[2024-06-13T23:43:59.026+0200] {processor.py:183} INFO - Processing /home/hectorv/.local/lib/python3.10/site-packages/airflow/example_dags/example_xcom.py took 0.033 seconds
[2024-06-13T23:44:56.548+0200] {processor.py:161} INFO - Started process (PID=2139) to work on /home/hectorv/.local/lib/python3.10/site-packages/airflow/example_dags/example_xcom.py
[2024-06-13T23:44:56.550+0200] {processor.py:830} INFO - Processing file /home/hectorv/.local/lib/python3.10/site-packages/airflow/example_dags/example_xcom.py for tasks to queue
[2024-06-13T23:44:56.550+0200] {logging_mixin.py:188} INFO - [2024-06-13T23:44:56.550+0200] {dagbag.py:540} INFO - Filling up the DagBag from /home/hectorv/.local/lib/python3.10/site-packages/airflow/example_dags/example_xcom.py
[2024-06-13T23:44:56.553+0200] {processor.py:840} INFO - DAG(s) 'example_xcom' retrieved from /home/hectorv/.local/lib/python3.10/site-packages/airflow/example_dags/example_xcom.py
[2024-06-13T23:44:56.558+0200] {logging_mixin.py:188} INFO - [2024-06-13T23:44:56.558+0200] {dag.py:3096} INFO - Sync 1 DAGs
[2024-06-13T23:44:56.564+0200] {logging_mixin.py:188} INFO - [2024-06-13T23:44:56.564+0200] {dag.py:3954} INFO - Setting next_dagrun for example_xcom to 2021-01-01 00:00:00+00:00, run_after=2021-01-01 00:00:00+00:00
[2024-06-13T23:44:56.579+0200] {processor.py:183} INFO - Processing /home/hectorv/.local/lib/python3.10/site-packages/airflow/example_dags/example_xcom.py took 0.033 seconds
[2024-06-13T23:45:53.803+0200] {processor.py:161} INFO - Started process (PID=2199) to work on /home/hectorv/.local/lib/python3.10/site-packages/airflow/example_dags/example_xcom.py
[2024-06-13T23:45:53.810+0200] {processor.py:830} INFO - Processing file /home/hectorv/.local/lib/python3.10/site-packages/airflow/example_dags/example_xcom.py for tasks to queue
[2024-06-13T23:45:53.811+0200] {logging_mixin.py:188} INFO - [2024-06-13T23:45:53.811+0200] {dagbag.py:540} INFO - Filling up the DagBag from /home/hectorv/.local/lib/python3.10/site-packages/airflow/example_dags/example_xcom.py
[2024-06-13T23:45:53.814+0200] {processor.py:840} INFO - DAG(s) 'example_xcom' retrieved from /home/hectorv/.local/lib/python3.10/site-packages/airflow/example_dags/example_xcom.py
[2024-06-13T23:45:53.819+0200] {logging_mixin.py:188} INFO - [2024-06-13T23:45:53.819+0200] {dag.py:3096} INFO - Sync 1 DAGs
[2024-06-13T23:45:53.825+0200] {logging_mixin.py:188} INFO - [2024-06-13T23:45:53.825+0200] {dag.py:3954} INFO - Setting next_dagrun for example_xcom to 2021-01-01 00:00:00+00:00, run_after=2021-01-01 00:00:00+00:00
[2024-06-13T23:45:53.876+0200] {processor.py:183} INFO - Processing /home/hectorv/.local/lib/python3.10/site-packages/airflow/example_dags/example_xcom.py took 0.075 seconds
[2024-06-13T23:46:55.624+0200] {processor.py:161} INFO - Started process (PID=2263) to work on /home/hectorv/.local/lib/python3.10/site-packages/airflow/example_dags/example_xcom.py
[2024-06-13T23:46:55.627+0200] {processor.py:830} INFO - Processing file /home/hectorv/.local/lib/python3.10/site-packages/airflow/example_dags/example_xcom.py for tasks to queue
[2024-06-13T23:46:55.627+0200] {logging_mixin.py:188} INFO - [2024-06-13T23:46:55.627+0200] {dagbag.py:540} INFO - Filling up the DagBag from /home/hectorv/.local/lib/python3.10/site-packages/airflow/example_dags/example_xcom.py
[2024-06-13T23:46:55.630+0200] {processor.py:840} INFO - DAG(s) 'example_xcom' retrieved from /home/hectorv/.local/lib/python3.10/site-packages/airflow/example_dags/example_xcom.py
[2024-06-13T23:46:55.635+0200] {logging_mixin.py:188} INFO - [2024-06-13T23:46:55.635+0200] {dag.py:3096} INFO - Sync 1 DAGs
[2024-06-13T23:46:55.641+0200] {logging_mixin.py:188} INFO - [2024-06-13T23:46:55.641+0200] {dag.py:3954} INFO - Setting next_dagrun for example_xcom to 2021-01-01 00:00:00+00:00, run_after=2021-01-01 00:00:00+00:00
[2024-06-13T23:46:55.656+0200] {processor.py:183} INFO - Processing /home/hectorv/.local/lib/python3.10/site-packages/airflow/example_dags/example_xcom.py took 0.034 seconds
[2024-06-13T23:47:53.161+0200] {processor.py:161} INFO - Started process (PID=2323) to work on /home/hectorv/.local/lib/python3.10/site-packages/airflow/example_dags/example_xcom.py
[2024-06-13T23:47:53.162+0200] {processor.py:830} INFO - Processing file /home/hectorv/.local/lib/python3.10/site-packages/airflow/example_dags/example_xcom.py for tasks to queue
[2024-06-13T23:47:53.162+0200] {logging_mixin.py:188} INFO - [2024-06-13T23:47:53.162+0200] {dagbag.py:540} INFO - Filling up the DagBag from /home/hectorv/.local/lib/python3.10/site-packages/airflow/example_dags/example_xcom.py
[2024-06-13T23:47:53.165+0200] {processor.py:840} INFO - DAG(s) 'example_xcom' retrieved from /home/hectorv/.local/lib/python3.10/site-packages/airflow/example_dags/example_xcom.py
[2024-06-13T23:47:53.170+0200] {logging_mixin.py:188} INFO - [2024-06-13T23:47:53.170+0200] {dag.py:3096} INFO - Sync 1 DAGs
[2024-06-13T23:47:53.176+0200] {logging_mixin.py:188} INFO - [2024-06-13T23:47:53.176+0200] {dag.py:3954} INFO - Setting next_dagrun for example_xcom to 2021-01-01 00:00:00+00:00, run_after=2021-01-01 00:00:00+00:00
[2024-06-13T23:47:53.190+0200] {processor.py:183} INFO - Processing /home/hectorv/.local/lib/python3.10/site-packages/airflow/example_dags/example_xcom.py took 0.032 seconds
[2024-06-13T23:48:48.508+0200] {processor.py:161} INFO - Started process (PID=2383) to work on /home/hectorv/.local/lib/python3.10/site-packages/airflow/example_dags/example_xcom.py
[2024-06-13T23:48:48.510+0200] {processor.py:830} INFO - Processing file /home/hectorv/.local/lib/python3.10/site-packages/airflow/example_dags/example_xcom.py for tasks to queue
[2024-06-13T23:48:48.510+0200] {logging_mixin.py:188} INFO - [2024-06-13T23:48:48.510+0200] {dagbag.py:540} INFO - Filling up the DagBag from /home/hectorv/.local/lib/python3.10/site-packages/airflow/example_dags/example_xcom.py
[2024-06-13T23:48:48.513+0200] {processor.py:840} INFO - DAG(s) 'example_xcom' retrieved from /home/hectorv/.local/lib/python3.10/site-packages/airflow/example_dags/example_xcom.py
[2024-06-13T23:48:48.518+0200] {logging_mixin.py:188} INFO - [2024-06-13T23:48:48.518+0200] {dag.py:3096} INFO - Sync 1 DAGs
[2024-06-13T23:48:48.524+0200] {logging_mixin.py:188} INFO - [2024-06-13T23:48:48.524+0200] {dag.py:3954} INFO - Setting next_dagrun for example_xcom to 2021-01-01 00:00:00+00:00, run_after=2021-01-01 00:00:00+00:00
[2024-06-13T23:48:48.539+0200] {processor.py:183} INFO - Processing /home/hectorv/.local/lib/python3.10/site-packages/airflow/example_dags/example_xcom.py took 0.033 seconds
[2024-06-13T23:55:46.763+0200] {processor.py:161} INFO - Started process (PID=2483) to work on /home/hectorv/.local/lib/python3.10/site-packages/airflow/example_dags/example_xcom.py
[2024-06-13T23:55:46.765+0200] {processor.py:830} INFO - Processing file /home/hectorv/.local/lib/python3.10/site-packages/airflow/example_dags/example_xcom.py for tasks to queue
[2024-06-13T23:55:46.765+0200] {logging_mixin.py:188} INFO - [2024-06-13T23:55:46.765+0200] {dagbag.py:540} INFO - Filling up the DagBag from /home/hectorv/.local/lib/python3.10/site-packages/airflow/example_dags/example_xcom.py
[2024-06-13T23:55:46.768+0200] {processor.py:840} INFO - DAG(s) 'example_xcom' retrieved from /home/hectorv/.local/lib/python3.10/site-packages/airflow/example_dags/example_xcom.py
[2024-06-13T23:55:46.773+0200] {logging_mixin.py:188} INFO - [2024-06-13T23:55:46.773+0200] {dag.py:3096} INFO - Sync 1 DAGs
[2024-06-13T23:55:46.779+0200] {logging_mixin.py:188} INFO - [2024-06-13T23:55:46.779+0200] {dag.py:3954} INFO - Setting next_dagrun for example_xcom to 2021-01-01 00:00:00+00:00, run_after=2021-01-01 00:00:00+00:00
[2024-06-13T23:55:46.794+0200] {processor.py:183} INFO - Processing /home/hectorv/.local/lib/python3.10/site-packages/airflow/example_dags/example_xcom.py took 0.032 seconds
[2024-06-13T23:56:45.300+0200] {processor.py:161} INFO - Started process (PID=2544) to work on /home/hectorv/.local/lib/python3.10/site-packages/airflow/example_dags/example_xcom.py
[2024-06-13T23:56:45.301+0200] {processor.py:830} INFO - Processing file /home/hectorv/.local/lib/python3.10/site-packages/airflow/example_dags/example_xcom.py for tasks to queue
[2024-06-13T23:56:45.302+0200] {logging_mixin.py:188} INFO - [2024-06-13T23:56:45.302+0200] {dagbag.py:540} INFO - Filling up the DagBag from /home/hectorv/.local/lib/python3.10/site-packages/airflow/example_dags/example_xcom.py
[2024-06-13T23:56:45.304+0200] {processor.py:840} INFO - DAG(s) 'example_xcom' retrieved from /home/hectorv/.local/lib/python3.10/site-packages/airflow/example_dags/example_xcom.py
[2024-06-13T23:56:45.310+0200] {logging_mixin.py:188} INFO - [2024-06-13T23:56:45.309+0200] {dag.py:3096} INFO - Sync 1 DAGs
[2024-06-13T23:56:45.316+0200] {logging_mixin.py:188} INFO - [2024-06-13T23:56:45.316+0200] {dag.py:3954} INFO - Setting next_dagrun for example_xcom to 2021-01-01 00:00:00+00:00, run_after=2021-01-01 00:00:00+00:00
[2024-06-13T23:56:45.331+0200] {processor.py:183} INFO - Processing /home/hectorv/.local/lib/python3.10/site-packages/airflow/example_dags/example_xcom.py took 0.033 seconds
[2024-06-13T23:57:42.314+0200] {processor.py:161} INFO - Started process (PID=2604) to work on /home/hectorv/.local/lib/python3.10/site-packages/airflow/example_dags/example_xcom.py
[2024-06-13T23:57:42.315+0200] {processor.py:830} INFO - Processing file /home/hectorv/.local/lib/python3.10/site-packages/airflow/example_dags/example_xcom.py for tasks to queue
[2024-06-13T23:57:42.316+0200] {logging_mixin.py:188} INFO - [2024-06-13T23:57:42.315+0200] {dagbag.py:540} INFO - Filling up the DagBag from /home/hectorv/.local/lib/python3.10/site-packages/airflow/example_dags/example_xcom.py
[2024-06-13T23:57:42.318+0200] {processor.py:840} INFO - DAG(s) 'example_xcom' retrieved from /home/hectorv/.local/lib/python3.10/site-packages/airflow/example_dags/example_xcom.py
[2024-06-13T23:57:42.324+0200] {logging_mixin.py:188} INFO - [2024-06-13T23:57:42.324+0200] {dag.py:3096} INFO - Sync 1 DAGs
[2024-06-13T23:57:42.330+0200] {logging_mixin.py:188} INFO - [2024-06-13T23:57:42.330+0200] {dag.py:3954} INFO - Setting next_dagrun for example_xcom to 2021-01-01 00:00:00+00:00, run_after=2021-01-01 00:00:00+00:00
[2024-06-13T23:57:42.344+0200] {processor.py:183} INFO - Processing /home/hectorv/.local/lib/python3.10/site-packages/airflow/example_dags/example_xcom.py took 0.032 seconds
[2024-06-13T23:58:41.751+0200] {processor.py:161} INFO - Started process (PID=2665) to work on /home/hectorv/.local/lib/python3.10/site-packages/airflow/example_dags/example_xcom.py
[2024-06-13T23:58:41.756+0200] {processor.py:830} INFO - Processing file /home/hectorv/.local/lib/python3.10/site-packages/airflow/example_dags/example_xcom.py for tasks to queue
[2024-06-13T23:58:41.756+0200] {logging_mixin.py:188} INFO - [2024-06-13T23:58:41.756+0200] {dagbag.py:540} INFO - Filling up the DagBag from /home/hectorv/.local/lib/python3.10/site-packages/airflow/example_dags/example_xcom.py
[2024-06-13T23:58:41.759+0200] {processor.py:840} INFO - DAG(s) 'example_xcom' retrieved from /home/hectorv/.local/lib/python3.10/site-packages/airflow/example_dags/example_xcom.py
[2024-06-13T23:58:41.765+0200] {logging_mixin.py:188} INFO - [2024-06-13T23:58:41.765+0200] {dag.py:3096} INFO - Sync 1 DAGs
[2024-06-13T23:58:41.772+0200] {logging_mixin.py:188} INFO - [2024-06-13T23:58:41.771+0200] {dag.py:3954} INFO - Setting next_dagrun for example_xcom to 2021-01-01 00:00:00+00:00, run_after=2021-01-01 00:00:00+00:00
[2024-06-13T23:58:41.815+0200] {processor.py:183} INFO - Processing /home/hectorv/.local/lib/python3.10/site-packages/airflow/example_dags/example_xcom.py took 0.066 seconds
[2024-06-13T23:59:36.900+0200] {processor.py:161} INFO - Started process (PID=2723) to work on /home/hectorv/.local/lib/python3.10/site-packages/airflow/example_dags/example_xcom.py
[2024-06-13T23:59:36.902+0200] {processor.py:830} INFO - Processing file /home/hectorv/.local/lib/python3.10/site-packages/airflow/example_dags/example_xcom.py for tasks to queue
[2024-06-13T23:59:36.902+0200] {logging_mixin.py:188} INFO - [2024-06-13T23:59:36.902+0200] {dagbag.py:540} INFO - Filling up the DagBag from /home/hectorv/.local/lib/python3.10/site-packages/airflow/example_dags/example_xcom.py
[2024-06-13T23:59:36.905+0200] {processor.py:840} INFO - DAG(s) 'example_xcom' retrieved from /home/hectorv/.local/lib/python3.10/site-packages/airflow/example_dags/example_xcom.py
[2024-06-13T23:59:36.910+0200] {logging_mixin.py:188} INFO - [2024-06-13T23:59:36.910+0200] {dag.py:3096} INFO - Sync 1 DAGs
[2024-06-13T23:59:36.916+0200] {logging_mixin.py:188} INFO - [2024-06-13T23:59:36.916+0200] {dag.py:3954} INFO - Setting next_dagrun for example_xcom to 2021-01-01 00:00:00+00:00, run_after=2021-01-01 00:00:00+00:00
[2024-06-13T23:59:36.931+0200] {processor.py:183} INFO - Processing /home/hectorv/.local/lib/python3.10/site-packages/airflow/example_dags/example_xcom.py took 0.033 seconds
[2024-06-14T00:00:31.592+0200] {processor.py:161} INFO - Started process (PID=2838) to work on /home/hectorv/.local/lib/python3.10/site-packages/airflow/example_dags/example_xcom.py
[2024-06-14T00:00:31.594+0200] {processor.py:830} INFO - Processing file /home/hectorv/.local/lib/python3.10/site-packages/airflow/example_dags/example_xcom.py for tasks to queue
[2024-06-14T00:00:31.595+0200] {logging_mixin.py:188} INFO - [2024-06-14T00:00:31.595+0200] {dagbag.py:540} INFO - Filling up the DagBag from /home/hectorv/.local/lib/python3.10/site-packages/airflow/example_dags/example_xcom.py
[2024-06-14T00:00:31.598+0200] {processor.py:840} INFO - DAG(s) 'example_xcom' retrieved from /home/hectorv/.local/lib/python3.10/site-packages/airflow/example_dags/example_xcom.py
[2024-06-14T00:00:31.603+0200] {logging_mixin.py:188} INFO - [2024-06-14T00:00:31.603+0200] {dag.py:3096} INFO - Sync 1 DAGs
[2024-06-14T00:00:31.609+0200] {logging_mixin.py:188} INFO - [2024-06-14T00:00:31.609+0200] {dag.py:3954} INFO - Setting next_dagrun for example_xcom to 2021-01-01 00:00:00+00:00, run_after=2021-01-01 00:00:00+00:00
[2024-06-14T00:00:31.623+0200] {processor.py:183} INFO - Processing /home/hectorv/.local/lib/python3.10/site-packages/airflow/example_dags/example_xcom.py took 0.033 seconds
[2024-06-14T00:01:25.694+0200] {processor.py:161} INFO - Started process (PID=2896) to work on /home/hectorv/.local/lib/python3.10/site-packages/airflow/example_dags/example_xcom.py
[2024-06-14T00:01:25.696+0200] {processor.py:830} INFO - Processing file /home/hectorv/.local/lib/python3.10/site-packages/airflow/example_dags/example_xcom.py for tasks to queue
[2024-06-14T00:01:25.696+0200] {logging_mixin.py:188} INFO - [2024-06-14T00:01:25.696+0200] {dagbag.py:540} INFO - Filling up the DagBag from /home/hectorv/.local/lib/python3.10/site-packages/airflow/example_dags/example_xcom.py
[2024-06-14T00:01:25.699+0200] {processor.py:840} INFO - DAG(s) 'example_xcom' retrieved from /home/hectorv/.local/lib/python3.10/site-packages/airflow/example_dags/example_xcom.py
[2024-06-14T00:01:25.705+0200] {logging_mixin.py:188} INFO - [2024-06-14T00:01:25.705+0200] {dag.py:3096} INFO - Sync 1 DAGs
[2024-06-14T00:01:25.711+0200] {logging_mixin.py:188} INFO - [2024-06-14T00:01:25.711+0200] {dag.py:3954} INFO - Setting next_dagrun for example_xcom to 2021-01-01 00:00:00+00:00, run_after=2021-01-01 00:00:00+00:00
[2024-06-14T00:01:25.726+0200] {processor.py:183} INFO - Processing /home/hectorv/.local/lib/python3.10/site-packages/airflow/example_dags/example_xcom.py took 0.034 seconds
[2024-06-14T00:02:23.245+0200] {processor.py:161} INFO - Started process (PID=2957) to work on /home/hectorv/.local/lib/python3.10/site-packages/airflow/example_dags/example_xcom.py
[2024-06-14T00:02:23.247+0200] {processor.py:830} INFO - Processing file /home/hectorv/.local/lib/python3.10/site-packages/airflow/example_dags/example_xcom.py for tasks to queue
[2024-06-14T00:02:23.248+0200] {logging_mixin.py:188} INFO - [2024-06-14T00:02:23.248+0200] {dagbag.py:540} INFO - Filling up the DagBag from /home/hectorv/.local/lib/python3.10/site-packages/airflow/example_dags/example_xcom.py
[2024-06-14T00:02:23.250+0200] {processor.py:840} INFO - DAG(s) 'example_xcom' retrieved from /home/hectorv/.local/lib/python3.10/site-packages/airflow/example_dags/example_xcom.py
[2024-06-14T00:02:23.256+0200] {logging_mixin.py:188} INFO - [2024-06-14T00:02:23.256+0200] {dag.py:3096} INFO - Sync 1 DAGs
[2024-06-14T00:02:23.262+0200] {logging_mixin.py:188} INFO - [2024-06-14T00:02:23.262+0200] {dag.py:3954} INFO - Setting next_dagrun for example_xcom to 2021-01-01 00:00:00+00:00, run_after=2021-01-01 00:00:00+00:00
[2024-06-14T00:02:23.276+0200] {processor.py:183} INFO - Processing /home/hectorv/.local/lib/python3.10/site-packages/airflow/example_dags/example_xcom.py took 0.033 seconds
[2024-06-14T00:03:18.584+0200] {processor.py:161} INFO - Started process (PID=3016) to work on /home/hectorv/.local/lib/python3.10/site-packages/airflow/example_dags/example_xcom.py
[2024-06-14T00:03:18.585+0200] {processor.py:830} INFO - Processing file /home/hectorv/.local/lib/python3.10/site-packages/airflow/example_dags/example_xcom.py for tasks to queue
[2024-06-14T00:03:18.586+0200] {logging_mixin.py:188} INFO - [2024-06-14T00:03:18.586+0200] {dagbag.py:540} INFO - Filling up the DagBag from /home/hectorv/.local/lib/python3.10/site-packages/airflow/example_dags/example_xcom.py
[2024-06-14T00:03:18.589+0200] {processor.py:840} INFO - DAG(s) 'example_xcom' retrieved from /home/hectorv/.local/lib/python3.10/site-packages/airflow/example_dags/example_xcom.py
[2024-06-14T00:03:18.594+0200] {logging_mixin.py:188} INFO - [2024-06-14T00:03:18.594+0200] {dag.py:3096} INFO - Sync 1 DAGs
[2024-06-14T00:03:18.601+0200] {logging_mixin.py:188} INFO - [2024-06-14T00:03:18.601+0200] {dag.py:3954} INFO - Setting next_dagrun for example_xcom to 2021-01-01 00:00:00+00:00, run_after=2021-01-01 00:00:00+00:00
[2024-06-14T00:03:18.615+0200] {processor.py:183} INFO - Processing /home/hectorv/.local/lib/python3.10/site-packages/airflow/example_dags/example_xcom.py took 0.034 seconds
[2024-06-14T00:04:12.138+0200] {processor.py:161} INFO - Started process (PID=3073) to work on /home/hectorv/.local/lib/python3.10/site-packages/airflow/example_dags/example_xcom.py
[2024-06-14T00:04:12.140+0200] {processor.py:830} INFO - Processing file /home/hectorv/.local/lib/python3.10/site-packages/airflow/example_dags/example_xcom.py for tasks to queue
[2024-06-14T00:04:12.140+0200] {logging_mixin.py:188} INFO - [2024-06-14T00:04:12.140+0200] {dagbag.py:540} INFO - Filling up the DagBag from /home/hectorv/.local/lib/python3.10/site-packages/airflow/example_dags/example_xcom.py
[2024-06-14T00:04:12.143+0200] {processor.py:840} INFO - DAG(s) 'example_xcom' retrieved from /home/hectorv/.local/lib/python3.10/site-packages/airflow/example_dags/example_xcom.py
[2024-06-14T00:04:12.149+0200] {logging_mixin.py:188} INFO - [2024-06-14T00:04:12.149+0200] {dag.py:3096} INFO - Sync 1 DAGs
[2024-06-14T00:04:12.155+0200] {logging_mixin.py:188} INFO - [2024-06-14T00:04:12.155+0200] {dag.py:3954} INFO - Setting next_dagrun for example_xcom to 2021-01-01 00:00:00+00:00, run_after=2021-01-01 00:00:00+00:00
[2024-06-14T00:04:12.200+0200] {processor.py:183} INFO - Processing /home/hectorv/.local/lib/python3.10/site-packages/airflow/example_dags/example_xcom.py took 0.064 seconds
[2024-06-14T00:05:09.589+0200] {processor.py:161} INFO - Started process (PID=3134) to work on /home/hectorv/.local/lib/python3.10/site-packages/airflow/example_dags/example_xcom.py
[2024-06-14T00:05:09.593+0200] {processor.py:830} INFO - Processing file /home/hectorv/.local/lib/python3.10/site-packages/airflow/example_dags/example_xcom.py for tasks to queue
[2024-06-14T00:05:09.594+0200] {logging_mixin.py:188} INFO - [2024-06-14T00:05:09.593+0200] {dagbag.py:540} INFO - Filling up the DagBag from /home/hectorv/.local/lib/python3.10/site-packages/airflow/example_dags/example_xcom.py
[2024-06-14T00:05:09.596+0200] {processor.py:840} INFO - DAG(s) 'example_xcom' retrieved from /home/hectorv/.local/lib/python3.10/site-packages/airflow/example_dags/example_xcom.py
[2024-06-14T00:05:09.602+0200] {logging_mixin.py:188} INFO - [2024-06-14T00:05:09.602+0200] {dag.py:3096} INFO - Sync 1 DAGs
[2024-06-14T00:05:09.608+0200] {logging_mixin.py:188} INFO - [2024-06-14T00:05:09.608+0200] {dag.py:3954} INFO - Setting next_dagrun for example_xcom to 2021-01-01 00:00:00+00:00, run_after=2021-01-01 00:00:00+00:00
[2024-06-14T00:05:09.653+0200] {processor.py:183} INFO - Processing /home/hectorv/.local/lib/python3.10/site-packages/airflow/example_dags/example_xcom.py took 0.066 seconds
[2024-06-14T00:06:03.101+0200] {processor.py:161} INFO - Started process (PID=3191) to work on /home/hectorv/.local/lib/python3.10/site-packages/airflow/example_dags/example_xcom.py
[2024-06-14T00:06:03.102+0200] {processor.py:830} INFO - Processing file /home/hectorv/.local/lib/python3.10/site-packages/airflow/example_dags/example_xcom.py for tasks to queue
[2024-06-14T00:06:03.103+0200] {logging_mixin.py:188} INFO - [2024-06-14T00:06:03.103+0200] {dagbag.py:540} INFO - Filling up the DagBag from /home/hectorv/.local/lib/python3.10/site-packages/airflow/example_dags/example_xcom.py
[2024-06-14T00:06:03.105+0200] {processor.py:840} INFO - DAG(s) 'example_xcom' retrieved from /home/hectorv/.local/lib/python3.10/site-packages/airflow/example_dags/example_xcom.py
[2024-06-14T00:06:03.111+0200] {logging_mixin.py:188} INFO - [2024-06-14T00:06:03.111+0200] {dag.py:3096} INFO - Sync 1 DAGs
[2024-06-14T00:06:03.117+0200] {logging_mixin.py:188} INFO - [2024-06-14T00:06:03.117+0200] {dag.py:3954} INFO - Setting next_dagrun for example_xcom to 2021-01-01 00:00:00+00:00, run_after=2021-01-01 00:00:00+00:00
[2024-06-14T00:06:03.131+0200] {processor.py:183} INFO - Processing /home/hectorv/.local/lib/python3.10/site-packages/airflow/example_dags/example_xcom.py took 0.032 seconds
[2024-06-14T00:06:54.427+0200] {processor.py:161} INFO - Started process (PID=3247) to work on /home/hectorv/.local/lib/python3.10/site-packages/airflow/example_dags/example_xcom.py
[2024-06-14T00:06:54.429+0200] {processor.py:830} INFO - Processing file /home/hectorv/.local/lib/python3.10/site-packages/airflow/example_dags/example_xcom.py for tasks to queue
[2024-06-14T00:06:54.430+0200] {logging_mixin.py:188} INFO - [2024-06-14T00:06:54.430+0200] {dagbag.py:540} INFO - Filling up the DagBag from /home/hectorv/.local/lib/python3.10/site-packages/airflow/example_dags/example_xcom.py
[2024-06-14T00:06:54.432+0200] {processor.py:840} INFO - DAG(s) 'example_xcom' retrieved from /home/hectorv/.local/lib/python3.10/site-packages/airflow/example_dags/example_xcom.py
[2024-06-14T00:06:54.438+0200] {logging_mixin.py:188} INFO - [2024-06-14T00:06:54.438+0200] {dag.py:3096} INFO - Sync 1 DAGs
[2024-06-14T00:06:54.444+0200] {logging_mixin.py:188} INFO - [2024-06-14T00:06:54.444+0200] {dag.py:3954} INFO - Setting next_dagrun for example_xcom to 2021-01-01 00:00:00+00:00, run_after=2021-01-01 00:00:00+00:00
[2024-06-14T00:06:54.459+0200] {processor.py:183} INFO - Processing /home/hectorv/.local/lib/python3.10/site-packages/airflow/example_dags/example_xcom.py took 0.034 seconds
[2024-06-14T00:07:52.731+0200] {processor.py:161} INFO - Started process (PID=3309) to work on /home/hectorv/.local/lib/python3.10/site-packages/airflow/example_dags/example_xcom.py
[2024-06-14T00:07:52.732+0200] {processor.py:830} INFO - Processing file /home/hectorv/.local/lib/python3.10/site-packages/airflow/example_dags/example_xcom.py for tasks to queue
[2024-06-14T00:07:52.733+0200] {logging_mixin.py:188} INFO - [2024-06-14T00:07:52.733+0200] {dagbag.py:540} INFO - Filling up the DagBag from /home/hectorv/.local/lib/python3.10/site-packages/airflow/example_dags/example_xcom.py
[2024-06-14T00:07:52.736+0200] {processor.py:840} INFO - DAG(s) 'example_xcom' retrieved from /home/hectorv/.local/lib/python3.10/site-packages/airflow/example_dags/example_xcom.py
[2024-06-14T00:07:52.742+0200] {logging_mixin.py:188} INFO - [2024-06-14T00:07:52.742+0200] {dag.py:3096} INFO - Sync 1 DAGs
[2024-06-14T00:07:52.749+0200] {logging_mixin.py:188} INFO - [2024-06-14T00:07:52.749+0200] {dag.py:3954} INFO - Setting next_dagrun for example_xcom to 2021-01-01 00:00:00+00:00, run_after=2021-01-01 00:00:00+00:00
[2024-06-14T00:07:52.766+0200] {processor.py:183} INFO - Processing /home/hectorv/.local/lib/python3.10/site-packages/airflow/example_dags/example_xcom.py took 0.037 seconds
[2024-06-14T00:08:51.913+0200] {processor.py:161} INFO - Started process (PID=3370) to work on /home/hectorv/.local/lib/python3.10/site-packages/airflow/example_dags/example_xcom.py
[2024-06-14T00:08:51.914+0200] {processor.py:830} INFO - Processing file /home/hectorv/.local/lib/python3.10/site-packages/airflow/example_dags/example_xcom.py for tasks to queue
[2024-06-14T00:08:51.914+0200] {logging_mixin.py:188} INFO - [2024-06-14T00:08:51.914+0200] {dagbag.py:540} INFO - Filling up the DagBag from /home/hectorv/.local/lib/python3.10/site-packages/airflow/example_dags/example_xcom.py
[2024-06-14T00:08:51.917+0200] {processor.py:840} INFO - DAG(s) 'example_xcom' retrieved from /home/hectorv/.local/lib/python3.10/site-packages/airflow/example_dags/example_xcom.py
[2024-06-14T00:08:51.923+0200] {logging_mixin.py:188} INFO - [2024-06-14T00:08:51.922+0200] {dag.py:3096} INFO - Sync 1 DAGs
[2024-06-14T00:08:51.929+0200] {logging_mixin.py:188} INFO - [2024-06-14T00:08:51.929+0200] {dag.py:3954} INFO - Setting next_dagrun for example_xcom to 2021-01-01 00:00:00+00:00, run_after=2021-01-01 00:00:00+00:00
[2024-06-14T00:08:51.943+0200] {processor.py:183} INFO - Processing /home/hectorv/.local/lib/python3.10/site-packages/airflow/example_dags/example_xcom.py took 0.033 seconds
[2024-06-14T00:09:51.738+0200] {processor.py:161} INFO - Started process (PID=3430) to work on /home/hectorv/.local/lib/python3.10/site-packages/airflow/example_dags/example_xcom.py
[2024-06-14T00:09:51.740+0200] {processor.py:830} INFO - Processing file /home/hectorv/.local/lib/python3.10/site-packages/airflow/example_dags/example_xcom.py for tasks to queue
[2024-06-14T00:09:51.741+0200] {logging_mixin.py:188} INFO - [2024-06-14T00:09:51.740+0200] {dagbag.py:540} INFO - Filling up the DagBag from /home/hectorv/.local/lib/python3.10/site-packages/airflow/example_dags/example_xcom.py
[2024-06-14T00:09:51.743+0200] {processor.py:840} INFO - DAG(s) 'example_xcom' retrieved from /home/hectorv/.local/lib/python3.10/site-packages/airflow/example_dags/example_xcom.py
[2024-06-14T00:09:51.749+0200] {logging_mixin.py:188} INFO - [2024-06-14T00:09:51.749+0200] {dag.py:3096} INFO - Sync 1 DAGs
[2024-06-14T00:09:51.755+0200] {logging_mixin.py:188} INFO - [2024-06-14T00:09:51.755+0200] {dag.py:3954} INFO - Setting next_dagrun for example_xcom to 2021-01-01 00:00:00+00:00, run_after=2021-01-01 00:00:00+00:00
[2024-06-14T00:09:51.770+0200] {processor.py:183} INFO - Processing /home/hectorv/.local/lib/python3.10/site-packages/airflow/example_dags/example_xcom.py took 0.034 seconds
[2024-06-14T00:10:41.086+0200] {processor.py:161} INFO - Started process (PID=3481) to work on /home/hectorv/.local/lib/python3.10/site-packages/airflow/example_dags/example_xcom.py
[2024-06-14T00:10:41.088+0200] {processor.py:830} INFO - Processing file /home/hectorv/.local/lib/python3.10/site-packages/airflow/example_dags/example_xcom.py for tasks to queue
[2024-06-14T00:10:41.089+0200] {logging_mixin.py:188} INFO - [2024-06-14T00:10:41.088+0200] {dagbag.py:540} INFO - Filling up the DagBag from /home/hectorv/.local/lib/python3.10/site-packages/airflow/example_dags/example_xcom.py
[2024-06-14T00:10:41.091+0200] {processor.py:840} INFO - DAG(s) 'example_xcom' retrieved from /home/hectorv/.local/lib/python3.10/site-packages/airflow/example_dags/example_xcom.py
[2024-06-14T00:10:41.097+0200] {logging_mixin.py:188} INFO - [2024-06-14T00:10:41.097+0200] {dag.py:3096} INFO - Sync 1 DAGs
[2024-06-14T00:10:41.103+0200] {logging_mixin.py:188} INFO - [2024-06-14T00:10:41.103+0200] {dag.py:3954} INFO - Setting next_dagrun for example_xcom to 2021-01-01 00:00:00+00:00, run_after=2021-01-01 00:00:00+00:00
[2024-06-14T00:10:41.117+0200] {processor.py:183} INFO - Processing /home/hectorv/.local/lib/python3.10/site-packages/airflow/example_dags/example_xcom.py took 0.033 seconds
[2024-06-14T00:11:39.364+0200] {processor.py:161} INFO - Started process (PID=3542) to work on /home/hectorv/.local/lib/python3.10/site-packages/airflow/example_dags/example_xcom.py
[2024-06-14T00:11:39.365+0200] {processor.py:830} INFO - Processing file /home/hectorv/.local/lib/python3.10/site-packages/airflow/example_dags/example_xcom.py for tasks to queue
[2024-06-14T00:11:39.366+0200] {logging_mixin.py:188} INFO - [2024-06-14T00:11:39.366+0200] {dagbag.py:540} INFO - Filling up the DagBag from /home/hectorv/.local/lib/python3.10/site-packages/airflow/example_dags/example_xcom.py
[2024-06-14T00:11:39.369+0200] {processor.py:840} INFO - DAG(s) 'example_xcom' retrieved from /home/hectorv/.local/lib/python3.10/site-packages/airflow/example_dags/example_xcom.py
[2024-06-14T00:11:39.374+0200] {logging_mixin.py:188} INFO - [2024-06-14T00:11:39.374+0200] {dag.py:3096} INFO - Sync 1 DAGs
[2024-06-14T00:11:39.380+0200] {logging_mixin.py:188} INFO - [2024-06-14T00:11:39.380+0200] {dag.py:3954} INFO - Setting next_dagrun for example_xcom to 2021-01-01 00:00:00+00:00, run_after=2021-01-01 00:00:00+00:00
[2024-06-14T00:11:39.394+0200] {processor.py:183} INFO - Processing /home/hectorv/.local/lib/python3.10/site-packages/airflow/example_dags/example_xcom.py took 0.032 seconds
[2024-06-14T00:12:32.837+0200] {processor.py:161} INFO - Started process (PID=3599) to work on /home/hectorv/.local/lib/python3.10/site-packages/airflow/example_dags/example_xcom.py
[2024-06-14T00:12:32.839+0200] {processor.py:830} INFO - Processing file /home/hectorv/.local/lib/python3.10/site-packages/airflow/example_dags/example_xcom.py for tasks to queue
[2024-06-14T00:12:32.839+0200] {logging_mixin.py:188} INFO - [2024-06-14T00:12:32.839+0200] {dagbag.py:540} INFO - Filling up the DagBag from /home/hectorv/.local/lib/python3.10/site-packages/airflow/example_dags/example_xcom.py
[2024-06-14T00:12:32.842+0200] {processor.py:840} INFO - DAG(s) 'example_xcom' retrieved from /home/hectorv/.local/lib/python3.10/site-packages/airflow/example_dags/example_xcom.py
[2024-06-14T00:12:32.848+0200] {logging_mixin.py:188} INFO - [2024-06-14T00:12:32.847+0200] {dag.py:3096} INFO - Sync 1 DAGs
[2024-06-14T00:12:32.854+0200] {logging_mixin.py:188} INFO - [2024-06-14T00:12:32.853+0200] {dag.py:3954} INFO - Setting next_dagrun for example_xcom to 2021-01-01 00:00:00+00:00, run_after=2021-01-01 00:00:00+00:00
[2024-06-14T00:12:32.868+0200] {processor.py:183} INFO - Processing /home/hectorv/.local/lib/python3.10/site-packages/airflow/example_dags/example_xcom.py took 0.033 seconds
[2024-06-14T00:13:29.271+0200] {processor.py:161} INFO - Started process (PID=3657) to work on /home/hectorv/.local/lib/python3.10/site-packages/airflow/example_dags/example_xcom.py
[2024-06-14T00:13:29.272+0200] {processor.py:830} INFO - Processing file /home/hectorv/.local/lib/python3.10/site-packages/airflow/example_dags/example_xcom.py for tasks to queue
[2024-06-14T00:13:29.273+0200] {logging_mixin.py:188} INFO - [2024-06-14T00:13:29.273+0200] {dagbag.py:540} INFO - Filling up the DagBag from /home/hectorv/.local/lib/python3.10/site-packages/airflow/example_dags/example_xcom.py
[2024-06-14T00:13:29.276+0200] {processor.py:840} INFO - DAG(s) 'example_xcom' retrieved from /home/hectorv/.local/lib/python3.10/site-packages/airflow/example_dags/example_xcom.py
[2024-06-14T00:13:29.281+0200] {logging_mixin.py:188} INFO - [2024-06-14T00:13:29.281+0200] {dag.py:3096} INFO - Sync 1 DAGs
[2024-06-14T00:13:29.287+0200] {logging_mixin.py:188} INFO - [2024-06-14T00:13:29.287+0200] {dag.py:3954} INFO - Setting next_dagrun for example_xcom to 2021-01-01 00:00:00+00:00, run_after=2021-01-01 00:00:00+00:00
[2024-06-14T00:13:29.302+0200] {processor.py:183} INFO - Processing /home/hectorv/.local/lib/python3.10/site-packages/airflow/example_dags/example_xcom.py took 0.033 seconds
[2024-06-14T00:14:29.747+0200] {processor.py:161} INFO - Started process (PID=3720) to work on /home/hectorv/.local/lib/python3.10/site-packages/airflow/example_dags/example_xcom.py
[2024-06-14T00:14:29.749+0200] {processor.py:830} INFO - Processing file /home/hectorv/.local/lib/python3.10/site-packages/airflow/example_dags/example_xcom.py for tasks to queue
[2024-06-14T00:14:29.749+0200] {logging_mixin.py:188} INFO - [2024-06-14T00:14:29.749+0200] {dagbag.py:540} INFO - Filling up the DagBag from /home/hectorv/.local/lib/python3.10/site-packages/airflow/example_dags/example_xcom.py
[2024-06-14T00:14:29.752+0200] {processor.py:840} INFO - DAG(s) 'example_xcom' retrieved from /home/hectorv/.local/lib/python3.10/site-packages/airflow/example_dags/example_xcom.py
[2024-06-14T00:14:29.758+0200] {logging_mixin.py:188} INFO - [2024-06-14T00:14:29.758+0200] {dag.py:3096} INFO - Sync 1 DAGs
[2024-06-14T00:14:29.765+0200] {logging_mixin.py:188} INFO - [2024-06-14T00:14:29.765+0200] {dag.py:3954} INFO - Setting next_dagrun for example_xcom to 2021-01-01 00:00:00+00:00, run_after=2021-01-01 00:00:00+00:00
[2024-06-14T00:14:29.781+0200] {processor.py:183} INFO - Processing /home/hectorv/.local/lib/python3.10/site-packages/airflow/example_dags/example_xcom.py took 0.036 seconds
[2024-06-14T00:15:27.081+0200] {processor.py:161} INFO - Started process (PID=3781) to work on /home/hectorv/.local/lib/python3.10/site-packages/airflow/example_dags/example_xcom.py
[2024-06-14T00:15:27.082+0200] {processor.py:830} INFO - Processing file /home/hectorv/.local/lib/python3.10/site-packages/airflow/example_dags/example_xcom.py for tasks to queue
[2024-06-14T00:15:27.083+0200] {logging_mixin.py:188} INFO - [2024-06-14T00:15:27.083+0200] {dagbag.py:540} INFO - Filling up the DagBag from /home/hectorv/.local/lib/python3.10/site-packages/airflow/example_dags/example_xcom.py
[2024-06-14T00:15:27.086+0200] {processor.py:840} INFO - DAG(s) 'example_xcom' retrieved from /home/hectorv/.local/lib/python3.10/site-packages/airflow/example_dags/example_xcom.py
[2024-06-14T00:15:27.092+0200] {logging_mixin.py:188} INFO - [2024-06-14T00:15:27.091+0200] {dag.py:3096} INFO - Sync 1 DAGs
[2024-06-14T00:15:27.098+0200] {logging_mixin.py:188} INFO - [2024-06-14T00:15:27.098+0200] {dag.py:3954} INFO - Setting next_dagrun for example_xcom to 2021-01-01 00:00:00+00:00, run_after=2021-01-01 00:00:00+00:00
[2024-06-14T00:15:27.113+0200] {processor.py:183} INFO - Processing /home/hectorv/.local/lib/python3.10/site-packages/airflow/example_dags/example_xcom.py took 0.034 seconds
[2024-06-14T00:16:25.325+0200] {processor.py:161} INFO - Started process (PID=3842) to work on /home/hectorv/.local/lib/python3.10/site-packages/airflow/example_dags/example_xcom.py
[2024-06-14T00:16:25.326+0200] {processor.py:830} INFO - Processing file /home/hectorv/.local/lib/python3.10/site-packages/airflow/example_dags/example_xcom.py for tasks to queue
[2024-06-14T00:16:25.327+0200] {logging_mixin.py:188} INFO - [2024-06-14T00:16:25.327+0200] {dagbag.py:540} INFO - Filling up the DagBag from /home/hectorv/.local/lib/python3.10/site-packages/airflow/example_dags/example_xcom.py
[2024-06-14T00:16:25.330+0200] {processor.py:840} INFO - DAG(s) 'example_xcom' retrieved from /home/hectorv/.local/lib/python3.10/site-packages/airflow/example_dags/example_xcom.py
[2024-06-14T00:16:25.336+0200] {logging_mixin.py:188} INFO - [2024-06-14T00:16:25.335+0200] {dag.py:3096} INFO - Sync 1 DAGs
[2024-06-14T00:16:25.342+0200] {logging_mixin.py:188} INFO - [2024-06-14T00:16:25.342+0200] {dag.py:3954} INFO - Setting next_dagrun for example_xcom to 2021-01-01 00:00:00+00:00, run_after=2021-01-01 00:00:00+00:00
[2024-06-14T00:16:25.358+0200] {processor.py:183} INFO - Processing /home/hectorv/.local/lib/python3.10/site-packages/airflow/example_dags/example_xcom.py took 0.036 seconds
[2024-06-14T00:17:18.883+0200] {processor.py:161} INFO - Started process (PID=3902) to work on /home/hectorv/.local/lib/python3.10/site-packages/airflow/example_dags/example_xcom.py
[2024-06-14T00:17:18.885+0200] {processor.py:830} INFO - Processing file /home/hectorv/.local/lib/python3.10/site-packages/airflow/example_dags/example_xcom.py for tasks to queue
[2024-06-14T00:17:18.886+0200] {logging_mixin.py:188} INFO - [2024-06-14T00:17:18.886+0200] {dagbag.py:540} INFO - Filling up the DagBag from /home/hectorv/.local/lib/python3.10/site-packages/airflow/example_dags/example_xcom.py
[2024-06-14T00:17:18.888+0200] {processor.py:840} INFO - DAG(s) 'example_xcom' retrieved from /home/hectorv/.local/lib/python3.10/site-packages/airflow/example_dags/example_xcom.py
[2024-06-14T00:17:18.894+0200] {logging_mixin.py:188} INFO - [2024-06-14T00:17:18.894+0200] {dag.py:3096} INFO - Sync 1 DAGs
[2024-06-14T00:17:18.900+0200] {logging_mixin.py:188} INFO - [2024-06-14T00:17:18.900+0200] {dag.py:3954} INFO - Setting next_dagrun for example_xcom to 2021-01-01 00:00:00+00:00, run_after=2021-01-01 00:00:00+00:00
[2024-06-14T00:17:18.915+0200] {processor.py:183} INFO - Processing /home/hectorv/.local/lib/python3.10/site-packages/airflow/example_dags/example_xcom.py took 0.034 seconds
[2024-06-14T00:18:13.949+0200] {processor.py:161} INFO - Started process (PID=3963) to work on /home/hectorv/.local/lib/python3.10/site-packages/airflow/example_dags/example_xcom.py
[2024-06-14T00:18:13.951+0200] {processor.py:830} INFO - Processing file /home/hectorv/.local/lib/python3.10/site-packages/airflow/example_dags/example_xcom.py for tasks to queue
[2024-06-14T00:18:13.951+0200] {logging_mixin.py:188} INFO - [2024-06-14T00:18:13.951+0200] {dagbag.py:540} INFO - Filling up the DagBag from /home/hectorv/.local/lib/python3.10/site-packages/airflow/example_dags/example_xcom.py
[2024-06-14T00:18:13.954+0200] {processor.py:840} INFO - DAG(s) 'example_xcom' retrieved from /home/hectorv/.local/lib/python3.10/site-packages/airflow/example_dags/example_xcom.py
[2024-06-14T00:18:13.959+0200] {logging_mixin.py:188} INFO - [2024-06-14T00:18:13.959+0200] {dag.py:3096} INFO - Sync 1 DAGs
[2024-06-14T00:18:13.965+0200] {logging_mixin.py:188} INFO - [2024-06-14T00:18:13.965+0200] {dag.py:3954} INFO - Setting next_dagrun for example_xcom to 2021-01-01 00:00:00+00:00, run_after=2021-01-01 00:00:00+00:00
[2024-06-14T00:18:13.980+0200] {processor.py:183} INFO - Processing /home/hectorv/.local/lib/python3.10/site-packages/airflow/example_dags/example_xcom.py took 0.033 seconds
[2024-06-14T00:19:09.911+0200] {processor.py:161} INFO - Started process (PID=4023) to work on /home/hectorv/.local/lib/python3.10/site-packages/airflow/example_dags/example_xcom.py
[2024-06-14T00:19:09.912+0200] {processor.py:830} INFO - Processing file /home/hectorv/.local/lib/python3.10/site-packages/airflow/example_dags/example_xcom.py for tasks to queue
[2024-06-14T00:19:09.913+0200] {logging_mixin.py:188} INFO - [2024-06-14T00:19:09.913+0200] {dagbag.py:540} INFO - Filling up the DagBag from /home/hectorv/.local/lib/python3.10/site-packages/airflow/example_dags/example_xcom.py
[2024-06-14T00:19:09.916+0200] {processor.py:840} INFO - DAG(s) 'example_xcom' retrieved from /home/hectorv/.local/lib/python3.10/site-packages/airflow/example_dags/example_xcom.py
[2024-06-14T00:19:09.922+0200] {logging_mixin.py:188} INFO - [2024-06-14T00:19:09.922+0200] {dag.py:3096} INFO - Sync 1 DAGs
[2024-06-14T00:19:09.929+0200] {logging_mixin.py:188} INFO - [2024-06-14T00:19:09.929+0200] {dag.py:3954} INFO - Setting next_dagrun for example_xcom to 2021-01-01 00:00:00+00:00, run_after=2021-01-01 00:00:00+00:00
[2024-06-14T00:19:09.944+0200] {processor.py:183} INFO - Processing /home/hectorv/.local/lib/python3.10/site-packages/airflow/example_dags/example_xcom.py took 0.036 seconds
[2024-06-14T00:20:23.890+0200] {processor.py:161} INFO - Started process (PID=4154) to work on /home/hectorv/.local/lib/python3.10/site-packages/airflow/example_dags/example_xcom.py
[2024-06-14T00:20:23.891+0200] {processor.py:830} INFO - Processing file /home/hectorv/.local/lib/python3.10/site-packages/airflow/example_dags/example_xcom.py for tasks to queue
[2024-06-14T00:20:23.892+0200] {logging_mixin.py:188} INFO - [2024-06-14T00:20:23.892+0200] {dagbag.py:540} INFO - Filling up the DagBag from /home/hectorv/.local/lib/python3.10/site-packages/airflow/example_dags/example_xcom.py
[2024-06-14T00:20:23.895+0200] {processor.py:840} INFO - DAG(s) 'example_xcom' retrieved from /home/hectorv/.local/lib/python3.10/site-packages/airflow/example_dags/example_xcom.py
[2024-06-14T00:20:23.901+0200] {logging_mixin.py:188} INFO - [2024-06-14T00:20:23.901+0200] {dag.py:3096} INFO - Sync 1 DAGs
[2024-06-14T00:20:23.907+0200] {logging_mixin.py:188} INFO - [2024-06-14T00:20:23.907+0200] {dag.py:3954} INFO - Setting next_dagrun for example_xcom to 2021-01-01 00:00:00+00:00, run_after=2021-01-01 00:00:00+00:00
[2024-06-14T00:20:23.922+0200] {processor.py:183} INFO - Processing /home/hectorv/.local/lib/python3.10/site-packages/airflow/example_dags/example_xcom.py took 0.034 seconds
[2024-06-14T00:21:23.442+0200] {processor.py:161} INFO - Started process (PID=4231) to work on /home/hectorv/.local/lib/python3.10/site-packages/airflow/example_dags/example_xcom.py
[2024-06-14T00:21:23.444+0200] {processor.py:830} INFO - Processing file /home/hectorv/.local/lib/python3.10/site-packages/airflow/example_dags/example_xcom.py for tasks to queue
[2024-06-14T00:21:23.444+0200] {logging_mixin.py:188} INFO - [2024-06-14T00:21:23.444+0200] {dagbag.py:540} INFO - Filling up the DagBag from /home/hectorv/.local/lib/python3.10/site-packages/airflow/example_dags/example_xcom.py
[2024-06-14T00:21:23.447+0200] {processor.py:840} INFO - DAG(s) 'example_xcom' retrieved from /home/hectorv/.local/lib/python3.10/site-packages/airflow/example_dags/example_xcom.py
[2024-06-14T00:21:23.452+0200] {logging_mixin.py:188} INFO - [2024-06-14T00:21:23.452+0200] {dag.py:3096} INFO - Sync 1 DAGs
[2024-06-14T00:21:23.459+0200] {logging_mixin.py:188} INFO - [2024-06-14T00:21:23.459+0200] {dag.py:3954} INFO - Setting next_dagrun for example_xcom to 2021-01-01 00:00:00+00:00, run_after=2021-01-01 00:00:00+00:00
[2024-06-14T00:21:23.474+0200] {processor.py:183} INFO - Processing /home/hectorv/.local/lib/python3.10/site-packages/airflow/example_dags/example_xcom.py took 0.034 seconds
[2024-06-14T00:22:26.075+0200] {processor.py:161} INFO - Started process (PID=4296) to work on /home/hectorv/.local/lib/python3.10/site-packages/airflow/example_dags/example_xcom.py
[2024-06-14T00:22:26.085+0200] {processor.py:830} INFO - Processing file /home/hectorv/.local/lib/python3.10/site-packages/airflow/example_dags/example_xcom.py for tasks to queue
[2024-06-14T00:22:26.085+0200] {logging_mixin.py:188} INFO - [2024-06-14T00:22:26.085+0200] {dagbag.py:540} INFO - Filling up the DagBag from /home/hectorv/.local/lib/python3.10/site-packages/airflow/example_dags/example_xcom.py
[2024-06-14T00:22:26.088+0200] {processor.py:840} INFO - DAG(s) 'example_xcom' retrieved from /home/hectorv/.local/lib/python3.10/site-packages/airflow/example_dags/example_xcom.py
[2024-06-14T00:22:26.093+0200] {logging_mixin.py:188} INFO - [2024-06-14T00:22:26.093+0200] {dag.py:3096} INFO - Sync 1 DAGs
[2024-06-14T00:22:26.099+0200] {logging_mixin.py:188} INFO - [2024-06-14T00:22:26.099+0200] {dag.py:3954} INFO - Setting next_dagrun for example_xcom to 2021-01-01 00:00:00+00:00, run_after=2021-01-01 00:00:00+00:00
[2024-06-14T00:22:26.144+0200] {processor.py:183} INFO - Processing /home/hectorv/.local/lib/python3.10/site-packages/airflow/example_dags/example_xcom.py took 0.072 seconds
[2024-06-14T00:23:24.268+0200] {processor.py:161} INFO - Started process (PID=4357) to work on /home/hectorv/.local/lib/python3.10/site-packages/airflow/example_dags/example_xcom.py
[2024-06-14T00:23:24.274+0200] {processor.py:830} INFO - Processing file /home/hectorv/.local/lib/python3.10/site-packages/airflow/example_dags/example_xcom.py for tasks to queue
[2024-06-14T00:23:24.274+0200] {logging_mixin.py:188} INFO - [2024-06-14T00:23:24.274+0200] {dagbag.py:540} INFO - Filling up the DagBag from /home/hectorv/.local/lib/python3.10/site-packages/airflow/example_dags/example_xcom.py
[2024-06-14T00:23:24.277+0200] {processor.py:840} INFO - DAG(s) 'example_xcom' retrieved from /home/hectorv/.local/lib/python3.10/site-packages/airflow/example_dags/example_xcom.py
[2024-06-14T00:23:24.283+0200] {logging_mixin.py:188} INFO - [2024-06-14T00:23:24.283+0200] {dag.py:3096} INFO - Sync 1 DAGs
[2024-06-14T00:23:24.289+0200] {logging_mixin.py:188} INFO - [2024-06-14T00:23:24.289+0200] {dag.py:3954} INFO - Setting next_dagrun for example_xcom to 2021-01-01 00:00:00+00:00, run_after=2021-01-01 00:00:00+00:00
[2024-06-14T00:23:24.341+0200] {processor.py:183} INFO - Processing /home/hectorv/.local/lib/python3.10/site-packages/airflow/example_dags/example_xcom.py took 0.075 seconds
[2024-06-14T00:24:23.852+0200] {processor.py:161} INFO - Started process (PID=4418) to work on /home/hectorv/.local/lib/python3.10/site-packages/airflow/example_dags/example_xcom.py
[2024-06-14T00:24:23.854+0200] {processor.py:830} INFO - Processing file /home/hectorv/.local/lib/python3.10/site-packages/airflow/example_dags/example_xcom.py for tasks to queue
[2024-06-14T00:24:23.855+0200] {logging_mixin.py:188} INFO - [2024-06-14T00:24:23.854+0200] {dagbag.py:540} INFO - Filling up the DagBag from /home/hectorv/.local/lib/python3.10/site-packages/airflow/example_dags/example_xcom.py
[2024-06-14T00:24:23.857+0200] {processor.py:840} INFO - DAG(s) 'example_xcom' retrieved from /home/hectorv/.local/lib/python3.10/site-packages/airflow/example_dags/example_xcom.py
[2024-06-14T00:24:23.863+0200] {logging_mixin.py:188} INFO - [2024-06-14T00:24:23.863+0200] {dag.py:3096} INFO - Sync 1 DAGs
[2024-06-14T00:24:23.869+0200] {logging_mixin.py:188} INFO - [2024-06-14T00:24:23.869+0200] {dag.py:3954} INFO - Setting next_dagrun for example_xcom to 2021-01-01 00:00:00+00:00, run_after=2021-01-01 00:00:00+00:00
[2024-06-14T00:24:23.884+0200] {processor.py:183} INFO - Processing /home/hectorv/.local/lib/python3.10/site-packages/airflow/example_dags/example_xcom.py took 0.034 seconds
[2024-06-14T00:25:18.787+0200] {processor.py:161} INFO - Started process (PID=4477) to work on /home/hectorv/.local/lib/python3.10/site-packages/airflow/example_dags/example_xcom.py
[2024-06-14T00:25:18.788+0200] {processor.py:830} INFO - Processing file /home/hectorv/.local/lib/python3.10/site-packages/airflow/example_dags/example_xcom.py for tasks to queue
[2024-06-14T00:25:18.789+0200] {logging_mixin.py:188} INFO - [2024-06-14T00:25:18.789+0200] {dagbag.py:540} INFO - Filling up the DagBag from /home/hectorv/.local/lib/python3.10/site-packages/airflow/example_dags/example_xcom.py
[2024-06-14T00:25:18.792+0200] {processor.py:840} INFO - DAG(s) 'example_xcom' retrieved from /home/hectorv/.local/lib/python3.10/site-packages/airflow/example_dags/example_xcom.py
[2024-06-14T00:25:18.797+0200] {logging_mixin.py:188} INFO - [2024-06-14T00:25:18.797+0200] {dag.py:3096} INFO - Sync 1 DAGs
[2024-06-14T00:25:18.804+0200] {logging_mixin.py:188} INFO - [2024-06-14T00:25:18.804+0200] {dag.py:3954} INFO - Setting next_dagrun for example_xcom to 2021-01-01 00:00:00+00:00, run_after=2021-01-01 00:00:00+00:00
[2024-06-14T00:25:18.819+0200] {processor.py:183} INFO - Processing /home/hectorv/.local/lib/python3.10/site-packages/airflow/example_dags/example_xcom.py took 0.034 seconds
[2024-06-14T00:49:02.210+0200] {processor.py:161} INFO - Started process (PID=4565) to work on /home/hectorv/.local/lib/python3.10/site-packages/airflow/example_dags/example_xcom.py
[2024-06-14T00:49:02.213+0200] {processor.py:830} INFO - Processing file /home/hectorv/.local/lib/python3.10/site-packages/airflow/example_dags/example_xcom.py for tasks to queue
[2024-06-14T00:49:02.214+0200] {logging_mixin.py:188} INFO - [2024-06-14T00:49:02.214+0200] {dagbag.py:540} INFO - Filling up the DagBag from /home/hectorv/.local/lib/python3.10/site-packages/airflow/example_dags/example_xcom.py
[2024-06-14T00:49:02.217+0200] {processor.py:840} INFO - DAG(s) 'example_xcom' retrieved from /home/hectorv/.local/lib/python3.10/site-packages/airflow/example_dags/example_xcom.py
[2024-06-14T00:49:02.296+0200] {logging_mixin.py:188} INFO - [2024-06-14T00:49:02.296+0200] {dag.py:3096} INFO - Sync 1 DAGs
[2024-06-14T00:49:02.356+0200] {logging_mixin.py:188} INFO - [2024-06-14T00:49:02.356+0200] {dag.py:3954} INFO - Setting next_dagrun for example_xcom to 2021-01-01 00:00:00+00:00, run_after=2021-01-01 00:00:00+00:00
[2024-06-14T00:49:02.401+0200] {processor.py:183} INFO - Processing /home/hectorv/.local/lib/python3.10/site-packages/airflow/example_dags/example_xcom.py took 0.193 seconds
[2024-06-14T00:49:53.395+0200] {processor.py:161} INFO - Started process (PID=4616) to work on /home/hectorv/.local/lib/python3.10/site-packages/airflow/example_dags/example_xcom.py
[2024-06-14T00:49:53.398+0200] {processor.py:830} INFO - Processing file /home/hectorv/.local/lib/python3.10/site-packages/airflow/example_dags/example_xcom.py for tasks to queue
[2024-06-14T00:49:53.399+0200] {logging_mixin.py:188} INFO - [2024-06-14T00:49:53.399+0200] {dagbag.py:540} INFO - Filling up the DagBag from /home/hectorv/.local/lib/python3.10/site-packages/airflow/example_dags/example_xcom.py
[2024-06-14T00:49:53.401+0200] {processor.py:840} INFO - DAG(s) 'example_xcom' retrieved from /home/hectorv/.local/lib/python3.10/site-packages/airflow/example_dags/example_xcom.py
[2024-06-14T00:49:53.407+0200] {logging_mixin.py:188} INFO - [2024-06-14T00:49:53.407+0200] {dag.py:3096} INFO - Sync 1 DAGs
[2024-06-14T00:49:53.413+0200] {logging_mixin.py:188} INFO - [2024-06-14T00:49:53.413+0200] {dag.py:3954} INFO - Setting next_dagrun for example_xcom to 2021-01-01 00:00:00+00:00, run_after=2021-01-01 00:00:00+00:00
[2024-06-14T00:49:53.503+0200] {processor.py:183} INFO - Processing /home/hectorv/.local/lib/python3.10/site-packages/airflow/example_dags/example_xcom.py took 0.111 seconds
[2024-06-14T00:50:53.275+0200] {processor.py:161} INFO - Started process (PID=4678) to work on /home/hectorv/.local/lib/python3.10/site-packages/airflow/example_dags/example_xcom.py
[2024-06-14T00:50:53.277+0200] {processor.py:830} INFO - Processing file /home/hectorv/.local/lib/python3.10/site-packages/airflow/example_dags/example_xcom.py for tasks to queue
[2024-06-14T00:50:53.277+0200] {logging_mixin.py:188} INFO - [2024-06-14T00:50:53.277+0200] {dagbag.py:540} INFO - Filling up the DagBag from /home/hectorv/.local/lib/python3.10/site-packages/airflow/example_dags/example_xcom.py
[2024-06-14T00:50:53.280+0200] {processor.py:840} INFO - DAG(s) 'example_xcom' retrieved from /home/hectorv/.local/lib/python3.10/site-packages/airflow/example_dags/example_xcom.py
[2024-06-14T00:50:53.285+0200] {logging_mixin.py:188} INFO - [2024-06-14T00:50:53.285+0200] {dag.py:3096} INFO - Sync 1 DAGs
[2024-06-14T00:50:53.291+0200] {logging_mixin.py:188} INFO - [2024-06-14T00:50:53.291+0200] {dag.py:3954} INFO - Setting next_dagrun for example_xcom to 2021-01-01 00:00:00+00:00, run_after=2021-01-01 00:00:00+00:00
[2024-06-14T00:50:53.307+0200] {processor.py:183} INFO - Processing /home/hectorv/.local/lib/python3.10/site-packages/airflow/example_dags/example_xcom.py took 0.034 seconds
[2024-06-14T00:51:54.806+0200] {processor.py:161} INFO - Started process (PID=4799) to work on /home/hectorv/.local/lib/python3.10/site-packages/airflow/example_dags/example_xcom.py
[2024-06-14T00:51:54.808+0200] {processor.py:830} INFO - Processing file /home/hectorv/.local/lib/python3.10/site-packages/airflow/example_dags/example_xcom.py for tasks to queue
[2024-06-14T00:51:54.809+0200] {logging_mixin.py:188} INFO - [2024-06-14T00:51:54.809+0200] {dagbag.py:540} INFO - Filling up the DagBag from /home/hectorv/.local/lib/python3.10/site-packages/airflow/example_dags/example_xcom.py
[2024-06-14T00:51:54.812+0200] {processor.py:840} INFO - DAG(s) 'example_xcom' retrieved from /home/hectorv/.local/lib/python3.10/site-packages/airflow/example_dags/example_xcom.py
[2024-06-14T00:51:54.819+0200] {logging_mixin.py:188} INFO - [2024-06-14T00:51:54.819+0200] {dag.py:3096} INFO - Sync 1 DAGs
[2024-06-14T00:51:54.825+0200] {logging_mixin.py:188} INFO - [2024-06-14T00:51:54.825+0200] {dag.py:3954} INFO - Setting next_dagrun for example_xcom to 2021-01-01 00:00:00+00:00, run_after=2021-01-01 00:00:00+00:00
[2024-06-14T00:51:54.840+0200] {processor.py:183} INFO - Processing /home/hectorv/.local/lib/python3.10/site-packages/airflow/example_dags/example_xcom.py took 0.036 seconds
[2024-06-14T00:52:49.910+0200] {processor.py:161} INFO - Started process (PID=4883) to work on /home/hectorv/.local/lib/python3.10/site-packages/airflow/example_dags/example_xcom.py
[2024-06-14T00:52:49.911+0200] {processor.py:830} INFO - Processing file /home/hectorv/.local/lib/python3.10/site-packages/airflow/example_dags/example_xcom.py for tasks to queue
[2024-06-14T00:52:49.912+0200] {logging_mixin.py:188} INFO - [2024-06-14T00:52:49.912+0200] {dagbag.py:540} INFO - Filling up the DagBag from /home/hectorv/.local/lib/python3.10/site-packages/airflow/example_dags/example_xcom.py
[2024-06-14T00:52:49.915+0200] {processor.py:840} INFO - DAG(s) 'example_xcom' retrieved from /home/hectorv/.local/lib/python3.10/site-packages/airflow/example_dags/example_xcom.py
[2024-06-14T00:52:49.920+0200] {logging_mixin.py:188} INFO - [2024-06-14T00:52:49.920+0200] {dag.py:3096} INFO - Sync 1 DAGs
[2024-06-14T00:52:49.926+0200] {logging_mixin.py:188} INFO - [2024-06-14T00:52:49.926+0200] {dag.py:3954} INFO - Setting next_dagrun for example_xcom to 2021-01-01 00:00:00+00:00, run_after=2021-01-01 00:00:00+00:00
[2024-06-14T00:52:49.943+0200] {processor.py:183} INFO - Processing /home/hectorv/.local/lib/python3.10/site-packages/airflow/example_dags/example_xcom.py took 0.035 seconds
[2024-06-14T00:53:43.606+0200] {processor.py:161} INFO - Started process (PID=11662) to work on /home/hectorv/.local/lib/python3.10/site-packages/airflow/example_dags/example_xcom.py
[2024-06-14T00:53:43.608+0200] {processor.py:830} INFO - Processing file /home/hectorv/.local/lib/python3.10/site-packages/airflow/example_dags/example_xcom.py for tasks to queue
[2024-06-14T00:53:43.609+0200] {logging_mixin.py:188} INFO - [2024-06-14T00:53:43.609+0200] {dagbag.py:540} INFO - Filling up the DagBag from /home/hectorv/.local/lib/python3.10/site-packages/airflow/example_dags/example_xcom.py
[2024-06-14T00:53:43.611+0200] {processor.py:840} INFO - DAG(s) 'example_xcom' retrieved from /home/hectorv/.local/lib/python3.10/site-packages/airflow/example_dags/example_xcom.py
[2024-06-14T00:53:43.617+0200] {logging_mixin.py:188} INFO - [2024-06-14T00:53:43.617+0200] {dag.py:3096} INFO - Sync 1 DAGs
[2024-06-14T00:53:43.623+0200] {logging_mixin.py:188} INFO - [2024-06-14T00:53:43.623+0200] {dag.py:3954} INFO - Setting next_dagrun for example_xcom to 2021-01-01 00:00:00+00:00, run_after=2021-01-01 00:00:00+00:00
[2024-06-14T00:53:43.638+0200] {processor.py:183} INFO - Processing /home/hectorv/.local/lib/python3.10/site-packages/airflow/example_dags/example_xcom.py took 0.034 seconds
[2024-06-14T00:54:39.967+0200] {processor.py:161} INFO - Started process (PID=11843) to work on /home/hectorv/.local/lib/python3.10/site-packages/airflow/example_dags/example_xcom.py
[2024-06-14T00:54:39.969+0200] {processor.py:830} INFO - Processing file /home/hectorv/.local/lib/python3.10/site-packages/airflow/example_dags/example_xcom.py for tasks to queue
[2024-06-14T00:54:39.969+0200] {logging_mixin.py:188} INFO - [2024-06-14T00:54:39.969+0200] {dagbag.py:540} INFO - Filling up the DagBag from /home/hectorv/.local/lib/python3.10/site-packages/airflow/example_dags/example_xcom.py
[2024-06-14T00:54:39.972+0200] {processor.py:840} INFO - DAG(s) 'example_xcom' retrieved from /home/hectorv/.local/lib/python3.10/site-packages/airflow/example_dags/example_xcom.py
[2024-06-14T00:54:39.978+0200] {logging_mixin.py:188} INFO - [2024-06-14T00:54:39.978+0200] {dag.py:3096} INFO - Sync 1 DAGs
[2024-06-14T00:54:39.984+0200] {logging_mixin.py:188} INFO - [2024-06-14T00:54:39.984+0200] {dag.py:3954} INFO - Setting next_dagrun for example_xcom to 2021-01-01 00:00:00+00:00, run_after=2021-01-01 00:00:00+00:00
[2024-06-14T00:54:40.000+0200] {processor.py:183} INFO - Processing /home/hectorv/.local/lib/python3.10/site-packages/airflow/example_dags/example_xcom.py took 0.035 seconds
[2024-06-14T00:55:38.546+0200] {processor.py:161} INFO - Started process (PID=12183) to work on /home/hectorv/.local/lib/python3.10/site-packages/airflow/example_dags/example_xcom.py
[2024-06-14T00:55:38.547+0200] {processor.py:830} INFO - Processing file /home/hectorv/.local/lib/python3.10/site-packages/airflow/example_dags/example_xcom.py for tasks to queue
[2024-06-14T00:55:38.548+0200] {logging_mixin.py:188} INFO - [2024-06-14T00:55:38.548+0200] {dagbag.py:540} INFO - Filling up the DagBag from /home/hectorv/.local/lib/python3.10/site-packages/airflow/example_dags/example_xcom.py
[2024-06-14T00:55:38.551+0200] {processor.py:840} INFO - DAG(s) 'example_xcom' retrieved from /home/hectorv/.local/lib/python3.10/site-packages/airflow/example_dags/example_xcom.py
[2024-06-14T00:55:38.556+0200] {logging_mixin.py:188} INFO - [2024-06-14T00:55:38.556+0200] {dag.py:3096} INFO - Sync 1 DAGs
[2024-06-14T00:55:38.562+0200] {logging_mixin.py:188} INFO - [2024-06-14T00:55:38.562+0200] {dag.py:3954} INFO - Setting next_dagrun for example_xcom to 2021-01-01 00:00:00+00:00, run_after=2021-01-01 00:00:00+00:00
[2024-06-14T00:55:38.577+0200] {processor.py:183} INFO - Processing /home/hectorv/.local/lib/python3.10/site-packages/airflow/example_dags/example_xcom.py took 0.033 seconds
[2024-06-14T00:56:40.369+0200] {processor.py:161} INFO - Started process (PID=15471) to work on /home/hectorv/.local/lib/python3.10/site-packages/airflow/example_dags/example_xcom.py
[2024-06-14T00:56:40.370+0200] {processor.py:830} INFO - Processing file /home/hectorv/.local/lib/python3.10/site-packages/airflow/example_dags/example_xcom.py for tasks to queue
[2024-06-14T00:56:40.371+0200] {logging_mixin.py:188} INFO - [2024-06-14T00:56:40.370+0200] {dagbag.py:540} INFO - Filling up the DagBag from /home/hectorv/.local/lib/python3.10/site-packages/airflow/example_dags/example_xcom.py
[2024-06-14T00:56:40.373+0200] {processor.py:840} INFO - DAG(s) 'example_xcom' retrieved from /home/hectorv/.local/lib/python3.10/site-packages/airflow/example_dags/example_xcom.py
[2024-06-14T00:56:40.379+0200] {logging_mixin.py:188} INFO - [2024-06-14T00:56:40.379+0200] {dag.py:3096} INFO - Sync 1 DAGs
[2024-06-14T00:56:40.386+0200] {logging_mixin.py:188} INFO - [2024-06-14T00:56:40.386+0200] {dag.py:3954} INFO - Setting next_dagrun for example_xcom to 2021-01-01 00:00:00+00:00, run_after=2021-01-01 00:00:00+00:00
[2024-06-14T00:56:40.401+0200] {processor.py:183} INFO - Processing /home/hectorv/.local/lib/python3.10/site-packages/airflow/example_dags/example_xcom.py took 0.034 seconds
[2024-06-14T01:02:51.275+0200] {processor.py:161} INFO - Started process (PID=6271) to work on /home/hectorv/.local/lib/python3.10/site-packages/airflow/example_dags/example_xcom.py
[2024-06-14T01:02:51.277+0200] {processor.py:830} INFO - Processing file /home/hectorv/.local/lib/python3.10/site-packages/airflow/example_dags/example_xcom.py for tasks to queue
[2024-06-14T01:02:51.277+0200] {logging_mixin.py:188} INFO - [2024-06-14T01:02:51.277+0200] {dagbag.py:540} INFO - Filling up the DagBag from /home/hectorv/.local/lib/python3.10/site-packages/airflow/example_dags/example_xcom.py
[2024-06-14T01:02:51.280+0200] {processor.py:840} INFO - DAG(s) 'example_xcom' retrieved from /home/hectorv/.local/lib/python3.10/site-packages/airflow/example_dags/example_xcom.py
[2024-06-14T01:02:51.371+0200] {logging_mixin.py:188} INFO - [2024-06-14T01:02:51.370+0200] {dag.py:3096} INFO - Sync 1 DAGs
[2024-06-14T01:02:51.385+0200] {logging_mixin.py:188} INFO - [2024-06-14T01:02:51.385+0200] {dag.py:3954} INFO - Setting next_dagrun for example_xcom to 2021-01-01 00:00:00+00:00, run_after=2021-01-01 00:00:00+00:00
[2024-06-14T01:02:51.400+0200] {processor.py:183} INFO - Processing /home/hectorv/.local/lib/python3.10/site-packages/airflow/example_dags/example_xcom.py took 0.127 seconds
[2024-06-14T01:03:42.042+0200] {processor.py:161} INFO - Started process (PID=6650) to work on /home/hectorv/.local/lib/python3.10/site-packages/airflow/example_dags/example_xcom.py
[2024-06-14T01:03:42.044+0200] {processor.py:830} INFO - Processing file /home/hectorv/.local/lib/python3.10/site-packages/airflow/example_dags/example_xcom.py for tasks to queue
[2024-06-14T01:03:42.044+0200] {logging_mixin.py:188} INFO - [2024-06-14T01:03:42.044+0200] {dagbag.py:540} INFO - Filling up the DagBag from /home/hectorv/.local/lib/python3.10/site-packages/airflow/example_dags/example_xcom.py
[2024-06-14T01:03:42.047+0200] {processor.py:840} INFO - DAG(s) 'example_xcom' retrieved from /home/hectorv/.local/lib/python3.10/site-packages/airflow/example_dags/example_xcom.py
[2024-06-14T01:03:42.052+0200] {logging_mixin.py:188} INFO - [2024-06-14T01:03:42.052+0200] {dag.py:3096} INFO - Sync 1 DAGs
[2024-06-14T01:03:42.058+0200] {logging_mixin.py:188} INFO - [2024-06-14T01:03:42.058+0200] {dag.py:3954} INFO - Setting next_dagrun for example_xcom to 2021-01-01 00:00:00+00:00, run_after=2021-01-01 00:00:00+00:00
[2024-06-14T01:03:42.122+0200] {processor.py:183} INFO - Processing /home/hectorv/.local/lib/python3.10/site-packages/airflow/example_dags/example_xcom.py took 0.082 seconds
