[2024-06-13T23:19:49.057+0200] {processor.py:161} INFO - Started process (PID=467) to work on /home/hectorv/.local/lib/python3.10/site-packages/airflow/example_dags/tutorial_taskflow_api_virtualenv.py
[2024-06-13T23:19:49.058+0200] {processor.py:830} INFO - Processing file /home/hectorv/.local/lib/python3.10/site-packages/airflow/example_dags/tutorial_taskflow_api_virtualenv.py for tasks to queue
[2024-06-13T23:19:49.058+0200] {logging_mixin.py:188} INFO - [2024-06-13T23:19:49.058+0200] {dagbag.py:540} INFO - Filling up the DagBag from /home/hectorv/.local/lib/python3.10/site-packages/airflow/example_dags/tutorial_taskflow_api_virtualenv.py
[2024-06-13T23:19:49.070+0200] {logging_mixin.py:188} INFO - [2024-06-13T23:19:49.070+0200] {tutorial_taskflow_api_virtualenv.py:29} WARNING - The tutorial_taskflow_api_virtualenv example DAG requires virtualenv, please install it.
[2024-06-13T23:19:49.070+0200] {processor.py:842} WARNING - No viable dags retrieved from /home/hectorv/.local/lib/python3.10/site-packages/airflow/example_dags/tutorial_taskflow_api_virtualenv.py
[2024-06-13T23:19:49.073+0200] {processor.py:183} INFO - Processing /home/hectorv/.local/lib/python3.10/site-packages/airflow/example_dags/tutorial_taskflow_api_virtualenv.py took 0.018 seconds
[2024-06-13T23:20:38.841+0200] {processor.py:161} INFO - Started process (PID=518) to work on /home/hectorv/.local/lib/python3.10/site-packages/airflow/example_dags/tutorial_taskflow_api_virtualenv.py
[2024-06-13T23:20:38.843+0200] {processor.py:830} INFO - Processing file /home/hectorv/.local/lib/python3.10/site-packages/airflow/example_dags/tutorial_taskflow_api_virtualenv.py for tasks to queue
[2024-06-13T23:20:38.843+0200] {logging_mixin.py:188} INFO - [2024-06-13T23:20:38.843+0200] {dagbag.py:540} INFO - Filling up the DagBag from /home/hectorv/.local/lib/python3.10/site-packages/airflow/example_dags/tutorial_taskflow_api_virtualenv.py
[2024-06-13T23:20:38.856+0200] {logging_mixin.py:188} INFO - [2024-06-13T23:20:38.856+0200] {tutorial_taskflow_api_virtualenv.py:29} WARNING - The tutorial_taskflow_api_virtualenv example DAG requires virtualenv, please install it.
[2024-06-13T23:20:38.856+0200] {processor.py:842} WARNING - No viable dags retrieved from /home/hectorv/.local/lib/python3.10/site-packages/airflow/example_dags/tutorial_taskflow_api_virtualenv.py
[2024-06-13T23:20:38.859+0200] {processor.py:183} INFO - Processing /home/hectorv/.local/lib/python3.10/site-packages/airflow/example_dags/tutorial_taskflow_api_virtualenv.py took 0.020 seconds
[2024-06-13T23:21:34.892+0200] {processor.py:161} INFO - Started process (PID=577) to work on /home/hectorv/.local/lib/python3.10/site-packages/airflow/example_dags/tutorial_taskflow_api_virtualenv.py
[2024-06-13T23:21:34.894+0200] {processor.py:830} INFO - Processing file /home/hectorv/.local/lib/python3.10/site-packages/airflow/example_dags/tutorial_taskflow_api_virtualenv.py for tasks to queue
[2024-06-13T23:21:34.894+0200] {logging_mixin.py:188} INFO - [2024-06-13T23:21:34.894+0200] {dagbag.py:540} INFO - Filling up the DagBag from /home/hectorv/.local/lib/python3.10/site-packages/airflow/example_dags/tutorial_taskflow_api_virtualenv.py
[2024-06-13T23:21:34.907+0200] {logging_mixin.py:188} INFO - [2024-06-13T23:21:34.907+0200] {tutorial_taskflow_api_virtualenv.py:29} WARNING - The tutorial_taskflow_api_virtualenv example DAG requires virtualenv, please install it.
[2024-06-13T23:21:34.907+0200] {processor.py:842} WARNING - No viable dags retrieved from /home/hectorv/.local/lib/python3.10/site-packages/airflow/example_dags/tutorial_taskflow_api_virtualenv.py
[2024-06-13T23:21:34.910+0200] {processor.py:183} INFO - Processing /home/hectorv/.local/lib/python3.10/site-packages/airflow/example_dags/tutorial_taskflow_api_virtualenv.py took 0.020 seconds
[2024-06-13T23:22:35.268+0200] {processor.py:161} INFO - Started process (PID=640) to work on /home/hectorv/.local/lib/python3.10/site-packages/airflow/example_dags/tutorial_taskflow_api_virtualenv.py
[2024-06-13T23:22:35.269+0200] {processor.py:830} INFO - Processing file /home/hectorv/.local/lib/python3.10/site-packages/airflow/example_dags/tutorial_taskflow_api_virtualenv.py for tasks to queue
[2024-06-13T23:22:35.269+0200] {logging_mixin.py:188} INFO - [2024-06-13T23:22:35.269+0200] {dagbag.py:540} INFO - Filling up the DagBag from /home/hectorv/.local/lib/python3.10/site-packages/airflow/example_dags/tutorial_taskflow_api_virtualenv.py
[2024-06-13T23:22:35.282+0200] {logging_mixin.py:188} INFO - [2024-06-13T23:22:35.282+0200] {tutorial_taskflow_api_virtualenv.py:29} WARNING - The tutorial_taskflow_api_virtualenv example DAG requires virtualenv, please install it.
[2024-06-13T23:22:35.282+0200] {processor.py:842} WARNING - No viable dags retrieved from /home/hectorv/.local/lib/python3.10/site-packages/airflow/example_dags/tutorial_taskflow_api_virtualenv.py
[2024-06-13T23:22:35.286+0200] {processor.py:183} INFO - Processing /home/hectorv/.local/lib/python3.10/site-packages/airflow/example_dags/tutorial_taskflow_api_virtualenv.py took 0.019 seconds
[2024-06-13T23:23:34.142+0200] {processor.py:161} INFO - Started process (PID=702) to work on /home/hectorv/.local/lib/python3.10/site-packages/airflow/example_dags/tutorial_taskflow_api_virtualenv.py
[2024-06-13T23:23:34.143+0200] {processor.py:830} INFO - Processing file /home/hectorv/.local/lib/python3.10/site-packages/airflow/example_dags/tutorial_taskflow_api_virtualenv.py for tasks to queue
[2024-06-13T23:23:34.144+0200] {logging_mixin.py:188} INFO - [2024-06-13T23:23:34.144+0200] {dagbag.py:540} INFO - Filling up the DagBag from /home/hectorv/.local/lib/python3.10/site-packages/airflow/example_dags/tutorial_taskflow_api_virtualenv.py
[2024-06-13T23:23:34.155+0200] {logging_mixin.py:188} INFO - [2024-06-13T23:23:34.155+0200] {tutorial_taskflow_api_virtualenv.py:29} WARNING - The tutorial_taskflow_api_virtualenv example DAG requires virtualenv, please install it.
[2024-06-13T23:23:34.155+0200] {processor.py:842} WARNING - No viable dags retrieved from /home/hectorv/.local/lib/python3.10/site-packages/airflow/example_dags/tutorial_taskflow_api_virtualenv.py
[2024-06-13T23:23:34.159+0200] {processor.py:183} INFO - Processing /home/hectorv/.local/lib/python3.10/site-packages/airflow/example_dags/tutorial_taskflow_api_virtualenv.py took 0.020 seconds
[2024-06-13T23:24:30.980+0200] {processor.py:161} INFO - Started process (PID=766) to work on /home/hectorv/.local/lib/python3.10/site-packages/airflow/example_dags/tutorial_taskflow_api_virtualenv.py
[2024-06-13T23:24:30.986+0200] {processor.py:830} INFO - Processing file /home/hectorv/.local/lib/python3.10/site-packages/airflow/example_dags/tutorial_taskflow_api_virtualenv.py for tasks to queue
[2024-06-13T23:24:30.986+0200] {logging_mixin.py:188} INFO - [2024-06-13T23:24:30.986+0200] {dagbag.py:540} INFO - Filling up the DagBag from /home/hectorv/.local/lib/python3.10/site-packages/airflow/example_dags/tutorial_taskflow_api_virtualenv.py
[2024-06-13T23:24:30.999+0200] {logging_mixin.py:188} INFO - [2024-06-13T23:24:30.999+0200] {tutorial_taskflow_api_virtualenv.py:29} WARNING - The tutorial_taskflow_api_virtualenv example DAG requires virtualenv, please install it.
[2024-06-13T23:24:30.999+0200] {processor.py:842} WARNING - No viable dags retrieved from /home/hectorv/.local/lib/python3.10/site-packages/airflow/example_dags/tutorial_taskflow_api_virtualenv.py
[2024-06-13T23:24:31.003+0200] {processor.py:183} INFO - Processing /home/hectorv/.local/lib/python3.10/site-packages/airflow/example_dags/tutorial_taskflow_api_virtualenv.py took 0.025 seconds
[2024-06-13T23:25:23.446+0200] {processor.py:161} INFO - Started process (PID=824) to work on /home/hectorv/.local/lib/python3.10/site-packages/airflow/example_dags/tutorial_taskflow_api_virtualenv.py
[2024-06-13T23:25:23.447+0200] {processor.py:830} INFO - Processing file /home/hectorv/.local/lib/python3.10/site-packages/airflow/example_dags/tutorial_taskflow_api_virtualenv.py for tasks to queue
[2024-06-13T23:25:23.447+0200] {logging_mixin.py:188} INFO - [2024-06-13T23:25:23.447+0200] {dagbag.py:540} INFO - Filling up the DagBag from /home/hectorv/.local/lib/python3.10/site-packages/airflow/example_dags/tutorial_taskflow_api_virtualenv.py
[2024-06-13T23:25:23.459+0200] {logging_mixin.py:188} INFO - [2024-06-13T23:25:23.459+0200] {tutorial_taskflow_api_virtualenv.py:29} WARNING - The tutorial_taskflow_api_virtualenv example DAG requires virtualenv, please install it.
[2024-06-13T23:25:23.459+0200] {processor.py:842} WARNING - No viable dags retrieved from /home/hectorv/.local/lib/python3.10/site-packages/airflow/example_dags/tutorial_taskflow_api_virtualenv.py
[2024-06-13T23:25:23.463+0200] {processor.py:183} INFO - Processing /home/hectorv/.local/lib/python3.10/site-packages/airflow/example_dags/tutorial_taskflow_api_virtualenv.py took 0.019 seconds
[2024-06-13T23:26:22.071+0200] {processor.py:161} INFO - Started process (PID=884) to work on /home/hectorv/.local/lib/python3.10/site-packages/airflow/example_dags/tutorial_taskflow_api_virtualenv.py
[2024-06-13T23:26:22.073+0200] {processor.py:830} INFO - Processing file /home/hectorv/.local/lib/python3.10/site-packages/airflow/example_dags/tutorial_taskflow_api_virtualenv.py for tasks to queue
[2024-06-13T23:26:22.074+0200] {logging_mixin.py:188} INFO - [2024-06-13T23:26:22.074+0200] {dagbag.py:540} INFO - Filling up the DagBag from /home/hectorv/.local/lib/python3.10/site-packages/airflow/example_dags/tutorial_taskflow_api_virtualenv.py
[2024-06-13T23:26:22.085+0200] {logging_mixin.py:188} INFO - [2024-06-13T23:26:22.085+0200] {tutorial_taskflow_api_virtualenv.py:29} WARNING - The tutorial_taskflow_api_virtualenv example DAG requires virtualenv, please install it.
[2024-06-13T23:26:22.085+0200] {processor.py:842} WARNING - No viable dags retrieved from /home/hectorv/.local/lib/python3.10/site-packages/airflow/example_dags/tutorial_taskflow_api_virtualenv.py
[2024-06-13T23:26:22.089+0200] {processor.py:183} INFO - Processing /home/hectorv/.local/lib/python3.10/site-packages/airflow/example_dags/tutorial_taskflow_api_virtualenv.py took 0.019 seconds
[2024-06-13T23:27:17.425+0200] {processor.py:161} INFO - Started process (PID=943) to work on /home/hectorv/.local/lib/python3.10/site-packages/airflow/example_dags/tutorial_taskflow_api_virtualenv.py
[2024-06-13T23:27:17.427+0200] {processor.py:830} INFO - Processing file /home/hectorv/.local/lib/python3.10/site-packages/airflow/example_dags/tutorial_taskflow_api_virtualenv.py for tasks to queue
[2024-06-13T23:27:17.427+0200] {logging_mixin.py:188} INFO - [2024-06-13T23:27:17.427+0200] {dagbag.py:540} INFO - Filling up the DagBag from /home/hectorv/.local/lib/python3.10/site-packages/airflow/example_dags/tutorial_taskflow_api_virtualenv.py
[2024-06-13T23:27:17.439+0200] {logging_mixin.py:188} INFO - [2024-06-13T23:27:17.439+0200] {tutorial_taskflow_api_virtualenv.py:29} WARNING - The tutorial_taskflow_api_virtualenv example DAG requires virtualenv, please install it.
[2024-06-13T23:27:17.440+0200] {processor.py:842} WARNING - No viable dags retrieved from /home/hectorv/.local/lib/python3.10/site-packages/airflow/example_dags/tutorial_taskflow_api_virtualenv.py
[2024-06-13T23:27:17.443+0200] {processor.py:183} INFO - Processing /home/hectorv/.local/lib/python3.10/site-packages/airflow/example_dags/tutorial_taskflow_api_virtualenv.py took 0.020 seconds
[2024-06-13T23:28:16.682+0200] {processor.py:161} INFO - Started process (PID=1005) to work on /home/hectorv/.local/lib/python3.10/site-packages/airflow/example_dags/tutorial_taskflow_api_virtualenv.py
[2024-06-13T23:28:16.683+0200] {processor.py:830} INFO - Processing file /home/hectorv/.local/lib/python3.10/site-packages/airflow/example_dags/tutorial_taskflow_api_virtualenv.py for tasks to queue
[2024-06-13T23:28:16.684+0200] {logging_mixin.py:188} INFO - [2024-06-13T23:28:16.683+0200] {dagbag.py:540} INFO - Filling up the DagBag from /home/hectorv/.local/lib/python3.10/site-packages/airflow/example_dags/tutorial_taskflow_api_virtualenv.py
[2024-06-13T23:28:16.695+0200] {logging_mixin.py:188} INFO - [2024-06-13T23:28:16.695+0200] {tutorial_taskflow_api_virtualenv.py:29} WARNING - The tutorial_taskflow_api_virtualenv example DAG requires virtualenv, please install it.
[2024-06-13T23:28:16.695+0200] {processor.py:842} WARNING - No viable dags retrieved from /home/hectorv/.local/lib/python3.10/site-packages/airflow/example_dags/tutorial_taskflow_api_virtualenv.py
[2024-06-13T23:28:16.699+0200] {processor.py:183} INFO - Processing /home/hectorv/.local/lib/python3.10/site-packages/airflow/example_dags/tutorial_taskflow_api_virtualenv.py took 0.019 seconds
[2024-06-13T23:29:16.789+0200] {processor.py:161} INFO - Started process (PID=1145) to work on /home/hectorv/.local/lib/python3.10/site-packages/airflow/example_dags/tutorial_taskflow_api_virtualenv.py
[2024-06-13T23:29:16.790+0200] {processor.py:830} INFO - Processing file /home/hectorv/.local/lib/python3.10/site-packages/airflow/example_dags/tutorial_taskflow_api_virtualenv.py for tasks to queue
[2024-06-13T23:29:16.790+0200] {logging_mixin.py:188} INFO - [2024-06-13T23:29:16.790+0200] {dagbag.py:540} INFO - Filling up the DagBag from /home/hectorv/.local/lib/python3.10/site-packages/airflow/example_dags/tutorial_taskflow_api_virtualenv.py
[2024-06-13T23:29:16.802+0200] {logging_mixin.py:188} INFO - [2024-06-13T23:29:16.802+0200] {tutorial_taskflow_api_virtualenv.py:29} WARNING - The tutorial_taskflow_api_virtualenv example DAG requires virtualenv, please install it.
[2024-06-13T23:29:16.802+0200] {processor.py:842} WARNING - No viable dags retrieved from /home/hectorv/.local/lib/python3.10/site-packages/airflow/example_dags/tutorial_taskflow_api_virtualenv.py
[2024-06-13T23:29:16.806+0200] {processor.py:183} INFO - Processing /home/hectorv/.local/lib/python3.10/site-packages/airflow/example_dags/tutorial_taskflow_api_virtualenv.py took 0.019 seconds
[2024-06-13T23:30:16.374+0200] {processor.py:161} INFO - Started process (PID=1207) to work on /home/hectorv/.local/lib/python3.10/site-packages/airflow/example_dags/tutorial_taskflow_api_virtualenv.py
[2024-06-13T23:30:16.376+0200] {processor.py:830} INFO - Processing file /home/hectorv/.local/lib/python3.10/site-packages/airflow/example_dags/tutorial_taskflow_api_virtualenv.py for tasks to queue
[2024-06-13T23:30:16.376+0200] {logging_mixin.py:188} INFO - [2024-06-13T23:30:16.376+0200] {dagbag.py:540} INFO - Filling up the DagBag from /home/hectorv/.local/lib/python3.10/site-packages/airflow/example_dags/tutorial_taskflow_api_virtualenv.py
[2024-06-13T23:30:16.389+0200] {logging_mixin.py:188} INFO - [2024-06-13T23:30:16.389+0200] {tutorial_taskflow_api_virtualenv.py:29} WARNING - The tutorial_taskflow_api_virtualenv example DAG requires virtualenv, please install it.
[2024-06-13T23:30:16.389+0200] {processor.py:842} WARNING - No viable dags retrieved from /home/hectorv/.local/lib/python3.10/site-packages/airflow/example_dags/tutorial_taskflow_api_virtualenv.py
[2024-06-13T23:30:16.394+0200] {processor.py:183} INFO - Processing /home/hectorv/.local/lib/python3.10/site-packages/airflow/example_dags/tutorial_taskflow_api_virtualenv.py took 0.022 seconds
[2024-06-13T23:31:15.931+0200] {processor.py:161} INFO - Started process (PID=1269) to work on /home/hectorv/.local/lib/python3.10/site-packages/airflow/example_dags/tutorial_taskflow_api_virtualenv.py
[2024-06-13T23:31:15.933+0200] {processor.py:830} INFO - Processing file /home/hectorv/.local/lib/python3.10/site-packages/airflow/example_dags/tutorial_taskflow_api_virtualenv.py for tasks to queue
[2024-06-13T23:31:15.933+0200] {logging_mixin.py:188} INFO - [2024-06-13T23:31:15.933+0200] {dagbag.py:540} INFO - Filling up the DagBag from /home/hectorv/.local/lib/python3.10/site-packages/airflow/example_dags/tutorial_taskflow_api_virtualenv.py
[2024-06-13T23:31:15.945+0200] {logging_mixin.py:188} INFO - [2024-06-13T23:31:15.945+0200] {tutorial_taskflow_api_virtualenv.py:29} WARNING - The tutorial_taskflow_api_virtualenv example DAG requires virtualenv, please install it.
[2024-06-13T23:31:15.945+0200] {processor.py:842} WARNING - No viable dags retrieved from /home/hectorv/.local/lib/python3.10/site-packages/airflow/example_dags/tutorial_taskflow_api_virtualenv.py
[2024-06-13T23:31:15.948+0200] {processor.py:183} INFO - Processing /home/hectorv/.local/lib/python3.10/site-packages/airflow/example_dags/tutorial_taskflow_api_virtualenv.py took 0.019 seconds
[2024-06-13T23:32:15.494+0200] {processor.py:161} INFO - Started process (PID=1331) to work on /home/hectorv/.local/lib/python3.10/site-packages/airflow/example_dags/tutorial_taskflow_api_virtualenv.py
[2024-06-13T23:32:15.496+0200] {processor.py:830} INFO - Processing file /home/hectorv/.local/lib/python3.10/site-packages/airflow/example_dags/tutorial_taskflow_api_virtualenv.py for tasks to queue
[2024-06-13T23:32:15.496+0200] {logging_mixin.py:188} INFO - [2024-06-13T23:32:15.496+0200] {dagbag.py:540} INFO - Filling up the DagBag from /home/hectorv/.local/lib/python3.10/site-packages/airflow/example_dags/tutorial_taskflow_api_virtualenv.py
[2024-06-13T23:32:15.508+0200] {logging_mixin.py:188} INFO - [2024-06-13T23:32:15.508+0200] {tutorial_taskflow_api_virtualenv.py:29} WARNING - The tutorial_taskflow_api_virtualenv example DAG requires virtualenv, please install it.
[2024-06-13T23:32:15.508+0200] {processor.py:842} WARNING - No viable dags retrieved from /home/hectorv/.local/lib/python3.10/site-packages/airflow/example_dags/tutorial_taskflow_api_virtualenv.py
[2024-06-13T23:32:15.511+0200] {processor.py:183} INFO - Processing /home/hectorv/.local/lib/python3.10/site-packages/airflow/example_dags/tutorial_taskflow_api_virtualenv.py took 0.019 seconds
[2024-06-13T23:33:12.445+0200] {processor.py:161} INFO - Started process (PID=1391) to work on /home/hectorv/.local/lib/python3.10/site-packages/airflow/example_dags/tutorial_taskflow_api_virtualenv.py
[2024-06-13T23:33:12.446+0200] {processor.py:830} INFO - Processing file /home/hectorv/.local/lib/python3.10/site-packages/airflow/example_dags/tutorial_taskflow_api_virtualenv.py for tasks to queue
[2024-06-13T23:33:12.447+0200] {logging_mixin.py:188} INFO - [2024-06-13T23:33:12.447+0200] {dagbag.py:540} INFO - Filling up the DagBag from /home/hectorv/.local/lib/python3.10/site-packages/airflow/example_dags/tutorial_taskflow_api_virtualenv.py
[2024-06-13T23:33:12.458+0200] {logging_mixin.py:188} INFO - [2024-06-13T23:33:12.458+0200] {tutorial_taskflow_api_virtualenv.py:29} WARNING - The tutorial_taskflow_api_virtualenv example DAG requires virtualenv, please install it.
[2024-06-13T23:33:12.458+0200] {processor.py:842} WARNING - No viable dags retrieved from /home/hectorv/.local/lib/python3.10/site-packages/airflow/example_dags/tutorial_taskflow_api_virtualenv.py
[2024-06-13T23:33:12.462+0200] {processor.py:183} INFO - Processing /home/hectorv/.local/lib/python3.10/site-packages/airflow/example_dags/tutorial_taskflow_api_virtualenv.py took 0.019 seconds
[2024-06-13T23:34:09.194+0200] {processor.py:161} INFO - Started process (PID=1463) to work on /home/hectorv/.local/lib/python3.10/site-packages/airflow/example_dags/tutorial_taskflow_api_virtualenv.py
[2024-06-13T23:34:09.195+0200] {processor.py:830} INFO - Processing file /home/hectorv/.local/lib/python3.10/site-packages/airflow/example_dags/tutorial_taskflow_api_virtualenv.py for tasks to queue
[2024-06-13T23:34:09.195+0200] {logging_mixin.py:188} INFO - [2024-06-13T23:34:09.195+0200] {dagbag.py:540} INFO - Filling up the DagBag from /home/hectorv/.local/lib/python3.10/site-packages/airflow/example_dags/tutorial_taskflow_api_virtualenv.py
[2024-06-13T23:34:09.207+0200] {logging_mixin.py:188} INFO - [2024-06-13T23:34:09.207+0200] {tutorial_taskflow_api_virtualenv.py:29} WARNING - The tutorial_taskflow_api_virtualenv example DAG requires virtualenv, please install it.
[2024-06-13T23:34:09.207+0200] {processor.py:842} WARNING - No viable dags retrieved from /home/hectorv/.local/lib/python3.10/site-packages/airflow/example_dags/tutorial_taskflow_api_virtualenv.py
[2024-06-13T23:34:09.211+0200] {processor.py:183} INFO - Processing /home/hectorv/.local/lib/python3.10/site-packages/airflow/example_dags/tutorial_taskflow_api_virtualenv.py took 0.019 seconds
[2024-06-13T23:35:09.316+0200] {processor.py:161} INFO - Started process (PID=1524) to work on /home/hectorv/.local/lib/python3.10/site-packages/airflow/example_dags/tutorial_taskflow_api_virtualenv.py
[2024-06-13T23:35:09.323+0200] {processor.py:830} INFO - Processing file /home/hectorv/.local/lib/python3.10/site-packages/airflow/example_dags/tutorial_taskflow_api_virtualenv.py for tasks to queue
[2024-06-13T23:35:09.323+0200] {logging_mixin.py:188} INFO - [2024-06-13T23:35:09.323+0200] {dagbag.py:540} INFO - Filling up the DagBag from /home/hectorv/.local/lib/python3.10/site-packages/airflow/example_dags/tutorial_taskflow_api_virtualenv.py
[2024-06-13T23:35:09.335+0200] {logging_mixin.py:188} INFO - [2024-06-13T23:35:09.335+0200] {tutorial_taskflow_api_virtualenv.py:29} WARNING - The tutorial_taskflow_api_virtualenv example DAG requires virtualenv, please install it.
[2024-06-13T23:35:09.335+0200] {processor.py:842} WARNING - No viable dags retrieved from /home/hectorv/.local/lib/python3.10/site-packages/airflow/example_dags/tutorial_taskflow_api_virtualenv.py
[2024-06-13T23:35:09.339+0200] {processor.py:183} INFO - Processing /home/hectorv/.local/lib/python3.10/site-packages/airflow/example_dags/tutorial_taskflow_api_virtualenv.py took 0.024 seconds
[2024-06-13T23:36:12.723+0200] {processor.py:161} INFO - Started process (PID=1590) to work on /home/hectorv/.local/lib/python3.10/site-packages/airflow/example_dags/tutorial_taskflow_api_virtualenv.py
[2024-06-13T23:36:12.724+0200] {processor.py:830} INFO - Processing file /home/hectorv/.local/lib/python3.10/site-packages/airflow/example_dags/tutorial_taskflow_api_virtualenv.py for tasks to queue
[2024-06-13T23:36:12.725+0200] {logging_mixin.py:188} INFO - [2024-06-13T23:36:12.724+0200] {dagbag.py:540} INFO - Filling up the DagBag from /home/hectorv/.local/lib/python3.10/site-packages/airflow/example_dags/tutorial_taskflow_api_virtualenv.py
[2024-06-13T23:36:12.737+0200] {logging_mixin.py:188} INFO - [2024-06-13T23:36:12.737+0200] {tutorial_taskflow_api_virtualenv.py:29} WARNING - The tutorial_taskflow_api_virtualenv example DAG requires virtualenv, please install it.
[2024-06-13T23:36:12.738+0200] {processor.py:842} WARNING - No viable dags retrieved from /home/hectorv/.local/lib/python3.10/site-packages/airflow/example_dags/tutorial_taskflow_api_virtualenv.py
[2024-06-13T23:36:12.742+0200] {processor.py:183} INFO - Processing /home/hectorv/.local/lib/python3.10/site-packages/airflow/example_dags/tutorial_taskflow_api_virtualenv.py took 0.023 seconds
[2024-06-13T23:37:09.476+0200] {processor.py:161} INFO - Started process (PID=1650) to work on /home/hectorv/.local/lib/python3.10/site-packages/airflow/example_dags/tutorial_taskflow_api_virtualenv.py
[2024-06-13T23:37:09.478+0200] {processor.py:830} INFO - Processing file /home/hectorv/.local/lib/python3.10/site-packages/airflow/example_dags/tutorial_taskflow_api_virtualenv.py for tasks to queue
[2024-06-13T23:37:09.479+0200] {logging_mixin.py:188} INFO - [2024-06-13T23:37:09.479+0200] {dagbag.py:540} INFO - Filling up the DagBag from /home/hectorv/.local/lib/python3.10/site-packages/airflow/example_dags/tutorial_taskflow_api_virtualenv.py
[2024-06-13T23:37:09.487+0200] {logging_mixin.py:188} INFO - [2024-06-13T23:37:09.487+0200] {tutorial_taskflow_api_virtualenv.py:29} WARNING - The tutorial_taskflow_api_virtualenv example DAG requires virtualenv, please install it.
[2024-06-13T23:37:09.487+0200] {processor.py:842} WARNING - No viable dags retrieved from /home/hectorv/.local/lib/python3.10/site-packages/airflow/example_dags/tutorial_taskflow_api_virtualenv.py
[2024-06-13T23:37:09.491+0200] {processor.py:183} INFO - Processing /home/hectorv/.local/lib/python3.10/site-packages/airflow/example_dags/tutorial_taskflow_api_virtualenv.py took 0.016 seconds
[2024-06-13T23:38:07.049+0200] {processor.py:161} INFO - Started process (PID=1710) to work on /home/hectorv/.local/lib/python3.10/site-packages/airflow/example_dags/tutorial_taskflow_api_virtualenv.py
[2024-06-13T23:38:07.051+0200] {processor.py:830} INFO - Processing file /home/hectorv/.local/lib/python3.10/site-packages/airflow/example_dags/tutorial_taskflow_api_virtualenv.py for tasks to queue
[2024-06-13T23:38:07.051+0200] {logging_mixin.py:188} INFO - [2024-06-13T23:38:07.051+0200] {dagbag.py:540} INFO - Filling up the DagBag from /home/hectorv/.local/lib/python3.10/site-packages/airflow/example_dags/tutorial_taskflow_api_virtualenv.py
[2024-06-13T23:38:07.063+0200] {logging_mixin.py:188} INFO - [2024-06-13T23:38:07.063+0200] {tutorial_taskflow_api_virtualenv.py:29} WARNING - The tutorial_taskflow_api_virtualenv example DAG requires virtualenv, please install it.
[2024-06-13T23:38:07.063+0200] {processor.py:842} WARNING - No viable dags retrieved from /home/hectorv/.local/lib/python3.10/site-packages/airflow/example_dags/tutorial_taskflow_api_virtualenv.py
[2024-06-13T23:38:07.067+0200] {processor.py:183} INFO - Processing /home/hectorv/.local/lib/python3.10/site-packages/airflow/example_dags/tutorial_taskflow_api_virtualenv.py took 0.020 seconds
[2024-06-13T23:39:06.893+0200] {processor.py:161} INFO - Started process (PID=1772) to work on /home/hectorv/.local/lib/python3.10/site-packages/airflow/example_dags/tutorial_taskflow_api_virtualenv.py
[2024-06-13T23:39:06.895+0200] {processor.py:830} INFO - Processing file /home/hectorv/.local/lib/python3.10/site-packages/airflow/example_dags/tutorial_taskflow_api_virtualenv.py for tasks to queue
[2024-06-13T23:39:06.895+0200] {logging_mixin.py:188} INFO - [2024-06-13T23:39:06.895+0200] {dagbag.py:540} INFO - Filling up the DagBag from /home/hectorv/.local/lib/python3.10/site-packages/airflow/example_dags/tutorial_taskflow_api_virtualenv.py
[2024-06-13T23:39:06.908+0200] {logging_mixin.py:188} INFO - [2024-06-13T23:39:06.908+0200] {tutorial_taskflow_api_virtualenv.py:29} WARNING - The tutorial_taskflow_api_virtualenv example DAG requires virtualenv, please install it.
[2024-06-13T23:39:06.908+0200] {processor.py:842} WARNING - No viable dags retrieved from /home/hectorv/.local/lib/python3.10/site-packages/airflow/example_dags/tutorial_taskflow_api_virtualenv.py
[2024-06-13T23:39:06.911+0200] {processor.py:183} INFO - Processing /home/hectorv/.local/lib/python3.10/site-packages/airflow/example_dags/tutorial_taskflow_api_virtualenv.py took 0.020 seconds
[2024-06-13T23:40:03.134+0200] {processor.py:161} INFO - Started process (PID=1832) to work on /home/hectorv/.local/lib/python3.10/site-packages/airflow/example_dags/tutorial_taskflow_api_virtualenv.py
[2024-06-13T23:40:03.135+0200] {processor.py:830} INFO - Processing file /home/hectorv/.local/lib/python3.10/site-packages/airflow/example_dags/tutorial_taskflow_api_virtualenv.py for tasks to queue
[2024-06-13T23:40:03.136+0200] {logging_mixin.py:188} INFO - [2024-06-13T23:40:03.136+0200] {dagbag.py:540} INFO - Filling up the DagBag from /home/hectorv/.local/lib/python3.10/site-packages/airflow/example_dags/tutorial_taskflow_api_virtualenv.py
[2024-06-13T23:40:03.147+0200] {logging_mixin.py:188} INFO - [2024-06-13T23:40:03.147+0200] {tutorial_taskflow_api_virtualenv.py:29} WARNING - The tutorial_taskflow_api_virtualenv example DAG requires virtualenv, please install it.
[2024-06-13T23:40:03.147+0200] {processor.py:842} WARNING - No viable dags retrieved from /home/hectorv/.local/lib/python3.10/site-packages/airflow/example_dags/tutorial_taskflow_api_virtualenv.py
[2024-06-13T23:40:03.151+0200] {processor.py:183} INFO - Processing /home/hectorv/.local/lib/python3.10/site-packages/airflow/example_dags/tutorial_taskflow_api_virtualenv.py took 0.018 seconds
[2024-06-13T23:41:01.414+0200] {processor.py:161} INFO - Started process (PID=1893) to work on /home/hectorv/.local/lib/python3.10/site-packages/airflow/example_dags/tutorial_taskflow_api_virtualenv.py
[2024-06-13T23:41:01.415+0200] {processor.py:830} INFO - Processing file /home/hectorv/.local/lib/python3.10/site-packages/airflow/example_dags/tutorial_taskflow_api_virtualenv.py for tasks to queue
[2024-06-13T23:41:01.416+0200] {logging_mixin.py:188} INFO - [2024-06-13T23:41:01.416+0200] {dagbag.py:540} INFO - Filling up the DagBag from /home/hectorv/.local/lib/python3.10/site-packages/airflow/example_dags/tutorial_taskflow_api_virtualenv.py
[2024-06-13T23:41:01.428+0200] {logging_mixin.py:188} INFO - [2024-06-13T23:41:01.427+0200] {tutorial_taskflow_api_virtualenv.py:29} WARNING - The tutorial_taskflow_api_virtualenv example DAG requires virtualenv, please install it.
[2024-06-13T23:41:01.428+0200] {processor.py:842} WARNING - No viable dags retrieved from /home/hectorv/.local/lib/python3.10/site-packages/airflow/example_dags/tutorial_taskflow_api_virtualenv.py
[2024-06-13T23:41:01.432+0200] {processor.py:183} INFO - Processing /home/hectorv/.local/lib/python3.10/site-packages/airflow/example_dags/tutorial_taskflow_api_virtualenv.py took 0.020 seconds
[2024-06-13T23:42:00.057+0200] {processor.py:161} INFO - Started process (PID=1953) to work on /home/hectorv/.local/lib/python3.10/site-packages/airflow/example_dags/tutorial_taskflow_api_virtualenv.py
[2024-06-13T23:42:00.058+0200] {processor.py:830} INFO - Processing file /home/hectorv/.local/lib/python3.10/site-packages/airflow/example_dags/tutorial_taskflow_api_virtualenv.py for tasks to queue
[2024-06-13T23:42:00.059+0200] {logging_mixin.py:188} INFO - [2024-06-13T23:42:00.059+0200] {dagbag.py:540} INFO - Filling up the DagBag from /home/hectorv/.local/lib/python3.10/site-packages/airflow/example_dags/tutorial_taskflow_api_virtualenv.py
[2024-06-13T23:42:00.070+0200] {logging_mixin.py:188} INFO - [2024-06-13T23:42:00.070+0200] {tutorial_taskflow_api_virtualenv.py:29} WARNING - The tutorial_taskflow_api_virtualenv example DAG requires virtualenv, please install it.
[2024-06-13T23:42:00.071+0200] {processor.py:842} WARNING - No viable dags retrieved from /home/hectorv/.local/lib/python3.10/site-packages/airflow/example_dags/tutorial_taskflow_api_virtualenv.py
[2024-06-13T23:42:00.074+0200] {processor.py:183} INFO - Processing /home/hectorv/.local/lib/python3.10/site-packages/airflow/example_dags/tutorial_taskflow_api_virtualenv.py took 0.019 seconds
[2024-06-13T23:42:58.512+0200] {processor.py:161} INFO - Started process (PID=2014) to work on /home/hectorv/.local/lib/python3.10/site-packages/airflow/example_dags/tutorial_taskflow_api_virtualenv.py
[2024-06-13T23:42:58.514+0200] {processor.py:830} INFO - Processing file /home/hectorv/.local/lib/python3.10/site-packages/airflow/example_dags/tutorial_taskflow_api_virtualenv.py for tasks to queue
[2024-06-13T23:42:58.514+0200] {logging_mixin.py:188} INFO - [2024-06-13T23:42:58.514+0200] {dagbag.py:540} INFO - Filling up the DagBag from /home/hectorv/.local/lib/python3.10/site-packages/airflow/example_dags/tutorial_taskflow_api_virtualenv.py
[2024-06-13T23:42:58.526+0200] {logging_mixin.py:188} INFO - [2024-06-13T23:42:58.526+0200] {tutorial_taskflow_api_virtualenv.py:29} WARNING - The tutorial_taskflow_api_virtualenv example DAG requires virtualenv, please install it.
[2024-06-13T23:42:58.526+0200] {processor.py:842} WARNING - No viable dags retrieved from /home/hectorv/.local/lib/python3.10/site-packages/airflow/example_dags/tutorial_taskflow_api_virtualenv.py
[2024-06-13T23:42:58.529+0200] {processor.py:183} INFO - Processing /home/hectorv/.local/lib/python3.10/site-packages/airflow/example_dags/tutorial_taskflow_api_virtualenv.py took 0.019 seconds
[2024-06-13T23:43:54.699+0200] {processor.py:161} INFO - Started process (PID=2074) to work on /home/hectorv/.local/lib/python3.10/site-packages/airflow/example_dags/tutorial_taskflow_api_virtualenv.py
[2024-06-13T23:43:54.700+0200] {processor.py:830} INFO - Processing file /home/hectorv/.local/lib/python3.10/site-packages/airflow/example_dags/tutorial_taskflow_api_virtualenv.py for tasks to queue
[2024-06-13T23:43:54.701+0200] {logging_mixin.py:188} INFO - [2024-06-13T23:43:54.700+0200] {dagbag.py:540} INFO - Filling up the DagBag from /home/hectorv/.local/lib/python3.10/site-packages/airflow/example_dags/tutorial_taskflow_api_virtualenv.py
[2024-06-13T23:43:54.712+0200] {logging_mixin.py:188} INFO - [2024-06-13T23:43:54.712+0200] {tutorial_taskflow_api_virtualenv.py:29} WARNING - The tutorial_taskflow_api_virtualenv example DAG requires virtualenv, please install it.
[2024-06-13T23:43:54.712+0200] {processor.py:842} WARNING - No viable dags retrieved from /home/hectorv/.local/lib/python3.10/site-packages/airflow/example_dags/tutorial_taskflow_api_virtualenv.py
[2024-06-13T23:43:54.715+0200] {processor.py:183} INFO - Processing /home/hectorv/.local/lib/python3.10/site-packages/airflow/example_dags/tutorial_taskflow_api_virtualenv.py took 0.018 seconds
[2024-06-13T23:44:52.041+0200] {processor.py:161} INFO - Started process (PID=2135) to work on /home/hectorv/.local/lib/python3.10/site-packages/airflow/example_dags/tutorial_taskflow_api_virtualenv.py
[2024-06-13T23:44:52.043+0200] {processor.py:830} INFO - Processing file /home/hectorv/.local/lib/python3.10/site-packages/airflow/example_dags/tutorial_taskflow_api_virtualenv.py for tasks to queue
[2024-06-13T23:44:52.044+0200] {logging_mixin.py:188} INFO - [2024-06-13T23:44:52.044+0200] {dagbag.py:540} INFO - Filling up the DagBag from /home/hectorv/.local/lib/python3.10/site-packages/airflow/example_dags/tutorial_taskflow_api_virtualenv.py
[2024-06-13T23:44:52.055+0200] {logging_mixin.py:188} INFO - [2024-06-13T23:44:52.055+0200] {tutorial_taskflow_api_virtualenv.py:29} WARNING - The tutorial_taskflow_api_virtualenv example DAG requires virtualenv, please install it.
[2024-06-13T23:44:52.055+0200] {processor.py:842} WARNING - No viable dags retrieved from /home/hectorv/.local/lib/python3.10/site-packages/airflow/example_dags/tutorial_taskflow_api_virtualenv.py
[2024-06-13T23:44:52.059+0200] {processor.py:183} INFO - Processing /home/hectorv/.local/lib/python3.10/site-packages/airflow/example_dags/tutorial_taskflow_api_virtualenv.py took 0.019 seconds
[2024-06-13T23:45:49.313+0200] {processor.py:161} INFO - Started process (PID=2195) to work on /home/hectorv/.local/lib/python3.10/site-packages/airflow/example_dags/tutorial_taskflow_api_virtualenv.py
[2024-06-13T23:45:49.317+0200] {processor.py:830} INFO - Processing file /home/hectorv/.local/lib/python3.10/site-packages/airflow/example_dags/tutorial_taskflow_api_virtualenv.py for tasks to queue
[2024-06-13T23:45:49.317+0200] {logging_mixin.py:188} INFO - [2024-06-13T23:45:49.317+0200] {dagbag.py:540} INFO - Filling up the DagBag from /home/hectorv/.local/lib/python3.10/site-packages/airflow/example_dags/tutorial_taskflow_api_virtualenv.py
[2024-06-13T23:45:49.329+0200] {logging_mixin.py:188} INFO - [2024-06-13T23:45:49.329+0200] {tutorial_taskflow_api_virtualenv.py:29} WARNING - The tutorial_taskflow_api_virtualenv example DAG requires virtualenv, please install it.
[2024-06-13T23:45:49.329+0200] {processor.py:842} WARNING - No viable dags retrieved from /home/hectorv/.local/lib/python3.10/site-packages/airflow/example_dags/tutorial_taskflow_api_virtualenv.py
[2024-06-13T23:45:49.332+0200] {processor.py:183} INFO - Processing /home/hectorv/.local/lib/python3.10/site-packages/airflow/example_dags/tutorial_taskflow_api_virtualenv.py took 0.021 seconds
[2024-06-13T23:46:51.625+0200] {processor.py:161} INFO - Started process (PID=2259) to work on /home/hectorv/.local/lib/python3.10/site-packages/airflow/example_dags/tutorial_taskflow_api_virtualenv.py
[2024-06-13T23:46:51.626+0200] {processor.py:830} INFO - Processing file /home/hectorv/.local/lib/python3.10/site-packages/airflow/example_dags/tutorial_taskflow_api_virtualenv.py for tasks to queue
[2024-06-13T23:46:51.627+0200] {logging_mixin.py:188} INFO - [2024-06-13T23:46:51.626+0200] {dagbag.py:540} INFO - Filling up the DagBag from /home/hectorv/.local/lib/python3.10/site-packages/airflow/example_dags/tutorial_taskflow_api_virtualenv.py
[2024-06-13T23:46:51.638+0200] {logging_mixin.py:188} INFO - [2024-06-13T23:46:51.638+0200] {tutorial_taskflow_api_virtualenv.py:29} WARNING - The tutorial_taskflow_api_virtualenv example DAG requires virtualenv, please install it.
[2024-06-13T23:46:51.638+0200] {processor.py:842} WARNING - No viable dags retrieved from /home/hectorv/.local/lib/python3.10/site-packages/airflow/example_dags/tutorial_taskflow_api_virtualenv.py
[2024-06-13T23:46:51.642+0200] {processor.py:183} INFO - Processing /home/hectorv/.local/lib/python3.10/site-packages/airflow/example_dags/tutorial_taskflow_api_virtualenv.py took 0.019 seconds
[2024-06-13T23:47:49.760+0200] {processor.py:161} INFO - Started process (PID=2319) to work on /home/hectorv/.local/lib/python3.10/site-packages/airflow/example_dags/tutorial_taskflow_api_virtualenv.py
[2024-06-13T23:47:49.762+0200] {processor.py:830} INFO - Processing file /home/hectorv/.local/lib/python3.10/site-packages/airflow/example_dags/tutorial_taskflow_api_virtualenv.py for tasks to queue
[2024-06-13T23:47:49.763+0200] {logging_mixin.py:188} INFO - [2024-06-13T23:47:49.763+0200] {dagbag.py:540} INFO - Filling up the DagBag from /home/hectorv/.local/lib/python3.10/site-packages/airflow/example_dags/tutorial_taskflow_api_virtualenv.py
[2024-06-13T23:47:49.774+0200] {logging_mixin.py:188} INFO - [2024-06-13T23:47:49.774+0200] {tutorial_taskflow_api_virtualenv.py:29} WARNING - The tutorial_taskflow_api_virtualenv example DAG requires virtualenv, please install it.
[2024-06-13T23:47:49.774+0200] {processor.py:842} WARNING - No viable dags retrieved from /home/hectorv/.local/lib/python3.10/site-packages/airflow/example_dags/tutorial_taskflow_api_virtualenv.py
[2024-06-13T23:47:49.778+0200] {processor.py:183} INFO - Processing /home/hectorv/.local/lib/python3.10/site-packages/airflow/example_dags/tutorial_taskflow_api_virtualenv.py took 0.020 seconds
[2024-06-13T23:48:45.633+0200] {processor.py:161} INFO - Started process (PID=2379) to work on /home/hectorv/.local/lib/python3.10/site-packages/airflow/example_dags/tutorial_taskflow_api_virtualenv.py
[2024-06-13T23:48:45.634+0200] {processor.py:830} INFO - Processing file /home/hectorv/.local/lib/python3.10/site-packages/airflow/example_dags/tutorial_taskflow_api_virtualenv.py for tasks to queue
[2024-06-13T23:48:45.635+0200] {logging_mixin.py:188} INFO - [2024-06-13T23:48:45.635+0200] {dagbag.py:540} INFO - Filling up the DagBag from /home/hectorv/.local/lib/python3.10/site-packages/airflow/example_dags/tutorial_taskflow_api_virtualenv.py
[2024-06-13T23:48:45.646+0200] {logging_mixin.py:188} INFO - [2024-06-13T23:48:45.646+0200] {tutorial_taskflow_api_virtualenv.py:29} WARNING - The tutorial_taskflow_api_virtualenv example DAG requires virtualenv, please install it.
[2024-06-13T23:48:45.646+0200] {processor.py:842} WARNING - No viable dags retrieved from /home/hectorv/.local/lib/python3.10/site-packages/airflow/example_dags/tutorial_taskflow_api_virtualenv.py
[2024-06-13T23:48:45.650+0200] {processor.py:183} INFO - Processing /home/hectorv/.local/lib/python3.10/site-packages/airflow/example_dags/tutorial_taskflow_api_virtualenv.py took 0.019 seconds
[2024-06-13T23:55:42.861+0200] {processor.py:161} INFO - Started process (PID=2479) to work on /home/hectorv/.local/lib/python3.10/site-packages/airflow/example_dags/tutorial_taskflow_api_virtualenv.py
[2024-06-13T23:55:42.862+0200] {processor.py:830} INFO - Processing file /home/hectorv/.local/lib/python3.10/site-packages/airflow/example_dags/tutorial_taskflow_api_virtualenv.py for tasks to queue
[2024-06-13T23:55:42.862+0200] {logging_mixin.py:188} INFO - [2024-06-13T23:55:42.862+0200] {dagbag.py:540} INFO - Filling up the DagBag from /home/hectorv/.local/lib/python3.10/site-packages/airflow/example_dags/tutorial_taskflow_api_virtualenv.py
[2024-06-13T23:55:42.874+0200] {logging_mixin.py:188} INFO - [2024-06-13T23:55:42.874+0200] {tutorial_taskflow_api_virtualenv.py:29} WARNING - The tutorial_taskflow_api_virtualenv example DAG requires virtualenv, please install it.
[2024-06-13T23:55:42.874+0200] {processor.py:842} WARNING - No viable dags retrieved from /home/hectorv/.local/lib/python3.10/site-packages/airflow/example_dags/tutorial_taskflow_api_virtualenv.py
[2024-06-13T23:55:42.878+0200] {processor.py:183} INFO - Processing /home/hectorv/.local/lib/python3.10/site-packages/airflow/example_dags/tutorial_taskflow_api_virtualenv.py took 0.019 seconds
[2024-06-13T23:56:31.007+0200] {processor.py:161} INFO - Started process (PID=2530) to work on /home/hectorv/.local/lib/python3.10/site-packages/airflow/example_dags/tutorial_taskflow_api_virtualenv.py
[2024-06-13T23:56:31.008+0200] {processor.py:830} INFO - Processing file /home/hectorv/.local/lib/python3.10/site-packages/airflow/example_dags/tutorial_taskflow_api_virtualenv.py for tasks to queue
[2024-06-13T23:56:31.009+0200] {logging_mixin.py:188} INFO - [2024-06-13T23:56:31.009+0200] {dagbag.py:540} INFO - Filling up the DagBag from /home/hectorv/.local/lib/python3.10/site-packages/airflow/example_dags/tutorial_taskflow_api_virtualenv.py
[2024-06-13T23:56:31.020+0200] {logging_mixin.py:188} INFO - [2024-06-13T23:56:31.020+0200] {tutorial_taskflow_api_virtualenv.py:29} WARNING - The tutorial_taskflow_api_virtualenv example DAG requires virtualenv, please install it.
[2024-06-13T23:56:31.020+0200] {processor.py:842} WARNING - No viable dags retrieved from /home/hectorv/.local/lib/python3.10/site-packages/airflow/example_dags/tutorial_taskflow_api_virtualenv.py
[2024-06-13T23:56:31.023+0200] {processor.py:183} INFO - Processing /home/hectorv/.local/lib/python3.10/site-packages/airflow/example_dags/tutorial_taskflow_api_virtualenv.py took 0.019 seconds
[2024-06-13T23:57:29.172+0200] {processor.py:161} INFO - Started process (PID=2589) to work on /home/hectorv/.local/lib/python3.10/site-packages/airflow/example_dags/tutorial_taskflow_api_virtualenv.py
[2024-06-13T23:57:29.173+0200] {processor.py:830} INFO - Processing file /home/hectorv/.local/lib/python3.10/site-packages/airflow/example_dags/tutorial_taskflow_api_virtualenv.py for tasks to queue
[2024-06-13T23:57:29.173+0200] {logging_mixin.py:188} INFO - [2024-06-13T23:57:29.173+0200] {dagbag.py:540} INFO - Filling up the DagBag from /home/hectorv/.local/lib/python3.10/site-packages/airflow/example_dags/tutorial_taskflow_api_virtualenv.py
[2024-06-13T23:57:29.185+0200] {logging_mixin.py:188} INFO - [2024-06-13T23:57:29.184+0200] {tutorial_taskflow_api_virtualenv.py:29} WARNING - The tutorial_taskflow_api_virtualenv example DAG requires virtualenv, please install it.
[2024-06-13T23:57:29.185+0200] {processor.py:842} WARNING - No viable dags retrieved from /home/hectorv/.local/lib/python3.10/site-packages/airflow/example_dags/tutorial_taskflow_api_virtualenv.py
[2024-06-13T23:57:29.188+0200] {processor.py:183} INFO - Processing /home/hectorv/.local/lib/python3.10/site-packages/airflow/example_dags/tutorial_taskflow_api_virtualenv.py took 0.019 seconds
[2024-06-13T23:58:26.934+0200] {processor.py:161} INFO - Started process (PID=2649) to work on /home/hectorv/.local/lib/python3.10/site-packages/airflow/example_dags/tutorial_taskflow_api_virtualenv.py
[2024-06-13T23:58:26.939+0200] {processor.py:830} INFO - Processing file /home/hectorv/.local/lib/python3.10/site-packages/airflow/example_dags/tutorial_taskflow_api_virtualenv.py for tasks to queue
[2024-06-13T23:58:26.940+0200] {logging_mixin.py:188} INFO - [2024-06-13T23:58:26.940+0200] {dagbag.py:540} INFO - Filling up the DagBag from /home/hectorv/.local/lib/python3.10/site-packages/airflow/example_dags/tutorial_taskflow_api_virtualenv.py
[2024-06-13T23:58:26.952+0200] {logging_mixin.py:188} INFO - [2024-06-13T23:58:26.952+0200] {tutorial_taskflow_api_virtualenv.py:29} WARNING - The tutorial_taskflow_api_virtualenv example DAG requires virtualenv, please install it.
[2024-06-13T23:58:26.952+0200] {processor.py:842} WARNING - No viable dags retrieved from /home/hectorv/.local/lib/python3.10/site-packages/airflow/example_dags/tutorial_taskflow_api_virtualenv.py
[2024-06-13T23:58:26.956+0200] {processor.py:183} INFO - Processing /home/hectorv/.local/lib/python3.10/site-packages/airflow/example_dags/tutorial_taskflow_api_virtualenv.py took 0.024 seconds
[2024-06-13T23:59:21.083+0200] {processor.py:161} INFO - Started process (PID=2707) to work on /home/hectorv/.local/lib/python3.10/site-packages/airflow/example_dags/tutorial_taskflow_api_virtualenv.py
[2024-06-13T23:59:21.084+0200] {processor.py:830} INFO - Processing file /home/hectorv/.local/lib/python3.10/site-packages/airflow/example_dags/tutorial_taskflow_api_virtualenv.py for tasks to queue
[2024-06-13T23:59:21.085+0200] {logging_mixin.py:188} INFO - [2024-06-13T23:59:21.084+0200] {dagbag.py:540} INFO - Filling up the DagBag from /home/hectorv/.local/lib/python3.10/site-packages/airflow/example_dags/tutorial_taskflow_api_virtualenv.py
[2024-06-13T23:59:21.096+0200] {logging_mixin.py:188} INFO - [2024-06-13T23:59:21.096+0200] {tutorial_taskflow_api_virtualenv.py:29} WARNING - The tutorial_taskflow_api_virtualenv example DAG requires virtualenv, please install it.
[2024-06-13T23:59:21.096+0200] {processor.py:842} WARNING - No viable dags retrieved from /home/hectorv/.local/lib/python3.10/site-packages/airflow/example_dags/tutorial_taskflow_api_virtualenv.py
[2024-06-13T23:59:21.100+0200] {processor.py:183} INFO - Processing /home/hectorv/.local/lib/python3.10/site-packages/airflow/example_dags/tutorial_taskflow_api_virtualenv.py took 0.019 seconds
[2024-06-14T00:00:16.831+0200] {processor.py:161} INFO - Started process (PID=2823) to work on /home/hectorv/.local/lib/python3.10/site-packages/airflow/example_dags/tutorial_taskflow_api_virtualenv.py
[2024-06-14T00:00:16.832+0200] {processor.py:830} INFO - Processing file /home/hectorv/.local/lib/python3.10/site-packages/airflow/example_dags/tutorial_taskflow_api_virtualenv.py for tasks to queue
[2024-06-14T00:00:16.832+0200] {logging_mixin.py:188} INFO - [2024-06-14T00:00:16.832+0200] {dagbag.py:540} INFO - Filling up the DagBag from /home/hectorv/.local/lib/python3.10/site-packages/airflow/example_dags/tutorial_taskflow_api_virtualenv.py
[2024-06-14T00:00:16.844+0200] {logging_mixin.py:188} INFO - [2024-06-14T00:00:16.844+0200] {tutorial_taskflow_api_virtualenv.py:29} WARNING - The tutorial_taskflow_api_virtualenv example DAG requires virtualenv, please install it.
[2024-06-14T00:00:16.844+0200] {processor.py:842} WARNING - No viable dags retrieved from /home/hectorv/.local/lib/python3.10/site-packages/airflow/example_dags/tutorial_taskflow_api_virtualenv.py
[2024-06-14T00:00:16.847+0200] {processor.py:183} INFO - Processing /home/hectorv/.local/lib/python3.10/site-packages/airflow/example_dags/tutorial_taskflow_api_virtualenv.py took 0.019 seconds
[2024-06-14T00:01:11.535+0200] {processor.py:161} INFO - Started process (PID=2882) to work on /home/hectorv/.local/lib/python3.10/site-packages/airflow/example_dags/tutorial_taskflow_api_virtualenv.py
[2024-06-14T00:01:11.536+0200] {processor.py:830} INFO - Processing file /home/hectorv/.local/lib/python3.10/site-packages/airflow/example_dags/tutorial_taskflow_api_virtualenv.py for tasks to queue
[2024-06-14T00:01:11.537+0200] {logging_mixin.py:188} INFO - [2024-06-14T00:01:11.536+0200] {dagbag.py:540} INFO - Filling up the DagBag from /home/hectorv/.local/lib/python3.10/site-packages/airflow/example_dags/tutorial_taskflow_api_virtualenv.py
[2024-06-14T00:01:11.549+0200] {logging_mixin.py:188} INFO - [2024-06-14T00:01:11.549+0200] {tutorial_taskflow_api_virtualenv.py:29} WARNING - The tutorial_taskflow_api_virtualenv example DAG requires virtualenv, please install it.
[2024-06-14T00:01:11.549+0200] {processor.py:842} WARNING - No viable dags retrieved from /home/hectorv/.local/lib/python3.10/site-packages/airflow/example_dags/tutorial_taskflow_api_virtualenv.py
[2024-06-14T00:01:11.552+0200] {processor.py:183} INFO - Processing /home/hectorv/.local/lib/python3.10/site-packages/airflow/example_dags/tutorial_taskflow_api_virtualenv.py took 0.019 seconds
[2024-06-14T00:02:08.968+0200] {processor.py:161} INFO - Started process (PID=2942) to work on /home/hectorv/.local/lib/python3.10/site-packages/airflow/example_dags/tutorial_taskflow_api_virtualenv.py
[2024-06-14T00:02:08.969+0200] {processor.py:830} INFO - Processing file /home/hectorv/.local/lib/python3.10/site-packages/airflow/example_dags/tutorial_taskflow_api_virtualenv.py for tasks to queue
[2024-06-14T00:02:08.970+0200] {logging_mixin.py:188} INFO - [2024-06-14T00:02:08.970+0200] {dagbag.py:540} INFO - Filling up the DagBag from /home/hectorv/.local/lib/python3.10/site-packages/airflow/example_dags/tutorial_taskflow_api_virtualenv.py
[2024-06-14T00:02:08.982+0200] {logging_mixin.py:188} INFO - [2024-06-14T00:02:08.982+0200] {tutorial_taskflow_api_virtualenv.py:29} WARNING - The tutorial_taskflow_api_virtualenv example DAG requires virtualenv, please install it.
[2024-06-14T00:02:08.982+0200] {processor.py:842} WARNING - No viable dags retrieved from /home/hectorv/.local/lib/python3.10/site-packages/airflow/example_dags/tutorial_taskflow_api_virtualenv.py
[2024-06-14T00:02:08.985+0200] {processor.py:183} INFO - Processing /home/hectorv/.local/lib/python3.10/site-packages/airflow/example_dags/tutorial_taskflow_api_virtualenv.py took 0.020 seconds
[2024-06-14T00:03:05.292+0200] {processor.py:161} INFO - Started process (PID=3002) to work on /home/hectorv/.local/lib/python3.10/site-packages/airflow/example_dags/tutorial_taskflow_api_virtualenv.py
[2024-06-14T00:03:05.294+0200] {processor.py:830} INFO - Processing file /home/hectorv/.local/lib/python3.10/site-packages/airflow/example_dags/tutorial_taskflow_api_virtualenv.py for tasks to queue
[2024-06-14T00:03:05.294+0200] {logging_mixin.py:188} INFO - [2024-06-14T00:03:05.294+0200] {dagbag.py:540} INFO - Filling up the DagBag from /home/hectorv/.local/lib/python3.10/site-packages/airflow/example_dags/tutorial_taskflow_api_virtualenv.py
[2024-06-14T00:03:05.306+0200] {logging_mixin.py:188} INFO - [2024-06-14T00:03:05.306+0200] {tutorial_taskflow_api_virtualenv.py:29} WARNING - The tutorial_taskflow_api_virtualenv example DAG requires virtualenv, please install it.
[2024-06-14T00:03:05.306+0200] {processor.py:842} WARNING - No viable dags retrieved from /home/hectorv/.local/lib/python3.10/site-packages/airflow/example_dags/tutorial_taskflow_api_virtualenv.py
[2024-06-14T00:03:05.311+0200] {processor.py:183} INFO - Processing /home/hectorv/.local/lib/python3.10/site-packages/airflow/example_dags/tutorial_taskflow_api_virtualenv.py took 0.020 seconds
[2024-06-14T00:03:58.507+0200] {processor.py:161} INFO - Started process (PID=3059) to work on /home/hectorv/.local/lib/python3.10/site-packages/airflow/example_dags/tutorial_taskflow_api_virtualenv.py
[2024-06-14T00:03:58.508+0200] {processor.py:830} INFO - Processing file /home/hectorv/.local/lib/python3.10/site-packages/airflow/example_dags/tutorial_taskflow_api_virtualenv.py for tasks to queue
[2024-06-14T00:03:58.509+0200] {logging_mixin.py:188} INFO - [2024-06-14T00:03:58.509+0200] {dagbag.py:540} INFO - Filling up the DagBag from /home/hectorv/.local/lib/python3.10/site-packages/airflow/example_dags/tutorial_taskflow_api_virtualenv.py
[2024-06-14T00:03:58.521+0200] {logging_mixin.py:188} INFO - [2024-06-14T00:03:58.521+0200] {tutorial_taskflow_api_virtualenv.py:29} WARNING - The tutorial_taskflow_api_virtualenv example DAG requires virtualenv, please install it.
[2024-06-14T00:03:58.521+0200] {processor.py:842} WARNING - No viable dags retrieved from /home/hectorv/.local/lib/python3.10/site-packages/airflow/example_dags/tutorial_taskflow_api_virtualenv.py
[2024-06-14T00:03:58.525+0200] {processor.py:183} INFO - Processing /home/hectorv/.local/lib/python3.10/site-packages/airflow/example_dags/tutorial_taskflow_api_virtualenv.py took 0.020 seconds
[2024-06-14T00:04:55.064+0200] {processor.py:161} INFO - Started process (PID=3119) to work on /home/hectorv/.local/lib/python3.10/site-packages/airflow/example_dags/tutorial_taskflow_api_virtualenv.py
[2024-06-14T00:04:55.065+0200] {processor.py:830} INFO - Processing file /home/hectorv/.local/lib/python3.10/site-packages/airflow/example_dags/tutorial_taskflow_api_virtualenv.py for tasks to queue
[2024-06-14T00:04:55.066+0200] {logging_mixin.py:188} INFO - [2024-06-14T00:04:55.066+0200] {dagbag.py:540} INFO - Filling up the DagBag from /home/hectorv/.local/lib/python3.10/site-packages/airflow/example_dags/tutorial_taskflow_api_virtualenv.py
[2024-06-14T00:04:55.078+0200] {logging_mixin.py:188} INFO - [2024-06-14T00:04:55.078+0200] {tutorial_taskflow_api_virtualenv.py:29} WARNING - The tutorial_taskflow_api_virtualenv example DAG requires virtualenv, please install it.
[2024-06-14T00:04:55.078+0200] {processor.py:842} WARNING - No viable dags retrieved from /home/hectorv/.local/lib/python3.10/site-packages/airflow/example_dags/tutorial_taskflow_api_virtualenv.py
[2024-06-14T00:04:55.082+0200] {processor.py:183} INFO - Processing /home/hectorv/.local/lib/python3.10/site-packages/airflow/example_dags/tutorial_taskflow_api_virtualenv.py took 0.020 seconds
[2024-06-14T00:05:50.444+0200] {processor.py:161} INFO - Started process (PID=3178) to work on /home/hectorv/.local/lib/python3.10/site-packages/airflow/example_dags/tutorial_taskflow_api_virtualenv.py
[2024-06-14T00:05:50.446+0200] {processor.py:830} INFO - Processing file /home/hectorv/.local/lib/python3.10/site-packages/airflow/example_dags/tutorial_taskflow_api_virtualenv.py for tasks to queue
[2024-06-14T00:05:50.446+0200] {logging_mixin.py:188} INFO - [2024-06-14T00:05:50.446+0200] {dagbag.py:540} INFO - Filling up the DagBag from /home/hectorv/.local/lib/python3.10/site-packages/airflow/example_dags/tutorial_taskflow_api_virtualenv.py
[2024-06-14T00:05:50.458+0200] {logging_mixin.py:188} INFO - [2024-06-14T00:05:50.458+0200] {tutorial_taskflow_api_virtualenv.py:29} WARNING - The tutorial_taskflow_api_virtualenv example DAG requires virtualenv, please install it.
[2024-06-14T00:05:50.458+0200] {processor.py:842} WARNING - No viable dags retrieved from /home/hectorv/.local/lib/python3.10/site-packages/airflow/example_dags/tutorial_taskflow_api_virtualenv.py
[2024-06-14T00:05:50.462+0200] {processor.py:183} INFO - Processing /home/hectorv/.local/lib/python3.10/site-packages/airflow/example_dags/tutorial_taskflow_api_virtualenv.py took 0.020 seconds
[2024-06-14T00:06:41.273+0200] {processor.py:161} INFO - Started process (PID=3233) to work on /home/hectorv/.local/lib/python3.10/site-packages/airflow/example_dags/tutorial_taskflow_api_virtualenv.py
[2024-06-14T00:06:41.274+0200] {processor.py:830} INFO - Processing file /home/hectorv/.local/lib/python3.10/site-packages/airflow/example_dags/tutorial_taskflow_api_virtualenv.py for tasks to queue
[2024-06-14T00:06:41.274+0200] {logging_mixin.py:188} INFO - [2024-06-14T00:06:41.274+0200] {dagbag.py:540} INFO - Filling up the DagBag from /home/hectorv/.local/lib/python3.10/site-packages/airflow/example_dags/tutorial_taskflow_api_virtualenv.py
[2024-06-14T00:06:41.286+0200] {logging_mixin.py:188} INFO - [2024-06-14T00:06:41.286+0200] {tutorial_taskflow_api_virtualenv.py:29} WARNING - The tutorial_taskflow_api_virtualenv example DAG requires virtualenv, please install it.
[2024-06-14T00:06:41.286+0200] {processor.py:842} WARNING - No viable dags retrieved from /home/hectorv/.local/lib/python3.10/site-packages/airflow/example_dags/tutorial_taskflow_api_virtualenv.py
[2024-06-14T00:06:41.289+0200] {processor.py:183} INFO - Processing /home/hectorv/.local/lib/python3.10/site-packages/airflow/example_dags/tutorial_taskflow_api_virtualenv.py took 0.019 seconds
[2024-06-14T00:07:38.370+0200] {processor.py:161} INFO - Started process (PID=3293) to work on /home/hectorv/.local/lib/python3.10/site-packages/airflow/example_dags/tutorial_taskflow_api_virtualenv.py
[2024-06-14T00:07:38.371+0200] {processor.py:830} INFO - Processing file /home/hectorv/.local/lib/python3.10/site-packages/airflow/example_dags/tutorial_taskflow_api_virtualenv.py for tasks to queue
[2024-06-14T00:07:38.371+0200] {logging_mixin.py:188} INFO - [2024-06-14T00:07:38.371+0200] {dagbag.py:540} INFO - Filling up the DagBag from /home/hectorv/.local/lib/python3.10/site-packages/airflow/example_dags/tutorial_taskflow_api_virtualenv.py
[2024-06-14T00:07:38.384+0200] {logging_mixin.py:188} INFO - [2024-06-14T00:07:38.384+0200] {tutorial_taskflow_api_virtualenv.py:29} WARNING - The tutorial_taskflow_api_virtualenv example DAG requires virtualenv, please install it.
[2024-06-14T00:07:38.384+0200] {processor.py:842} WARNING - No viable dags retrieved from /home/hectorv/.local/lib/python3.10/site-packages/airflow/example_dags/tutorial_taskflow_api_virtualenv.py
[2024-06-14T00:07:38.389+0200] {processor.py:183} INFO - Processing /home/hectorv/.local/lib/python3.10/site-packages/airflow/example_dags/tutorial_taskflow_api_virtualenv.py took 0.021 seconds
[2024-06-14T00:08:36.791+0200] {processor.py:161} INFO - Started process (PID=3353) to work on /home/hectorv/.local/lib/python3.10/site-packages/airflow/example_dags/tutorial_taskflow_api_virtualenv.py
[2024-06-14T00:08:36.793+0200] {processor.py:830} INFO - Processing file /home/hectorv/.local/lib/python3.10/site-packages/airflow/example_dags/tutorial_taskflow_api_virtualenv.py for tasks to queue
[2024-06-14T00:08:36.794+0200] {logging_mixin.py:188} INFO - [2024-06-14T00:08:36.793+0200] {dagbag.py:540} INFO - Filling up the DagBag from /home/hectorv/.local/lib/python3.10/site-packages/airflow/example_dags/tutorial_taskflow_api_virtualenv.py
[2024-06-14T00:08:36.804+0200] {logging_mixin.py:188} INFO - [2024-06-14T00:08:36.804+0200] {tutorial_taskflow_api_virtualenv.py:29} WARNING - The tutorial_taskflow_api_virtualenv example DAG requires virtualenv, please install it.
[2024-06-14T00:08:36.804+0200] {processor.py:842} WARNING - No viable dags retrieved from /home/hectorv/.local/lib/python3.10/site-packages/airflow/example_dags/tutorial_taskflow_api_virtualenv.py
[2024-06-14T00:08:36.808+0200] {processor.py:183} INFO - Processing /home/hectorv/.local/lib/python3.10/site-packages/airflow/example_dags/tutorial_taskflow_api_virtualenv.py took 0.019 seconds
[2024-06-14T00:09:34.583+0200] {processor.py:161} INFO - Started process (PID=3413) to work on /home/hectorv/.local/lib/python3.10/site-packages/airflow/example_dags/tutorial_taskflow_api_virtualenv.py
[2024-06-14T00:09:34.584+0200] {processor.py:830} INFO - Processing file /home/hectorv/.local/lib/python3.10/site-packages/airflow/example_dags/tutorial_taskflow_api_virtualenv.py for tasks to queue
[2024-06-14T00:09:34.585+0200] {logging_mixin.py:188} INFO - [2024-06-14T00:09:34.585+0200] {dagbag.py:540} INFO - Filling up the DagBag from /home/hectorv/.local/lib/python3.10/site-packages/airflow/example_dags/tutorial_taskflow_api_virtualenv.py
[2024-06-14T00:09:34.597+0200] {logging_mixin.py:188} INFO - [2024-06-14T00:09:34.597+0200] {tutorial_taskflow_api_virtualenv.py:29} WARNING - The tutorial_taskflow_api_virtualenv example DAG requires virtualenv, please install it.
[2024-06-14T00:09:34.597+0200] {processor.py:842} WARNING - No viable dags retrieved from /home/hectorv/.local/lib/python3.10/site-packages/airflow/example_dags/tutorial_taskflow_api_virtualenv.py
[2024-06-14T00:09:34.601+0200] {processor.py:183} INFO - Processing /home/hectorv/.local/lib/python3.10/site-packages/airflow/example_dags/tutorial_taskflow_api_virtualenv.py took 0.020 seconds
[2024-06-14T00:10:37.587+0200] {processor.py:161} INFO - Started process (PID=3477) to work on /home/hectorv/.local/lib/python3.10/site-packages/airflow/example_dags/tutorial_taskflow_api_virtualenv.py
[2024-06-14T00:10:37.589+0200] {processor.py:830} INFO - Processing file /home/hectorv/.local/lib/python3.10/site-packages/airflow/example_dags/tutorial_taskflow_api_virtualenv.py for tasks to queue
[2024-06-14T00:10:37.589+0200] {logging_mixin.py:188} INFO - [2024-06-14T00:10:37.589+0200] {dagbag.py:540} INFO - Filling up the DagBag from /home/hectorv/.local/lib/python3.10/site-packages/airflow/example_dags/tutorial_taskflow_api_virtualenv.py
[2024-06-14T00:10:37.601+0200] {logging_mixin.py:188} INFO - [2024-06-14T00:10:37.601+0200] {tutorial_taskflow_api_virtualenv.py:29} WARNING - The tutorial_taskflow_api_virtualenv example DAG requires virtualenv, please install it.
[2024-06-14T00:10:37.601+0200] {processor.py:842} WARNING - No viable dags retrieved from /home/hectorv/.local/lib/python3.10/site-packages/airflow/example_dags/tutorial_taskflow_api_virtualenv.py
[2024-06-14T00:10:37.605+0200] {processor.py:183} INFO - Processing /home/hectorv/.local/lib/python3.10/site-packages/airflow/example_dags/tutorial_taskflow_api_virtualenv.py took 0.020 seconds
[2024-06-14T00:11:36.488+0200] {processor.py:161} INFO - Started process (PID=3538) to work on /home/hectorv/.local/lib/python3.10/site-packages/airflow/example_dags/tutorial_taskflow_api_virtualenv.py
[2024-06-14T00:11:36.490+0200] {processor.py:830} INFO - Processing file /home/hectorv/.local/lib/python3.10/site-packages/airflow/example_dags/tutorial_taskflow_api_virtualenv.py for tasks to queue
[2024-06-14T00:11:36.490+0200] {logging_mixin.py:188} INFO - [2024-06-14T00:11:36.490+0200] {dagbag.py:540} INFO - Filling up the DagBag from /home/hectorv/.local/lib/python3.10/site-packages/airflow/example_dags/tutorial_taskflow_api_virtualenv.py
[2024-06-14T00:11:36.502+0200] {logging_mixin.py:188} INFO - [2024-06-14T00:11:36.502+0200] {tutorial_taskflow_api_virtualenv.py:29} WARNING - The tutorial_taskflow_api_virtualenv example DAG requires virtualenv, please install it.
[2024-06-14T00:11:36.502+0200] {processor.py:842} WARNING - No viable dags retrieved from /home/hectorv/.local/lib/python3.10/site-packages/airflow/example_dags/tutorial_taskflow_api_virtualenv.py
[2024-06-14T00:11:36.506+0200] {processor.py:183} INFO - Processing /home/hectorv/.local/lib/python3.10/site-packages/airflow/example_dags/tutorial_taskflow_api_virtualenv.py took 0.020 seconds
[2024-06-14T00:12:29.932+0200] {processor.py:161} INFO - Started process (PID=3595) to work on /home/hectorv/.local/lib/python3.10/site-packages/airflow/example_dags/tutorial_taskflow_api_virtualenv.py
[2024-06-14T00:12:29.934+0200] {processor.py:830} INFO - Processing file /home/hectorv/.local/lib/python3.10/site-packages/airflow/example_dags/tutorial_taskflow_api_virtualenv.py for tasks to queue
[2024-06-14T00:12:29.935+0200] {logging_mixin.py:188} INFO - [2024-06-14T00:12:29.935+0200] {dagbag.py:540} INFO - Filling up the DagBag from /home/hectorv/.local/lib/python3.10/site-packages/airflow/example_dags/tutorial_taskflow_api_virtualenv.py
[2024-06-14T00:12:29.946+0200] {logging_mixin.py:188} INFO - [2024-06-14T00:12:29.946+0200] {tutorial_taskflow_api_virtualenv.py:29} WARNING - The tutorial_taskflow_api_virtualenv example DAG requires virtualenv, please install it.
[2024-06-14T00:12:29.946+0200] {processor.py:842} WARNING - No viable dags retrieved from /home/hectorv/.local/lib/python3.10/site-packages/airflow/example_dags/tutorial_taskflow_api_virtualenv.py
[2024-06-14T00:12:29.950+0200] {processor.py:183} INFO - Processing /home/hectorv/.local/lib/python3.10/site-packages/airflow/example_dags/tutorial_taskflow_api_virtualenv.py took 0.020 seconds
[2024-06-14T00:13:25.011+0200] {processor.py:161} INFO - Started process (PID=3653) to work on /home/hectorv/.local/lib/python3.10/site-packages/airflow/example_dags/tutorial_taskflow_api_virtualenv.py
[2024-06-14T00:13:25.012+0200] {processor.py:830} INFO - Processing file /home/hectorv/.local/lib/python3.10/site-packages/airflow/example_dags/tutorial_taskflow_api_virtualenv.py for tasks to queue
[2024-06-14T00:13:25.013+0200] {logging_mixin.py:188} INFO - [2024-06-14T00:13:25.013+0200] {dagbag.py:540} INFO - Filling up the DagBag from /home/hectorv/.local/lib/python3.10/site-packages/airflow/example_dags/tutorial_taskflow_api_virtualenv.py
[2024-06-14T00:13:25.022+0200] {logging_mixin.py:188} INFO - [2024-06-14T00:13:25.022+0200] {tutorial_taskflow_api_virtualenv.py:29} WARNING - The tutorial_taskflow_api_virtualenv example DAG requires virtualenv, please install it.
[2024-06-14T00:13:25.022+0200] {processor.py:842} WARNING - No viable dags retrieved from /home/hectorv/.local/lib/python3.10/site-packages/airflow/example_dags/tutorial_taskflow_api_virtualenv.py
[2024-06-14T00:13:25.025+0200] {processor.py:183} INFO - Processing /home/hectorv/.local/lib/python3.10/site-packages/airflow/example_dags/tutorial_taskflow_api_virtualenv.py took 0.016 seconds
[2024-06-14T00:14:25.458+0200] {processor.py:161} INFO - Started process (PID=3716) to work on /home/hectorv/.local/lib/python3.10/site-packages/airflow/example_dags/tutorial_taskflow_api_virtualenv.py
[2024-06-14T00:14:25.462+0200] {processor.py:830} INFO - Processing file /home/hectorv/.local/lib/python3.10/site-packages/airflow/example_dags/tutorial_taskflow_api_virtualenv.py for tasks to queue
[2024-06-14T00:14:25.463+0200] {logging_mixin.py:188} INFO - [2024-06-14T00:14:25.463+0200] {dagbag.py:540} INFO - Filling up the DagBag from /home/hectorv/.local/lib/python3.10/site-packages/airflow/example_dags/tutorial_taskflow_api_virtualenv.py
[2024-06-14T00:14:25.476+0200] {logging_mixin.py:188} INFO - [2024-06-14T00:14:25.476+0200] {tutorial_taskflow_api_virtualenv.py:29} WARNING - The tutorial_taskflow_api_virtualenv example DAG requires virtualenv, please install it.
[2024-06-14T00:14:25.476+0200] {processor.py:842} WARNING - No viable dags retrieved from /home/hectorv/.local/lib/python3.10/site-packages/airflow/example_dags/tutorial_taskflow_api_virtualenv.py
[2024-06-14T00:14:25.480+0200] {processor.py:183} INFO - Processing /home/hectorv/.local/lib/python3.10/site-packages/airflow/example_dags/tutorial_taskflow_api_virtualenv.py took 0.024 seconds
[2024-06-14T00:15:23.183+0200] {processor.py:161} INFO - Started process (PID=3777) to work on /home/hectorv/.local/lib/python3.10/site-packages/airflow/example_dags/tutorial_taskflow_api_virtualenv.py
[2024-06-14T00:15:23.184+0200] {processor.py:830} INFO - Processing file /home/hectorv/.local/lib/python3.10/site-packages/airflow/example_dags/tutorial_taskflow_api_virtualenv.py for tasks to queue
[2024-06-14T00:15:23.184+0200] {logging_mixin.py:188} INFO - [2024-06-14T00:15:23.184+0200] {dagbag.py:540} INFO - Filling up the DagBag from /home/hectorv/.local/lib/python3.10/site-packages/airflow/example_dags/tutorial_taskflow_api_virtualenv.py
[2024-06-14T00:15:23.199+0200] {logging_mixin.py:188} INFO - [2024-06-14T00:15:23.199+0200] {tutorial_taskflow_api_virtualenv.py:29} WARNING - The tutorial_taskflow_api_virtualenv example DAG requires virtualenv, please install it.
[2024-06-14T00:15:23.199+0200] {processor.py:842} WARNING - No viable dags retrieved from /home/hectorv/.local/lib/python3.10/site-packages/airflow/example_dags/tutorial_taskflow_api_virtualenv.py
[2024-06-14T00:15:23.204+0200] {processor.py:183} INFO - Processing /home/hectorv/.local/lib/python3.10/site-packages/airflow/example_dags/tutorial_taskflow_api_virtualenv.py took 0.024 seconds
[2024-06-14T00:16:22.406+0200] {processor.py:161} INFO - Started process (PID=3838) to work on /home/hectorv/.local/lib/python3.10/site-packages/airflow/example_dags/tutorial_taskflow_api_virtualenv.py
[2024-06-14T00:16:22.407+0200] {processor.py:830} INFO - Processing file /home/hectorv/.local/lib/python3.10/site-packages/airflow/example_dags/tutorial_taskflow_api_virtualenv.py for tasks to queue
[2024-06-14T00:16:22.408+0200] {logging_mixin.py:188} INFO - [2024-06-14T00:16:22.408+0200] {dagbag.py:540} INFO - Filling up the DagBag from /home/hectorv/.local/lib/python3.10/site-packages/airflow/example_dags/tutorial_taskflow_api_virtualenv.py
[2024-06-14T00:16:22.420+0200] {logging_mixin.py:188} INFO - [2024-06-14T00:16:22.420+0200] {tutorial_taskflow_api_virtualenv.py:29} WARNING - The tutorial_taskflow_api_virtualenv example DAG requires virtualenv, please install it.
[2024-06-14T00:16:22.420+0200] {processor.py:842} WARNING - No viable dags retrieved from /home/hectorv/.local/lib/python3.10/site-packages/airflow/example_dags/tutorial_taskflow_api_virtualenv.py
[2024-06-14T00:16:22.424+0200] {processor.py:183} INFO - Processing /home/hectorv/.local/lib/python3.10/site-packages/airflow/example_dags/tutorial_taskflow_api_virtualenv.py took 0.020 seconds
[2024-06-14T00:17:14.429+0200] {processor.py:161} INFO - Started process (PID=3898) to work on /home/hectorv/.local/lib/python3.10/site-packages/airflow/example_dags/tutorial_taskflow_api_virtualenv.py
[2024-06-14T00:17:14.431+0200] {processor.py:830} INFO - Processing file /home/hectorv/.local/lib/python3.10/site-packages/airflow/example_dags/tutorial_taskflow_api_virtualenv.py for tasks to queue
[2024-06-14T00:17:14.432+0200] {logging_mixin.py:188} INFO - [2024-06-14T00:17:14.432+0200] {dagbag.py:540} INFO - Filling up the DagBag from /home/hectorv/.local/lib/python3.10/site-packages/airflow/example_dags/tutorial_taskflow_api_virtualenv.py
[2024-06-14T00:17:14.441+0200] {logging_mixin.py:188} INFO - [2024-06-14T00:17:14.441+0200] {tutorial_taskflow_api_virtualenv.py:29} WARNING - The tutorial_taskflow_api_virtualenv example DAG requires virtualenv, please install it.
[2024-06-14T00:17:14.441+0200] {processor.py:842} WARNING - No viable dags retrieved from /home/hectorv/.local/lib/python3.10/site-packages/airflow/example_dags/tutorial_taskflow_api_virtualenv.py
[2024-06-14T00:17:14.445+0200] {processor.py:183} INFO - Processing /home/hectorv/.local/lib/python3.10/site-packages/airflow/example_dags/tutorial_taskflow_api_virtualenv.py took 0.017 seconds
[2024-06-14T00:18:10.082+0200] {processor.py:161} INFO - Started process (PID=3959) to work on /home/hectorv/.local/lib/python3.10/site-packages/airflow/example_dags/tutorial_taskflow_api_virtualenv.py
[2024-06-14T00:18:10.083+0200] {processor.py:830} INFO - Processing file /home/hectorv/.local/lib/python3.10/site-packages/airflow/example_dags/tutorial_taskflow_api_virtualenv.py for tasks to queue
[2024-06-14T00:18:10.084+0200] {logging_mixin.py:188} INFO - [2024-06-14T00:18:10.084+0200] {dagbag.py:540} INFO - Filling up the DagBag from /home/hectorv/.local/lib/python3.10/site-packages/airflow/example_dags/tutorial_taskflow_api_virtualenv.py
[2024-06-14T00:18:10.096+0200] {logging_mixin.py:188} INFO - [2024-06-14T00:18:10.096+0200] {tutorial_taskflow_api_virtualenv.py:29} WARNING - The tutorial_taskflow_api_virtualenv example DAG requires virtualenv, please install it.
[2024-06-14T00:18:10.096+0200] {processor.py:842} WARNING - No viable dags retrieved from /home/hectorv/.local/lib/python3.10/site-packages/airflow/example_dags/tutorial_taskflow_api_virtualenv.py
[2024-06-14T00:18:10.100+0200] {processor.py:183} INFO - Processing /home/hectorv/.local/lib/python3.10/site-packages/airflow/example_dags/tutorial_taskflow_api_virtualenv.py took 0.020 seconds
[2024-06-14T00:19:05.412+0200] {processor.py:161} INFO - Started process (PID=4019) to work on /home/hectorv/.local/lib/python3.10/site-packages/airflow/example_dags/tutorial_taskflow_api_virtualenv.py
[2024-06-14T00:19:05.413+0200] {processor.py:830} INFO - Processing file /home/hectorv/.local/lib/python3.10/site-packages/airflow/example_dags/tutorial_taskflow_api_virtualenv.py for tasks to queue
[2024-06-14T00:19:05.414+0200] {logging_mixin.py:188} INFO - [2024-06-14T00:19:05.414+0200] {dagbag.py:540} INFO - Filling up the DagBag from /home/hectorv/.local/lib/python3.10/site-packages/airflow/example_dags/tutorial_taskflow_api_virtualenv.py
[2024-06-14T00:19:05.427+0200] {logging_mixin.py:188} INFO - [2024-06-14T00:19:05.426+0200] {tutorial_taskflow_api_virtualenv.py:29} WARNING - The tutorial_taskflow_api_virtualenv example DAG requires virtualenv, please install it.
[2024-06-14T00:19:05.427+0200] {processor.py:842} WARNING - No viable dags retrieved from /home/hectorv/.local/lib/python3.10/site-packages/airflow/example_dags/tutorial_taskflow_api_virtualenv.py
[2024-06-14T00:19:05.431+0200] {processor.py:183} INFO - Processing /home/hectorv/.local/lib/python3.10/site-packages/airflow/example_dags/tutorial_taskflow_api_virtualenv.py took 0.021 seconds
[2024-06-14T00:20:19.881+0200] {processor.py:161} INFO - Started process (PID=4150) to work on /home/hectorv/.local/lib/python3.10/site-packages/airflow/example_dags/tutorial_taskflow_api_virtualenv.py
[2024-06-14T00:20:19.883+0200] {processor.py:830} INFO - Processing file /home/hectorv/.local/lib/python3.10/site-packages/airflow/example_dags/tutorial_taskflow_api_virtualenv.py for tasks to queue
[2024-06-14T00:20:19.883+0200] {logging_mixin.py:188} INFO - [2024-06-14T00:20:19.883+0200] {dagbag.py:540} INFO - Filling up the DagBag from /home/hectorv/.local/lib/python3.10/site-packages/airflow/example_dags/tutorial_taskflow_api_virtualenv.py
[2024-06-14T00:20:19.896+0200] {logging_mixin.py:188} INFO - [2024-06-14T00:20:19.896+0200] {tutorial_taskflow_api_virtualenv.py:29} WARNING - The tutorial_taskflow_api_virtualenv example DAG requires virtualenv, please install it.
[2024-06-14T00:20:19.896+0200] {processor.py:842} WARNING - No viable dags retrieved from /home/hectorv/.local/lib/python3.10/site-packages/airflow/example_dags/tutorial_taskflow_api_virtualenv.py
[2024-06-14T00:20:19.900+0200] {processor.py:183} INFO - Processing /home/hectorv/.local/lib/python3.10/site-packages/airflow/example_dags/tutorial_taskflow_api_virtualenv.py took 0.022 seconds
[2024-06-14T00:21:19.434+0200] {processor.py:161} INFO - Started process (PID=4227) to work on /home/hectorv/.local/lib/python3.10/site-packages/airflow/example_dags/tutorial_taskflow_api_virtualenv.py
[2024-06-14T00:21:19.435+0200] {processor.py:830} INFO - Processing file /home/hectorv/.local/lib/python3.10/site-packages/airflow/example_dags/tutorial_taskflow_api_virtualenv.py for tasks to queue
[2024-06-14T00:21:19.436+0200] {logging_mixin.py:188} INFO - [2024-06-14T00:21:19.436+0200] {dagbag.py:540} INFO - Filling up the DagBag from /home/hectorv/.local/lib/python3.10/site-packages/airflow/example_dags/tutorial_taskflow_api_virtualenv.py
[2024-06-14T00:21:19.448+0200] {logging_mixin.py:188} INFO - [2024-06-14T00:21:19.447+0200] {tutorial_taskflow_api_virtualenv.py:29} WARNING - The tutorial_taskflow_api_virtualenv example DAG requires virtualenv, please install it.
[2024-06-14T00:21:19.448+0200] {processor.py:842} WARNING - No viable dags retrieved from /home/hectorv/.local/lib/python3.10/site-packages/airflow/example_dags/tutorial_taskflow_api_virtualenv.py
[2024-06-14T00:21:19.452+0200] {processor.py:183} INFO - Processing /home/hectorv/.local/lib/python3.10/site-packages/airflow/example_dags/tutorial_taskflow_api_virtualenv.py took 0.020 seconds
[2024-06-14T00:22:22.411+0200] {processor.py:161} INFO - Started process (PID=4292) to work on /home/hectorv/.local/lib/python3.10/site-packages/airflow/example_dags/tutorial_taskflow_api_virtualenv.py
[2024-06-14T00:22:22.412+0200] {processor.py:830} INFO - Processing file /home/hectorv/.local/lib/python3.10/site-packages/airflow/example_dags/tutorial_taskflow_api_virtualenv.py for tasks to queue
[2024-06-14T00:22:22.412+0200] {logging_mixin.py:188} INFO - [2024-06-14T00:22:22.412+0200] {dagbag.py:540} INFO - Filling up the DagBag from /home/hectorv/.local/lib/python3.10/site-packages/airflow/example_dags/tutorial_taskflow_api_virtualenv.py
[2024-06-14T00:22:22.425+0200] {logging_mixin.py:188} INFO - [2024-06-14T00:22:22.425+0200] {tutorial_taskflow_api_virtualenv.py:29} WARNING - The tutorial_taskflow_api_virtualenv example DAG requires virtualenv, please install it.
[2024-06-14T00:22:22.425+0200] {processor.py:842} WARNING - No viable dags retrieved from /home/hectorv/.local/lib/python3.10/site-packages/airflow/example_dags/tutorial_taskflow_api_virtualenv.py
[2024-06-14T00:22:22.429+0200] {processor.py:183} INFO - Processing /home/hectorv/.local/lib/python3.10/site-packages/airflow/example_dags/tutorial_taskflow_api_virtualenv.py took 0.020 seconds
[2024-06-14T00:23:20.665+0200] {processor.py:161} INFO - Started process (PID=4353) to work on /home/hectorv/.local/lib/python3.10/site-packages/airflow/example_dags/tutorial_taskflow_api_virtualenv.py
[2024-06-14T00:23:20.675+0200] {processor.py:830} INFO - Processing file /home/hectorv/.local/lib/python3.10/site-packages/airflow/example_dags/tutorial_taskflow_api_virtualenv.py for tasks to queue
[2024-06-14T00:23:20.675+0200] {logging_mixin.py:188} INFO - [2024-06-14T00:23:20.675+0200] {dagbag.py:540} INFO - Filling up the DagBag from /home/hectorv/.local/lib/python3.10/site-packages/airflow/example_dags/tutorial_taskflow_api_virtualenv.py
[2024-06-14T00:23:20.686+0200] {logging_mixin.py:188} INFO - [2024-06-14T00:23:20.686+0200] {tutorial_taskflow_api_virtualenv.py:29} WARNING - The tutorial_taskflow_api_virtualenv example DAG requires virtualenv, please install it.
[2024-06-14T00:23:20.686+0200] {processor.py:842} WARNING - No viable dags retrieved from /home/hectorv/.local/lib/python3.10/site-packages/airflow/example_dags/tutorial_taskflow_api_virtualenv.py
[2024-06-14T00:23:20.690+0200] {processor.py:183} INFO - Processing /home/hectorv/.local/lib/python3.10/site-packages/airflow/example_dags/tutorial_taskflow_api_virtualenv.py took 0.027 seconds
[2024-06-14T00:24:20.554+0200] {processor.py:161} INFO - Started process (PID=4414) to work on /home/hectorv/.local/lib/python3.10/site-packages/airflow/example_dags/tutorial_taskflow_api_virtualenv.py
[2024-06-14T00:24:20.556+0200] {processor.py:830} INFO - Processing file /home/hectorv/.local/lib/python3.10/site-packages/airflow/example_dags/tutorial_taskflow_api_virtualenv.py for tasks to queue
[2024-06-14T00:24:20.556+0200] {logging_mixin.py:188} INFO - [2024-06-14T00:24:20.556+0200] {dagbag.py:540} INFO - Filling up the DagBag from /home/hectorv/.local/lib/python3.10/site-packages/airflow/example_dags/tutorial_taskflow_api_virtualenv.py
[2024-06-14T00:24:20.569+0200] {logging_mixin.py:188} INFO - [2024-06-14T00:24:20.569+0200] {tutorial_taskflow_api_virtualenv.py:29} WARNING - The tutorial_taskflow_api_virtualenv example DAG requires virtualenv, please install it.
[2024-06-14T00:24:20.569+0200] {processor.py:842} WARNING - No viable dags retrieved from /home/hectorv/.local/lib/python3.10/site-packages/airflow/example_dags/tutorial_taskflow_api_virtualenv.py
[2024-06-14T00:24:20.573+0200] {processor.py:183} INFO - Processing /home/hectorv/.local/lib/python3.10/site-packages/airflow/example_dags/tutorial_taskflow_api_virtualenv.py took 0.021 seconds
[2024-06-14T00:25:14.503+0200] {processor.py:161} INFO - Started process (PID=4473) to work on /home/hectorv/.local/lib/python3.10/site-packages/airflow/example_dags/tutorial_taskflow_api_virtualenv.py
[2024-06-14T00:25:14.504+0200] {processor.py:830} INFO - Processing file /home/hectorv/.local/lib/python3.10/site-packages/airflow/example_dags/tutorial_taskflow_api_virtualenv.py for tasks to queue
[2024-06-14T00:25:14.505+0200] {logging_mixin.py:188} INFO - [2024-06-14T00:25:14.505+0200] {dagbag.py:540} INFO - Filling up the DagBag from /home/hectorv/.local/lib/python3.10/site-packages/airflow/example_dags/tutorial_taskflow_api_virtualenv.py
[2024-06-14T00:25:14.518+0200] {logging_mixin.py:188} INFO - [2024-06-14T00:25:14.518+0200] {tutorial_taskflow_api_virtualenv.py:29} WARNING - The tutorial_taskflow_api_virtualenv example DAG requires virtualenv, please install it.
[2024-06-14T00:25:14.518+0200] {processor.py:842} WARNING - No viable dags retrieved from /home/hectorv/.local/lib/python3.10/site-packages/airflow/example_dags/tutorial_taskflow_api_virtualenv.py
[2024-06-14T00:25:14.522+0200] {processor.py:183} INFO - Processing /home/hectorv/.local/lib/python3.10/site-packages/airflow/example_dags/tutorial_taskflow_api_virtualenv.py took 0.021 seconds
[2024-06-14T00:48:57.833+0200] {processor.py:161} INFO - Started process (PID=4561) to work on /home/hectorv/.local/lib/python3.10/site-packages/airflow/example_dags/tutorial_taskflow_api_virtualenv.py
[2024-06-14T00:48:57.835+0200] {processor.py:830} INFO - Processing file /home/hectorv/.local/lib/python3.10/site-packages/airflow/example_dags/tutorial_taskflow_api_virtualenv.py for tasks to queue
[2024-06-14T00:48:57.836+0200] {logging_mixin.py:188} INFO - [2024-06-14T00:48:57.835+0200] {dagbag.py:540} INFO - Filling up the DagBag from /home/hectorv/.local/lib/python3.10/site-packages/airflow/example_dags/tutorial_taskflow_api_virtualenv.py
[2024-06-14T00:48:57.847+0200] {logging_mixin.py:188} INFO - [2024-06-14T00:48:57.847+0200] {tutorial_taskflow_api_virtualenv.py:29} WARNING - The tutorial_taskflow_api_virtualenv example DAG requires virtualenv, please install it.
[2024-06-14T00:48:57.848+0200] {processor.py:842} WARNING - No viable dags retrieved from /home/hectorv/.local/lib/python3.10/site-packages/airflow/example_dags/tutorial_taskflow_api_virtualenv.py
[2024-06-14T00:48:57.851+0200] {processor.py:183} INFO - Processing /home/hectorv/.local/lib/python3.10/site-packages/airflow/example_dags/tutorial_taskflow_api_virtualenv.py took 0.020 seconds
[2024-06-14T00:49:50.212+0200] {processor.py:161} INFO - Started process (PID=4612) to work on /home/hectorv/.local/lib/python3.10/site-packages/airflow/example_dags/tutorial_taskflow_api_virtualenv.py
[2024-06-14T00:49:50.221+0200] {processor.py:830} INFO - Processing file /home/hectorv/.local/lib/python3.10/site-packages/airflow/example_dags/tutorial_taskflow_api_virtualenv.py for tasks to queue
[2024-06-14T00:49:50.221+0200] {logging_mixin.py:188} INFO - [2024-06-14T00:49:50.221+0200] {dagbag.py:540} INFO - Filling up the DagBag from /home/hectorv/.local/lib/python3.10/site-packages/airflow/example_dags/tutorial_taskflow_api_virtualenv.py
[2024-06-14T00:49:50.233+0200] {logging_mixin.py:188} INFO - [2024-06-14T00:49:50.233+0200] {tutorial_taskflow_api_virtualenv.py:29} WARNING - The tutorial_taskflow_api_virtualenv example DAG requires virtualenv, please install it.
[2024-06-14T00:49:50.233+0200] {processor.py:842} WARNING - No viable dags retrieved from /home/hectorv/.local/lib/python3.10/site-packages/airflow/example_dags/tutorial_taskflow_api_virtualenv.py
[2024-06-14T00:49:50.238+0200] {processor.py:183} INFO - Processing /home/hectorv/.local/lib/python3.10/site-packages/airflow/example_dags/tutorial_taskflow_api_virtualenv.py took 0.028 seconds
[2024-06-14T00:50:49.280+0200] {processor.py:161} INFO - Started process (PID=4674) to work on /home/hectorv/.local/lib/python3.10/site-packages/airflow/example_dags/tutorial_taskflow_api_virtualenv.py
[2024-06-14T00:50:49.282+0200] {processor.py:830} INFO - Processing file /home/hectorv/.local/lib/python3.10/site-packages/airflow/example_dags/tutorial_taskflow_api_virtualenv.py for tasks to queue
[2024-06-14T00:50:49.282+0200] {logging_mixin.py:188} INFO - [2024-06-14T00:50:49.282+0200] {dagbag.py:540} INFO - Filling up the DagBag from /home/hectorv/.local/lib/python3.10/site-packages/airflow/example_dags/tutorial_taskflow_api_virtualenv.py
[2024-06-14T00:50:49.295+0200] {logging_mixin.py:188} INFO - [2024-06-14T00:50:49.295+0200] {tutorial_taskflow_api_virtualenv.py:29} WARNING - The tutorial_taskflow_api_virtualenv example DAG requires virtualenv, please install it.
[2024-06-14T00:50:49.295+0200] {processor.py:842} WARNING - No viable dags retrieved from /home/hectorv/.local/lib/python3.10/site-packages/airflow/example_dags/tutorial_taskflow_api_virtualenv.py
[2024-06-14T00:50:49.299+0200] {processor.py:183} INFO - Processing /home/hectorv/.local/lib/python3.10/site-packages/airflow/example_dags/tutorial_taskflow_api_virtualenv.py took 0.021 seconds
[2024-06-14T00:51:50.791+0200] {processor.py:161} INFO - Started process (PID=4794) to work on /home/hectorv/.local/lib/python3.10/site-packages/airflow/example_dags/tutorial_taskflow_api_virtualenv.py
[2024-06-14T00:51:50.792+0200] {processor.py:830} INFO - Processing file /home/hectorv/.local/lib/python3.10/site-packages/airflow/example_dags/tutorial_taskflow_api_virtualenv.py for tasks to queue
[2024-06-14T00:51:50.793+0200] {logging_mixin.py:188} INFO - [2024-06-14T00:51:50.793+0200] {dagbag.py:540} INFO - Filling up the DagBag from /home/hectorv/.local/lib/python3.10/site-packages/airflow/example_dags/tutorial_taskflow_api_virtualenv.py
[2024-06-14T00:51:50.804+0200] {logging_mixin.py:188} INFO - [2024-06-14T00:51:50.804+0200] {tutorial_taskflow_api_virtualenv.py:29} WARNING - The tutorial_taskflow_api_virtualenv example DAG requires virtualenv, please install it.
[2024-06-14T00:51:50.805+0200] {processor.py:842} WARNING - No viable dags retrieved from /home/hectorv/.local/lib/python3.10/site-packages/airflow/example_dags/tutorial_taskflow_api_virtualenv.py
[2024-06-14T00:51:50.808+0200] {processor.py:183} INFO - Processing /home/hectorv/.local/lib/python3.10/site-packages/airflow/example_dags/tutorial_taskflow_api_virtualenv.py took 0.019 seconds
[2024-06-14T00:52:45.421+0200] {processor.py:161} INFO - Started process (PID=4873) to work on /home/hectorv/.local/lib/python3.10/site-packages/airflow/example_dags/tutorial_taskflow_api_virtualenv.py
[2024-06-14T00:52:45.423+0200] {processor.py:830} INFO - Processing file /home/hectorv/.local/lib/python3.10/site-packages/airflow/example_dags/tutorial_taskflow_api_virtualenv.py for tasks to queue
[2024-06-14T00:52:45.423+0200] {logging_mixin.py:188} INFO - [2024-06-14T00:52:45.423+0200] {dagbag.py:540} INFO - Filling up the DagBag from /home/hectorv/.local/lib/python3.10/site-packages/airflow/example_dags/tutorial_taskflow_api_virtualenv.py
[2024-06-14T00:52:45.437+0200] {logging_mixin.py:188} INFO - [2024-06-14T00:52:45.436+0200] {tutorial_taskflow_api_virtualenv.py:29} WARNING - The tutorial_taskflow_api_virtualenv example DAG requires virtualenv, please install it.
[2024-06-14T00:52:45.437+0200] {processor.py:842} WARNING - No viable dags retrieved from /home/hectorv/.local/lib/python3.10/site-packages/airflow/example_dags/tutorial_taskflow_api_virtualenv.py
[2024-06-14T00:52:45.441+0200] {processor.py:183} INFO - Processing /home/hectorv/.local/lib/python3.10/site-packages/airflow/example_dags/tutorial_taskflow_api_virtualenv.py took 0.021 seconds
[2024-06-14T00:53:39.553+0200] {processor.py:161} INFO - Started process (PID=11634) to work on /home/hectorv/.local/lib/python3.10/site-packages/airflow/example_dags/tutorial_taskflow_api_virtualenv.py
[2024-06-14T00:53:39.555+0200] {processor.py:830} INFO - Processing file /home/hectorv/.local/lib/python3.10/site-packages/airflow/example_dags/tutorial_taskflow_api_virtualenv.py for tasks to queue
[2024-06-14T00:53:39.555+0200] {logging_mixin.py:188} INFO - [2024-06-14T00:53:39.555+0200] {dagbag.py:540} INFO - Filling up the DagBag from /home/hectorv/.local/lib/python3.10/site-packages/airflow/example_dags/tutorial_taskflow_api_virtualenv.py
[2024-06-14T00:53:39.567+0200] {logging_mixin.py:188} INFO - [2024-06-14T00:53:39.566+0200] {tutorial_taskflow_api_virtualenv.py:29} WARNING - The tutorial_taskflow_api_virtualenv example DAG requires virtualenv, please install it.
[2024-06-14T00:53:39.567+0200] {processor.py:842} WARNING - No viable dags retrieved from /home/hectorv/.local/lib/python3.10/site-packages/airflow/example_dags/tutorial_taskflow_api_virtualenv.py
[2024-06-14T00:53:39.571+0200] {processor.py:183} INFO - Processing /home/hectorv/.local/lib/python3.10/site-packages/airflow/example_dags/tutorial_taskflow_api_virtualenv.py took 0.021 seconds
[2024-06-14T00:54:35.956+0200] {processor.py:161} INFO - Started process (PID=11839) to work on /home/hectorv/.local/lib/python3.10/site-packages/airflow/example_dags/tutorial_taskflow_api_virtualenv.py
[2024-06-14T00:54:35.958+0200] {processor.py:830} INFO - Processing file /home/hectorv/.local/lib/python3.10/site-packages/airflow/example_dags/tutorial_taskflow_api_virtualenv.py for tasks to queue
[2024-06-14T00:54:35.958+0200] {logging_mixin.py:188} INFO - [2024-06-14T00:54:35.958+0200] {dagbag.py:540} INFO - Filling up the DagBag from /home/hectorv/.local/lib/python3.10/site-packages/airflow/example_dags/tutorial_taskflow_api_virtualenv.py
[2024-06-14T00:54:35.970+0200] {logging_mixin.py:188} INFO - [2024-06-14T00:54:35.970+0200] {tutorial_taskflow_api_virtualenv.py:29} WARNING - The tutorial_taskflow_api_virtualenv example DAG requires virtualenv, please install it.
[2024-06-14T00:54:35.970+0200] {processor.py:842} WARNING - No viable dags retrieved from /home/hectorv/.local/lib/python3.10/site-packages/airflow/example_dags/tutorial_taskflow_api_virtualenv.py
[2024-06-14T00:54:35.973+0200] {processor.py:183} INFO - Processing /home/hectorv/.local/lib/python3.10/site-packages/airflow/example_dags/tutorial_taskflow_api_virtualenv.py took 0.020 seconds
[2024-06-14T00:55:34.114+0200] {processor.py:161} INFO - Started process (PID=12179) to work on /home/hectorv/.local/lib/python3.10/site-packages/airflow/example_dags/tutorial_taskflow_api_virtualenv.py
[2024-06-14T00:55:34.115+0200] {processor.py:830} INFO - Processing file /home/hectorv/.local/lib/python3.10/site-packages/airflow/example_dags/tutorial_taskflow_api_virtualenv.py for tasks to queue
[2024-06-14T00:55:34.115+0200] {logging_mixin.py:188} INFO - [2024-06-14T00:55:34.115+0200] {dagbag.py:540} INFO - Filling up the DagBag from /home/hectorv/.local/lib/python3.10/site-packages/airflow/example_dags/tutorial_taskflow_api_virtualenv.py
[2024-06-14T00:55:34.129+0200] {logging_mixin.py:188} INFO - [2024-06-14T00:55:34.129+0200] {tutorial_taskflow_api_virtualenv.py:29} WARNING - The tutorial_taskflow_api_virtualenv example DAG requires virtualenv, please install it.
[2024-06-14T00:55:34.129+0200] {processor.py:842} WARNING - No viable dags retrieved from /home/hectorv/.local/lib/python3.10/site-packages/airflow/example_dags/tutorial_taskflow_api_virtualenv.py
[2024-06-14T00:55:34.133+0200] {processor.py:183} INFO - Processing /home/hectorv/.local/lib/python3.10/site-packages/airflow/example_dags/tutorial_taskflow_api_virtualenv.py took 0.021 seconds
[2024-06-14T00:56:36.699+0200] {processor.py:161} INFO - Started process (PID=15467) to work on /home/hectorv/.local/lib/python3.10/site-packages/airflow/example_dags/tutorial_taskflow_api_virtualenv.py
[2024-06-14T00:56:36.700+0200] {processor.py:830} INFO - Processing file /home/hectorv/.local/lib/python3.10/site-packages/airflow/example_dags/tutorial_taskflow_api_virtualenv.py for tasks to queue
[2024-06-14T00:56:36.701+0200] {logging_mixin.py:188} INFO - [2024-06-14T00:56:36.701+0200] {dagbag.py:540} INFO - Filling up the DagBag from /home/hectorv/.local/lib/python3.10/site-packages/airflow/example_dags/tutorial_taskflow_api_virtualenv.py
[2024-06-14T00:56:36.713+0200] {logging_mixin.py:188} INFO - [2024-06-14T00:56:36.713+0200] {tutorial_taskflow_api_virtualenv.py:29} WARNING - The tutorial_taskflow_api_virtualenv example DAG requires virtualenv, please install it.
[2024-06-14T00:56:36.713+0200] {processor.py:842} WARNING - No viable dags retrieved from /home/hectorv/.local/lib/python3.10/site-packages/airflow/example_dags/tutorial_taskflow_api_virtualenv.py
[2024-06-14T00:56:36.717+0200] {processor.py:183} INFO - Processing /home/hectorv/.local/lib/python3.10/site-packages/airflow/example_dags/tutorial_taskflow_api_virtualenv.py took 0.020 seconds
[2024-06-14T01:02:46.910+0200] {processor.py:161} INFO - Started process (PID=6250) to work on /home/hectorv/.local/lib/python3.10/site-packages/airflow/example_dags/tutorial_taskflow_api_virtualenv.py
[2024-06-14T01:02:46.912+0200] {processor.py:830} INFO - Processing file /home/hectorv/.local/lib/python3.10/site-packages/airflow/example_dags/tutorial_taskflow_api_virtualenv.py for tasks to queue
[2024-06-14T01:02:46.912+0200] {logging_mixin.py:188} INFO - [2024-06-14T01:02:46.912+0200] {dagbag.py:540} INFO - Filling up the DagBag from /home/hectorv/.local/lib/python3.10/site-packages/airflow/example_dags/tutorial_taskflow_api_virtualenv.py
[2024-06-14T01:02:46.923+0200] {logging_mixin.py:188} INFO - [2024-06-14T01:02:46.923+0200] {tutorial_taskflow_api_virtualenv.py:29} WARNING - The tutorial_taskflow_api_virtualenv example DAG requires virtualenv, please install it.
[2024-06-14T01:02:46.923+0200] {processor.py:842} WARNING - No viable dags retrieved from /home/hectorv/.local/lib/python3.10/site-packages/airflow/example_dags/tutorial_taskflow_api_virtualenv.py
[2024-06-14T01:02:46.927+0200] {processor.py:183} INFO - Processing /home/hectorv/.local/lib/python3.10/site-packages/airflow/example_dags/tutorial_taskflow_api_virtualenv.py took 0.018 seconds
[2024-06-14T01:03:38.707+0200] {processor.py:161} INFO - Started process (PID=6633) to work on /home/hectorv/.local/lib/python3.10/site-packages/airflow/example_dags/tutorial_taskflow_api_virtualenv.py
[2024-06-14T01:03:38.708+0200] {processor.py:830} INFO - Processing file /home/hectorv/.local/lib/python3.10/site-packages/airflow/example_dags/tutorial_taskflow_api_virtualenv.py for tasks to queue
[2024-06-14T01:03:38.709+0200] {logging_mixin.py:188} INFO - [2024-06-14T01:03:38.709+0200] {dagbag.py:540} INFO - Filling up the DagBag from /home/hectorv/.local/lib/python3.10/site-packages/airflow/example_dags/tutorial_taskflow_api_virtualenv.py
[2024-06-14T01:03:38.720+0200] {logging_mixin.py:188} INFO - [2024-06-14T01:03:38.720+0200] {tutorial_taskflow_api_virtualenv.py:29} WARNING - The tutorial_taskflow_api_virtualenv example DAG requires virtualenv, please install it.
[2024-06-14T01:03:38.720+0200] {processor.py:842} WARNING - No viable dags retrieved from /home/hectorv/.local/lib/python3.10/site-packages/airflow/example_dags/tutorial_taskflow_api_virtualenv.py
[2024-06-14T01:03:38.724+0200] {processor.py:183} INFO - Processing /home/hectorv/.local/lib/python3.10/site-packages/airflow/example_dags/tutorial_taskflow_api_virtualenv.py took 0.019 seconds
