[2024-06-16T16:51:11.557+0200] {local_task_job_runner.py:120} INFO - ::group::Pre task execution logs
[2024-06-16T16:51:11.567+0200] {taskinstance.py:2073} INFO - Dependencies all met for dep_context=non-requeueable deps ti=<TaskInstance: datalake_dag.index_data_to_elasticsearch manual__2024-06-16T14:50:34.885761+00:00 [queued]>
[2024-06-16T16:51:11.570+0200] {taskinstance.py:2073} INFO - Dependencies all met for dep_context=requeueable deps ti=<TaskInstance: datalake_dag.index_data_to_elasticsearch manual__2024-06-16T14:50:34.885761+00:00 [queued]>
[2024-06-16T16:51:11.571+0200] {taskinstance.py:2303} INFO - Starting attempt 1 of 1
[2024-06-16T16:51:11.586+0200] {taskinstance.py:2327} INFO - Executing <Task(PythonOperator): index_data_to_elasticsearch> on 2024-06-16 14:50:34.885761+00:00
[2024-06-16T16:51:11.588+0200] {standard_task_runner.py:63} INFO - Started process 72886 to run task
[2024-06-16T16:51:11.590+0200] {standard_task_runner.py:90} INFO - Running: ['airflow', 'tasks', 'run', 'datalake_dag', 'index_data_to_elasticsearch', 'manual__2024-06-16T14:50:34.885761+00:00', '--job-id', '191', '--raw', '--subdir', 'DAGS_FOLDER/datalake_dag.py', '--cfg-path', '/tmp/tmpsx87w57t']
[2024-06-16T16:51:11.590+0200] {standard_task_runner.py:91} INFO - Job 191: Subtask index_data_to_elasticsearch
[2024-06-16T16:51:11.617+0200] {task_command.py:426} INFO - Running <TaskInstance: datalake_dag.index_data_to_elasticsearch manual__2024-06-16T14:50:34.885761+00:00 [running]> on host Desktop-Hector.
[2024-06-16T16:51:11.752+0200] {taskinstance.py:2644} INFO - Exporting env vars: AIRFLOW_CTX_DAG_OWNER='airflow' AIRFLOW_CTX_DAG_ID='datalake_dag' AIRFLOW_CTX_TASK_ID='index_data_to_elasticsearch' AIRFLOW_CTX_EXECUTION_DATE='2024-06-16T14:50:34.885761+00:00' AIRFLOW_CTX_TRY_NUMBER='1' AIRFLOW_CTX_DAG_RUN_ID='manual__2024-06-16T14:50:34.885761+00:00'
[2024-06-16T16:51:11.752+0200] {taskinstance.py:430} INFO - ::endgroup::
[2024-06-16T16:51:15.254+0200] {logging_mixin.py:188} INFO - Reading Parquet file from: /home/hectorv/airflow/data/usage/usage_data.parquet
[2024-06-16T16:51:17.005+0200] {logging_mixin.py:188} INFO - root
 |-- production_type: string (nullable = true)
 |-- date: timestamp (nullable = true)
 |-- value: long (nullable = true)
 |-- carbon_emission: double (nullable = true)
 |-- emissions_total: double (nullable = true)
[2024-06-16T16:51:18.992+0200] {python.py:237} INFO - Done. Returned value was: None
[2024-06-16T16:51:18.992+0200] {taskinstance.py:441} INFO - ::group::Post task execution logs
[2024-06-16T16:51:18.997+0200] {taskinstance.py:1205} INFO - Marking task as SUCCESS. dag_id=datalake_dag, task_id=index_data_to_elasticsearch, execution_date=20240616T145034, start_date=20240616T145111, end_date=20240616T145118
[2024-06-16T16:51:19.056+0200] {local_task_job_runner.py:240} INFO - Task exited with return code 0
[2024-06-16T16:51:19.136+0200] {taskinstance.py:3482} INFO - 0 downstream tasks scheduled from follow-on schedule check
[2024-06-16T16:51:19.136+0200] {local_task_job_runner.py:222} INFO - ::endgroup::
