[2024-06-14T00:20:36.799+0200] {local_task_job_runner.py:120} INFO - ::group::Pre task execution logs
[2024-06-14T00:20:36.807+0200] {taskinstance.py:2073} INFO - Dependencies all met for dep_context=non-requeueable deps ti=<TaskInstance: example_bash_operator.runme_2 manual__2024-06-13T22:20:28+00:00 [queued]>
[2024-06-14T00:20:36.809+0200] {taskinstance.py:2073} INFO - Dependencies all met for dep_context=requeueable deps ti=<TaskInstance: example_bash_operator.runme_2 manual__2024-06-13T22:20:28+00:00 [queued]>
[2024-06-14T00:20:36.809+0200] {taskinstance.py:2303} INFO - Starting attempt 1 of 1
[2024-06-14T00:20:36.822+0200] {taskinstance.py:2327} INFO - Executing <Task(BashOperator): runme_2> on 2024-06-13 22:20:28+00:00
[2024-06-14T00:20:36.823+0200] {standard_task_runner.py:63} INFO - Started process 4171 to run task
[2024-06-14T00:20:36.824+0200] {standard_task_runner.py:90} INFO - Running: ['airflow', 'tasks', 'run', 'example_bash_operator', 'runme_2', 'manual__2024-06-13T22:20:28+00:00', '--job-id', '23', '--raw', '--subdir', '/home/hectorv/.local/lib/python3.10/site-packages/airflow/example_dags/example_bash_operator.py', '--cfg-path', '/tmp/tmp7s6hjsm3']
[2024-06-14T00:20:36.824+0200] {standard_task_runner.py:91} INFO - Job 23: Subtask runme_2
[2024-06-14T00:20:36.845+0200] {task_command.py:426} INFO - Running <TaskInstance: example_bash_operator.runme_2 manual__2024-06-13T22:20:28+00:00 [running]> on host Desktop-Hector.
[2024-06-14T00:20:36.889+0200] {taskinstance.py:2644} INFO - Exporting env vars: AIRFLOW_CTX_DAG_OWNER='airflow' AIRFLOW_CTX_DAG_ID='example_bash_operator' AIRFLOW_CTX_TASK_ID='runme_2' AIRFLOW_CTX_EXECUTION_DATE='2024-06-13T22:20:28+00:00' AIRFLOW_CTX_TRY_NUMBER='1' AIRFLOW_CTX_DAG_RUN_ID='manual__2024-06-13T22:20:28+00:00'
[2024-06-14T00:20:36.889+0200] {taskinstance.py:430} INFO - ::endgroup::
[2024-06-14T00:20:36.890+0200] {subprocess.py:63} INFO - Tmp dir root location: /tmp
[2024-06-14T00:20:36.890+0200] {subprocess.py:75} INFO - Running command: ['/usr/bin/bash', '-c', 'echo "example_bash_operator__runme_2__20240613" && sleep 1']
[2024-06-14T00:20:36.892+0200] {subprocess.py:86} INFO - Output:
[2024-06-14T00:20:36.893+0200] {subprocess.py:93} INFO - example_bash_operator__runme_2__20240613
[2024-06-14T00:20:37.893+0200] {subprocess.py:97} INFO - Command exited with return code 0
[2024-06-14T00:20:37.894+0200] {taskinstance.py:441} INFO - ::group::Post task execution logs
[2024-06-14T00:20:37.909+0200] {taskinstance.py:1205} INFO - Marking task as SUCCESS. dag_id=example_bash_operator, task_id=runme_2, execution_date=20240613T222028, start_date=20240613T222036, end_date=20240613T222037
[2024-06-14T00:20:37.958+0200] {local_task_job_runner.py:240} INFO - Task exited with return code 0
[2024-06-14T00:20:37.966+0200] {taskinstance.py:3482} INFO - 1 downstream tasks scheduled from follow-on schedule check
[2024-06-14T00:20:37.975+0200] {local_task_job_runner.py:222} INFO - ::endgroup::
