[2024-06-16T02:12:23.962+0200] {local_task_job_runner.py:120} INFO - ::group::Pre task execution logs
[2024-06-16T02:12:23.970+0200] {taskinstance.py:2073} INFO - Dependencies all met for dep_context=non-requeueable deps ti=<TaskInstance: datalake_dag.index_data_to_elasticsearch manual__2024-06-16T00:11:57.142573+00:00 [queued]>
[2024-06-16T02:12:23.973+0200] {taskinstance.py:2073} INFO - Dependencies all met for dep_context=requeueable deps ti=<TaskInstance: datalake_dag.index_data_to_elasticsearch manual__2024-06-16T00:11:57.142573+00:00 [queued]>
[2024-06-16T02:12:23.973+0200] {taskinstance.py:2303} INFO - Starting attempt 1 of 1
[2024-06-16T02:12:23.986+0200] {taskinstance.py:2327} INFO - Executing <Task(PythonOperator): index_data_to_elasticsearch> on 2024-06-16 00:11:57.142573+00:00
[2024-06-16T02:12:23.988+0200] {standard_task_runner.py:63} INFO - Started process 76162 to run task
[2024-06-16T02:12:23.989+0200] {standard_task_runner.py:90} INFO - Running: ['airflow', 'tasks', 'run', 'datalake_dag', 'index_data_to_elasticsearch', 'manual__2024-06-16T00:11:57.142573+00:00', '--job-id', '119', '--raw', '--subdir', 'DAGS_FOLDER/datalake_dag.py', '--cfg-path', '/tmp/tmp_2fndk8_']
[2024-06-16T02:12:23.989+0200] {standard_task_runner.py:91} INFO - Job 119: Subtask index_data_to_elasticsearch
[2024-06-16T02:12:24.012+0200] {task_command.py:426} INFO - Running <TaskInstance: datalake_dag.index_data_to_elasticsearch manual__2024-06-16T00:11:57.142573+00:00 [running]> on host Desktop-Hector.
[2024-06-16T02:12:24.126+0200] {taskinstance.py:2644} INFO - Exporting env vars: AIRFLOW_CTX_DAG_OWNER='airflow' AIRFLOW_CTX_DAG_ID='datalake_dag' AIRFLOW_CTX_TASK_ID='index_data_to_elasticsearch' AIRFLOW_CTX_EXECUTION_DATE='2024-06-16T00:11:57.142573+00:00' AIRFLOW_CTX_TRY_NUMBER='1' AIRFLOW_CTX_DAG_RUN_ID='manual__2024-06-16T00:11:57.142573+00:00'
[2024-06-16T02:12:24.126+0200] {taskinstance.py:430} INFO - ::endgroup::
[2024-06-16T02:12:27.442+0200] {logging_mixin.py:188} INFO - Reading Parquet file from: /home/hectorv/airflow/data/usage/usage_data.parquet
[2024-06-16T02:12:29.156+0200] {logging_mixin.py:188} INFO - root
 |-- production_type: string (nullable = true)
 |-- date: timestamp (nullable = true)
 |-- value: long (nullable = true)
 |-- carbon_emission: double (nullable = true)
 |-- emissions_total: double (nullable = true)
[2024-06-16T02:12:30.566+0200] {python.py:237} INFO - Done. Returned value was: None
[2024-06-16T02:12:30.566+0200] {taskinstance.py:441} INFO - ::group::Post task execution logs
[2024-06-16T02:12:30.571+0200] {taskinstance.py:1205} INFO - Marking task as SUCCESS. dag_id=datalake_dag, task_id=index_data_to_elasticsearch, execution_date=20240616T001157, start_date=20240616T001223, end_date=20240616T001230
[2024-06-16T02:12:30.612+0200] {local_task_job_runner.py:240} INFO - Task exited with return code 0
[2024-06-16T02:12:30.687+0200] {taskinstance.py:3482} INFO - 0 downstream tasks scheduled from follow-on schedule check
[2024-06-16T02:12:30.688+0200] {local_task_job_runner.py:222} INFO - ::endgroup::
