[2024-06-14T00:19:32.912+0200] {local_task_job_runner.py:120} INFO - ::group::Pre task execution logs
[2024-06-14T00:19:32.920+0200] {taskinstance.py:2073} INFO - Dependencies all met for dep_context=non-requeueable deps ti=<TaskInstance: example_bash_operator.runme_1 manual__2024-06-13T22:19:23+00:00 [queued]>
[2024-06-14T00:19:32.922+0200] {taskinstance.py:2073} INFO - Dependencies all met for dep_context=requeueable deps ti=<TaskInstance: example_bash_operator.runme_1 manual__2024-06-13T22:19:23+00:00 [queued]>
[2024-06-14T00:19:32.922+0200] {taskinstance.py:2303} INFO - Starting attempt 1 of 1
[2024-06-14T00:19:32.935+0200] {taskinstance.py:2327} INFO - Executing <Task(BashOperator): runme_1> on 2024-06-13 22:19:23+00:00
[2024-06-14T00:19:32.936+0200] {standard_task_runner.py:63} INFO - Started process 4068 to run task
[2024-06-14T00:19:32.937+0200] {standard_task_runner.py:90} INFO - Running: ['airflow', 'tasks', 'run', 'example_bash_operator', 'runme_1', 'manual__2024-06-13T22:19:23+00:00', '--job-id', '10', '--raw', '--subdir', '/home/hectorv/.local/lib/python3.10/site-packages/airflow/example_dags/example_bash_operator.py', '--cfg-path', '/tmp/tmpw9drulf0']
[2024-06-14T00:19:32.937+0200] {standard_task_runner.py:91} INFO - Job 10: Subtask runme_1
[2024-06-14T00:19:32.958+0200] {task_command.py:426} INFO - Running <TaskInstance: example_bash_operator.runme_1 manual__2024-06-13T22:19:23+00:00 [running]> on host Desktop-Hector.
[2024-06-14T00:19:32.996+0200] {taskinstance.py:2644} INFO - Exporting env vars: AIRFLOW_CTX_DAG_OWNER='airflow' AIRFLOW_CTX_DAG_ID='example_bash_operator' AIRFLOW_CTX_TASK_ID='runme_1' AIRFLOW_CTX_EXECUTION_DATE='2024-06-13T22:19:23+00:00' AIRFLOW_CTX_TRY_NUMBER='1' AIRFLOW_CTX_DAG_RUN_ID='manual__2024-06-13T22:19:23+00:00'
[2024-06-14T00:19:32.997+0200] {taskinstance.py:430} INFO - ::endgroup::
[2024-06-14T00:19:32.997+0200] {subprocess.py:63} INFO - Tmp dir root location: /tmp
[2024-06-14T00:19:32.997+0200] {subprocess.py:75} INFO - Running command: ['/usr/bin/bash', '-c', 'echo "example_bash_operator__runme_1__20240613" && sleep 1']
[2024-06-14T00:19:32.999+0200] {subprocess.py:86} INFO - Output:
[2024-06-14T00:19:33.000+0200] {subprocess.py:93} INFO - example_bash_operator__runme_1__20240613
[2024-06-14T00:19:34.000+0200] {subprocess.py:97} INFO - Command exited with return code 0
[2024-06-14T00:19:34.000+0200] {taskinstance.py:441} INFO - ::group::Post task execution logs
[2024-06-14T00:19:34.017+0200] {taskinstance.py:1205} INFO - Marking task as SUCCESS. dag_id=example_bash_operator, task_id=runme_1, execution_date=20240613T221923, start_date=20240613T221932, end_date=20240613T221934
[2024-06-14T00:19:34.031+0200] {local_task_job_runner.py:240} INFO - Task exited with return code 0
[2024-06-14T00:19:34.038+0200] {taskinstance.py:3482} INFO - 0 downstream tasks scheduled from follow-on schedule check
[2024-06-14T00:19:34.038+0200] {local_task_job_runner.py:222} INFO - ::endgroup::
